#
# There is insufficient memory for the Java Runtime Environment to continue.
# Native memory allocation (mmap) failed to map 100663296 bytes for G1 virtual space
# Possible reasons:
#   The system is out of physical RAM or swap space
#   The process is running with CompressedOops enabled, and the Java Heap may be blocking the growth of the native heap
# Possible solutions:
#   Reduce memory load on the system
#   Increase physical memory or swap space
#   Check if swap backing store is full
#   Decrease Java heap size (-Xmx/-Xms)
#   Decrease number of Java threads
#   Decrease Java thread stack sizes (-Xss)
#   Set larger code cache with -XX:ReservedCodeCacheSize=
#   JVM is running with Unscaled Compressed Oops mode in which the Java heap is
#     placed in the first 4GB address space. The Java Heap base address is the
#     maximum limit for the native heap growth. Please use -XX:HeapBaseMinAddress
#     to set the Java Heap base and to place the Java Heap above 4GB virtual address.
# This output file may be truncated or incomplete.
#
#  Out of Memory Error (os_windows.cpp:3466), pid=25384, tid=24988
#
# JRE version:  (16.0.2+7) (build )
# Java VM: Java HotSpot(TM) 64-Bit Server VM (16.0.2+7-67, mixed mode, sharing, tiered, compressed oops, compressed class ptrs, g1 gc, windows-amd64)
# No core dump will be written. Minidumps are not enabled by default on client versions of Windows
#

---------------  S U M M A R Y ------------

Command Line: -Dfile.encoding=UTF-8 --module-path=D:\Netbean_Java\Java_Project_ST6\build\classes view.TrangChu

Host: AMD Ryzen 7 3750H with Radeon Vega Mobile Gfx  , 8 cores, 5G,  Windows 10 , 64 bit Build 22000 (10.0.22000.613)
Time: Sun May  8 11:12:07 2022 SE Asia Standard Time elapsed time: 0.022250 seconds (0d 0h 0m 0s)

---------------  T H R E A D  ---------------

Current thread (0x000001c521ad3840):  JavaThread "Unknown thread" [_thread_in_vm, id=24988, stack(0x000000b35f700000,0x000000b35f800000)]

Stack: [0x000000b35f700000,0x000000b35f800000]
Native frames: (J=compiled Java code, j=interpreted, Vv=VM code, C=native code)
V  [jvm.dll+0x6681ca]
V  [jvm.dll+0x7c9e69]
V  [jvm.dll+0x7cb61e]
V  [jvm.dll+0x7cbc73]
V  [jvm.dll+0x242c55]
V  [jvm.dll+0x664f89]
V  [jvm.dll+0x659b75]
V  [jvm.dll+0x2fbfbb]
V  [jvm.dll+0x3031b6]
V  [jvm.dll+0x35299e]
V  [jvm.dll+0x352bcf]
V  [jvm.dll+0x2d3028]
V  [jvm.dll+0x2d4264]
V  [jvm.dll+0x79c741]
V  [jvm.dll+0x360791]
V  [jvm.dll+0x77a3f0]
V  [jvm.dll+0x3e4e8f]
V  [jvm.dll+0x3e6961]
C  [jli.dll+0x52fb]
C  [ucrtbase.dll+0x26c0c]
C  [KERNEL32.DLL+0x154e0]
C  [ntdll.dll+0x485b]


---------------  P R O C E S S  ---------------

Threads class SMR info:
_java_thread_list=0x00007ffc40a7cbb8, length=0, elements={
}

Java Threads: ( => current thread )

Other Threads:
  0x000001c521b0ad40 GCTaskThread "GC Thread#0" [stack: 0x000000b35f800000,0x000000b35f900000] [id=25524]
  0x000001c521b179d0 ConcurrentGCThread "G1 Main Marker" [stack: 0x000000b35f900000,0x000000b35fa00000] [id=11100]
  0x000001c521b189f0 ConcurrentGCThread "G1 Conc#0" [stack: 0x000000b35fa00000,0x000000b35fb00000] [id=23852]

[error occurred during error reporting (printing all threads), id 0xc0000005, EXCEPTION_ACCESS_VIOLATION (0xc0000005) at pc=0x00007ffc40253ee7]

VM state: not at safepoint (not fully initialized)

VM Mutex/Monitor currently owned by a thread:  ([mutex/lock_event])
[0x000001c521ad2960] Heap_lock - owner thread: 0x000001c521ad3840

Heap address: 0x00000000a0e00000, size: 1522 MB, Compressed Oops mode: 32-bit

CDS archive(s) mapped at: [0x0000000000000000-0x0000000000000000-0x0000000000000000), size 0, SharedBaseAddress: 0x0000000800000000, ArchiveRelocationMode: 0.
Narrow klass base: 0x0000000000000000, Narrow klass shift: 0, Narrow klass range: 0x0

GC Precious Log:
<Empty>

Heap:
 garbage-first heap   total 0K, used 0K [0x00000000a0e00000, 0x0000000100000000)
  region size 1024K, 0 young (0K), 0 survivors (0K)

[error occurred during error reporting (printing heap information), id 0xc0000005, EXCEPTION_ACCESS_VIOLATION (0xc0000005) at pc=0x00007ffc40631eed]

GC Heap History (0 events):
No events

Deoptimization events (0 events):
No events

Classes unloaded (0 events):
No events

Classes redefined (0 events):
No events

Internal exceptions (0 events):
No events

Events (1 events):
Event: 0.015 Loaded shared library C:\Program Files\Java\jdk-16.0.2\bin\java.dll


Dynamic libraries:
0x00007ff71c6f0000 - 0x00007ff71c700000 	C:\Program Files\Java\jdk-16.0.2\bin\java.exe
0x00007ffccf6e0000 - 0x00007ffccf8e9000 	C:\WINDOWS\SYSTEM32\ntdll.dll
0x00007ffccda90000 - 0x00007ffccdb4d000 	C:\WINDOWS\System32\KERNEL32.DLL
0x00007ffccd060000 - 0x00007ffccd3d4000 	C:\WINDOWS\System32\KERNELBASE.dll
0x00007ffccce80000 - 0x00007ffcccf91000 	C:\WINDOWS\System32\ucrtbase.dll
0x00007ffcbe760000 - 0x00007ffcbe779000 	C:\Program Files\Java\jdk-16.0.2\bin\VCRUNTIME140.dll
0x00007ffc997a0000 - 0x00007ffc997b8000 	C:\Program Files\Java\jdk-16.0.2\bin\jli.dll
0x00007ffccf050000 - 0x00007ffccf0fe000 	C:\WINDOWS\System32\ADVAPI32.dll
0x00007ffccd660000 - 0x00007ffccd703000 	C:\WINDOWS\System32\msvcrt.dll
0x00007ffcce5c0000 - 0x00007ffcce65e000 	C:\WINDOWS\System32\sechost.dll
0x00007ffcce480000 - 0x00007ffcce5a0000 	C:\WINDOWS\System32\RPCRT4.dll
0x00007ffccdbc0000 - 0x00007ffccdd6c000 	C:\WINDOWS\System32\USER32.dll
0x00007ffcbe180000 - 0x00007ffcbe425000 	C:\WINDOWS\WinSxS\amd64_microsoft.windows.common-controls_6595b64144ccf1df_6.0.22000.120_none_9d947278b86cc467\COMCTL32.dll
0x00007ffccd3e0000 - 0x00007ffccd406000 	C:\WINDOWS\System32\win32u.dll
0x00007ffcce080000 - 0x00007ffcce0a9000 	C:\WINDOWS\System32\GDI32.dll
0x00007ffcccd60000 - 0x00007ffccce72000 	C:\WINDOWS\System32\gdi32full.dll
0x00007ffcc5eb0000 - 0x00007ffcc5eba000 	C:\WINDOWS\SYSTEM32\VERSION.dll
0x00007ffcccbd0000 - 0x00007ffcccc6d000 	C:\WINDOWS\System32\msvcp_win.dll
0x00007ffcce770000 - 0x00007ffcce7a1000 	C:\WINDOWS\System32\IMM32.DLL
0x00007ffc90ae0000 - 0x00007ffc90aec000 	C:\Program Files\Java\jdk-16.0.2\bin\vcruntime140_1.dll
0x00007ffc7db60000 - 0x00007ffc7dbf1000 	C:\Program Files\Java\jdk-16.0.2\bin\msvcp140.dll
0x00007ffc3ff70000 - 0x00007ffc40b1b000 	C:\Program Files\Java\jdk-16.0.2\bin\server\jvm.dll
0x00007ffcce150000 - 0x00007ffcce158000 	C:\WINDOWS\System32\PSAPI.DLL
0x00007ffcc65c0000 - 0x00007ffcc65f3000 	C:\WINDOWS\SYSTEM32\WINMM.dll
0x00007ffcbcd80000 - 0x00007ffcbcd89000 	C:\WINDOWS\SYSTEM32\WSOCK32.dll
0x00007ffccdb50000 - 0x00007ffccdbbf000 	C:\WINDOWS\System32\WS2_32.dll
0x00007ffccbc90000 - 0x00007ffccbca8000 	C:\WINDOWS\SYSTEM32\kernel.appcore.dll
0x00007ffc90ad0000 - 0x00007ffc90ada000 	C:\Program Files\Java\jdk-16.0.2\bin\jimage.dll
0x00007ffcca790000 - 0x00007ffcca9b1000 	C:\WINDOWS\SYSTEM32\DBGHELP.DLL
0x00007ffcbc610000 - 0x00007ffcbc641000 	C:\WINDOWS\SYSTEM32\dbgcore.DLL
0x00007ffcccce0000 - 0x00007ffcccd5f000 	C:\WINDOWS\System32\bcryptPrimitives.dll
0x00007ffc8da10000 - 0x00007ffc8da35000 	C:\Program Files\Java\jdk-16.0.2\bin\java.dll

dbghelp: loaded successfully - version: 4.0.5 - missing functions: none
symbol engine: initialized successfully - sym options: 0x614 - pdb path: .;C:\Program Files\Java\jdk-16.0.2\bin;C:\WINDOWS\SYSTEM32;C:\WINDOWS\WinSxS\amd64_microsoft.windows.common-controls_6595b64144ccf1df_6.0.22000.120_none_9d947278b86cc467;C:\Program Files\Java\jdk-16.0.2\bin\server

VM Arguments:
jvm_args: -Dfile.encoding=UTF-8 --module-path=D:\Netbean_Java\Java_Project_ST6\build\classes 
java_command: view.TrangChu
java_class_path (initial): C:\Program Files\NetBeans-12.4\netbeans\java\modules\ext\AbsoluteLayout.jar;C:\Program Files\NetBeans-12.4\netbeans\java\modules\ext\org-netbeans-modules-java-j2seembedded-probe.jar;D:\Netbean_Java\CacLoaiThuVien\jtds-1.3.1-dist\jtds-1.3.1.jar;D:\Netbean_Java\Java_Project_ST6\build\classes
Launcher Type: SUN_STANDARD

[Global flags]
     intx CICompilerCount                          = 4                                         {product} {ergonomic}
     uint ConcGCThreads                            = 2                                         {product} {ergonomic}
     uint G1ConcRefinementThreads                  = 8                                         {product} {ergonomic}
   size_t G1HeapRegionSize                         = 1048576                                   {product} {ergonomic}
    uintx GCDrainStackTargetSize                   = 64                                        {product} {ergonomic}
   size_t InitialHeapSize                          = 100663296                                 {product} {ergonomic}
   size_t MarkStackSize                            = 4194304                                   {product} {ergonomic}
   size_t MaxHeapSize                              = 1595932672                                {product} {ergonomic}
   size_t MinHeapDeltaBytes                        = 1048576                                   {product} {ergonomic}
   size_t MinHeapSize                              = 8388608                                   {product} {ergonomic}
    uintx NonNMethodCodeHeapSize                   = 5839372                                {pd product} {ergonomic}
    uintx NonProfiledCodeHeapSize                  = 122909434                              {pd product} {ergonomic}
    uintx ProfiledCodeHeapSize                     = 122909434                              {pd product} {ergonomic}
    uintx ReservedCodeCacheSize                    = 251658240                              {pd product} {ergonomic}
     bool SegmentedCodeCache                       = true                                      {product} {ergonomic}
   size_t SoftMaxHeapSize                          = 1595932672                             {manageable} {ergonomic}
     bool UseCompressedClassPointers               = true                           {product lp64_product} {ergonomic}
     bool UseCompressedOops                        = true                           {product lp64_product} {ergonomic}
     bool UseG1GC                                  = true                                      {product} {ergonomic}
     bool UseLargePagesIndividualAllocation        = false                                  {pd product} {ergonomic}

Logging:
Log output configuration:
 #0: stdout all=warning uptime,level,tags
 #1: stderr all=off uptime,level,tags

Environment Variables:
JAVA_HOME=C:\Program Files\Java\jdk-16.0.2
PATH=C:\Program Files\Microsoft MPI\Bin\;C:\Program Files\Microsoft\jdk-11.0.12.7-hotspot\bin;C:\Program Files\Common Files\Microsoft Shared\Microsoft Online Services;C:\Program Files (x86)\Common Files\Microsoft Shared\Microsoft Online Services;C:\Program Files\Common Files\Oracle\Java\javapath;C:\Program Files\Eclipse Foundation\jdk-11.0.12.7-hotspot\bin;C:\Program Files (x86)\VMware\VMware Workstation\bin\;C:\Windows\system32;C:\Windows;C:\Windows\System32\Wbem;C:\Windows\System32\WindowsPowerShell\v1.0\;C:\Windows\System32\OpenSSH\;C:\Program Files (x86)\NVIDIA Corporation\PhysX\Common;C:\Program Files\NVIDIA Corporation\NVIDIA NvDLISR;C:\WINDOWS\system32;C:\WINDOWS;C:\WINDOWS\System32\Wbem;C:\WINDOWS\System32\WindowsPowerShell\v1.0\;C:\WINDOWS\System32\OpenSSH\;C:\Program Files\nodejs\;C:\Program Files\Azure Data Studio\bin;C:\Program Files\Microsoft SQL Server\Client SDK\ODBC\170\Tools\Binn\;C:\Program Files (x86)\Microsoft SQL Server\150\Tools\Binn\;C:\Program Files\Microsoft SQL Server\150\Tools\Binn\;C:\Program Files (x86)\Microsoft SQL Server\150\DTS\Binn\;C:\Program Files\Microsoft SQL Server\150\DTS\Binn\;C:\Program Files\Git\cmd;C:\Program Files\dotnet\;C:\Program Files (x86)\dotnet\;C:\Program Files\Docker\Docker\resources\bin;C:\ProgramData\DockerDesktop\version-bin;D:\VB.Net\Python;D:\VB.Net\Python\Library\mingw-w64\bin;D:\VB.Net\Python\Library\usr\bin;D:\VB.Net\Python\Library\bin;D:\VB.Net\Python\Scripts;C:\Users\ACER\AppData\Local\Programs\Python\Python310\Scripts\;C:\Users\ACER\AppData\Local\Programs\Python\Python310\;C:\Users\ACER\AppData\Local\Microsoft\WindowsApps;C:\Users\ACER\Desktop\Microsoft VS Code\bin;C:\Users\ACER\AppData\Roaming\npm;C:\Program Files\Azure Data Studio\bin;C:\Program Files\JetBrains\IntelliJ IDEA 2021.3.1\bin;;C:\Program Files\JetBrains\IntelliJ IDEA Community Edition 2021.3.1\bin;;C:\Users\ACER\.dotnet\tools
USERNAME=ACER
OS=Windows_NT
PROCESSOR_IDENTIFIER=AMD64 Family 23 Model 24 Stepping 1, AuthenticAMD



---------------  S Y S T E M  ---------------

OS:
 Windows 10 , 64 bit Build 22000 (10.0.22000.613)
OS uptime: 0 days 2:12 hours
Hyper-V role detected

CPU: total 8 (initial active 8) (8 cores per cpu, 2 threads per core) family 23 model 24 stepping 1 microcode 0x0, cx8, cmov, fxsr, ht, mmx, 3dnowpref, sse, sse2, sse3, ssse3, sse4a, sse4.1, sse4.2, popcnt, lzcnt, tsc, tscinvbit, avx, avx2, aes, clmul, bmi1, bmi2, adx, sha, fma, vzeroupper, clflush, clflushopt, hv

Memory: 4k page, system-wide physical 6081M (519M free)
TotalPageFile size 24497M (AvailPageFile size 72M)
current process WorkingSet (physical memory assigned to process): 10M, peak: 10M
current process commit charge ("private bytes"): 59M, peak: 155M

vm_info: Java HotSpot(TM) 64-Bit Server VM (16.0.2+7-67) for windows-amd64 JRE (16.0.2+7-67), built on Jun  8 2021 23:24:19 by "mach5one" with MS VC++ 16.7 (VS2019)

END.
