#
# There is insufficient memory for the Java Runtime Environment to continue.
# Native memory allocation (malloc) failed to allocate 185696 bytes for Chunk::new
# Possible reasons:
#   The system is out of physical RAM or swap space
#   The process is running with CompressedOops enabled, and the Java Heap may be blocking the growth of the native heap
# Possible solutions:
#   Reduce memory load on the system
#   Increase physical memory or swap space
#   Check if swap backing store is full
#   Decrease Java heap size (-Xmx/-Xms)
#   Decrease number of Java threads
#   Decrease Java thread stack sizes (-Xss)
#   Set larger code cache with -XX:ReservedCodeCacheSize=
#   JVM is running with Unscaled Compressed Oops mode in which the Java heap is
#     placed in the first 4GB address space. The Java Heap base address is the
#     maximum limit for the native heap growth. Please use -XX:HeapBaseMinAddress
#     to set the Java Heap base and to place the Java Heap above 4GB virtual address.
# This output file may be truncated or incomplete.
#
#  Out of Memory Error (arena.cpp:195), pid=25080, tid=13796
#
# JRE version: Java(TM) SE Runtime Environment (16.0.2+7) (build 16.0.2+7-67)
# Java VM: Java HotSpot(TM) 64-Bit Server VM (16.0.2+7-67, mixed mode, sharing, tiered, compressed oops, compressed class ptrs, g1 gc, windows-amd64)
# No core dump will be written. Minidumps are not enabled by default on client versions of Windows
#

---------------  S U M M A R Y ------------

Command Line: -Dfile.encoding=UTF-8 --module-path=D:\Netbean_Java\Java_Project_ST6\build\classes view.TrangChu

Host: AMD Ryzen 7 3750H with Radeon Vega Mobile Gfx  , 8 cores, 5G,  Windows 10 , 64 bit Build 22000 (10.0.22000.613)
Time: Sun May  8 11:14:08 2022 SE Asia Standard Time elapsed time: 15.795917 seconds (0d 0h 0m 15s)

---------------  T H R E A D  ---------------

Current thread (0x000001e6e090f7d0):  JavaThread "C2 CompilerThread0" daemon [_thread_in_native, id=13796, stack(0x0000007fe6300000,0x0000007fe6400000)]


Current CompileTask:
C2:  15796 1969   !   4       java.util.concurrent.ConcurrentHashMap::putVal (432 bytes)

Stack: [0x0000007fe6300000,0x0000007fe6400000]
Native frames: (J=compiled Java code, j=interpreted, Vv=VM code, C=native code)
V  [jvm.dll+0x6681ca]
V  [jvm.dll+0x7c9e69]
V  [jvm.dll+0x7cb61e]
V  [jvm.dll+0x7cbc73]
V  [jvm.dll+0x242c55]
V  [jvm.dll+0xadeba]
V  [jvm.dll+0xae45c]
V  [jvm.dll+0x35a8d7]
V  [jvm.dll+0x1b9cc1]
V  [jvm.dll+0x215e16]
V  [jvm.dll+0x215100]
V  [jvm.dll+0x1a1beb]
V  [jvm.dll+0x225158]
V  [jvm.dll+0x22319c]
V  [jvm.dll+0x77fa62]
V  [jvm.dll+0x7795aa]
V  [jvm.dll+0x667066]
C  [ucrtbase.dll+0x26c0c]
C  [KERNEL32.DLL+0x154e0]
C  [ntdll.dll+0x485b]


---------------  P R O C E S S  ---------------

Threads class SMR info:
_java_thread_list=0x000001e6e7ca59c0, length=17, elements={
0x000001e6e08ec100, 0x000001e6e08ecfc0, 0x000001e6e0900110, 0x000001e6e0900b10,
0x000001e6e0901510, 0x000001e6e0902f20, 0x000001e6e090f7d0, 0x000001e6e09182d0,
0x000001e6e091b110, 0x000001e6e08dc840, 0x000001e6e14f03b0, 0x000001e6e16ef740,
0x000001e6e16d7020, 0x000001e6e16da580, 0x000001e6e173a360, 0x000001e6c3bec970,
0x000001e6e2c2a080
}

Java Threads: ( => current thread )
  0x000001e6e08ec100 JavaThread "Reference Handler" daemon [_thread_blocked, id=21684, stack(0x0000007fe5d00000,0x0000007fe5e00000)]
  0x000001e6e08ecfc0 JavaThread "Finalizer" daemon [_thread_blocked, id=24944, stack(0x0000007fe5e00000,0x0000007fe5f00000)]
  0x000001e6e0900110 JavaThread "Signal Dispatcher" daemon [_thread_blocked, id=22540, stack(0x0000007fe5f00000,0x0000007fe6000000)]
  0x000001e6e0900b10 JavaThread "Attach Listener" daemon [_thread_blocked, id=18644, stack(0x0000007fe6000000,0x0000007fe6100000)]
  0x000001e6e0901510 JavaThread "Service Thread" daemon [_thread_blocked, id=24616, stack(0x0000007fe6100000,0x0000007fe6200000)]
  0x000001e6e0902f20 JavaThread "Monitor Deflation Thread" daemon [_thread_blocked, id=23508, stack(0x0000007fe6200000,0x0000007fe6300000)]
=>0x000001e6e090f7d0 JavaThread "C2 CompilerThread0" daemon [_thread_in_native, id=13796, stack(0x0000007fe6300000,0x0000007fe6400000)]
  0x000001e6e09182d0 JavaThread "C1 CompilerThread0" daemon [_thread_blocked, id=16040, stack(0x0000007fe6400000,0x0000007fe6500000)]
  0x000001e6e091b110 JavaThread "Sweeper thread" daemon [_thread_blocked, id=22364, stack(0x0000007fe6500000,0x0000007fe6600000)]
  0x000001e6e08dc840 JavaThread "Common-Cleaner" daemon [_thread_blocked, id=19680, stack(0x0000007fe6600000,0x0000007fe6700000)]
  0x000001e6e14f03b0 JavaThread "Notification Thread" daemon [_thread_blocked, id=25140, stack(0x0000007fe6700000,0x0000007fe6800000)]
  0x000001e6e16ef740 JavaThread "Java2D Disposer" daemon [_thread_blocked, id=22072, stack(0x0000007fe6900000,0x0000007fe6a00000)]
  0x000001e6e16d7020 JavaThread "AWT-Shutdown" [_thread_blocked, id=14800, stack(0x0000007fe6a00000,0x0000007fe6b00000)]
  0x000001e6e16da580 JavaThread "AWT-Windows" daemon [_thread_in_native, id=4176, stack(0x0000007fe6b00000,0x0000007fe6c00000)]
  0x000001e6e173a360 JavaThread "AWT-EventQueue-0" [_thread_in_native, id=24740, stack(0x0000007fe6c00000,0x0000007fe6d00000)]
  0x000001e6c3bec970 JavaThread "DestroyJavaVM" [_thread_blocked, id=24540, stack(0x0000007fe5600000,0x0000007fe5700000)]
  0x000001e6e2c2a080 JavaThread "D3D Screen Updater" daemon [_thread_blocked, id=16044, stack(0x0000007fe7800000,0x0000007fe7900000)]

Other Threads:
  0x000001e6c3cce3e0 VMThread "VM Thread" [stack: 0x0000007fe5c00000,0x0000007fe5d00000] [id=14072]
  0x000001e6c3bed830 WatcherThread [stack: 0x0000007fe6800000,0x0000007fe6900000] [id=24228]
  0x000001e6c3c25e50 GCTaskThread "GC Thread#0" [stack: 0x0000007fe5700000,0x0000007fe5800000] [id=1868]
  0x000001e6c3c32cd0 ConcurrentGCThread "G1 Main Marker" [stack: 0x0000007fe5800000,0x0000007fe5900000] [id=4852]
  0x000001e6c3c33ee0 ConcurrentGCThread "G1 Conc#0" [stack: 0x0000007fe5900000,0x0000007fe5a00000] [id=25168]
  0x000001e6c3ca82f0 ConcurrentGCThread "G1 Refine#0" [stack: 0x0000007fe5a00000,0x0000007fe5b00000] [id=22700]
  0x000001e6c3ca8d70 ConcurrentGCThread "G1 Service" [stack: 0x0000007fe5b00000,0x0000007fe5c00000] [id=25324]

Threads with active compile tasks:
C2 CompilerThread0    15822 1969   !   4       java.util.concurrent.ConcurrentHashMap::putVal (432 bytes)

VM state: not at safepoint (normal execution)

VM Mutex/Monitor currently owned by a thread: None

Heap address: 0x00000000a0e00000, size: 1522 MB, Compressed Oops mode: 32-bit

CDS archive(s) mapped at: [0x0000000800000000-0x0000000800bb0000-0x0000000800bb0000), size 12255232, SharedBaseAddress: 0x0000000800000000, ArchiveRelocationMode: 0.
Compressed class space mapped at: 0x0000000800c00000-0x0000000840c00000, reserved size: 1073741824
Narrow klass base: 0x0000000800000000, Narrow klass shift: 3, Narrow klass range: 0x100000000

GC Precious Log:
 CPUs: 8 total, 8 available
 Memory: 6081M
 Large Page Support: Disabled
 NUMA Support: Disabled
 Compressed Oops: Enabled (32-bit)
 Heap Region Size: 1M
 Heap Min Capacity: 8M
 Heap Initial Capacity: 96M
 Heap Max Capacity: 1522M
 Pre-touch: Disabled
 Parallel Workers: 8
 Concurrent Workers: 2
 Concurrent Refinement Workers: 8
 Periodic GC: Disabled

Heap:
 garbage-first heap   total 98304K, used 16384K [0x00000000a0e00000, 0x0000000100000000)
  region size 1024K, 17 young (17408K), 0 survivors (0K)
 Metaspace       used 13973K, committed 14208K, reserved 1064960K
  class space    used 1596K, committed 1728K, reserved 1048576K

Heap Regions: E=young(eden), S=young(survivor), O=old, HS=humongous(starts), HC=humongous(continues), CS=collection set, F=free, OA=open archive, CA=closed archive, TAMS=top-at-mark-start (previous, next)
|   0|0x00000000a0e00000, 0x00000000a0e00000, 0x00000000a0f00000|  0%| F|  |TAMS 0x00000000a0e00000, 0x00000000a0e00000| Untracked 
|   1|0x00000000a0f00000, 0x00000000a0f00000, 0x00000000a1000000|  0%| F|  |TAMS 0x00000000a0f00000, 0x00000000a0f00000| Untracked 
|   2|0x00000000a1000000, 0x00000000a1000000, 0x00000000a1100000|  0%| F|  |TAMS 0x00000000a1000000, 0x00000000a1000000| Untracked 
|   3|0x00000000a1100000, 0x00000000a1100000, 0x00000000a1200000|  0%| F|  |TAMS 0x00000000a1100000, 0x00000000a1100000| Untracked 
|   4|0x00000000a1200000, 0x00000000a1200000, 0x00000000a1300000|  0%| F|  |TAMS 0x00000000a1200000, 0x00000000a1200000| Untracked 
|   5|0x00000000a1300000, 0x00000000a1300000, 0x00000000a1400000|  0%| F|  |TAMS 0x00000000a1300000, 0x00000000a1300000| Untracked 
|   6|0x00000000a1400000, 0x00000000a1400000, 0x00000000a1500000|  0%| F|  |TAMS 0x00000000a1400000, 0x00000000a1400000| Untracked 
|   7|0x00000000a1500000, 0x00000000a1500000, 0x00000000a1600000|  0%| F|  |TAMS 0x00000000a1500000, 0x00000000a1500000| Untracked 
|   8|0x00000000a1600000, 0x00000000a1600000, 0x00000000a1700000|  0%| F|  |TAMS 0x00000000a1600000, 0x00000000a1600000| Untracked 
|   9|0x00000000a1700000, 0x00000000a1700000, 0x00000000a1800000|  0%| F|  |TAMS 0x00000000a1700000, 0x00000000a1700000| Untracked 
|  10|0x00000000a1800000, 0x00000000a1800000, 0x00000000a1900000|  0%| F|  |TAMS 0x00000000a1800000, 0x00000000a1800000| Untracked 
|  11|0x00000000a1900000, 0x00000000a1900000, 0x00000000a1a00000|  0%| F|  |TAMS 0x00000000a1900000, 0x00000000a1900000| Untracked 
|  12|0x00000000a1a00000, 0x00000000a1a00000, 0x00000000a1b00000|  0%| F|  |TAMS 0x00000000a1a00000, 0x00000000a1a00000| Untracked 
|  13|0x00000000a1b00000, 0x00000000a1b00000, 0x00000000a1c00000|  0%| F|  |TAMS 0x00000000a1b00000, 0x00000000a1b00000| Untracked 
|  14|0x00000000a1c00000, 0x00000000a1c00000, 0x00000000a1d00000|  0%| F|  |TAMS 0x00000000a1c00000, 0x00000000a1c00000| Untracked 
|  15|0x00000000a1d00000, 0x00000000a1d00000, 0x00000000a1e00000|  0%| F|  |TAMS 0x00000000a1d00000, 0x00000000a1d00000| Untracked 
|  16|0x00000000a1e00000, 0x00000000a1e00000, 0x00000000a1f00000|  0%| F|  |TAMS 0x00000000a1e00000, 0x00000000a1e00000| Untracked 
|  17|0x00000000a1f00000, 0x00000000a1f00000, 0x00000000a2000000|  0%| F|  |TAMS 0x00000000a1f00000, 0x00000000a1f00000| Untracked 
|  18|0x00000000a2000000, 0x00000000a2000000, 0x00000000a2100000|  0%| F|  |TAMS 0x00000000a2000000, 0x00000000a2000000| Untracked 
|  19|0x00000000a2100000, 0x00000000a2100000, 0x00000000a2200000|  0%| F|  |TAMS 0x00000000a2100000, 0x00000000a2100000| Untracked 
|  20|0x00000000a2200000, 0x00000000a2200000, 0x00000000a2300000|  0%| F|  |TAMS 0x00000000a2200000, 0x00000000a2200000| Untracked 
|  21|0x00000000a2300000, 0x00000000a2300000, 0x00000000a2400000|  0%| F|  |TAMS 0x00000000a2300000, 0x00000000a2300000| Untracked 
|  22|0x00000000a2400000, 0x00000000a2400000, 0x00000000a2500000|  0%| F|  |TAMS 0x00000000a2400000, 0x00000000a2400000| Untracked 
|  23|0x00000000a2500000, 0x00000000a2500000, 0x00000000a2600000|  0%| F|  |TAMS 0x00000000a2500000, 0x00000000a2500000| Untracked 
|  24|0x00000000a2600000, 0x00000000a2600000, 0x00000000a2700000|  0%| F|  |TAMS 0x00000000a2600000, 0x00000000a2600000| Untracked 
|  25|0x00000000a2700000, 0x00000000a2700000, 0x00000000a2800000|  0%| F|  |TAMS 0x00000000a2700000, 0x00000000a2700000| Untracked 
|  26|0x00000000a2800000, 0x00000000a2800000, 0x00000000a2900000|  0%| F|  |TAMS 0x00000000a2800000, 0x00000000a2800000| Untracked 
|  27|0x00000000a2900000, 0x00000000a2900000, 0x00000000a2a00000|  0%| F|  |TAMS 0x00000000a2900000, 0x00000000a2900000| Untracked 
|  28|0x00000000a2a00000, 0x00000000a2a00000, 0x00000000a2b00000|  0%| F|  |TAMS 0x00000000a2a00000, 0x00000000a2a00000| Untracked 
|  29|0x00000000a2b00000, 0x00000000a2b00000, 0x00000000a2c00000|  0%| F|  |TAMS 0x00000000a2b00000, 0x00000000a2b00000| Untracked 
|  30|0x00000000a2c00000, 0x00000000a2c00000, 0x00000000a2d00000|  0%| F|  |TAMS 0x00000000a2c00000, 0x00000000a2c00000| Untracked 
|  31|0x00000000a2d00000, 0x00000000a2d00000, 0x00000000a2e00000|  0%| F|  |TAMS 0x00000000a2d00000, 0x00000000a2d00000| Untracked 
|  32|0x00000000a2e00000, 0x00000000a2e00000, 0x00000000a2f00000|  0%| F|  |TAMS 0x00000000a2e00000, 0x00000000a2e00000| Untracked 
|  33|0x00000000a2f00000, 0x00000000a2f00000, 0x00000000a3000000|  0%| F|  |TAMS 0x00000000a2f00000, 0x00000000a2f00000| Untracked 
|  34|0x00000000a3000000, 0x00000000a3000000, 0x00000000a3100000|  0%| F|  |TAMS 0x00000000a3000000, 0x00000000a3000000| Untracked 
|  35|0x00000000a3100000, 0x00000000a3100000, 0x00000000a3200000|  0%| F|  |TAMS 0x00000000a3100000, 0x00000000a3100000| Untracked 
|  36|0x00000000a3200000, 0x00000000a3200000, 0x00000000a3300000|  0%| F|  |TAMS 0x00000000a3200000, 0x00000000a3200000| Untracked 
|  37|0x00000000a3300000, 0x00000000a3300000, 0x00000000a3400000|  0%| F|  |TAMS 0x00000000a3300000, 0x00000000a3300000| Untracked 
|  38|0x00000000a3400000, 0x00000000a3400000, 0x00000000a3500000|  0%| F|  |TAMS 0x00000000a3400000, 0x00000000a3400000| Untracked 
|  39|0x00000000a3500000, 0x00000000a3500000, 0x00000000a3600000|  0%| F|  |TAMS 0x00000000a3500000, 0x00000000a3500000| Untracked 
|  40|0x00000000a3600000, 0x00000000a3600000, 0x00000000a3700000|  0%| F|  |TAMS 0x00000000a3600000, 0x00000000a3600000| Untracked 
|  41|0x00000000a3700000, 0x00000000a3700000, 0x00000000a3800000|  0%| F|  |TAMS 0x00000000a3700000, 0x00000000a3700000| Untracked 
|  42|0x00000000a3800000, 0x00000000a3800000, 0x00000000a3900000|  0%| F|  |TAMS 0x00000000a3800000, 0x00000000a3800000| Untracked 
|  43|0x00000000a3900000, 0x00000000a3900000, 0x00000000a3a00000|  0%| F|  |TAMS 0x00000000a3900000, 0x00000000a3900000| Untracked 
|  44|0x00000000a3a00000, 0x00000000a3a00000, 0x00000000a3b00000|  0%| F|  |TAMS 0x00000000a3a00000, 0x00000000a3a00000| Untracked 
|  45|0x00000000a3b00000, 0x00000000a3b00000, 0x00000000a3c00000|  0%| F|  |TAMS 0x00000000a3b00000, 0x00000000a3b00000| Untracked 
|  46|0x00000000a3c00000, 0x00000000a3c00000, 0x00000000a3d00000|  0%| F|  |TAMS 0x00000000a3c00000, 0x00000000a3c00000| Untracked 
|  47|0x00000000a3d00000, 0x00000000a3d00000, 0x00000000a3e00000|  0%| F|  |TAMS 0x00000000a3d00000, 0x00000000a3d00000| Untracked 
|  48|0x00000000a3e00000, 0x00000000a3e00000, 0x00000000a3f00000|  0%| F|  |TAMS 0x00000000a3e00000, 0x00000000a3e00000| Untracked 
|  49|0x00000000a3f00000, 0x00000000a3f00000, 0x00000000a4000000|  0%| F|  |TAMS 0x00000000a3f00000, 0x00000000a3f00000| Untracked 
|  50|0x00000000a4000000, 0x00000000a4000000, 0x00000000a4100000|  0%| F|  |TAMS 0x00000000a4000000, 0x00000000a4000000| Untracked 
|  51|0x00000000a4100000, 0x00000000a4100000, 0x00000000a4200000|  0%| F|  |TAMS 0x00000000a4100000, 0x00000000a4100000| Untracked 
|  52|0x00000000a4200000, 0x00000000a4200000, 0x00000000a4300000|  0%| F|  |TAMS 0x00000000a4200000, 0x00000000a4200000| Untracked 
|  53|0x00000000a4300000, 0x00000000a4300000, 0x00000000a4400000|  0%| F|  |TAMS 0x00000000a4300000, 0x00000000a4300000| Untracked 
|  54|0x00000000a4400000, 0x00000000a4400000, 0x00000000a4500000|  0%| F|  |TAMS 0x00000000a4400000, 0x00000000a4400000| Untracked 
|  55|0x00000000a4500000, 0x00000000a4500000, 0x00000000a4600000|  0%| F|  |TAMS 0x00000000a4500000, 0x00000000a4500000| Untracked 
|  56|0x00000000a4600000, 0x00000000a4600000, 0x00000000a4700000|  0%| F|  |TAMS 0x00000000a4600000, 0x00000000a4600000| Untracked 
|  57|0x00000000a4700000, 0x00000000a4700000, 0x00000000a4800000|  0%| F|  |TAMS 0x00000000a4700000, 0x00000000a4700000| Untracked 
|  58|0x00000000a4800000, 0x00000000a4800000, 0x00000000a4900000|  0%| F|  |TAMS 0x00000000a4800000, 0x00000000a4800000| Untracked 
|  59|0x00000000a4900000, 0x00000000a4900000, 0x00000000a4a00000|  0%| F|  |TAMS 0x00000000a4900000, 0x00000000a4900000| Untracked 
|  60|0x00000000a4a00000, 0x00000000a4a00000, 0x00000000a4b00000|  0%| F|  |TAMS 0x00000000a4a00000, 0x00000000a4a00000| Untracked 
|  61|0x00000000a4b00000, 0x00000000a4b00000, 0x00000000a4c00000|  0%| F|  |TAMS 0x00000000a4b00000, 0x00000000a4b00000| Untracked 
|  62|0x00000000a4c00000, 0x00000000a4c00000, 0x00000000a4d00000|  0%| F|  |TAMS 0x00000000a4c00000, 0x00000000a4c00000| Untracked 
|  63|0x00000000a4d00000, 0x00000000a4d00000, 0x00000000a4e00000|  0%| F|  |TAMS 0x00000000a4d00000, 0x00000000a4d00000| Untracked 
|  64|0x00000000a4e00000, 0x00000000a4e00000, 0x00000000a4f00000|  0%| F|  |TAMS 0x00000000a4e00000, 0x00000000a4e00000| Untracked 
|  65|0x00000000a4f00000, 0x00000000a4f00000, 0x00000000a5000000|  0%| F|  |TAMS 0x00000000a4f00000, 0x00000000a4f00000| Untracked 
|  66|0x00000000a5000000, 0x00000000a5000000, 0x00000000a5100000|  0%| F|  |TAMS 0x00000000a5000000, 0x00000000a5000000| Untracked 
|  67|0x00000000a5100000, 0x00000000a5100000, 0x00000000a5200000|  0%| F|  |TAMS 0x00000000a5100000, 0x00000000a5100000| Untracked 
|  68|0x00000000a5200000, 0x00000000a5200000, 0x00000000a5300000|  0%| F|  |TAMS 0x00000000a5200000, 0x00000000a5200000| Untracked 
|  69|0x00000000a5300000, 0x00000000a5300000, 0x00000000a5400000|  0%| F|  |TAMS 0x00000000a5300000, 0x00000000a5300000| Untracked 
|  70|0x00000000a5400000, 0x00000000a5400000, 0x00000000a5500000|  0%| F|  |TAMS 0x00000000a5400000, 0x00000000a5400000| Untracked 
|  71|0x00000000a5500000, 0x00000000a5500000, 0x00000000a5600000|  0%| F|  |TAMS 0x00000000a5500000, 0x00000000a5500000| Untracked 
|  72|0x00000000a5600000, 0x00000000a5600000, 0x00000000a5700000|  0%| F|  |TAMS 0x00000000a5600000, 0x00000000a5600000| Untracked 
|  73|0x00000000a5700000, 0x00000000a5700000, 0x00000000a5800000|  0%| F|  |TAMS 0x00000000a5700000, 0x00000000a5700000| Untracked 
|  74|0x00000000a5800000, 0x00000000a5800000, 0x00000000a5900000|  0%| F|  |TAMS 0x00000000a5800000, 0x00000000a5800000| Untracked 
|  75|0x00000000a5900000, 0x00000000a5900000, 0x00000000a5a00000|  0%| F|  |TAMS 0x00000000a5900000, 0x00000000a5900000| Untracked 
|  76|0x00000000a5a00000, 0x00000000a5a00000, 0x00000000a5b00000|  0%| F|  |TAMS 0x00000000a5a00000, 0x00000000a5a00000| Untracked 
|  77|0x00000000a5b00000, 0x00000000a5b00000, 0x00000000a5c00000|  0%| F|  |TAMS 0x00000000a5b00000, 0x00000000a5b00000| Untracked 
|  78|0x00000000a5c00000, 0x00000000a5c00000, 0x00000000a5d00000|  0%| F|  |TAMS 0x00000000a5c00000, 0x00000000a5c00000| Untracked 
|  79|0x00000000a5d00000, 0x00000000a5d764e0, 0x00000000a5e00000| 46%| E|  |TAMS 0x00000000a5d00000, 0x00000000a5d00000| Complete 
|  80|0x00000000a5e00000, 0x00000000a5f00000, 0x00000000a5f00000|100%| E|CS|TAMS 0x00000000a5e00000, 0x00000000a5e00000| Complete 
|  81|0x00000000a5f00000, 0x00000000a6000000, 0x00000000a6000000|100%| E|CS|TAMS 0x00000000a5f00000, 0x00000000a5f00000| Complete 
|  82|0x00000000a6000000, 0x00000000a6100000, 0x00000000a6100000|100%| E|CS|TAMS 0x00000000a6000000, 0x00000000a6000000| Complete 
|  83|0x00000000a6100000, 0x00000000a6200000, 0x00000000a6200000|100%| E|CS|TAMS 0x00000000a6100000, 0x00000000a6100000| Complete 
|  84|0x00000000a6200000, 0x00000000a6300000, 0x00000000a6300000|100%| E|CS|TAMS 0x00000000a6200000, 0x00000000a6200000| Complete 
|  85|0x00000000a6300000, 0x00000000a6400000, 0x00000000a6400000|100%| E|CS|TAMS 0x00000000a6300000, 0x00000000a6300000| Complete 
|  86|0x00000000a6400000, 0x00000000a6500000, 0x00000000a6500000|100%| E|CS|TAMS 0x00000000a6400000, 0x00000000a6400000| Complete 
|  87|0x00000000a6500000, 0x00000000a6600000, 0x00000000a6600000|100%| E|CS|TAMS 0x00000000a6500000, 0x00000000a6500000| Complete 
|  88|0x00000000a6600000, 0x00000000a6700000, 0x00000000a6700000|100%| E|CS|TAMS 0x00000000a6600000, 0x00000000a6600000| Complete 
|  89|0x00000000a6700000, 0x00000000a6800000, 0x00000000a6800000|100%| E|CS|TAMS 0x00000000a6700000, 0x00000000a6700000| Complete 
|  90|0x00000000a6800000, 0x00000000a6900000, 0x00000000a6900000|100%| E|CS|TAMS 0x00000000a6800000, 0x00000000a6800000| Complete 
|  91|0x00000000a6900000, 0x00000000a6a00000, 0x00000000a6a00000|100%| E|CS|TAMS 0x00000000a6900000, 0x00000000a6900000| Complete 
|  92|0x00000000a6a00000, 0x00000000a6b00000, 0x00000000a6b00000|100%| E|CS|TAMS 0x00000000a6a00000, 0x00000000a6a00000| Complete 
|  93|0x00000000a6b00000, 0x00000000a6c00000, 0x00000000a6c00000|100%| E|CS|TAMS 0x00000000a6b00000, 0x00000000a6b00000| Complete 
|  94|0x00000000a6c00000, 0x00000000a6d00000, 0x00000000a6d00000|100%| E|CS|TAMS 0x00000000a6c00000, 0x00000000a6c00000| Complete 
|  95|0x00000000a6d00000, 0x00000000a6e00000, 0x00000000a6e00000|100%| E|CS|TAMS 0x00000000a6d00000, 0x00000000a6d00000| Complete 

Card table byte_map: [0x000001e6da9a0000,0x000001e6daca0000] _byte_map_base: 0x000001e6da499000

Marking Bits (Prev, Next): (CMBitMap*) 0x000001e6c3c264c0, (CMBitMap*) 0x000001e6c3c26500
 Prev Bits: [0x000001e6dafa0000, 0x000001e6dc768000)
 Next Bits: [0x000001e6dc770000, 0x000001e6ddf38000)

Polling page: 0x000001e6c33d0000

Metaspace:

Usage:
  Non-class:     12.09 MB used.
      Class:      1.56 MB used.
       Both:     13.65 MB used.

Virtual space:
  Non-class space:       16.00 MB reserved,      12.19 MB ( 76%) committed,  2 nodes.
      Class space:        1.00 GB reserved,       1.69 MB ( <1%) committed,  1 nodes.
              Both:        1.02 GB reserved,      13.88 MB (  1%) committed. 

Chunk freelists:
   Non-Class:  3.00 MB
       Class:  2.21 MB
        Both:  5.21 MB

MaxMetaspaceSize: 17179869184.00 GB
CompressedClassSpaceSize: 1.00 GB
 - commit_granule_bytes: 65536.
 - commit_granule_words: 8192.
 - virtual_space_node_default_size: 1048576.
 - enlarge_chunks_in_place: 1.
 - new_chunks_are_fully_committed: 0.
 - uncommit_free_chunks: 1.
 - use_allocation_guard: 0.
 - handle_deallocations: 1.


Internal statistics:

num_allocs_failed_limit: 0.
num_arena_births: 160.
num_arena_deaths: 0.
num_vsnodes_births: 3.
num_vsnodes_deaths: 0.
num_space_committed: 222.
num_space_uncommitted: 0.
num_chunks_returned_to_freelist: 0.
num_chunks_taken_from_freelist: 266.
num_chunk_merges: 0.
num_chunk_splits: 160.
num_chunks_enlarged: 85.
num_purges: 0.

CodeHeap 'non-profiled nmethods': size=120000Kb used=555Kb max_used=555Kb free=119444Kb
 bounds [0x000001e6d2e40000, 0x000001e6d30b0000, 0x000001e6da370000]
CodeHeap 'profiled nmethods': size=120000Kb used=3595Kb max_used=3595Kb free=116404Kb
 bounds [0x000001e6cb910000, 0x000001e6cbca0000, 0x000001e6d2e40000]
CodeHeap 'non-nmethods': size=5760Kb used=1350Kb max_used=1361Kb free=4409Kb
 bounds [0x000001e6cb370000, 0x000001e6cb5e0000, 0x000001e6cb910000]
 total_blobs=2684 nmethods=1993 adapters=603
 compilation: enabled
              stopped_count=0, restarted_count=0
 full_count=0

Compilation events (20 events):
Event: 15.781 Thread 0x000001e6e09182d0 nmethod 1974 0x000001e6cbc89790 code [0x000001e6cbc89980, 0x000001e6cbc89df8]
Event: 15.786 Thread 0x000001e6e09182d0 1975       3       jdk.internal.org.objectweb.asm.ClassWriter::<init> (7 bytes)
Event: 15.787 Thread 0x000001e6e09182d0 nmethod 1975 0x000001e6cbc8a090 code [0x000001e6cbc8a240, 0x000001e6cbc8a388]
Event: 15.787 Thread 0x000001e6e09182d0 1976       3       jdk.internal.org.objectweb.asm.ClassWriter::<init> (68 bytes)
Event: 15.787 Thread 0x000001e6e09182d0 nmethod 1976 0x000001e6cbc8a410 code [0x000001e6cbc8a600, 0x000001e6cbc8aaa8]
Event: 15.789 Thread 0x000001e6e09182d0 1977       3       java.lang.invoke.ClassSpecializer$SpeciesData::transformHelper (56 bytes)
Event: 15.790 Thread 0x000001e6e09182d0 nmethod 1977 0x000001e6cbc8ac10 code [0x000001e6cbc8ae40, 0x000001e6cbc8b7d8]
Event: 15.790 Thread 0x000001e6e09182d0 1978       3       java.lang.StringBuilder::append (8 bytes)
Event: 15.791 Thread 0x000001e6e09182d0 nmethod 1978 0x000001e6cbc8ba90 code [0x000001e6cbc8bc40, 0x000001e6cbc8bd88]
Event: 15.791 Thread 0x000001e6e09182d0 1979       3       java.lang.AbstractStringBuilder::append (55 bytes)
Event: 15.791 Thread 0x000001e6e09182d0 nmethod 1979 0x000001e6cbc8be10 code [0x000001e6cbc8c000, 0x000001e6cbc8c338]
Event: 15.791 Thread 0x000001e6e09182d0 1981       3       java.lang.Class$ReflectionData::<init> (10 bytes)
Event: 15.792 Thread 0x000001e6e09182d0 nmethod 1981 0x000001e6cbc8c490 code [0x000001e6cbc8c640, 0x000001e6cbc8c7b8]
Event: 15.792 Thread 0x000001e6e09182d0 1982       3       java.lang.Class$Atomic::casReflectionData (13 bytes)
Event: 15.792 Thread 0x000001e6e09182d0 nmethod 1982 0x000001e6cbc8c890 code [0x000001e6cbc8ca20, 0x000001e6cbc8cb78]
Event: 15.792 Thread 0x000001e6e09182d0 1983       3       java.lang.Character::isJavaIdentifierPart (9 bytes)
Event: 15.792 Thread 0x000001e6e09182d0 nmethod 1983 0x000001e6cbc8cc10 code [0x000001e6cbc8cdc0, 0x000001e6cbc8cfb8]
Event: 15.792 Thread 0x000001e6e09182d0 1984       3       java.lang.CharacterDataLatin1::isJavaIdentifierPart (20 bytes)
Event: 15.792 Thread 0x000001e6e09182d0 nmethod 1984 0x000001e6cbc8d090 code [0x000001e6cbc8d240, 0x000001e6cbc8d458]
Event: 15.793 Thread 0x000001e6e09182d0 1985   !   3       java.lang.invoke.MethodHandleNatives::linkMethodHandleConstant (50 bytes)

GC Heap History (0 events):
No events

Deoptimization events (20 events):
Event: 3.500 Thread 0x000001e6e173a360 Uncommon trap: trap_request=0xffffffbe fr.pc=0x000001e6d2ebb654 relative=0x0000000000000ff4
Event: 3.500 Thread 0x000001e6e173a360 Uncommon trap: reason=profile_predicate action=maybe_recompile pc=0x000001e6d2ebb654 method=javax.swing.GroupLayout$Group.calculateSize(II)I @ 71 c2
Event: 3.500 Thread 0x000001e6e173a360 DEOPT PACKING pc=0x000001e6d2ebb654 sp=0x0000007fe6cfcfd0
Event: 3.500 Thread 0x000001e6e173a360 DEOPT UNPACKING pc=0x000001e6cb3bd72e sp=0x0000007fe6cfcf68 mode 2
Event: 3.500 Thread 0x000001e6e173a360 Uncommon trap: trap_request=0xffffffbe fr.pc=0x000001e6d2ebb654 relative=0x0000000000000ff4
Event: 3.500 Thread 0x000001e6e173a360 Uncommon trap: reason=profile_predicate action=maybe_recompile pc=0x000001e6d2ebb654 method=javax.swing.GroupLayout$Group.calculateSize(II)I @ 71 c2
Event: 3.500 Thread 0x000001e6e173a360 DEOPT PACKING pc=0x000001e6d2ebb654 sp=0x0000007fe6cfcf10
Event: 3.500 Thread 0x000001e6e173a360 DEOPT UNPACKING pc=0x000001e6cb3bd72e sp=0x0000007fe6cfcea8 mode 2
Event: 3.500 Thread 0x000001e6e173a360 Uncommon trap: trap_request=0xffffffbe fr.pc=0x000001e6d2ebb654 relative=0x0000000000000ff4
Event: 3.500 Thread 0x000001e6e173a360 Uncommon trap: reason=profile_predicate action=maybe_recompile pc=0x000001e6d2ebb654 method=javax.swing.GroupLayout$Group.calculateSize(II)I @ 71 c2
Event: 3.500 Thread 0x000001e6e173a360 DEOPT PACKING pc=0x000001e6d2ebb654 sp=0x0000007fe6cfd0f0
Event: 3.500 Thread 0x000001e6e173a360 DEOPT UNPACKING pc=0x000001e6cb3bd72e sp=0x0000007fe6cfd088 mode 2
Event: 3.500 Thread 0x000001e6e173a360 Uncommon trap: trap_request=0xffffffbe fr.pc=0x000001e6d2ebb654 relative=0x0000000000000ff4
Event: 3.500 Thread 0x000001e6e173a360 Uncommon trap: reason=profile_predicate action=maybe_recompile pc=0x000001e6d2ebb654 method=javax.swing.GroupLayout$Group.calculateSize(II)I @ 71 c2
Event: 3.500 Thread 0x000001e6e173a360 DEOPT PACKING pc=0x000001e6d2ebb654 sp=0x0000007fe6cfd1a0
Event: 3.500 Thread 0x000001e6e173a360 DEOPT UNPACKING pc=0x000001e6cb3bd72e sp=0x0000007fe6cfd138 mode 2
Event: 3.537 Thread 0x000001e6e173a360 Uncommon trap: trap_request=0xffffffbe fr.pc=0x000001e6d2ebb654 relative=0x0000000000000ff4
Event: 3.537 Thread 0x000001e6e173a360 Uncommon trap: reason=profile_predicate action=maybe_recompile pc=0x000001e6d2ebb654 method=javax.swing.GroupLayout$Group.calculateSize(II)I @ 71 c2
Event: 3.537 Thread 0x000001e6e173a360 DEOPT PACKING pc=0x000001e6d2ebb654 sp=0x0000007fe6cfd7a0
Event: 3.537 Thread 0x000001e6e173a360 DEOPT UNPACKING pc=0x000001e6cb3bd72e sp=0x0000007fe6cfd738 mode 2

Classes unloaded (0 events):
No events

Classes redefined (0 events):
No events

Internal exceptions (20 events):
Event: 0.470 Thread 0x000001e6c3bec970 Exception <a 'java/lang/ClassNotFoundException'{0x00000000a69fbd00}: ToolBarSeparator> (0x00000000a69fbd00) 
thrown [t:\workspace\open\src\hotspot\share\classfile\systemDictionary.cpp, line 256]
Event: 0.471 Thread 0x000001e6c3bec970 Exception <a 'java/lang/ClassNotFoundException'{0x00000000a69fc218}: ToolTip> (0x00000000a69fc218) 
thrown [t:\workspace\open\src\hotspot\share\classfile\systemDictionary.cpp, line 256]
Event: 0.472 Thread 0x000001e6c3bec970 Exception <a 'java/lang/ClassNotFoundException'{0x00000000a69fcb68}: Tree> (0x00000000a69fcb68) 
thrown [t:\workspace\open\src\hotspot\share\classfile\systemDictionary.cpp, line 256]
Event: 0.472 Thread 0x000001e6c3bec970 Exception <a 'java/lang/ClassNotFoundException'{0x00000000a69fd060}: Tree> (0x00000000a69fd060) 
thrown [t:\workspace\open\src\hotspot\share\classfile\systemDictionary.cpp, line 256]
Event: 0.472 Thread 0x000001e6c3bec970 Exception <a 'java/lang/ClassNotFoundException'{0x00000000a69fd3d0}: javax/swing/JTreeCell> (0x00000000a69fd3d0) 
thrown [t:\workspace\open\src\hotspot\share\classfile\systemDictionary.cpp, line 256]
Event: 0.472 Thread 0x000001e6c3bec970 Exception <a 'java/lang/ClassNotFoundException'{0x00000000a69fd6d0}: TreeCell> (0x00000000a69fd6d0) 
thrown [t:\workspace\open\src\hotspot\share\classfile\systemDictionary.cpp, line 256]
Event: 0.473 Thread 0x000001e6c3bec970 Exception <a 'java/lang/ClassNotFoundException'{0x00000000a69fde90}: RootPane> (0x00000000a69fde90) 
thrown [t:\workspace\open\src\hotspot\share\classfile\systemDictionary.cpp, line 256]
Event: 0.475 Thread 0x000001e6c3bec970 Exception <a 'java/lang/ClassNotFoundException'{0x00000000a6801180}: com/sun/swing/internal/plaf/metal/resources/spi/metalProvider> (0x00000000a6801180) 
thrown [t:\workspace\open\src\hotspot\share\classfile\systemDictionary.cpp, line 256]
Event: 0.476 Thread 0x000001e6c3bec970 Exception <a 'java/lang/ClassNotFoundException'{0x00000000a6804f40}: com/sun/swing/internal/plaf/basic/resources/spi/basicProvider> (0x00000000a6804f40) 
thrown [t:\workspace\open\src\hotspot\share\classfile\systemDictionary.cpp, line 256]
Event: 0.583 Thread 0x000001e6e173a360 Exception <a 'java/lang/ClassNotFoundException'{0x00000000a688d550}: com/sun/swing/internal/plaf/synth/resources/spi/synthProvider> (0x00000000a688d550) 
thrown [t:\workspace\open\src\hotspot\share\classfile\systemDictionary.cpp, line 256]
Event: 0.777 Thread 0x000001e6e2729af0 Exception <a 'java/lang/NoSuchMethodError'{0x00000000a65686d0}: 'java.lang.Object java.lang.invoke.DirectMethodHandle$Holder.newInvokeSpecial(java.lang.Object, java.lang.Object, java.lang.Object, int, int, int, int, int)'> (0x00000000a65686d0) 
thrown [t:\workspace\open\src\hotspot\share\interpreter\linkResolver.cpp, line 790]
Event: 0.845 Thread 0x000001e6e173a360 Exception <a 'java/lang/NoSuchMethodError'{0x00000000a6421168}: 'void java.lang.invoke.DirectMethodHandle$Holder.invokeStatic(java.lang.Object, java.lang.Object, java.lang.Object)'> (0x00000000a6421168) 
thrown [t:\workspace\open\src\hotspot\share\interpreter\linkResolver.cpp, line 790]
Event: 0.846 Thread 0x000001e6e173a360 Exception <a 'java/lang/NoSuchMethodError'{0x00000000a6427968}: 'void java.lang.invoke.DirectMethodHandle$Holder.invokeStatic(java.lang.Object, java.lang.Object)'> (0x00000000a6427968) 
thrown [t:\workspace\open\src\hotspot\share\interpreter\linkResolver.cpp, line 790]
Event: 0.925 Thread 0x000001e6e173a360 Exception <a 'java/lang/NoSuchMethodError'{0x00000000a64f3bd0}: 'void java.lang.invoke.DirectMethodHandle$Holder.invokeStaticInit(java.lang.Object)'> (0x00000000a64f3bd0) 
thrown [t:\workspace\open\src\hotspot\share\interpreter\linkResolver.cpp, line 790]
Event: 1.147 Thread 0x000001e6e16da580 Exception <a 'java/lang/NoSuchMethodError'{0x00000000a6a0fac8}: 'void java.lang.invoke.DirectMethodHandle$Holder.invokeVirtual(java.lang.Object, java.lang.Object)'> (0x00000000a6a0fac8) 
thrown [t:\workspace\open\src\hotspot\share\interpreter\linkResolver.cpp, line 790]
Event: 1.203 Thread 0x000001e6e173a360 Exception <a 'java/lang/NoSuchMethodError'{0x00000000a6276ee0}: 'java.lang.Object java.lang.invoke.DirectMethodHandle$Holder.invokeInterface(java.lang.Object, java.lang.Object)'> (0x00000000a6276ee0) 
thrown [t:\workspace\open\src\hotspot\share\interpreter\linkResolver.cpp, line 790]
Event: 1.318 Thread 0x000001e6e173a360 Exception <a 'java/lang/NoSuchMethodError'{0x00000000a61fd3a0}: 'java.lang.Object java.lang.invoke.DirectMethodHandle$Holder.invokeSpecial(java.lang.Object, java.lang.Object, java.lang.Object, java.lang.Object, int)'> (0x00000000a61fd3a0) 
thrown [t:\workspace\open\src\hotspot\share\interpreter\linkResolver.cpp, line 790]
Event: 1.319 Thread 0x000001e6e173a360 Exception <a 'java/lang/NoSuchMethodError'{0x00000000a6001608}: 'java.lang.Object java.lang.invoke.Invokers$Holder.linkToTargetMethod(java.lang.Object, java.lang.Object, int, java.lang.Object)'> (0x00000000a6001608) 
thrown [t:\workspace\open\src\hotspot\share\interpreter\linkResolver.cpp, line 790]
Event: 15.761 Thread 0x000001e6e173a360 Exception <a 'sun/net/ConnectionResetException'{0x00000000a5ec0cd8}: Connection reset> (0x00000000a5ec0cd8) 
thrown [t:\workspace\open\src\hotspot\share\prims\jni.cpp, line 600]
Event: 15.791 Thread 0x000001e6e173a360 Exception <a 'java/lang/ClassNotFoundException'{0x00000000a5d57fe0}: sun/util/logging/resources/spi/loggingProvider> (0x00000000a5d57fe0) 
thrown [t:\workspace\open\src\hotspot\share\classfile\systemDictionary.cpp, line 256]

Events (20 events):
Event: 15.789 loading class java/io/StringWriter
Event: 15.790 loading class java/io/StringWriter done
Event: 15.790 loading class java/lang/Throwable$WrappedPrintWriter
Event: 15.790 loading class java/lang/Throwable$PrintStreamOrWriter
Event: 15.790 loading class java/lang/Throwable$PrintStreamOrWriter done
Event: 15.790 loading class java/lang/Throwable$WrappedPrintWriter done
Event: 15.790 loading class java/lang/StackTraceElement$HashedModules
Event: 15.790 loading class java/lang/StackTraceElement$HashedModules done
Event: 15.791 loading class java/util/logging/Level$RbAccess
Event: 15.791 loading class java/util/logging/Level$RbAccess done
Event: 15.791 loading class sun/util/logging/resources/logging
Event: 15.791 loading class sun/util/logging/resources/logging done
Event: 15.791 loading class sun/util/logging/resources/logging_en
Event: 15.791 loading class sun/util/logging/resources/logging_en done
Event: 15.792 loading class sun/util/logging/resources/logging_en
Event: 15.792 loading class sun/util/logging/resources/logging_en done
Event: 15.792 loading class sun/util/logging/resources/logging_en_US
Event: 15.792 loading class sun/util/logging/resources/logging_en_US done
Event: 15.792 loading class sun/util/logging/resources/logging_en_US
Event: 15.792 loading class sun/util/logging/resources/logging_en_US done


Dynamic libraries:
0x00007ff71c6f0000 - 0x00007ff71c700000 	C:\Program Files\Java\jdk-16.0.2\bin\java.exe
0x00007ffccf6e0000 - 0x00007ffccf8e9000 	C:\WINDOWS\SYSTEM32\ntdll.dll
0x00007ffccda90000 - 0x00007ffccdb4d000 	C:\WINDOWS\System32\KERNEL32.DLL
0x00007ffccd060000 - 0x00007ffccd3d4000 	C:\WINDOWS\System32\KERNELBASE.dll
0x00007ffccce80000 - 0x00007ffcccf91000 	C:\WINDOWS\System32\ucrtbase.dll
0x00007ffcbe760000 - 0x00007ffcbe779000 	C:\Program Files\Java\jdk-16.0.2\bin\VCRUNTIME140.dll
0x00007ffc997a0000 - 0x00007ffc997b8000 	C:\Program Files\Java\jdk-16.0.2\bin\jli.dll
0x00007ffccf050000 - 0x00007ffccf0fe000 	C:\WINDOWS\System32\ADVAPI32.dll
0x00007ffccd660000 - 0x00007ffccd703000 	C:\WINDOWS\System32\msvcrt.dll
0x00007ffcce5c0000 - 0x00007ffcce65e000 	C:\WINDOWS\System32\sechost.dll
0x00007ffcce480000 - 0x00007ffcce5a0000 	C:\WINDOWS\System32\RPCRT4.dll
0x00007ffccdbc0000 - 0x00007ffccdd6c000 	C:\WINDOWS\System32\USER32.dll
0x00007ffccd3e0000 - 0x00007ffccd406000 	C:\WINDOWS\System32\win32u.dll
0x00007ffcbe180000 - 0x00007ffcbe425000 	C:\WINDOWS\WinSxS\amd64_microsoft.windows.common-controls_6595b64144ccf1df_6.0.22000.120_none_9d947278b86cc467\COMCTL32.dll
0x00007ffcce080000 - 0x00007ffcce0a9000 	C:\WINDOWS\System32\GDI32.dll
0x00007ffcccd60000 - 0x00007ffccce72000 	C:\WINDOWS\System32\gdi32full.dll
0x00007ffcccbd0000 - 0x00007ffcccc6d000 	C:\WINDOWS\System32\msvcp_win.dll
0x00007ffcc5eb0000 - 0x00007ffcc5eba000 	C:\WINDOWS\SYSTEM32\VERSION.dll
0x00007ffcce770000 - 0x00007ffcce7a1000 	C:\WINDOWS\System32\IMM32.DLL
0x00007ffc90ae0000 - 0x00007ffc90aec000 	C:\Program Files\Java\jdk-16.0.2\bin\vcruntime140_1.dll
0x00007ffc7db60000 - 0x00007ffc7dbf1000 	C:\Program Files\Java\jdk-16.0.2\bin\msvcp140.dll
0x00007ffc3ff70000 - 0x00007ffc40b1b000 	C:\Program Files\Java\jdk-16.0.2\bin\server\jvm.dll
0x00007ffcce150000 - 0x00007ffcce158000 	C:\WINDOWS\System32\PSAPI.DLL
0x00007ffcc65c0000 - 0x00007ffcc65f3000 	C:\WINDOWS\SYSTEM32\WINMM.dll
0x00007ffcbcd80000 - 0x00007ffcbcd89000 	C:\WINDOWS\SYSTEM32\WSOCK32.dll
0x00007ffccdb50000 - 0x00007ffccdbbf000 	C:\WINDOWS\System32\WS2_32.dll
0x00007ffccbc90000 - 0x00007ffccbca8000 	C:\WINDOWS\SYSTEM32\kernel.appcore.dll
0x00007ffc90ad0000 - 0x00007ffc90ada000 	C:\Program Files\Java\jdk-16.0.2\bin\jimage.dll
0x00007ffcca790000 - 0x00007ffcca9b1000 	C:\WINDOWS\SYSTEM32\DBGHELP.DLL
0x00007ffcbc610000 - 0x00007ffcbc641000 	C:\WINDOWS\SYSTEM32\dbgcore.DLL
0x00007ffcccce0000 - 0x00007ffcccd5f000 	C:\WINDOWS\System32\bcryptPrimitives.dll
0x00007ffc8da10000 - 0x00007ffc8da35000 	C:\Program Files\Java\jdk-16.0.2\bin\java.dll
0x00007ffcce8a0000 - 0x00007ffccf04f000 	C:\WINDOWS\System32\SHELL32.dll
0x00007ffccb220000 - 0x00007ffccba88000 	C:\WINDOWS\SYSTEM32\windows.storage.dll
0x00007ffccd710000 - 0x00007ffccda88000 	C:\WINDOWS\System32\combase.dll
0x00007ffccb0b0000 - 0x00007ffccb216000 	C:\WINDOWS\SYSTEM32\wintypes.dll
0x00007ffcce7b0000 - 0x00007ffcce89a000 	C:\WINDOWS\System32\SHCORE.dll
0x00007ffccdf30000 - 0x00007ffccdf8d000 	C:\WINDOWS\System32\shlwapi.dll
0x00007ffcccb00000 - 0x00007ffcccb21000 	C:\WINDOWS\SYSTEM32\profapi.dll
0x00007ffc82130000 - 0x00007ffc82149000 	C:\Program Files\Java\jdk-16.0.2\bin\net.dll
0x00007ffcc5cf0000 - 0x00007ffcc5dfc000 	C:\WINDOWS\SYSTEM32\WINHTTP.dll
0x00007ffccc130000 - 0x00007ffccc197000 	C:\WINDOWS\system32\mswsock.dll
0x00007ffc7e010000 - 0x00007ffc7e023000 	C:\Program Files\Java\jdk-16.0.2\bin\nio.dll
0x00007ffc7dff0000 - 0x00007ffc7e008000 	C:\Program Files\Java\jdk-16.0.2\bin\zip.dll
0x00007ffc7dc00000 - 0x00007ffc7dd80000 	C:\Program Files\Java\jdk-16.0.2\bin\awt.dll
0x00007ffccd580000 - 0x00007ffccd656000 	C:\WINDOWS\System32\OLEAUT32.dll
0x00007ffcc9de0000 - 0x00007ffcc9e71000 	C:\WINDOWS\SYSTEM32\apphelp.dll
0x00007ffcc9fb0000 - 0x00007ffcca05c000 	C:\WINDOWS\system32\uxtheme.dll
0x00007ffcce300000 - 0x00007ffcce41e000 	C:\WINDOWS\System32\MSCTF.dll
0x00007ffcce160000 - 0x00007ffcce2fa000 	C:\WINDOWS\System32\ole32.dll
0x00007ffcca250000 - 0x00007ffcca27f000 	C:\WINDOWS\system32\DWMAPI.DLL
0x00007ffc58190000 - 0x00007ffc58219000 	C:\Program Files\Java\jdk-16.0.2\bin\freetype.dll
0x00007ffc57920000 - 0x00007ffc57a16000 	C:\Program Files\Java\jdk-16.0.2\bin\harfbuzz.dll
0x00007ffc7da90000 - 0x00007ffc7daa2000 	C:\Program Files\Java\jdk-16.0.2\bin\fontmanager.dll
0x00007ffc58300000 - 0x00007ffc58401000 	C:\WINDOWS\system32\opengl32.dll
0x00007ffc7dab0000 - 0x00007ffc7dadd000 	C:\WINDOWS\SYSTEM32\GLU32.dll
0x00007ffcca090000 - 0x00007ffcca0c8000 	C:\WINDOWS\SYSTEM32\dxcore.dll
0x00007ffcc00c0000 - 0x00007ffcc0266000 	C:\WINDOWS\system32\d3d9.dll
0x00007ffcc42a0000 - 0x00007ffcc447b000 	C:\Windows\System32\DriverStore\FileRepository\u0357645.inf_amd64_3c66802dbd4d45a0\B357435\aticfx64.dll
0x00007ffc6a050000 - 0x00007ffc6a083000 	C:\Windows\System32\DriverStore\FileRepository\u0357645.inf_amd64_3c66802dbd4d45a0\B357435\atiu9p64.dll
0x00007ffc693b0000 - 0x00007ffc6a046000 	C:\Windows\System32\DriverStore\FileRepository\u0357645.inf_amd64_3c66802dbd4d45a0\B357435\atiumd64.dll
0x000000006ccc0000 - 0x000000006db3d000 	C:\WINDOWS\System32\DriverStore\FileRepository\u0357645.inf_amd64_3c66802dbd4d45a0\B357435\atiumd6a.dll
0x00007ffccc590000 - 0x00007ffccc5dd000 	C:\WINDOWS\SYSTEM32\POWRPROF.dll
0x00007ffccc510000 - 0x00007ffccc523000 	C:\WINDOWS\SYSTEM32\UMPDC.dll
0x00007ffcc40d0000 - 0x00007ffcc40ff000 	C:\WINDOWS\SYSTEM32\amdihk64.dll
0x00007ffcc8460000 - 0x00007ffcc84a4000 	C:\WINDOWS\SYSTEM32\directxdatabasehelper.dll
0x00007ffcca1f0000 - 0x00007ffcca224000 	C:\WINDOWS\SYSTEM32\ntmarta.dll
0x00007ffccf100000 - 0x00007ffccf1af000 	C:\WINDOWS\System32\clbcatq.dll
0x00007ffcc6400000 - 0x00007ffcc65ae000 	C:\WINDOWS\SYSTEM32\WindowsCodecs.dll
0x00007ffc8e800000 - 0x00007ffc8e85d000 	C:\WINDOWS\system32\dataexchange.dll
0x00007ffcc53e0000 - 0x00007ffcc5646000 	C:\WINDOWS\system32\twinapi.appcore.dll
0x00007ffccada0000 - 0x00007ffccae88000 	C:\WINDOWS\SYSTEM32\DNSAPI.dll
0x00007ffccad70000 - 0x00007ffccad9d000 	C:\WINDOWS\SYSTEM32\IPHLPAPI.DLL
0x00007ffcce5a0000 - 0x00007ffcce5a9000 	C:\WINDOWS\System32\NSI.dll
0x00007ffcc34b0000 - 0x00007ffcc34ba000 	C:\Windows\System32\rasadhlp.dll
0x00007ffcc26d0000 - 0x00007ffcc2751000 	C:\WINDOWS\System32\fwpuclnt.dll
0x00007ffcc5e20000 - 0x00007ffcc5e39000 	C:\WINDOWS\SYSTEM32\dhcpcsvc6.DLL
0x00007ffcc6310000 - 0x00007ffcc632e000 	C:\WINDOWS\SYSTEM32\dhcpcsvc.DLL
0x00007ffca3b60000 - 0x00007ffca3b77000 	C:\WINDOWS\system32\napinsp.dll
0x00007ffca3b40000 - 0x00007ffca3b5b000 	C:\WINDOWS\system32\pnrpnsp.dll
0x00007ffca3b20000 - 0x00007ffca3b32000 	C:\WINDOWS\System32\winrnr.dll
0x00007ffca3b00000 - 0x00007ffca3b15000 	C:\WINDOWS\system32\wshbth.dll
0x00007ffca3ae0000 - 0x00007ffca3aff000 	C:\WINDOWS\system32\nlansp_c.dll
0x00007ffc93f90000 - 0x00007ffc940bd000 	C:\WINDOWS\SYSTEM32\textinputframework.dll
0x00007ffcc9af0000 - 0x00007ffcc9c22000 	C:\WINDOWS\SYSTEM32\CoreMessaging.dll
0x00007ffcc78f0000 - 0x00007ffcc7c5d000 	C:\WINDOWS\SYSTEM32\CoreUIComponents.dll
0x00007ffccc3b0000 - 0x00007ffccc3bc000 	C:\WINDOWS\SYSTEM32\CRYPTBASE.DLL

dbghelp: loaded successfully - version: 4.0.5 - missing functions: none
symbol engine: initialized successfully - sym options: 0x614 - pdb path: .;C:\Program Files\Java\jdk-16.0.2\bin;C:\WINDOWS\SYSTEM32;C:\WINDOWS\WinSxS\amd64_microsoft.windows.common-controls_6595b64144ccf1df_6.0.22000.120_none_9d947278b86cc467;C:\Program Files\Java\jdk-16.0.2\bin\server;C:\Windows\System32\DriverStore\FileRepository\u0357645.inf_amd64_3c66802dbd4d45a0\B357435

VM Arguments:
jvm_args: -Dfile.encoding=UTF-8 --module-path=D:\Netbean_Java\Java_Project_ST6\build\classes 
java_command: view.TrangChu
java_class_path (initial): C:\Program Files\NetBeans-12.4\netbeans\java\modules\ext\AbsoluteLayout.jar;C:\Program Files\NetBeans-12.4\netbeans\java\modules\ext\org-netbeans-modules-java-j2seembedded-probe.jar;D:\Netbean_Java\CacLoaiThuVien\jtds-1.3.1-dist\jtds-1.3.1.jar;D:\Netbean_Java\Java_Project_ST6\build\classes
Launcher Type: SUN_STANDARD

[Global flags]
     intx CICompilerCount                          = 4                                         {product} {ergonomic}
     uint ConcGCThreads                            = 2                                         {product} {ergonomic}
     uint G1ConcRefinementThreads                  = 8                                         {product} {ergonomic}
   size_t G1HeapRegionSize                         = 1048576                                   {product} {ergonomic}
    uintx GCDrainStackTargetSize                   = 64                                        {product} {ergonomic}
   size_t InitialHeapSize                          = 100663296                                 {product} {ergonomic}
   size_t MarkStackSize                            = 4194304                                   {product} {ergonomic}
   size_t MaxHeapSize                              = 1595932672                                {product} {ergonomic}
   size_t MaxNewSize                               = 957349888                                 {product} {ergonomic}
   size_t MinHeapDeltaBytes                        = 1048576                                   {product} {ergonomic}
   size_t MinHeapSize                              = 8388608                                   {product} {ergonomic}
    uintx NonNMethodCodeHeapSize                   = 5839372                                {pd product} {ergonomic}
    uintx NonProfiledCodeHeapSize                  = 122909434                              {pd product} {ergonomic}
    uintx ProfiledCodeHeapSize                     = 122909434                              {pd product} {ergonomic}
    uintx ReservedCodeCacheSize                    = 251658240                              {pd product} {ergonomic}
     bool SegmentedCodeCache                       = true                                      {product} {ergonomic}
   size_t SoftMaxHeapSize                          = 1595932672                             {manageable} {ergonomic}
     bool UseCompressedClassPointers               = true                           {product lp64_product} {ergonomic}
     bool UseCompressedOops                        = true                           {product lp64_product} {ergonomic}
     bool UseG1GC                                  = true                                      {product} {ergonomic}
     bool UseLargePagesIndividualAllocation        = false                                  {pd product} {ergonomic}

Logging:
Log output configuration:
 #0: stdout all=warning uptime,level,tags
 #1: stderr all=off uptime,level,tags

Environment Variables:
JAVA_HOME=C:\Program Files\Java\jdk-16.0.2
PATH=C:\Program Files\Microsoft MPI\Bin\;C:\Program Files\Microsoft\jdk-11.0.12.7-hotspot\bin;C:\Program Files\Common Files\Microsoft Shared\Microsoft Online Services;C:\Program Files (x86)\Common Files\Microsoft Shared\Microsoft Online Services;C:\Program Files\Common Files\Oracle\Java\javapath;C:\Program Files\Eclipse Foundation\jdk-11.0.12.7-hotspot\bin;C:\Program Files (x86)\VMware\VMware Workstation\bin\;C:\Windows\system32;C:\Windows;C:\Windows\System32\Wbem;C:\Windows\System32\WindowsPowerShell\v1.0\;C:\Windows\System32\OpenSSH\;C:\Program Files (x86)\NVIDIA Corporation\PhysX\Common;C:\Program Files\NVIDIA Corporation\NVIDIA NvDLISR;C:\WINDOWS\system32;C:\WINDOWS;C:\WINDOWS\System32\Wbem;C:\WINDOWS\System32\WindowsPowerShell\v1.0\;C:\WINDOWS\System32\OpenSSH\;C:\Program Files\nodejs\;C:\Program Files\Azure Data Studio\bin;C:\Program Files\Microsoft SQL Server\Client SDK\ODBC\170\Tools\Binn\;C:\Program Files (x86)\Microsoft SQL Server\150\Tools\Binn\;C:\Program Files\Microsoft SQL Server\150\Tools\Binn\;C:\Program Files (x86)\Microsoft SQL Server\150\DTS\Binn\;C:\Program Files\Microsoft SQL Server\150\DTS\Binn\;C:\Program Files\Git\cmd;C:\Program Files\dotnet\;C:\Program Files (x86)\dotnet\;C:\Program Files\Docker\Docker\resources\bin;C:\ProgramData\DockerDesktop\version-bin;D:\VB.Net\Python;D:\VB.Net\Python\Library\mingw-w64\bin;D:\VB.Net\Python\Library\usr\bin;D:\VB.Net\Python\Library\bin;D:\VB.Net\Python\Scripts;C:\Users\ACER\AppData\Local\Programs\Python\Python310\Scripts\;C:\Users\ACER\AppData\Local\Programs\Python\Python310\;C:\Users\ACER\AppData\Local\Microsoft\WindowsApps;C:\Users\ACER\Desktop\Microsoft VS Code\bin;C:\Users\ACER\AppData\Roaming\npm;C:\Program Files\Azure Data Studio\bin;C:\Program Files\JetBrains\IntelliJ IDEA 2021.3.1\bin;;C:\Program Files\JetBrains\IntelliJ IDEA Community Edition 2021.3.1\bin;;C:\Users\ACER\.dotnet\tools
USERNAME=ACER
OS=Windows_NT
PROCESSOR_IDENTIFIER=AMD64 Family 23 Model 24 Stepping 1, AuthenticAMD



---------------  S Y S T E M  ---------------

OS:
 Windows 10 , 64 bit Build 22000 (10.0.22000.613)
OS uptime: 0 days 2:14 hours
Hyper-V role detected

CPU: total 8 (initial active 8) (8 cores per cpu, 2 threads per core) family 23 model 24 stepping 1 microcode 0x0, cx8, cmov, fxsr, ht, mmx, 3dnowpref, sse, sse2, sse3, ssse3, sse4a, sse4.1, sse4.2, popcnt, lzcnt, tsc, tscinvbit, avx, avx2, aes, clmul, bmi1, bmi2, adx, sha, fma, vzeroupper, clflush, clflushopt, hv

Memory: 4k page, system-wide physical 6081M (326M free)
TotalPageFile size 24513M (AvailPageFile size 2M)
current process WorkingSet (physical memory assigned to process): 118M, peak: 119M
current process commit charge ("private bytes"): 264M, peak: 279M

vm_info: Java HotSpot(TM) 64-Bit Server VM (16.0.2+7-67) for windows-amd64 JRE (16.0.2+7-67), built on Jun  8 2021 23:24:19 by "mach5one" with MS VC++ 16.7 (VS2019)

END.
