#
# There is insufficient memory for the Java Runtime Environment to continue.
# Native memory allocation (malloc) failed to allocate 348576 bytes for Chunk::new
# Possible reasons:
#   The system is out of physical RAM or swap space
#   The process is running with CompressedOops enabled, and the Java Heap may be blocking the growth of the native heap
# Possible solutions:
#   Reduce memory load on the system
#   Increase physical memory or swap space
#   Check if swap backing store is full
#   Decrease Java heap size (-Xmx/-Xms)
#   Decrease number of Java threads
#   Decrease Java thread stack sizes (-Xss)
#   Set larger code cache with -XX:ReservedCodeCacheSize=
#   JVM is running with Unscaled Compressed Oops mode in which the Java heap is
#     placed in the first 4GB address space. The Java Heap base address is the
#     maximum limit for the native heap growth. Please use -XX:HeapBaseMinAddress
#     to set the Java Heap base and to place the Java Heap above 4GB virtual address.
# This output file may be truncated or incomplete.
#
#  Out of Memory Error (arena.cpp:195), pid=25312, tid=22112
#
# JRE version: Java(TM) SE Runtime Environment (16.0.2+7) (build 16.0.2+7-67)
# Java VM: Java HotSpot(TM) 64-Bit Server VM (16.0.2+7-67, mixed mode, sharing, tiered, compressed oops, compressed class ptrs, g1 gc, windows-amd64)
# No core dump will be written. Minidumps are not enabled by default on client versions of Windows
#

---------------  S U M M A R Y ------------

Command Line: -Dfile.encoding=UTF-8 --module-path=D:\Netbean_Java\Java_Project_ST6\build\classes view.QuanLyPhong_140

Host: AMD Ryzen 7 3750H with Radeon Vega Mobile Gfx  , 8 cores, 5G,  Windows 10 , 64 bit Build 22000 (10.0.22000.613)
Time: Thu May 12 22:46:01 2022 SE Asia Standard Time elapsed time: 1.544451 seconds (0d 0h 0m 1s)

---------------  T H R E A D  ---------------

Current thread (0x000002406d011160):  JavaThread "C2 CompilerThread0" daemon [_thread_in_native, id=22112, stack(0x00000091e0000000,0x00000091e0100000)]


Current CompileTask:
C2:   1544 1236       4       java.util.HashSet::add (20 bytes)

Stack: [0x00000091e0000000,0x00000091e0100000]
Native frames: (J=compiled Java code, j=interpreted, Vv=VM code, C=native code)
V  [jvm.dll+0x6681ca]
V  [jvm.dll+0x7c9e69]
V  [jvm.dll+0x7cb61e]
V  [jvm.dll+0x7cbc73]
V  [jvm.dll+0x242c55]
V  [jvm.dll+0xadeba]
V  [jvm.dll+0xae45c]
V  [jvm.dll+0x2a4cdf]
V  [jvm.dll+0x573c29]
V  [jvm.dll+0x21e48e]
V  [jvm.dll+0x21775f]
V  [jvm.dll+0x214ffc]
V  [jvm.dll+0x1a1beb]
V  [jvm.dll+0x225158]
V  [jvm.dll+0x22319c]
V  [jvm.dll+0x77fa62]
V  [jvm.dll+0x7795aa]
V  [jvm.dll+0x667066]
C  [ucrtbase.dll+0x26c0c]
C  [KERNEL32.DLL+0x154e0]
C  [ntdll.dll+0x485b]


---------------  P R O C E S S  ---------------

Threads class SMR info:
_java_thread_list=0x000002406f0dd1d0, length=17, elements={
0x000002406cffb4e0, 0x000002406cffc850, 0x000002406d00e670, 0x000002406d00ef80,
0x000002406d00f980, 0x000002406d010380, 0x000002406d011160, 0x000002406d070330,
0x000002406d084050, 0x000002406cfec440, 0x000002406dcdefa0, 0x000002406de29da0,
0x000002406de2a2f0, 0x000002406de28310, 0x000002406de28860, 0x000002406de26dd0,
0x000002406de27320
}

Java Threads: ( => current thread )
  0x000002406cffb4e0 JavaThread "Reference Handler" daemon [_thread_blocked, id=22484, stack(0x00000091dfa00000,0x00000091dfb00000)]
  0x000002406cffc850 JavaThread "Finalizer" daemon [_thread_blocked, id=16532, stack(0x00000091dfb00000,0x00000091dfc00000)]
  0x000002406d00e670 JavaThread "Signal Dispatcher" daemon [_thread_blocked, id=10092, stack(0x00000091dfc00000,0x00000091dfd00000)]
  0x000002406d00ef80 JavaThread "Attach Listener" daemon [_thread_blocked, id=16096, stack(0x00000091dfd00000,0x00000091dfe00000)]
  0x000002406d00f980 JavaThread "Service Thread" daemon [_thread_blocked, id=23844, stack(0x00000091dfe00000,0x00000091dff00000)]
  0x000002406d010380 JavaThread "Monitor Deflation Thread" daemon [_thread_blocked, id=19796, stack(0x00000091dff00000,0x00000091e0000000)]
=>0x000002406d011160 JavaThread "C2 CompilerThread0" daemon [_thread_in_native, id=22112, stack(0x00000091e0000000,0x00000091e0100000)]
  0x000002406d070330 JavaThread "C1 CompilerThread0" daemon [_thread_blocked, id=22928, stack(0x00000091e0100000,0x00000091e0200000)]
  0x000002406d084050 JavaThread "Sweeper thread" daemon [_thread_blocked, id=2068, stack(0x00000091e0200000,0x00000091e0300000)]
  0x000002406cfec440 JavaThread "Common-Cleaner" daemon [_thread_blocked, id=26340, stack(0x00000091e0300000,0x00000091e0400000)]
  0x000002406dcdefa0 JavaThread "Notification Thread" daemon [_thread_blocked, id=25720, stack(0x00000091e0400000,0x00000091e0500000)]
  0x000002406de29da0 JavaThread "Java2D Disposer" daemon [_thread_blocked, id=25428, stack(0x00000091e0600000,0x00000091e0700000)]
  0x000002406de2a2f0 JavaThread "AWT-Shutdown" [_thread_blocked, id=26216, stack(0x00000091e0700000,0x00000091e0800000)]
  0x000002406de28310 JavaThread "AWT-Windows" daemon [_thread_in_native, id=23648, stack(0x00000091e0800000,0x00000091e0900000)]
  0x000002406de28860 JavaThread "AWT-EventQueue-0" [_thread_in_vm, id=2960, stack(0x00000091e0900000,0x00000091e0a00000)]
  0x000002406de26dd0 JavaThread "DestroyJavaVM" [_thread_blocked, id=19904, stack(0x00000091df300000,0x00000091df400000)]
  0x000002406de27320 JavaThread "Image Fetcher 0" daemon [_thread_blocked, id=20008, stack(0x00000091e1200000,0x00000091e1300000)]

Other Threads:
  0x000002406cff72e0 VMThread "VM Thread" [stack: 0x00000091df900000,0x00000091dfa00000] [id=1792]
  0x00000240502fefc0 WatcherThread [stack: 0x00000091e0500000,0x00000091e0600000] [id=10192]
  0x0000024050338f80 GCTaskThread "GC Thread#0" [stack: 0x00000091df400000,0x00000091df500000] [id=18872]
  0x0000024050345d00 ConcurrentGCThread "G1 Main Marker" [stack: 0x00000091df500000,0x00000091df600000] [id=2776]
  0x0000024050346670 ConcurrentGCThread "G1 Conc#0" [stack: 0x00000091df600000,0x00000091df700000] [id=12148]
  0x00000240503b8ec0 ConcurrentGCThread "G1 Refine#0" [stack: 0x00000091df700000,0x00000091df800000] [id=21416]
  0x00000240503b9fe0 ConcurrentGCThread "G1 Service" [stack: 0x00000091df800000,0x00000091df900000] [id=18380]

Threads with active compile tasks:
C2 CompilerThread0     1601 1236       4       java.util.HashSet::add (20 bytes)

VM state: not at safepoint (normal execution)

VM Mutex/Monitor currently owned by a thread: None

Heap address: 0x00000000a0e00000, size: 1522 MB, Compressed Oops mode: 32-bit

CDS archive(s) mapped at: [0x0000000800000000-0x0000000800bb0000-0x0000000800bb0000), size 12255232, SharedBaseAddress: 0x0000000800000000, ArchiveRelocationMode: 0.
Compressed class space mapped at: 0x0000000800c00000-0x0000000840c00000, reserved size: 1073741824
Narrow klass base: 0x0000000800000000, Narrow klass shift: 3, Narrow klass range: 0x100000000

GC Precious Log:
 CPUs: 8 total, 8 available
 Memory: 6081M
 Large Page Support: Disabled
 NUMA Support: Disabled
 Compressed Oops: Enabled (32-bit)
 Heap Region Size: 1M
 Heap Min Capacity: 8M
 Heap Initial Capacity: 96M
 Heap Max Capacity: 1522M
 Pre-touch: Disabled
 Parallel Workers: 8
 Concurrent Workers: 2
 Concurrent Refinement Workers: 8
 Periodic GC: Disabled

Heap:
 garbage-first heap   total 98304K, used 10240K [0x00000000a0e00000, 0x0000000100000000)
  region size 1024K, 12 young (12288K), 0 survivors (0K)
 Metaspace       used 12200K, committed 12416K, reserved 1064960K
  class space    used 1434K, committed 1536K, reserved 1048576K

Heap Regions: E=young(eden), S=young(survivor), O=old, HS=humongous(starts), HC=humongous(continues), CS=collection set, F=free, OA=open archive, CA=closed archive, TAMS=top-at-mark-start (previous, next)
|   0|0x00000000a0e00000, 0x00000000a0e00000, 0x00000000a0f00000|  0%| F|  |TAMS 0x00000000a0e00000, 0x00000000a0e00000| Untracked 
|   1|0x00000000a0f00000, 0x00000000a0f00000, 0x00000000a1000000|  0%| F|  |TAMS 0x00000000a0f00000, 0x00000000a0f00000| Untracked 
|   2|0x00000000a1000000, 0x00000000a1000000, 0x00000000a1100000|  0%| F|  |TAMS 0x00000000a1000000, 0x00000000a1000000| Untracked 
|   3|0x00000000a1100000, 0x00000000a1100000, 0x00000000a1200000|  0%| F|  |TAMS 0x00000000a1100000, 0x00000000a1100000| Untracked 
|   4|0x00000000a1200000, 0x00000000a1200000, 0x00000000a1300000|  0%| F|  |TAMS 0x00000000a1200000, 0x00000000a1200000| Untracked 
|   5|0x00000000a1300000, 0x00000000a1300000, 0x00000000a1400000|  0%| F|  |TAMS 0x00000000a1300000, 0x00000000a1300000| Untracked 
|   6|0x00000000a1400000, 0x00000000a1400000, 0x00000000a1500000|  0%| F|  |TAMS 0x00000000a1400000, 0x00000000a1400000| Untracked 
|   7|0x00000000a1500000, 0x00000000a1500000, 0x00000000a1600000|  0%| F|  |TAMS 0x00000000a1500000, 0x00000000a1500000| Untracked 
|   8|0x00000000a1600000, 0x00000000a1600000, 0x00000000a1700000|  0%| F|  |TAMS 0x00000000a1600000, 0x00000000a1600000| Untracked 
|   9|0x00000000a1700000, 0x00000000a1700000, 0x00000000a1800000|  0%| F|  |TAMS 0x00000000a1700000, 0x00000000a1700000| Untracked 
|  10|0x00000000a1800000, 0x00000000a1800000, 0x00000000a1900000|  0%| F|  |TAMS 0x00000000a1800000, 0x00000000a1800000| Untracked 
|  11|0x00000000a1900000, 0x00000000a1900000, 0x00000000a1a00000|  0%| F|  |TAMS 0x00000000a1900000, 0x00000000a1900000| Untracked 
|  12|0x00000000a1a00000, 0x00000000a1a00000, 0x00000000a1b00000|  0%| F|  |TAMS 0x00000000a1a00000, 0x00000000a1a00000| Untracked 
|  13|0x00000000a1b00000, 0x00000000a1b00000, 0x00000000a1c00000|  0%| F|  |TAMS 0x00000000a1b00000, 0x00000000a1b00000| Untracked 
|  14|0x00000000a1c00000, 0x00000000a1c00000, 0x00000000a1d00000|  0%| F|  |TAMS 0x00000000a1c00000, 0x00000000a1c00000| Untracked 
|  15|0x00000000a1d00000, 0x00000000a1d00000, 0x00000000a1e00000|  0%| F|  |TAMS 0x00000000a1d00000, 0x00000000a1d00000| Untracked 
|  16|0x00000000a1e00000, 0x00000000a1e00000, 0x00000000a1f00000|  0%| F|  |TAMS 0x00000000a1e00000, 0x00000000a1e00000| Untracked 
|  17|0x00000000a1f00000, 0x00000000a1f00000, 0x00000000a2000000|  0%| F|  |TAMS 0x00000000a1f00000, 0x00000000a1f00000| Untracked 
|  18|0x00000000a2000000, 0x00000000a2000000, 0x00000000a2100000|  0%| F|  |TAMS 0x00000000a2000000, 0x00000000a2000000| Untracked 
|  19|0x00000000a2100000, 0x00000000a2100000, 0x00000000a2200000|  0%| F|  |TAMS 0x00000000a2100000, 0x00000000a2100000| Untracked 
|  20|0x00000000a2200000, 0x00000000a2200000, 0x00000000a2300000|  0%| F|  |TAMS 0x00000000a2200000, 0x00000000a2200000| Untracked 
|  21|0x00000000a2300000, 0x00000000a2300000, 0x00000000a2400000|  0%| F|  |TAMS 0x00000000a2300000, 0x00000000a2300000| Untracked 
|  22|0x00000000a2400000, 0x00000000a2400000, 0x00000000a2500000|  0%| F|  |TAMS 0x00000000a2400000, 0x00000000a2400000| Untracked 
|  23|0x00000000a2500000, 0x00000000a2500000, 0x00000000a2600000|  0%| F|  |TAMS 0x00000000a2500000, 0x00000000a2500000| Untracked 
|  24|0x00000000a2600000, 0x00000000a2600000, 0x00000000a2700000|  0%| F|  |TAMS 0x00000000a2600000, 0x00000000a2600000| Untracked 
|  25|0x00000000a2700000, 0x00000000a2700000, 0x00000000a2800000|  0%| F|  |TAMS 0x00000000a2700000, 0x00000000a2700000| Untracked 
|  26|0x00000000a2800000, 0x00000000a2800000, 0x00000000a2900000|  0%| F|  |TAMS 0x00000000a2800000, 0x00000000a2800000| Untracked 
|  27|0x00000000a2900000, 0x00000000a2900000, 0x00000000a2a00000|  0%| F|  |TAMS 0x00000000a2900000, 0x00000000a2900000| Untracked 
|  28|0x00000000a2a00000, 0x00000000a2a00000, 0x00000000a2b00000|  0%| F|  |TAMS 0x00000000a2a00000, 0x00000000a2a00000| Untracked 
|  29|0x00000000a2b00000, 0x00000000a2b00000, 0x00000000a2c00000|  0%| F|  |TAMS 0x00000000a2b00000, 0x00000000a2b00000| Untracked 
|  30|0x00000000a2c00000, 0x00000000a2c00000, 0x00000000a2d00000|  0%| F|  |TAMS 0x00000000a2c00000, 0x00000000a2c00000| Untracked 
|  31|0x00000000a2d00000, 0x00000000a2d00000, 0x00000000a2e00000|  0%| F|  |TAMS 0x00000000a2d00000, 0x00000000a2d00000| Untracked 
|  32|0x00000000a2e00000, 0x00000000a2e00000, 0x00000000a2f00000|  0%| F|  |TAMS 0x00000000a2e00000, 0x00000000a2e00000| Untracked 
|  33|0x00000000a2f00000, 0x00000000a2f00000, 0x00000000a3000000|  0%| F|  |TAMS 0x00000000a2f00000, 0x00000000a2f00000| Untracked 
|  34|0x00000000a3000000, 0x00000000a3000000, 0x00000000a3100000|  0%| F|  |TAMS 0x00000000a3000000, 0x00000000a3000000| Untracked 
|  35|0x00000000a3100000, 0x00000000a3100000, 0x00000000a3200000|  0%| F|  |TAMS 0x00000000a3100000, 0x00000000a3100000| Untracked 
|  36|0x00000000a3200000, 0x00000000a3200000, 0x00000000a3300000|  0%| F|  |TAMS 0x00000000a3200000, 0x00000000a3200000| Untracked 
|  37|0x00000000a3300000, 0x00000000a3300000, 0x00000000a3400000|  0%| F|  |TAMS 0x00000000a3300000, 0x00000000a3300000| Untracked 
|  38|0x00000000a3400000, 0x00000000a3400000, 0x00000000a3500000|  0%| F|  |TAMS 0x00000000a3400000, 0x00000000a3400000| Untracked 
|  39|0x00000000a3500000, 0x00000000a3500000, 0x00000000a3600000|  0%| F|  |TAMS 0x00000000a3500000, 0x00000000a3500000| Untracked 
|  40|0x00000000a3600000, 0x00000000a3600000, 0x00000000a3700000|  0%| F|  |TAMS 0x00000000a3600000, 0x00000000a3600000| Untracked 
|  41|0x00000000a3700000, 0x00000000a3700000, 0x00000000a3800000|  0%| F|  |TAMS 0x00000000a3700000, 0x00000000a3700000| Untracked 
|  42|0x00000000a3800000, 0x00000000a3800000, 0x00000000a3900000|  0%| F|  |TAMS 0x00000000a3800000, 0x00000000a3800000| Untracked 
|  43|0x00000000a3900000, 0x00000000a3900000, 0x00000000a3a00000|  0%| F|  |TAMS 0x00000000a3900000, 0x00000000a3900000| Untracked 
|  44|0x00000000a3a00000, 0x00000000a3a00000, 0x00000000a3b00000|  0%| F|  |TAMS 0x00000000a3a00000, 0x00000000a3a00000| Untracked 
|  45|0x00000000a3b00000, 0x00000000a3b00000, 0x00000000a3c00000|  0%| F|  |TAMS 0x00000000a3b00000, 0x00000000a3b00000| Untracked 
|  46|0x00000000a3c00000, 0x00000000a3c00000, 0x00000000a3d00000|  0%| F|  |TAMS 0x00000000a3c00000, 0x00000000a3c00000| Untracked 
|  47|0x00000000a3d00000, 0x00000000a3d00000, 0x00000000a3e00000|  0%| F|  |TAMS 0x00000000a3d00000, 0x00000000a3d00000| Untracked 
|  48|0x00000000a3e00000, 0x00000000a3e00000, 0x00000000a3f00000|  0%| F|  |TAMS 0x00000000a3e00000, 0x00000000a3e00000| Untracked 
|  49|0x00000000a3f00000, 0x00000000a3f00000, 0x00000000a4000000|  0%| F|  |TAMS 0x00000000a3f00000, 0x00000000a3f00000| Untracked 
|  50|0x00000000a4000000, 0x00000000a4000000, 0x00000000a4100000|  0%| F|  |TAMS 0x00000000a4000000, 0x00000000a4000000| Untracked 
|  51|0x00000000a4100000, 0x00000000a4100000, 0x00000000a4200000|  0%| F|  |TAMS 0x00000000a4100000, 0x00000000a4100000| Untracked 
|  52|0x00000000a4200000, 0x00000000a4200000, 0x00000000a4300000|  0%| F|  |TAMS 0x00000000a4200000, 0x00000000a4200000| Untracked 
|  53|0x00000000a4300000, 0x00000000a4300000, 0x00000000a4400000|  0%| F|  |TAMS 0x00000000a4300000, 0x00000000a4300000| Untracked 
|  54|0x00000000a4400000, 0x00000000a4400000, 0x00000000a4500000|  0%| F|  |TAMS 0x00000000a4400000, 0x00000000a4400000| Untracked 
|  55|0x00000000a4500000, 0x00000000a4500000, 0x00000000a4600000|  0%| F|  |TAMS 0x00000000a4500000, 0x00000000a4500000| Untracked 
|  56|0x00000000a4600000, 0x00000000a4600000, 0x00000000a4700000|  0%| F|  |TAMS 0x00000000a4600000, 0x00000000a4600000| Untracked 
|  57|0x00000000a4700000, 0x00000000a4700000, 0x00000000a4800000|  0%| F|  |TAMS 0x00000000a4700000, 0x00000000a4700000| Untracked 
|  58|0x00000000a4800000, 0x00000000a4800000, 0x00000000a4900000|  0%| F|  |TAMS 0x00000000a4800000, 0x00000000a4800000| Untracked 
|  59|0x00000000a4900000, 0x00000000a4900000, 0x00000000a4a00000|  0%| F|  |TAMS 0x00000000a4900000, 0x00000000a4900000| Untracked 
|  60|0x00000000a4a00000, 0x00000000a4a00000, 0x00000000a4b00000|  0%| F|  |TAMS 0x00000000a4a00000, 0x00000000a4a00000| Untracked 
|  61|0x00000000a4b00000, 0x00000000a4b00000, 0x00000000a4c00000|  0%| F|  |TAMS 0x00000000a4b00000, 0x00000000a4b00000| Untracked 
|  62|0x00000000a4c00000, 0x00000000a4c00000, 0x00000000a4d00000|  0%| F|  |TAMS 0x00000000a4c00000, 0x00000000a4c00000| Untracked 
|  63|0x00000000a4d00000, 0x00000000a4d00000, 0x00000000a4e00000|  0%| F|  |TAMS 0x00000000a4d00000, 0x00000000a4d00000| Untracked 
|  64|0x00000000a4e00000, 0x00000000a4e00000, 0x00000000a4f00000|  0%| F|  |TAMS 0x00000000a4e00000, 0x00000000a4e00000| Untracked 
|  65|0x00000000a4f00000, 0x00000000a4f00000, 0x00000000a5000000|  0%| F|  |TAMS 0x00000000a4f00000, 0x00000000a4f00000| Untracked 
|  66|0x00000000a5000000, 0x00000000a5000000, 0x00000000a5100000|  0%| F|  |TAMS 0x00000000a5000000, 0x00000000a5000000| Untracked 
|  67|0x00000000a5100000, 0x00000000a5100000, 0x00000000a5200000|  0%| F|  |TAMS 0x00000000a5100000, 0x00000000a5100000| Untracked 
|  68|0x00000000a5200000, 0x00000000a5200000, 0x00000000a5300000|  0%| F|  |TAMS 0x00000000a5200000, 0x00000000a5200000| Untracked 
|  69|0x00000000a5300000, 0x00000000a5300000, 0x00000000a5400000|  0%| F|  |TAMS 0x00000000a5300000, 0x00000000a5300000| Untracked 
|  70|0x00000000a5400000, 0x00000000a5400000, 0x00000000a5500000|  0%| F|  |TAMS 0x00000000a5400000, 0x00000000a5400000| Untracked 
|  71|0x00000000a5500000, 0x00000000a5500000, 0x00000000a5600000|  0%| F|  |TAMS 0x00000000a5500000, 0x00000000a5500000| Untracked 
|  72|0x00000000a5600000, 0x00000000a5600000, 0x00000000a5700000|  0%| F|  |TAMS 0x00000000a5600000, 0x00000000a5600000| Untracked 
|  73|0x00000000a5700000, 0x00000000a5700000, 0x00000000a5800000|  0%| F|  |TAMS 0x00000000a5700000, 0x00000000a5700000| Untracked 
|  74|0x00000000a5800000, 0x00000000a5800000, 0x00000000a5900000|  0%| F|  |TAMS 0x00000000a5800000, 0x00000000a5800000| Untracked 
|  75|0x00000000a5900000, 0x00000000a5900000, 0x00000000a5a00000|  0%| F|  |TAMS 0x00000000a5900000, 0x00000000a5900000| Untracked 
|  76|0x00000000a5a00000, 0x00000000a5a00000, 0x00000000a5b00000|  0%| F|  |TAMS 0x00000000a5a00000, 0x00000000a5a00000| Untracked 
|  77|0x00000000a5b00000, 0x00000000a5b00000, 0x00000000a5c00000|  0%| F|  |TAMS 0x00000000a5b00000, 0x00000000a5b00000| Untracked 
|  78|0x00000000a5c00000, 0x00000000a5c00000, 0x00000000a5d00000|  0%| F|  |TAMS 0x00000000a5c00000, 0x00000000a5c00000| Untracked 
|  79|0x00000000a5d00000, 0x00000000a5d00000, 0x00000000a5e00000|  0%| F|  |TAMS 0x00000000a5d00000, 0x00000000a5d00000| Untracked 
|  80|0x00000000a5e00000, 0x00000000a5e00000, 0x00000000a5f00000|  0%| F|  |TAMS 0x00000000a5e00000, 0x00000000a5e00000| Untracked 
|  81|0x00000000a5f00000, 0x00000000a5f00000, 0x00000000a6000000|  0%| F|  |TAMS 0x00000000a5f00000, 0x00000000a5f00000| Untracked 
|  82|0x00000000a6000000, 0x00000000a6000000, 0x00000000a6100000|  0%| F|  |TAMS 0x00000000a6000000, 0x00000000a6000000| Untracked 
|  83|0x00000000a6100000, 0x00000000a6100000, 0x00000000a6200000|  0%| F|  |TAMS 0x00000000a6100000, 0x00000000a6100000| Untracked 
|  84|0x00000000a6200000, 0x00000000a62ec0a0, 0x00000000a6300000| 92%| E|  |TAMS 0x00000000a6200000, 0x00000000a6200000| Complete 
|  85|0x00000000a6300000, 0x00000000a6400000, 0x00000000a6400000|100%| E|CS|TAMS 0x00000000a6300000, 0x00000000a6300000| Complete 
|  86|0x00000000a6400000, 0x00000000a6500000, 0x00000000a6500000|100%| E|CS|TAMS 0x00000000a6400000, 0x00000000a6400000| Complete 
|  87|0x00000000a6500000, 0x00000000a6600000, 0x00000000a6600000|100%| E|CS|TAMS 0x00000000a6500000, 0x00000000a6500000| Complete 
|  88|0x00000000a6600000, 0x00000000a6700000, 0x00000000a6700000|100%| E|CS|TAMS 0x00000000a6600000, 0x00000000a6600000| Complete 
|  89|0x00000000a6700000, 0x00000000a6800000, 0x00000000a6800000|100%| E|CS|TAMS 0x00000000a6700000, 0x00000000a6700000| Complete 
|  90|0x00000000a6800000, 0x00000000a6900000, 0x00000000a6900000|100%| E|CS|TAMS 0x00000000a6800000, 0x00000000a6800000| Complete 
|  91|0x00000000a6900000, 0x00000000a6a00000, 0x00000000a6a00000|100%| E|CS|TAMS 0x00000000a6900000, 0x00000000a6900000| Complete 
|  92|0x00000000a6a00000, 0x00000000a6b00000, 0x00000000a6b00000|100%| E|CS|TAMS 0x00000000a6a00000, 0x00000000a6a00000| Complete 
|  93|0x00000000a6b00000, 0x00000000a6c00000, 0x00000000a6c00000|100%| E|CS|TAMS 0x00000000a6b00000, 0x00000000a6b00000| Complete 
|  94|0x00000000a6c00000, 0x00000000a6d00000, 0x00000000a6d00000|100%| E|  |TAMS 0x00000000a6c00000, 0x00000000a6c00000| Complete 
|  95|0x00000000a6d00000, 0x00000000a6e00000, 0x00000000a6e00000|100%| E|CS|TAMS 0x00000000a6d00000, 0x00000000a6d00000| Complete 

Card table byte_map: [0x00000240670b0000,0x00000240673b0000] _byte_map_base: 0x0000024066ba9000

Marking Bits (Prev, Next): (CMBitMap*) 0x00000240503394f0, (CMBitMap*) 0x0000024050339530
 Prev Bits: [0x00000240676b0000, 0x0000024068e78000)
 Next Bits: [0x0000024068e80000, 0x000002406a648000)

Polling page: 0x000002404e310000

Metaspace:

Usage:
  Non-class:     10.54 MB used.
      Class:      1.41 MB used.
       Both:     11.95 MB used.

Virtual space:
  Non-class space:       16.00 MB reserved,      10.62 MB ( 66%) committed,  2 nodes.
      Class space:        1.00 GB reserved,       1.50 MB ( <1%) committed,  1 nodes.
              Both:        1.02 GB reserved,      12.12 MB (  1%) committed. 

Chunk freelists:
   Non-Class:  1.00 MB
       Class:  2.52 MB
        Both:  3.52 MB

MaxMetaspaceSize: 17179869184.00 GB
CompressedClassSpaceSize: 1.00 GB
 - commit_granule_bytes: 65536.
 - commit_granule_words: 8192.
 - virtual_space_node_default_size: 1048576.
 - enlarge_chunks_in_place: 1.
 - new_chunks_are_fully_committed: 0.
 - uncommit_free_chunks: 1.
 - use_allocation_guard: 0.
 - handle_deallocations: 1.


Internal statistics:

num_allocs_failed_limit: 0.
num_arena_births: 136.
num_arena_deaths: 0.
num_vsnodes_births: 3.
num_vsnodes_deaths: 0.
num_space_committed: 194.
num_space_uncommitted: 0.
num_chunks_returned_to_freelist: 0.
num_chunks_taken_from_freelist: 214.
num_chunk_merges: 0.
num_chunk_splits: 111.
num_chunks_enlarged: 44.
num_purges: 0.

CodeHeap 'non-profiled nmethods': size=120000Kb used=345Kb max_used=345Kb free=119654Kb
 bounds [0x000002405f550000, 0x000002405f7c0000, 0x0000024066a80000]
CodeHeap 'profiled nmethods': size=120000Kb used=2236Kb max_used=2236Kb free=117764Kb
 bounds [0x0000024058020000, 0x0000024058290000, 0x000002405f550000]
CodeHeap 'non-nmethods': size=5760Kb used=1314Kb max_used=1326Kb free=4445Kb
 bounds [0x0000024057a80000, 0x0000024057cf0000, 0x0000024058020000]
 total_blobs=1908 nmethods=1263 adapters=558
 compilation: enabled
              stopped_count=0, restarted_count=0
 full_count=0

Compilation events (20 events):
Event: 1.526 Thread 0x000002406d070330 1231       3       java.util.Locale::getLanguage (8 bytes)
Event: 1.526 Thread 0x000002406d070330 nmethod 1231 0x000002405823a210 code [0x000002405823a3a0, 0x000002405823a4d8]
Event: 1.526 Thread 0x000002406d070330 1232       3       java.util.concurrent.ConcurrentHashMap$Node::<init> (14 bytes)
Event: 1.526 Thread 0x000002406d070330 nmethod 1232 0x000002405823a590 code [0x000002405823a740, 0x000002405823aa38]
Event: 1.526 Thread 0x000002406d011160 nmethod 1228 0x000002405f5a5010 code [0x000002405f5a5180, 0x000002405f5a52b8]
Event: 1.526 Thread 0x000002406d070330 1233       3       java.lang.String::toUpperCase (29 bytes)
Event: 1.526 Thread 0x000002406d070330 nmethod 1233 0x000002405823ab10 code [0x000002405823ace0, 0x000002405823af98]
Event: 1.526 Thread 0x000002406d070330 1235       3       sun.security.util.KnownOIDs::register (349 bytes)
Event: 1.527 Thread 0x000002406d011160 1236       4       java.util.HashSet::add (20 bytes)
Event: 1.531 Thread 0x000002406d070330 nmethod 1235 0x000002405823b090 code [0x000002405823b9a0, 0x0000024058240018]
Event: 1.531 Thread 0x000002406d070330 1237       3       java.util.HashMap$EntryIterator::next (5 bytes)
Event: 1.532 Thread 0x000002406d070330 nmethod 1237 0x0000024058241890 code [0x0000024058241a40, 0x0000024058241bc8]
Event: 1.532 Thread 0x000002406d070330 1238       3       java.util.HashMap$EntryIterator::next (5 bytes)
Event: 1.532 Thread 0x000002406d070330 nmethod 1238 0x0000024058241c90 code [0x0000024058241e40, 0x0000024058241f88]
Event: 1.532 Thread 0x000002406d070330 1241       3       java.util.Objects::hash (5 bytes)
Event: 1.532 Thread 0x000002406d070330 nmethod 1241 0x0000024058242010 code [0x00000240582421c0, 0x00000240582422c8]
Event: 1.532 Thread 0x000002406d070330 1240       3       java.util.LinkedHashMap$LinkedHashIterator::nextNode (54 bytes)
Event: 1.532 Thread 0x000002406d070330 nmethod 1240 0x0000024058242390 code [0x0000024058242560, 0x0000024058242898]
Event: 1.532 Thread 0x000002406d070330 1234       3       java.util.Objects::nonNull (10 bytes)
Event: 1.533 Thread 0x000002406d070330 nmethod 1234 0x0000024058242a10 code [0x0000024058242ba0, 0x0000024058242cf8]

GC Heap History (0 events):
No events

Deoptimization events (20 events):
Event: 1.431 Thread 0x000002406de28860 Uncommon trap: trap_request=0xffffff45 fr.pc=0x000002405f58b0dc relative=0x000000000000049c
Event: 1.431 Thread 0x000002406de28860 Uncommon trap: reason=unstable_if action=reinterpret pc=0x000002405f58b0dc method=java.lang.String.substring(II)Ljava/lang/String; @ 31 c2
Event: 1.431 Thread 0x000002406de28860 DEOPT PACKING pc=0x000002405f58b0dc sp=0x00000091e09fbfe0
Event: 1.431 Thread 0x000002406de28860 DEOPT UNPACKING pc=0x0000024057acd72e sp=0x00000091e09fbfb0 mode 2
Event: 1.518 Thread 0x000002406de28860 Uncommon trap: trap_request=0xffffffde fr.pc=0x000002405f595dcc relative=0x00000000000007ac
Event: 1.518 Thread 0x000002406de28860 Uncommon trap: reason=class_check action=maybe_recompile pc=0x000002405f595dcc method=java.util.HashSet.add(Ljava/lang/Object;)Z @ 8 c2
Event: 1.518 Thread 0x000002406de28860 DEOPT PACKING pc=0x000002405f595dcc sp=0x00000091e09fdb50
Event: 1.518 Thread 0x000002406de28860 DEOPT UNPACKING pc=0x0000024057acd72e sp=0x00000091e09fdb30 mode 2
Event: 1.518 Thread 0x000002406de28860 Uncommon trap: trap_request=0xffffffde fr.pc=0x000002405f595dcc relative=0x00000000000007ac
Event: 1.518 Thread 0x000002406de28860 Uncommon trap: reason=class_check action=maybe_recompile pc=0x000002405f595dcc method=java.util.HashSet.add(Ljava/lang/Object;)Z @ 8 c2
Event: 1.518 Thread 0x000002406de28860 DEOPT PACKING pc=0x000002405f595dcc sp=0x00000091e09fdb50
Event: 1.518 Thread 0x000002406de28860 DEOPT UNPACKING pc=0x0000024057acd72e sp=0x00000091e09fdb30 mode 2
Event: 1.527 Thread 0x000002406de28860 Uncommon trap: trap_request=0xffffffde fr.pc=0x000002405f595dcc relative=0x00000000000007ac
Event: 1.527 Thread 0x000002406de28860 Uncommon trap: reason=class_check action=maybe_recompile pc=0x000002405f595dcc method=java.util.HashSet.add(Ljava/lang/Object;)Z @ 8 c2
Event: 1.527 Thread 0x000002406de28860 DEOPT PACKING pc=0x000002405f595dcc sp=0x00000091e09fdb50
Event: 1.527 Thread 0x000002406de28860 DEOPT UNPACKING pc=0x0000024057acd72e sp=0x00000091e09fdb30 mode 2
Event: 1.527 Thread 0x000002406de28860 Uncommon trap: trap_request=0xffffffde fr.pc=0x000002405f595dcc relative=0x00000000000007ac
Event: 1.527 Thread 0x000002406de28860 Uncommon trap: reason=class_check action=maybe_recompile pc=0x000002405f595dcc method=java.util.HashSet.add(Ljava/lang/Object;)Z @ 8 c2
Event: 1.527 Thread 0x000002406de28860 DEOPT PACKING pc=0x000002405f595dcc sp=0x00000091e09fdb50
Event: 1.527 Thread 0x000002406de28860 DEOPT UNPACKING pc=0x0000024057acd72e sp=0x00000091e09fdb30 mode 2

Classes unloaded (0 events):
No events

Classes redefined (0 events):
No events

Internal exceptions (20 events):
Event: 0.663 Thread 0x00000240502fe3f0 Exception <a 'java/lang/ClassNotFoundException'{0x00000000a6836d68}: ToolBar> (0x00000000a6836d68) 
thrown [t:\workspace\open\src\hotspot\share\classfile\systemDictionary.cpp, line 256]
Event: 0.663 Thread 0x00000240502fe3f0 Exception <a 'java/lang/ClassNotFoundException'{0x00000000a68370c8}: Button> (0x00000000a68370c8) 
thrown [t:\workspace\open\src\hotspot\share\classfile\systemDictionary.cpp, line 256]
Event: 0.663 Thread 0x00000240502fe3f0 Exception <a 'java/lang/ClassNotFoundException'{0x00000000a6837590}: ToolBar> (0x00000000a6837590) 
thrown [t:\workspace\open\src\hotspot\share\classfile\systemDictionary.cpp, line 256]
Event: 0.663 Thread 0x00000240502fe3f0 Exception <a 'java/lang/ClassNotFoundException'{0x00000000a6837900}: ToggleButton> (0x00000000a6837900) 
thrown [t:\workspace\open\src\hotspot\share\classfile\systemDictionary.cpp, line 256]
Event: 0.663 Thread 0x00000240502fe3f0 Exception <a 'java/lang/ClassNotFoundException'{0x00000000a6837d40}: javax/swing/JToolBarSeparator> (0x00000000a6837d40) 
thrown [t:\workspace\open\src\hotspot\share\classfile\systemDictionary.cpp, line 256]
Event: 0.663 Thread 0x00000240502fe3f0 Exception <a 'java/lang/ClassNotFoundException'{0x00000000a6838048}: ToolBarSeparator> (0x00000000a6838048) 
thrown [t:\workspace\open\src\hotspot\share\classfile\systemDictionary.cpp, line 256]
Event: 0.664 Thread 0x00000240502fe3f0 Exception <a 'java/lang/ClassNotFoundException'{0x00000000a6838560}: ToolTip> (0x00000000a6838560) 
thrown [t:\workspace\open\src\hotspot\share\classfile\systemDictionary.cpp, line 256]
Event: 0.666 Thread 0x00000240502fe3f0 Exception <a 'java/lang/ClassNotFoundException'{0x00000000a6838eb0}: Tree> (0x00000000a6838eb0) 
thrown [t:\workspace\open\src\hotspot\share\classfile\systemDictionary.cpp, line 256]
Event: 0.666 Thread 0x00000240502fe3f0 Exception <a 'java/lang/ClassNotFoundException'{0x00000000a68393a8}: Tree> (0x00000000a68393a8) 
thrown [t:\workspace\open\src\hotspot\share\classfile\systemDictionary.cpp, line 256]
Event: 0.666 Thread 0x00000240502fe3f0 Exception <a 'java/lang/ClassNotFoundException'{0x00000000a6839718}: javax/swing/JTreeCell> (0x00000000a6839718) 
thrown [t:\workspace\open\src\hotspot\share\classfile\systemDictionary.cpp, line 256]
Event: 0.666 Thread 0x00000240502fe3f0 Exception <a 'java/lang/ClassNotFoundException'{0x00000000a6839a18}: TreeCell> (0x00000000a6839a18) 
thrown [t:\workspace\open\src\hotspot\share\classfile\systemDictionary.cpp, line 256]
Event: 0.666 Thread 0x00000240502fe3f0 Exception <a 'java/lang/ClassNotFoundException'{0x00000000a683a128}: RootPane> (0x00000000a683a128) 
thrown [t:\workspace\open\src\hotspot\share\classfile\systemDictionary.cpp, line 256]
Event: 0.669 Thread 0x00000240502fe3f0 Exception <a 'java/lang/ClassNotFoundException'{0x00000000a683cf78}: com/sun/swing/internal/plaf/metal/resources/spi/metalProvider> (0x00000000a683cf78) 
thrown [t:\workspace\open\src\hotspot\share\classfile\systemDictionary.cpp, line 256]
Event: 0.671 Thread 0x00000240502fe3f0 Exception <a 'java/lang/ClassNotFoundException'{0x00000000a6840d38}: com/sun/swing/internal/plaf/basic/resources/spi/basicProvider> (0x00000000a6840d38) 
thrown [t:\workspace\open\src\hotspot\share\classfile\systemDictionary.cpp, line 256]
Event: 0.820 Thread 0x000002406de28860 Exception <a 'java/lang/ClassNotFoundException'{0x00000000a6702a58}: com/sun/swing/internal/plaf/synth/resources/spi/synthProvider> (0x00000000a6702a58) 
thrown [t:\workspace\open\src\hotspot\share\classfile\systemDictionary.cpp, line 256]
Event: 1.169 Thread 0x000002406de27320 Exception <a 'java/lang/NoSuchMethodError'{0x00000000a65f3b18}: 'java.lang.Object java.lang.invoke.DirectMethodHandle$Holder.newInvokeSpecial(java.lang.Object, java.lang.Object, java.lang.Object, int, int, int, int, int)'> (0x00000000a65f3b18) 
thrown [t:\workspace\open\src\hotspot\share\interpreter\linkResolver.cpp, line 790]
Event: 1.187 Thread 0x000002406de28860 Exception <a 'java/lang/NoSuchMethodError'{0x00000000a660c948}: 'void java.lang.invoke.DirectMethodHandle$Holder.invokeStatic(java.lang.Object, java.lang.Object, java.lang.Object)'> (0x00000000a660c948) 
thrown [t:\workspace\open\src\hotspot\share\interpreter\linkResolver.cpp, line 790]
Event: 1.188 Thread 0x000002406de28860 Exception <a 'java/lang/NoSuchMethodError'{0x00000000a6613148}: 'void java.lang.invoke.DirectMethodHandle$Holder.invokeStatic(java.lang.Object, java.lang.Object)'> (0x00000000a6613148) 
thrown [t:\workspace\open\src\hotspot\share\interpreter\linkResolver.cpp, line 790]
Event: 1.266 Thread 0x000002406de28310 Exception <a 'java/lang/NoSuchMethodError'{0x00000000a6a85bf8}: 'void java.lang.invoke.DirectMethodHandle$Holder.invokeVirtual(java.lang.Object, java.lang.Object)'> (0x00000000a6a85bf8) 
thrown [t:\workspace\open\src\hotspot\share\interpreter\linkResolver.cpp, line 790]
Event: 1.302 Thread 0x000002406de28860 Exception <a 'java/lang/NoSuchMethodError'{0x00000000a666dca0}: 'void java.lang.invoke.DirectMethodHandle$Holder.invokeStaticInit(java.lang.Object)'> (0x00000000a666dca0) 
thrown [t:\workspace\open\src\hotspot\share\interpreter\linkResolver.cpp, line 790]

Events (20 events):
Event: 1.530 loading class sun/security/util/DerInputStream
Event: 1.531 loading class sun/security/util/DerInputStream done
Event: 1.531 loading class sun/security/pkcs/ContentInfo
Event: 1.531 loading class sun/security/pkcs/ContentInfo done
Event: 1.531 loading class sun/security/util/ObjectIdentifier
Event: 1.532 loading class sun/security/util/ObjectIdentifier done
Event: 1.532 loading class sun/security/util/DerValue
Event: 1.533 loading class sun/security/util/DerValue done
Event: 1.533 loading class sun/security/util/DerOutputStream
Event: 1.534 loading class sun/security/util/DerEncoder
Event: 1.534 loading class sun/security/util/DerEncoder done
Event: 1.534 loading class sun/security/util/DerOutputStream done
Event: 1.534 Executing  VM operation: HandshakeAllThreads
Event: 1.534 Executing  VM operation: HandshakeAllThreads done
Event: 1.534 loading class sun/security/util/ByteArrayLexOrder
Event: 1.535 loading class sun/security/util/ByteArrayLexOrder done
Event: 1.535 loading class sun/security/util/ByteArrayTagOrder
Event: 1.535 loading class sun/security/util/ByteArrayTagOrder done
Event: 1.537 loading class sun/security/x509/AlgorithmId
Event: 1.538 loading class sun/security/x509/AlgorithmId done


Dynamic libraries:
0x00007ff6b0770000 - 0x00007ff6b0780000 	C:\Program Files\Java\jdk-16.0.2\bin\java.exe
0x00007ff90a8e0000 - 0x00007ff90aae9000 	C:\WINDOWS\SYSTEM32\ntdll.dll
0x00007ff909080000 - 0x00007ff90913d000 	C:\WINDOWS\System32\KERNEL32.DLL
0x00007ff908030000 - 0x00007ff9083a4000 	C:\WINDOWS\System32\KERNELBASE.dll
0x00007ff9083b0000 - 0x00007ff9084c1000 	C:\WINDOWS\System32\ucrtbase.dll
0x00007ff8f8720000 - 0x00007ff8f8739000 	C:\Program Files\Java\jdk-16.0.2\bin\VCRUNTIME140.dll
0x00007ff903ac0000 - 0x00007ff903ad8000 	C:\Program Files\Java\jdk-16.0.2\bin\jli.dll
0x00007ff909e80000 - 0x00007ff909f2e000 	C:\WINDOWS\System32\ADVAPI32.dll
0x00007ff908c60000 - 0x00007ff908d03000 	C:\WINDOWS\System32\msvcrt.dll
0x00007ff908d10000 - 0x00007ff908dae000 	C:\WINDOWS\System32\sechost.dll
0x00007ff9094a0000 - 0x00007ff9095c0000 	C:\WINDOWS\System32\RPCRT4.dll
0x00007ff909140000 - 0x00007ff9092ec000 	C:\WINDOWS\System32\USER32.dll
0x00007ff8f94a0000 - 0x00007ff8f9745000 	C:\WINDOWS\WinSxS\amd64_microsoft.windows.common-controls_6595b64144ccf1df_6.0.22000.120_none_9d947278b86cc467\COMCTL32.dll
0x00007ff907dd0000 - 0x00007ff907df6000 	C:\WINDOWS\System32\win32u.dll
0x00007ff909f30000 - 0x00007ff909f59000 	C:\WINDOWS\System32\GDI32.dll
0x00007ff9085e0000 - 0x00007ff9086f2000 	C:\WINDOWS\System32\gdi32full.dll
0x00007ff9084d0000 - 0x00007ff90856d000 	C:\WINDOWS\System32\msvcp_win.dll
0x00007ff900e80000 - 0x00007ff900e8a000 	C:\WINDOWS\SYSTEM32\VERSION.dll
0x00007ff908780000 - 0x00007ff9087b1000 	C:\WINDOWS\System32\IMM32.DLL
0x00007ff903b00000 - 0x00007ff903b0c000 	C:\Program Files\Java\jdk-16.0.2\bin\vcruntime140_1.dll
0x00007ff8f3630000 - 0x00007ff8f36c1000 	C:\Program Files\Java\jdk-16.0.2\bin\msvcp140.dll
0x00007ff8bbad0000 - 0x00007ff8bc67b000 	C:\Program Files\Java\jdk-16.0.2\bin\server\jvm.dll
0x00007ff908840000 - 0x00007ff908848000 	C:\WINDOWS\System32\PSAPI.DLL
0x00007ff902ad0000 - 0x00007ff902b03000 	C:\WINDOWS\SYSTEM32\WINMM.dll
0x00007ff8f84e0000 - 0x00007ff8f84e9000 	C:\WINDOWS\SYSTEM32\WSOCK32.dll
0x00007ff908ae0000 - 0x00007ff908b4f000 	C:\WINDOWS\System32\WS2_32.dll
0x00007ff906e90000 - 0x00007ff906ea8000 	C:\WINDOWS\SYSTEM32\kernel.appcore.dll
0x00007ff903a00000 - 0x00007ff903a0a000 	C:\Program Files\Java\jdk-16.0.2\bin\jimage.dll
0x00007ff905970000 - 0x00007ff905b91000 	C:\WINDOWS\SYSTEM32\DBGHELP.DLL
0x00007ff8f9e60000 - 0x00007ff8f9e91000 	C:\WINDOWS\SYSTEM32\dbgcore.DLL
0x00007ff908700000 - 0x00007ff90877f000 	C:\WINDOWS\System32\bcryptPrimitives.dll
0x00007ff8f7af0000 - 0x00007ff8f7b15000 	C:\Program Files\Java\jdk-16.0.2\bin\java.dll
0x00007ff909f60000 - 0x00007ff90a70f000 	C:\WINDOWS\System32\SHELL32.dll
0x00007ff906420000 - 0x00007ff906c88000 	C:\WINDOWS\SYSTEM32\windows.storage.dll
0x00007ff909b00000 - 0x00007ff909e78000 	C:\WINDOWS\System32\combase.dll
0x00007ff9062b0000 - 0x00007ff906416000 	C:\WINDOWS\SYSTEM32\wintypes.dll
0x00007ff908b70000 - 0x00007ff908c5a000 	C:\WINDOWS\System32\SHCORE.dll
0x00007ff908990000 - 0x00007ff9089ed000 	C:\WINDOWS\System32\shlwapi.dll
0x00007ff907d00000 - 0x00007ff907d21000 	C:\WINDOWS\SYSTEM32\profapi.dll
0x00007ff8f8390000 - 0x00007ff8f83a9000 	C:\Program Files\Java\jdk-16.0.2\bin\net.dll
0x00007ff9003b0000 - 0x00007ff9004bc000 	C:\WINDOWS\SYSTEM32\WINHTTP.dll
0x00007ff907340000 - 0x00007ff9073a7000 	C:\WINDOWS\system32\mswsock.dll
0x00007ff8f7a20000 - 0x00007ff8f7a33000 	C:\Program Files\Java\jdk-16.0.2\bin\nio.dll
0x00007ff8f76f0000 - 0x00007ff8f7708000 	C:\Program Files\Java\jdk-16.0.2\bin\zip.dll
0x00007ff8d0e20000 - 0x00007ff8d0fa0000 	C:\Program Files\Java\jdk-16.0.2\bin\awt.dll
0x00007ff908850000 - 0x00007ff908926000 	C:\WINDOWS\System32\OLEAUT32.dll
0x00007ff904fc0000 - 0x00007ff905051000 	C:\WINDOWS\SYSTEM32\apphelp.dll
0x00007ff905110000 - 0x00007ff9051bc000 	C:\WINDOWS\system32\uxtheme.dll
0x00007ff9043f0000 - 0x00007ff90441b000 	C:\Program Files (x86)\UltraViewer\uvh64.dll
0x00007ff90a780000 - 0x00007ff90a89e000 	C:\WINDOWS\System32\MSCTF.dll
0x00007ff9092f0000 - 0x00007ff90948a000 	C:\WINDOWS\System32\ole32.dll
0x00007ff905510000 - 0x00007ff90553f000 	C:\WINDOWS\system32\DWMAPI.DLL
0x00007ff8f35a0000 - 0x00007ff8f3629000 	C:\Program Files\Java\jdk-16.0.2\bin\freetype.dll
0x00007ff8c23b0000 - 0x00007ff8c24a6000 	C:\Program Files\Java\jdk-16.0.2\bin\harfbuzz.dll
0x00007ff8f3580000 - 0x00007ff8f3592000 	C:\Program Files\Java\jdk-16.0.2\bin\fontmanager.dll
0x00007ff8c24b0000 - 0x00007ff8c25b1000 	C:\WINDOWS\system32\opengl32.dll
0x00007ff8f6fe0000 - 0x00007ff8f700d000 	C:\WINDOWS\SYSTEM32\GLU32.dll
0x00007ff905250000 - 0x00007ff905288000 	C:\WINDOWS\SYSTEM32\dxcore.dll
0x00007ff8fbce0000 - 0x00007ff8fbe86000 	C:\WINDOWS\system32\d3d9.dll
0x00007ff8ff4a0000 - 0x00007ff8ff67b000 	C:\Windows\System32\DriverStore\FileRepository\u0357645.inf_amd64_3c66802dbd4d45a0\B357435\aticfx64.dll
0x00007ff8b04b0000 - 0x00007ff8b04e3000 	C:\Windows\System32\DriverStore\FileRepository\u0357645.inf_amd64_3c66802dbd4d45a0\B357435\atiu9p64.dll
0x00007ff8af810000 - 0x00007ff8b04a6000 	C:\Windows\System32\DriverStore\FileRepository\u0357645.inf_amd64_3c66802dbd4d45a0\B357435\atiumd64.dll
0x00000000585d0000 - 0x000000005944d000 	C:\WINDOWS\System32\DriverStore\FileRepository\u0357645.inf_amd64_3c66802dbd4d45a0\B357435\atiumd6a.dll
0x00007ff907790000 - 0x00007ff9077dd000 	C:\WINDOWS\SYSTEM32\POWRPROF.dll
0x00007ff907710000 - 0x00007ff907723000 	C:\WINDOWS\SYSTEM32\UMPDC.dll
0x00007ff8fd790000 - 0x00007ff8fd7bf000 	C:\WINDOWS\SYSTEM32\amdihk64.dll
0x00007ff9034f0000 - 0x00007ff903534000 	C:\WINDOWS\SYSTEM32\directxdatabasehelper.dll
0x00007ff9053d0000 - 0x00007ff905404000 	C:\WINDOWS\SYSTEM32\ntmarta.dll
0x00007ff9095e0000 - 0x00007ff90968f000 	C:\WINDOWS\System32\clbcatq.dll
0x00007ff901440000 - 0x00007ff9015ee000 	C:\WINDOWS\SYSTEM32\WindowsCodecs.dll
0x00007ff8c8c30000 - 0x00007ff8c8c8d000 	C:\WINDOWS\system32\dataexchange.dll
0x00007ff9000d0000 - 0x00007ff900336000 	C:\WINDOWS\system32\twinapi.appcore.dll

dbghelp: loaded successfully - version: 4.0.5 - missing functions: none
symbol engine: initialized successfully - sym options: 0x614 - pdb path: .;C:\Program Files\Java\jdk-16.0.2\bin;C:\WINDOWS\SYSTEM32;C:\WINDOWS\WinSxS\amd64_microsoft.windows.common-controls_6595b64144ccf1df_6.0.22000.120_none_9d947278b86cc467;C:\Program Files\Java\jdk-16.0.2\bin\server;C:\Program Files (x86)\UltraViewer;C:\Windows\System32\DriverStore\FileRepository\u0357645.inf_amd64_3c66802dbd4d45a0\B357435

VM Arguments:
jvm_args: -Dfile.encoding=UTF-8 --module-path=D:\Netbean_Java\Java_Project_ST6\build\classes 
java_command: view.QuanLyPhong_140
java_class_path (initial): D:\Netbean_Java\CacLoaiThuVien\TimingFramework-0.55.jar;D:\Netbean_Java\CacLoaiThuVien\jcommon-1.0.23.jar;D:\Netbean_Java\CacLoaiThuVien\jfreechart-1.0.19.jar;D:\Netbean_Java\CacLoaiThuVien\mssql-jdbc-9.4.1.jre16.jar;D:\Netbean_Java\CacLoaiThuVien\jtds-1.3.1-dist\jtds-1.3.1.jar;D:\Netbean_Java\Java_Project_ST6\build\classes
Launcher Type: SUN_STANDARD

[Global flags]
     intx CICompilerCount                          = 4                                         {product} {ergonomic}
     uint ConcGCThreads                            = 2                                         {product} {ergonomic}
     uint G1ConcRefinementThreads                  = 8                                         {product} {ergonomic}
   size_t G1HeapRegionSize                         = 1048576                                   {product} {ergonomic}
    uintx GCDrainStackTargetSize                   = 64                                        {product} {ergonomic}
   size_t InitialHeapSize                          = 100663296                                 {product} {ergonomic}
   size_t MarkStackSize                            = 4194304                                   {product} {ergonomic}
   size_t MaxHeapSize                              = 1595932672                                {product} {ergonomic}
   size_t MaxNewSize                               = 957349888                                 {product} {ergonomic}
   size_t MinHeapDeltaBytes                        = 1048576                                   {product} {ergonomic}
   size_t MinHeapSize                              = 8388608                                   {product} {ergonomic}
    uintx NonNMethodCodeHeapSize                   = 5839372                                {pd product} {ergonomic}
    uintx NonProfiledCodeHeapSize                  = 122909434                              {pd product} {ergonomic}
    uintx ProfiledCodeHeapSize                     = 122909434                              {pd product} {ergonomic}
    uintx ReservedCodeCacheSize                    = 251658240                              {pd product} {ergonomic}
     bool SegmentedCodeCache                       = true                                      {product} {ergonomic}
   size_t SoftMaxHeapSize                          = 1595932672                             {manageable} {ergonomic}
     bool UseCompressedClassPointers               = true                           {product lp64_product} {ergonomic}
     bool UseCompressedOops                        = true                           {product lp64_product} {ergonomic}
     bool UseG1GC                                  = true                                      {product} {ergonomic}
     bool UseLargePagesIndividualAllocation        = false                                  {pd product} {ergonomic}

Logging:
Log output configuration:
 #0: stdout all=warning uptime,level,tags
 #1: stderr all=off uptime,level,tags

Environment Variables:
JAVA_HOME=C:\Program Files\Java\jdk-16.0.2
PATH=C:\Program Files\Microsoft MPI\Bin\;C:\Program Files\Common Files\Microsoft Shared\Microsoft Online Services;C:\Program Files (x86)\Common Files\Microsoft Shared\Microsoft Online Services;C:\Program Files\Common Files\Oracle\Java\javapath;C:\Program Files\Eclipse Foundation\jdk-11.0.12.7-hotspot\bin;C:\Program Files (x86)\VMware\VMware Workstation\bin\;C:\Windows\system32;C:\Windows;C:\Windows\System32\Wbem;C:\Windows\System32\WindowsPowerShell\v1.0\;C:\Windows\System32\OpenSSH\;C:\Program Files (x86)\NVIDIA Corporation\PhysX\Common;C:\Program Files\NVIDIA Corporation\NVIDIA NvDLISR;C:\WINDOWS\system32;C:\WINDOWS;C:\WINDOWS\System32\Wbem;C:\WINDOWS\System32\WindowsPowerShell\v1.0\;C:\WINDOWS\System32\OpenSSH\;C:\Program Files\nodejs\;C:\Program Files\Azure Data Studio\bin;C:\Program Files\Microsoft SQL Server\Client SDK\ODBC\170\Tools\Binn\;C:\Program Files (x86)\Microsoft SQL Server\150\Tools\Binn\;C:\Program Files\Microsoft SQL Server\150\Tools\Binn\;C:\Program Files (x86)\Microsoft SQL Server\150\DTS\Binn\;C:\Program Files\Microsoft SQL Server\150\DTS\Binn\;C:\Program Files\Git\cmd;C:\Program Files\dotnet\;C:\Program Files\Docker\Docker\resources\bin;C:\ProgramData\DockerDesktop\version-bin;C:\Program Files\Microsoft SQL Server\130\Tools\Binn\;D:\VB.Net\Python;D:\VB.Net\Python\Library\mingw-w64\bin;D:\VB.Net\Python\Library\usr\bin;D:\VB.Net\Python\Library\bin;D:\VB.Net\Python\Scripts;C:\Users\ACER\AppData\Local\Programs\Python\Python310\Scripts\;C:\Users\ACER\AppData\Local\Programs\Python\Python310\;C:\Users\ACER\AppData\Local\Microsoft\WindowsApps;C:\Users\ACER\Desktop\Microsoft VS Code\bin;C:\Users\ACER\AppData\Roaming\npm;C:\Program Files\Azure Data Studio\bin;C:\Program Files\JetBrains\IntelliJ IDEA 2021.3.1\bin;;C:\Program Files\JetBrains\IntelliJ IDEA Community Edition 2021.3.1\bin;;C:\Users\ACER\.dotnet\tools
USERNAME=ACER
OS=Windows_NT
PROCESSOR_IDENTIFIER=AMD64 Family 23 Model 24 Stepping 1, AuthenticAMD



---------------  S Y S T E M  ---------------

OS:
 Windows 10 , 64 bit Build 22000 (10.0.22000.613)
OS uptime: 0 days 7:17 hours
Hyper-V role detected

CPU: total 8 (initial active 8) (8 cores per cpu, 2 threads per core) family 23 model 24 stepping 1 microcode 0x0, cx8, cmov, fxsr, ht, mmx, 3dnowpref, sse, sse2, sse3, ssse3, sse4a, sse4.1, sse4.2, popcnt, lzcnt, tsc, tscinvbit, avx, avx2, aes, clmul, bmi1, bmi2, adx, sha, fma, vzeroupper, clflush, clflushopt, hv

Memory: 4k page, system-wide physical 6081M (49M free)
TotalPageFile size 24513M (AvailPageFile size 3M)
current process WorkingSet (physical memory assigned to process): 82M, peak: 82M
current process commit charge ("private bytes"): 213M, peak: 213M

vm_info: Java HotSpot(TM) 64-Bit Server VM (16.0.2+7-67) for windows-amd64 JRE (16.0.2+7-67), built on Jun  8 2021 23:24:19 by "mach5one" with MS VC++ 16.7 (VS2019)

END.
