#
# There is insufficient memory for the Java Runtime Environment to continue.
# Native memory allocation (mmap) failed to map 100663296 bytes for G1 virtual space
# Possible reasons:
#   The system is out of physical RAM or swap space
#   The process is running with CompressedOops enabled, and the Java Heap may be blocking the growth of the native heap
# Possible solutions:
#   Reduce memory load on the system
#   Increase physical memory or swap space
#   Check if swap backing store is full
#   Decrease Java heap size (-Xmx/-Xms)
#   Decrease number of Java threads
#   Decrease Java thread stack sizes (-Xss)
#   Set larger code cache with -XX:ReservedCodeCacheSize=
#   JVM is running with Unscaled Compressed Oops mode in which the Java heap is
#     placed in the first 4GB address space. The Java Heap base address is the
#     maximum limit for the native heap growth. Please use -XX:HeapBaseMinAddress
#     to set the Java Heap base and to place the Java Heap above 4GB virtual address.
# This output file may be truncated or incomplete.
#
#  Out of Memory Error (os_windows.cpp:3466), pid=13824, tid=11904
#
# JRE version:  (16.0.2+7) (build )
# Java VM: Java HotSpot(TM) 64-Bit Server VM (16.0.2+7-67, mixed mode, sharing, tiered, compressed oops, compressed class ptrs, g1 gc, windows-amd64)
# No core dump will be written. Minidumps are not enabled by default on client versions of Windows
#

---------------  S U M M A R Y ------------

Command Line: -Dfile.encoding=UTF-8 -agentlib:jdwp=transport=dt_shmem,address=javadebug --module-path=D:\Netbean_Java\Java_Project_ST6\build\classes view.TrangChu

Host: AMD Ryzen 7 3750H with Radeon Vega Mobile Gfx  , 8 cores, 5G,  Windows 10 , 64 bit Build 22000 (10.0.22000.613)
Time: Sun May  8 00:54:48 2022 SE Asia Standard Time elapsed time: 0.026663 seconds (0d 0h 0m 0s)

---------------  T H R E A D  ---------------

Current thread (0x0000013996fae070):  JavaThread "Unknown thread" [_thread_in_vm, id=11904, stack(0x000000016d500000,0x000000016d600000)]

Stack: [0x000000016d500000,0x000000016d600000]
Native frames: (J=compiled Java code, j=interpreted, Vv=VM code, C=native code)
V  [jvm.dll+0x6681ca]
V  [jvm.dll+0x7c9e69]
V  [jvm.dll+0x7cb61e]
V  [jvm.dll+0x7cbc73]
V  [jvm.dll+0x242c55]
V  [jvm.dll+0x664f89]
V  [jvm.dll+0x659b75]
V  [jvm.dll+0x2fbfbb]
V  [jvm.dll+0x3031b6]
V  [jvm.dll+0x35299e]
V  [jvm.dll+0x352bcf]
V  [jvm.dll+0x2d3028]
V  [jvm.dll+0x2d4264]
V  [jvm.dll+0x79c741]
V  [jvm.dll+0x360791]
V  [jvm.dll+0x77a3f0]
V  [jvm.dll+0x3e4e8f]
V  [jvm.dll+0x3e6961]
C  [jli.dll+0x52fb]
C  [ucrtbase.dll+0x26c0c]
C  [KERNEL32.DLL+0x154e0]
C  [ntdll.dll+0x485b]


---------------  P R O C E S S  ---------------

Threads class SMR info:
_java_thread_list=0x00007ffaf749cbb8, length=0, elements={
}

Java Threads: ( => current thread )

Other Threads:
  0x0000013996fe7200 GCTaskThread "GC Thread#0" [stack: 0x000000016d600000,0x000000016d700000] [id=7304]
  0x0000013996ff5020 ConcurrentGCThread "G1 Main Marker" [stack: 0x000000016d700000,0x000000016d800000] [id=2412]
  0x0000013996ff6140 ConcurrentGCThread "G1 Conc#0" [stack: 0x000000016d800000,0x000000016d900000] [id=17960]

[error occurred during error reporting (printing all threads), id 0xc0000005, EXCEPTION_ACCESS_VIOLATION (0xc0000005) at pc=0x00007ffaf6c73ee7]

VM state: not at safepoint (not fully initialized)

VM Mutex/Monitor currently owned by a thread:  ([mutex/lock_event])
[0x0000013996fa9fc0] Heap_lock - owner thread: 0x0000013996fae070

Heap address: 0x00000000a0e00000, size: 1522 MB, Compressed Oops mode: 32-bit

CDS archive(s) mapped at: [0x0000000000000000-0x0000000000000000-0x0000000000000000), size 0, SharedBaseAddress: 0x0000000800000000, ArchiveRelocationMode: 0.
Narrow klass base: 0x0000000000000000, Narrow klass shift: 0, Narrow klass range: 0x0

GC Precious Log:
<Empty>

Heap:
 garbage-first heap   total 0K, used 0K [0x00000000a0e00000, 0x0000000100000000)
  region size 1024K, 0 young (0K), 0 survivors (0K)

[error occurred during error reporting (printing heap information), id 0xc0000005, EXCEPTION_ACCESS_VIOLATION (0xc0000005) at pc=0x00007ffaf7051eed]

GC Heap History (0 events):
No events

Deoptimization events (0 events):
No events

Classes unloaded (0 events):
No events

Classes redefined (0 events):
No events

Internal exceptions (0 events):
No events

Events (1 events):
Event: 0.019 Loaded shared library C:\Program Files\Java\jdk-16.0.2\bin\java.dll


Dynamic libraries:
0x00007ff7470d0000 - 0x00007ff7470e0000 	C:\Program Files\Java\jdk-16.0.2\bin\java.exe
0x00007ffb6b900000 - 0x00007ffb6bb09000 	C:\WINDOWS\SYSTEM32\ntdll.dll
0x00007ffb6a560000 - 0x00007ffb6a61d000 	C:\WINDOWS\System32\KERNEL32.DLL
0x00007ffb69300000 - 0x00007ffb69674000 	C:\WINDOWS\System32\KERNELBASE.dll
0x00007ffb69680000 - 0x00007ffb69791000 	C:\WINDOWS\System32\ucrtbase.dll
0x00007ffb2db20000 - 0x00007ffb2db39000 	C:\Program Files\Java\jdk-16.0.2\bin\VCRUNTIME140.dll
0x00007ffb65350000 - 0x00007ffb65368000 	C:\Program Files\Java\jdk-16.0.2\bin\jli.dll
0x00007ffb6a2f0000 - 0x00007ffb6a39e000 	C:\WINDOWS\System32\ADVAPI32.dll
0x00007ffb6a0a0000 - 0x00007ffb6a143000 	C:\WINDOWS\System32\msvcrt.dll
0x00007ffb6b140000 - 0x00007ffb6b1de000 	C:\WINDOWS\System32\sechost.dll
0x00007ffb6ac90000 - 0x00007ffb6adb0000 	C:\WINDOWS\System32\RPCRT4.dll
0x00007ffb6aea0000 - 0x00007ffb6b04c000 	C:\WINDOWS\System32\USER32.dll
0x00007ffb692d0000 - 0x00007ffb692f6000 	C:\WINDOWS\System32\win32u.dll
0x00007ffb5a730000 - 0x00007ffb5a9d5000 	C:\WINDOWS\WinSxS\amd64_microsoft.windows.common-controls_6595b64144ccf1df_6.0.22000.120_none_9d947278b86cc467\COMCTL32.dll
0x00007ffb6a150000 - 0x00007ffb6a179000 	C:\WINDOWS\System32\GDI32.dll
0x00007ffb69070000 - 0x00007ffb69182000 	C:\WINDOWS\System32\gdi32full.dll
0x00007ffb68f60000 - 0x00007ffb68ffd000 	C:\WINDOWS\System32\msvcp_win.dll
0x00007ffb61450000 - 0x00007ffb6145a000 	C:\WINDOWS\SYSTEM32\VERSION.dll
0x00007ffb6b880000 - 0x00007ffb6b8b1000 	C:\WINDOWS\System32\IMM32.DLL
0x00007ffb2a9e0000 - 0x00007ffb2a9ec000 	C:\Program Files\Java\jdk-16.0.2\bin\vcruntime140_1.dll
0x00007ffaf63c0000 - 0x00007ffaf6451000 	C:\Program Files\Java\jdk-16.0.2\bin\msvcp140.dll
0x00007ffaf6990000 - 0x00007ffaf753b000 	C:\Program Files\Java\jdk-16.0.2\bin\server\jvm.dll
0x00007ffb6a1f0000 - 0x00007ffb6a1f8000 	C:\WINDOWS\System32\PSAPI.DLL
0x00007ffb63d60000 - 0x00007ffb63d93000 	C:\WINDOWS\SYSTEM32\WINMM.dll
0x00007ffb592b0000 - 0x00007ffb592b9000 	C:\WINDOWS\SYSTEM32\WSOCK32.dll
0x00007ffb6ab10000 - 0x00007ffb6ab7f000 	C:\WINDOWS\System32\WS2_32.dll
0x00007ffb67f20000 - 0x00007ffb67f38000 	C:\WINDOWS\SYSTEM32\kernel.appcore.dll
0x00007ffb2a9d0000 - 0x00007ffb2a9da000 	C:\Program Files\Java\jdk-16.0.2\bin\jimage.dll
0x00007ffb66970000 - 0x00007ffb66b91000 	C:\WINDOWS\SYSTEM32\DBGHELP.DLL
0x00007ffb58960000 - 0x00007ffb58991000 	C:\WINDOWS\SYSTEM32\dbgcore.DLL
0x00007ffb69250000 - 0x00007ffb692cf000 	C:\WINDOWS\System32\bcryptPrimitives.dll
0x00007ffb36120000 - 0x00007ffb3615b000 	C:\Program Files\Java\jdk-16.0.2\bin\jdwp.dll
0x00007ffaf9be0000 - 0x00007ffaf9c05000 	C:\Program Files\Java\jdk-16.0.2\bin\java.dll

dbghelp: loaded successfully - version: 4.0.5 - missing functions: none
symbol engine: initialized successfully - sym options: 0x614 - pdb path: .;C:\Program Files\Java\jdk-16.0.2\bin;C:\WINDOWS\SYSTEM32;C:\WINDOWS\WinSxS\amd64_microsoft.windows.common-controls_6595b64144ccf1df_6.0.22000.120_none_9d947278b86cc467;C:\Program Files\Java\jdk-16.0.2\bin\server

VM Arguments:
jvm_args: -Dfile.encoding=UTF-8 -agentlib:jdwp=transport=dt_shmem,address=javadebug --module-path=D:\Netbean_Java\Java_Project_ST6\build\classes 
java_command: view.TrangChu
java_class_path (initial): C:\Program Files\NetBeans-12.4\netbeans\java\modules\ext\AbsoluteLayout.jar;C:\Program Files\NetBeans-12.4\netbeans\java\modules\ext\org-netbeans-modules-java-j2seembedded-probe.jar;D:\Netbean_Java\CacLoaiThuVien\jtds-1.3.1-dist\jtds-1.3.1.jar;D:\Netbean_Java\Java_Project_ST6\build\classes
Launcher Type: SUN_STANDARD

[Global flags]
     intx CICompilerCount                          = 4                                         {product} {ergonomic}
     uint ConcGCThreads                            = 2                                         {product} {ergonomic}
     uint G1ConcRefinementThreads                  = 8                                         {product} {ergonomic}
   size_t G1HeapRegionSize                         = 1048576                                   {product} {ergonomic}
    uintx GCDrainStackTargetSize                   = 64                                        {product} {ergonomic}
   size_t InitialHeapSize                          = 100663296                                 {product} {ergonomic}
   size_t MarkStackSize                            = 4194304                                   {product} {ergonomic}
   size_t MaxHeapSize                              = 1595932672                                {product} {ergonomic}
   size_t MinHeapDeltaBytes                        = 1048576                                   {product} {ergonomic}
   size_t MinHeapSize                              = 8388608                                   {product} {ergonomic}
    uintx NonNMethodCodeHeapSize                   = 5839372                                {pd product} {ergonomic}
    uintx NonProfiledCodeHeapSize                  = 122909434                              {pd product} {ergonomic}
    uintx ProfiledCodeHeapSize                     = 122909434                              {pd product} {ergonomic}
    uintx ReservedCodeCacheSize                    = 251658240                              {pd product} {ergonomic}
     bool SegmentedCodeCache                       = true                                      {product} {ergonomic}
   size_t SoftMaxHeapSize                          = 1595932672                             {manageable} {ergonomic}
     bool UseCompressedClassPointers               = true                           {product lp64_product} {ergonomic}
     bool UseCompressedOops                        = true                           {product lp64_product} {ergonomic}
     bool UseG1GC                                  = true                                      {product} {ergonomic}
     bool UseLargePagesIndividualAllocation        = false                                  {pd product} {ergonomic}

Logging:
Log output configuration:
 #0: stdout all=warning uptime,level,tags
 #1: stderr all=off uptime,level,tags

Environment Variables:
JAVA_HOME=C:\Program Files\Java\jdk-16.0.2
PATH=C:\Program Files\Microsoft MPI\Bin\;C:\Program Files\Microsoft\jdk-11.0.12.7-hotspot\bin;C:\Program Files\Common Files\Microsoft Shared\Microsoft Online Services;C:\Program Files (x86)\Common Files\Microsoft Shared\Microsoft Online Services;C:\Program Files\Common Files\Oracle\Java\javapath;C:\Program Files\Eclipse Foundation\jdk-11.0.12.7-hotspot\bin;C:\Program Files (x86)\VMware\VMware Workstation\bin\;C:\Windows\system32;C:\Windows;C:\Windows\System32\Wbem;C:\Windows\System32\WindowsPowerShell\v1.0\;C:\Windows\System32\OpenSSH\;C:\Program Files (x86)\NVIDIA Corporation\PhysX\Common;C:\Program Files\NVIDIA Corporation\NVIDIA NvDLISR;C:\WINDOWS\system32;C:\WINDOWS;C:\WINDOWS\System32\Wbem;C:\WINDOWS\System32\WindowsPowerShell\v1.0\;C:\WINDOWS\System32\OpenSSH\;C:\Program Files\nodejs\;C:\Program Files\Azure Data Studio\bin;C:\Program Files\Microsoft SQL Server\Client SDK\ODBC\170\Tools\Binn\;C:\Program Files (x86)\Microsoft SQL Server\150\Tools\Binn\;C:\Program Files\Microsoft SQL Server\150\Tools\Binn\;C:\Program Files (x86)\Microsoft SQL Server\150\DTS\Binn\;C:\Program Files\Microsoft SQL Server\150\DTS\Binn\;C:\Program Files\Git\cmd;C:\Program Files\dotnet\;C:\Program Files (x86)\dotnet\;C:\Program Files\Docker\Docker\resources\bin;C:\ProgramData\DockerDesktop\version-bin;D:\VB.Net\Python;D:\VB.Net\Python\Library\mingw-w64\bin;D:\VB.Net\Python\Library\usr\bin;D:\VB.Net\Python\Library\bin;D:\VB.Net\Python\Scripts;C:\Users\ACER\AppData\Local\Programs\Python\Python310\Scripts\;C:\Users\ACER\AppData\Local\Programs\Python\Python310\;C:\Users\ACER\AppData\Local\Microsoft\WindowsApps;C:\Users\ACER\Desktop\Microsoft VS Code\bin;C:\Users\ACER\AppData\Roaming\npm;C:\Program Files\Azure Data Studio\bin;C:\Program Files\JetBrains\IntelliJ IDEA 2021.3.1\bin;;C:\Program Files\JetBrains\IntelliJ IDEA Community Edition 2021.3.1\bin;;C:\Users\ACER\.dotnet\tools
USERNAME=ACER
OS=Windows_NT
PROCESSOR_IDENTIFIER=AMD64 Family 23 Model 24 Stepping 1, AuthenticAMD



---------------  S Y S T E M  ---------------

OS:
 Windows 10 , 64 bit Build 22000 (10.0.22000.613)
OS uptime: 0 days 10:05 hours
Hyper-V role detected

CPU: total 8 (initial active 8) (8 cores per cpu, 2 threads per core) family 23 model 24 stepping 1 microcode 0x0, cx8, cmov, fxsr, ht, mmx, 3dnowpref, sse, sse2, sse3, ssse3, sse4a, sse4.1, sse4.2, popcnt, lzcnt, tsc, tscinvbit, avx, avx2, aes, clmul, bmi1, bmi2, adx, sha, fma, vzeroupper, clflush, clflushopt, hv

Memory: 4k page, system-wide physical 6081M (220M free)
TotalPageFile size 24513M (AvailPageFile size 65M)
current process WorkingSet (physical memory assigned to process): 10M, peak: 10M
current process commit charge ("private bytes"): 59M, peak: 155M

vm_info: Java HotSpot(TM) 64-Bit Server VM (16.0.2+7-67) for windows-amd64 JRE (16.0.2+7-67), built on Jun  8 2021 23:24:19 by "mach5one" with MS VC++ 16.7 (VS2019)

END.
