#
# There is insufficient memory for the Java Runtime Environment to continue.
# Native memory allocation (malloc) failed to allocate 32784 bytes for Chunk::new
# Possible reasons:
#   The system is out of physical RAM or swap space
#   The process is running with CompressedOops enabled, and the Java Heap may be blocking the growth of the native heap
# Possible solutions:
#   Reduce memory load on the system
#   Increase physical memory or swap space
#   Check if swap backing store is full
#   Decrease Java heap size (-Xmx/-Xms)
#   Decrease number of Java threads
#   Decrease Java thread stack sizes (-Xss)
#   Set larger code cache with -XX:ReservedCodeCacheSize=
#   JVM is running with Unscaled Compressed Oops mode in which the Java heap is
#     placed in the first 4GB address space. The Java Heap base address is the
#     maximum limit for the native heap growth. Please use -XX:HeapBaseMinAddress
#     to set the Java Heap base and to place the Java Heap above 4GB virtual address.
# This output file may be truncated or incomplete.
#
#  Out of Memory Error (arena.cpp:195), pid=8752, tid=17960
#
# JRE version: Java(TM) SE Runtime Environment (16.0.2+7) (build 16.0.2+7-67)
# Java VM: Java HotSpot(TM) 64-Bit Server VM (16.0.2+7-67, mixed mode, sharing, tiered, compressed oops, compressed class ptrs, g1 gc, windows-amd64)
# No core dump will be written. Minidumps are not enabled by default on client versions of Windows
#

---------------  S U M M A R Y ------------

Command Line: -Dfile.encoding=UTF-8 --module-path=D:\Netbean_Java\Java_Project_ST6\build\classes view.TrangChu

Host: AMD Ryzen 7 3750H with Radeon Vega Mobile Gfx  , 8 cores, 5G,  Windows 10 , 64 bit Build 22000 (10.0.22000.613)
Time: Sun May  8 00:54:51 2022 SE Asia Standard Time elapsed time: 0.599968 seconds (0d 0h 0m 0s)

---------------  T H R E A D  ---------------

Current thread (0x0000021ff1ba15a0):  JavaThread "C1 CompilerThread0" daemon [_thread_in_native, id=17960, stack(0x0000008fab300000,0x0000008fab400000)]


Current CompileTask:
C1:    600  593       3       javax.swing.UIDefaults$TextAndMnemonicHashMap::get (358 bytes)

Stack: [0x0000008fab300000,0x0000008fab400000]
Native frames: (J=compiled Java code, j=interpreted, Vv=VM code, C=native code)
V  [jvm.dll+0x6681ca]
V  [jvm.dll+0x7c9e69]
V  [jvm.dll+0x7cb61e]
V  [jvm.dll+0x7cbc73]
V  [jvm.dll+0x242c55]
V  [jvm.dll+0xadeba]
V  [jvm.dll+0xae45c]
V  [jvm.dll+0xb9cc1]
V  [jvm.dll+0x15daf5]
V  [jvm.dll+0x169e5a]
V  [jvm.dll+0x169f4c]
V  [jvm.dll+0x15faa4]
V  [jvm.dll+0x15c53e]
V  [jvm.dll+0x14a5c0]
V  [jvm.dll+0x133137]
V  [jvm.dll+0x132a5f]
V  [jvm.dll+0x132c99]
V  [jvm.dll+0x1320ff]
V  [jvm.dll+0x133ec1]
V  [jvm.dll+0x225158]
V  [jvm.dll+0x22319c]
V  [jvm.dll+0x77fa62]
V  [jvm.dll+0x7795aa]
V  [jvm.dll+0x667066]
C  [ucrtbase.dll+0x26c0c]
C  [KERNEL32.DLL+0x154e0]
C  [ntdll.dll+0x485b]


---------------  P R O C E S S  ---------------

Threads class SMR info:
_java_thread_list=0x0000021ff2b20840, length=16, elements={
0x0000021ff1b88d90, 0x0000021ff1b89c50, 0x0000021ff1b9cf70, 0x0000021ff1b9d970,
0x0000021ff1b9e370, 0x0000021ff1b9ed70, 0x0000021ff1b9faa0, 0x0000021ff1ba15a0,
0x0000021ff1ba3ff0, 0x0000021ff1b6ba90, 0x0000021ff2909cb0, 0x0000021ff2978280,
0x0000021ff29787a0, 0x0000021ff2b04040, 0x0000021ff2b24d90, 0x0000021fd4e5b460
}

Java Threads: ( => current thread )
  0x0000021ff1b88d90 JavaThread "Reference Handler" daemon [_thread_blocked, id=12124, stack(0x0000008faac00000,0x0000008faad00000)]
  0x0000021ff1b89c50 JavaThread "Finalizer" daemon [_thread_blocked, id=8344, stack(0x0000008faad00000,0x0000008faae00000)]
  0x0000021ff1b9cf70 JavaThread "Signal Dispatcher" daemon [_thread_blocked, id=1236, stack(0x0000008faae00000,0x0000008faaf00000)]
  0x0000021ff1b9d970 JavaThread "Attach Listener" daemon [_thread_blocked, id=23732, stack(0x0000008faaf00000,0x0000008fab000000)]
  0x0000021ff1b9e370 JavaThread "Service Thread" daemon [_thread_blocked, id=16440, stack(0x0000008fab000000,0x0000008fab100000)]
  0x0000021ff1b9ed70 JavaThread "Monitor Deflation Thread" daemon [_thread_blocked, id=7304, stack(0x0000008fab100000,0x0000008fab200000)]
  0x0000021ff1b9faa0 JavaThread "C2 CompilerThread0" daemon [_thread_in_native, id=2412, stack(0x0000008fab200000,0x0000008fab300000)]
=>0x0000021ff1ba15a0 JavaThread "C1 CompilerThread0" daemon [_thread_in_native, id=17960, stack(0x0000008fab300000,0x0000008fab400000)]
  0x0000021ff1ba3ff0 JavaThread "Sweeper thread" daemon [_thread_blocked, id=22196, stack(0x0000008fab400000,0x0000008fab500000)]
  0x0000021ff1b6ba90 JavaThread "Common-Cleaner" daemon [_thread_blocked, id=11904, stack(0x0000008fab500000,0x0000008fab600000)]
  0x0000021ff2909cb0 JavaThread "Notification Thread" daemon [_thread_blocked, id=15192, stack(0x0000008fab600000,0x0000008fab700000)]
  0x0000021ff2978280 JavaThread "Java2D Disposer" daemon [_thread_blocked, id=3776, stack(0x0000008fab800000,0x0000008fab900000)]
  0x0000021ff29787a0 JavaThread "AWT-Shutdown" [_thread_blocked, id=21524, stack(0x0000008fab900000,0x0000008faba00000)]
  0x0000021ff2b04040 JavaThread "AWT-Windows" daemon [_thread_in_native, id=13828, stack(0x0000008faba00000,0x0000008fabb00000)]
  0x0000021ff2b24d90 JavaThread "AWT-EventQueue-0" [_thread_in_vm, id=14736, stack(0x0000008fabb00000,0x0000008fabc00000)]
  0x0000021fd4e5b460 JavaThread "DestroyJavaVM" [_thread_blocked, id=13152, stack(0x0000008faa500000,0x0000008faa600000)]

Other Threads:
  0x0000021ff1b85140 VMThread "VM Thread" [stack: 0x0000008faab00000,0x0000008faac00000] [id=19396]
  0x0000021fd4e5c3a0 WatcherThread [stack: 0x0000008fab700000,0x0000008fab800000] [id=23444]
  0x0000021fd4e95b50 GCTaskThread "GC Thread#0" [stack: 0x0000008faa600000,0x0000008faa700000] [id=23036]
  0x0000021fd4ea3a60 ConcurrentGCThread "G1 Main Marker" [stack: 0x0000008faa700000,0x0000008faa800000] [id=17672]
  0x0000021fd4ea4c70 ConcurrentGCThread "G1 Conc#0" [stack: 0x0000008faa800000,0x0000008faa900000] [id=13292]
  0x0000021ff1a40090 ConcurrentGCThread "G1 Refine#0" [stack: 0x0000008faa900000,0x0000008faaa00000] [id=1436]
  0x0000021ff1a40b10 ConcurrentGCThread "G1 Service" [stack: 0x0000008faaa00000,0x0000008faab00000] [id=920]

Threads with active compile tasks:
C2 CompilerThread0      640  633       4       java.util.HashMap::get (19 bytes)
C1 CompilerThread0      640  593       3       javax.swing.UIDefaults$TextAndMnemonicHashMap::get (358 bytes)

VM state: not at safepoint (normal execution)

VM Mutex/Monitor currently owned by a thread: None

Heap address: 0x00000000a0e00000, size: 1522 MB, Compressed Oops mode: 32-bit

CDS archive(s) mapped at: [0x0000000800000000-0x0000000800bb0000-0x0000000800bb0000), size 12255232, SharedBaseAddress: 0x0000000800000000, ArchiveRelocationMode: 0.
Compressed class space mapped at: 0x0000000800c00000-0x0000000840c00000, reserved size: 1073741824
Narrow klass base: 0x0000000800000000, Narrow klass shift: 3, Narrow klass range: 0x100000000

GC Precious Log:
 CPUs: 8 total, 8 available
 Memory: 6081M
 Large Page Support: Disabled
 NUMA Support: Disabled
 Compressed Oops: Enabled (32-bit)
 Heap Region Size: 1M
 Heap Min Capacity: 8M
 Heap Initial Capacity: 96M
 Heap Max Capacity: 1522M
 Pre-touch: Disabled
 Parallel Workers: 8
 Concurrent Workers: 2
 Concurrent Refinement Workers: 8
 Periodic GC: Disabled

Heap:
 garbage-first heap   total 98304K, used 6144K [0x00000000a0e00000, 0x0000000100000000)
  region size 1024K, 7 young (7168K), 0 survivors (0K)
 Metaspace       used 6987K, committed 7168K, reserved 1056768K
  class space    used 807K, committed 896K, reserved 1048576K

Heap Regions: E=young(eden), S=young(survivor), O=old, HS=humongous(starts), HC=humongous(continues), CS=collection set, F=free, OA=open archive, CA=closed archive, TAMS=top-at-mark-start (previous, next)
|   0|0x00000000a0e00000, 0x00000000a0e00000, 0x00000000a0f00000|  0%| F|  |TAMS 0x00000000a0e00000, 0x00000000a0e00000| Untracked 
|   1|0x00000000a0f00000, 0x00000000a0f00000, 0x00000000a1000000|  0%| F|  |TAMS 0x00000000a0f00000, 0x00000000a0f00000| Untracked 
|   2|0x00000000a1000000, 0x00000000a1000000, 0x00000000a1100000|  0%| F|  |TAMS 0x00000000a1000000, 0x00000000a1000000| Untracked 
|   3|0x00000000a1100000, 0x00000000a1100000, 0x00000000a1200000|  0%| F|  |TAMS 0x00000000a1100000, 0x00000000a1100000| Untracked 
|   4|0x00000000a1200000, 0x00000000a1200000, 0x00000000a1300000|  0%| F|  |TAMS 0x00000000a1200000, 0x00000000a1200000| Untracked 
|   5|0x00000000a1300000, 0x00000000a1300000, 0x00000000a1400000|  0%| F|  |TAMS 0x00000000a1300000, 0x00000000a1300000| Untracked 
|   6|0x00000000a1400000, 0x00000000a1400000, 0x00000000a1500000|  0%| F|  |TAMS 0x00000000a1400000, 0x00000000a1400000| Untracked 
|   7|0x00000000a1500000, 0x00000000a1500000, 0x00000000a1600000|  0%| F|  |TAMS 0x00000000a1500000, 0x00000000a1500000| Untracked 
|   8|0x00000000a1600000, 0x00000000a1600000, 0x00000000a1700000|  0%| F|  |TAMS 0x00000000a1600000, 0x00000000a1600000| Untracked 
|   9|0x00000000a1700000, 0x00000000a1700000, 0x00000000a1800000|  0%| F|  |TAMS 0x00000000a1700000, 0x00000000a1700000| Untracked 
|  10|0x00000000a1800000, 0x00000000a1800000, 0x00000000a1900000|  0%| F|  |TAMS 0x00000000a1800000, 0x00000000a1800000| Untracked 
|  11|0x00000000a1900000, 0x00000000a1900000, 0x00000000a1a00000|  0%| F|  |TAMS 0x00000000a1900000, 0x00000000a1900000| Untracked 
|  12|0x00000000a1a00000, 0x00000000a1a00000, 0x00000000a1b00000|  0%| F|  |TAMS 0x00000000a1a00000, 0x00000000a1a00000| Untracked 
|  13|0x00000000a1b00000, 0x00000000a1b00000, 0x00000000a1c00000|  0%| F|  |TAMS 0x00000000a1b00000, 0x00000000a1b00000| Untracked 
|  14|0x00000000a1c00000, 0x00000000a1c00000, 0x00000000a1d00000|  0%| F|  |TAMS 0x00000000a1c00000, 0x00000000a1c00000| Untracked 
|  15|0x00000000a1d00000, 0x00000000a1d00000, 0x00000000a1e00000|  0%| F|  |TAMS 0x00000000a1d00000, 0x00000000a1d00000| Untracked 
|  16|0x00000000a1e00000, 0x00000000a1e00000, 0x00000000a1f00000|  0%| F|  |TAMS 0x00000000a1e00000, 0x00000000a1e00000| Untracked 
|  17|0x00000000a1f00000, 0x00000000a1f00000, 0x00000000a2000000|  0%| F|  |TAMS 0x00000000a1f00000, 0x00000000a1f00000| Untracked 
|  18|0x00000000a2000000, 0x00000000a2000000, 0x00000000a2100000|  0%| F|  |TAMS 0x00000000a2000000, 0x00000000a2000000| Untracked 
|  19|0x00000000a2100000, 0x00000000a2100000, 0x00000000a2200000|  0%| F|  |TAMS 0x00000000a2100000, 0x00000000a2100000| Untracked 
|  20|0x00000000a2200000, 0x00000000a2200000, 0x00000000a2300000|  0%| F|  |TAMS 0x00000000a2200000, 0x00000000a2200000| Untracked 
|  21|0x00000000a2300000, 0x00000000a2300000, 0x00000000a2400000|  0%| F|  |TAMS 0x00000000a2300000, 0x00000000a2300000| Untracked 
|  22|0x00000000a2400000, 0x00000000a2400000, 0x00000000a2500000|  0%| F|  |TAMS 0x00000000a2400000, 0x00000000a2400000| Untracked 
|  23|0x00000000a2500000, 0x00000000a2500000, 0x00000000a2600000|  0%| F|  |TAMS 0x00000000a2500000, 0x00000000a2500000| Untracked 
|  24|0x00000000a2600000, 0x00000000a2600000, 0x00000000a2700000|  0%| F|  |TAMS 0x00000000a2600000, 0x00000000a2600000| Untracked 
|  25|0x00000000a2700000, 0x00000000a2700000, 0x00000000a2800000|  0%| F|  |TAMS 0x00000000a2700000, 0x00000000a2700000| Untracked 
|  26|0x00000000a2800000, 0x00000000a2800000, 0x00000000a2900000|  0%| F|  |TAMS 0x00000000a2800000, 0x00000000a2800000| Untracked 
|  27|0x00000000a2900000, 0x00000000a2900000, 0x00000000a2a00000|  0%| F|  |TAMS 0x00000000a2900000, 0x00000000a2900000| Untracked 
|  28|0x00000000a2a00000, 0x00000000a2a00000, 0x00000000a2b00000|  0%| F|  |TAMS 0x00000000a2a00000, 0x00000000a2a00000| Untracked 
|  29|0x00000000a2b00000, 0x00000000a2b00000, 0x00000000a2c00000|  0%| F|  |TAMS 0x00000000a2b00000, 0x00000000a2b00000| Untracked 
|  30|0x00000000a2c00000, 0x00000000a2c00000, 0x00000000a2d00000|  0%| F|  |TAMS 0x00000000a2c00000, 0x00000000a2c00000| Untracked 
|  31|0x00000000a2d00000, 0x00000000a2d00000, 0x00000000a2e00000|  0%| F|  |TAMS 0x00000000a2d00000, 0x00000000a2d00000| Untracked 
|  32|0x00000000a2e00000, 0x00000000a2e00000, 0x00000000a2f00000|  0%| F|  |TAMS 0x00000000a2e00000, 0x00000000a2e00000| Untracked 
|  33|0x00000000a2f00000, 0x00000000a2f00000, 0x00000000a3000000|  0%| F|  |TAMS 0x00000000a2f00000, 0x00000000a2f00000| Untracked 
|  34|0x00000000a3000000, 0x00000000a3000000, 0x00000000a3100000|  0%| F|  |TAMS 0x00000000a3000000, 0x00000000a3000000| Untracked 
|  35|0x00000000a3100000, 0x00000000a3100000, 0x00000000a3200000|  0%| F|  |TAMS 0x00000000a3100000, 0x00000000a3100000| Untracked 
|  36|0x00000000a3200000, 0x00000000a3200000, 0x00000000a3300000|  0%| F|  |TAMS 0x00000000a3200000, 0x00000000a3200000| Untracked 
|  37|0x00000000a3300000, 0x00000000a3300000, 0x00000000a3400000|  0%| F|  |TAMS 0x00000000a3300000, 0x00000000a3300000| Untracked 
|  38|0x00000000a3400000, 0x00000000a3400000, 0x00000000a3500000|  0%| F|  |TAMS 0x00000000a3400000, 0x00000000a3400000| Untracked 
|  39|0x00000000a3500000, 0x00000000a3500000, 0x00000000a3600000|  0%| F|  |TAMS 0x00000000a3500000, 0x00000000a3500000| Untracked 
|  40|0x00000000a3600000, 0x00000000a3600000, 0x00000000a3700000|  0%| F|  |TAMS 0x00000000a3600000, 0x00000000a3600000| Untracked 
|  41|0x00000000a3700000, 0x00000000a3700000, 0x00000000a3800000|  0%| F|  |TAMS 0x00000000a3700000, 0x00000000a3700000| Untracked 
|  42|0x00000000a3800000, 0x00000000a3800000, 0x00000000a3900000|  0%| F|  |TAMS 0x00000000a3800000, 0x00000000a3800000| Untracked 
|  43|0x00000000a3900000, 0x00000000a3900000, 0x00000000a3a00000|  0%| F|  |TAMS 0x00000000a3900000, 0x00000000a3900000| Untracked 
|  44|0x00000000a3a00000, 0x00000000a3a00000, 0x00000000a3b00000|  0%| F|  |TAMS 0x00000000a3a00000, 0x00000000a3a00000| Untracked 
|  45|0x00000000a3b00000, 0x00000000a3b00000, 0x00000000a3c00000|  0%| F|  |TAMS 0x00000000a3b00000, 0x00000000a3b00000| Untracked 
|  46|0x00000000a3c00000, 0x00000000a3c00000, 0x00000000a3d00000|  0%| F|  |TAMS 0x00000000a3c00000, 0x00000000a3c00000| Untracked 
|  47|0x00000000a3d00000, 0x00000000a3d00000, 0x00000000a3e00000|  0%| F|  |TAMS 0x00000000a3d00000, 0x00000000a3d00000| Untracked 
|  48|0x00000000a3e00000, 0x00000000a3e00000, 0x00000000a3f00000|  0%| F|  |TAMS 0x00000000a3e00000, 0x00000000a3e00000| Untracked 
|  49|0x00000000a3f00000, 0x00000000a3f00000, 0x00000000a4000000|  0%| F|  |TAMS 0x00000000a3f00000, 0x00000000a3f00000| Untracked 
|  50|0x00000000a4000000, 0x00000000a4000000, 0x00000000a4100000|  0%| F|  |TAMS 0x00000000a4000000, 0x00000000a4000000| Untracked 
|  51|0x00000000a4100000, 0x00000000a4100000, 0x00000000a4200000|  0%| F|  |TAMS 0x00000000a4100000, 0x00000000a4100000| Untracked 
|  52|0x00000000a4200000, 0x00000000a4200000, 0x00000000a4300000|  0%| F|  |TAMS 0x00000000a4200000, 0x00000000a4200000| Untracked 
|  53|0x00000000a4300000, 0x00000000a4300000, 0x00000000a4400000|  0%| F|  |TAMS 0x00000000a4300000, 0x00000000a4300000| Untracked 
|  54|0x00000000a4400000, 0x00000000a4400000, 0x00000000a4500000|  0%| F|  |TAMS 0x00000000a4400000, 0x00000000a4400000| Untracked 
|  55|0x00000000a4500000, 0x00000000a4500000, 0x00000000a4600000|  0%| F|  |TAMS 0x00000000a4500000, 0x00000000a4500000| Untracked 
|  56|0x00000000a4600000, 0x00000000a4600000, 0x00000000a4700000|  0%| F|  |TAMS 0x00000000a4600000, 0x00000000a4600000| Untracked 
|  57|0x00000000a4700000, 0x00000000a4700000, 0x00000000a4800000|  0%| F|  |TAMS 0x00000000a4700000, 0x00000000a4700000| Untracked 
|  58|0x00000000a4800000, 0x00000000a4800000, 0x00000000a4900000|  0%| F|  |TAMS 0x00000000a4800000, 0x00000000a4800000| Untracked 
|  59|0x00000000a4900000, 0x00000000a4900000, 0x00000000a4a00000|  0%| F|  |TAMS 0x00000000a4900000, 0x00000000a4900000| Untracked 
|  60|0x00000000a4a00000, 0x00000000a4a00000, 0x00000000a4b00000|  0%| F|  |TAMS 0x00000000a4a00000, 0x00000000a4a00000| Untracked 
|  61|0x00000000a4b00000, 0x00000000a4b00000, 0x00000000a4c00000|  0%| F|  |TAMS 0x00000000a4b00000, 0x00000000a4b00000| Untracked 
|  62|0x00000000a4c00000, 0x00000000a4c00000, 0x00000000a4d00000|  0%| F|  |TAMS 0x00000000a4c00000, 0x00000000a4c00000| Untracked 
|  63|0x00000000a4d00000, 0x00000000a4d00000, 0x00000000a4e00000|  0%| F|  |TAMS 0x00000000a4d00000, 0x00000000a4d00000| Untracked 
|  64|0x00000000a4e00000, 0x00000000a4e00000, 0x00000000a4f00000|  0%| F|  |TAMS 0x00000000a4e00000, 0x00000000a4e00000| Untracked 
|  65|0x00000000a4f00000, 0x00000000a4f00000, 0x00000000a5000000|  0%| F|  |TAMS 0x00000000a4f00000, 0x00000000a4f00000| Untracked 
|  66|0x00000000a5000000, 0x00000000a5000000, 0x00000000a5100000|  0%| F|  |TAMS 0x00000000a5000000, 0x00000000a5000000| Untracked 
|  67|0x00000000a5100000, 0x00000000a5100000, 0x00000000a5200000|  0%| F|  |TAMS 0x00000000a5100000, 0x00000000a5100000| Untracked 
|  68|0x00000000a5200000, 0x00000000a5200000, 0x00000000a5300000|  0%| F|  |TAMS 0x00000000a5200000, 0x00000000a5200000| Untracked 
|  69|0x00000000a5300000, 0x00000000a5300000, 0x00000000a5400000|  0%| F|  |TAMS 0x00000000a5300000, 0x00000000a5300000| Untracked 
|  70|0x00000000a5400000, 0x00000000a5400000, 0x00000000a5500000|  0%| F|  |TAMS 0x00000000a5400000, 0x00000000a5400000| Untracked 
|  71|0x00000000a5500000, 0x00000000a5500000, 0x00000000a5600000|  0%| F|  |TAMS 0x00000000a5500000, 0x00000000a5500000| Untracked 
|  72|0x00000000a5600000, 0x00000000a5600000, 0x00000000a5700000|  0%| F|  |TAMS 0x00000000a5600000, 0x00000000a5600000| Untracked 
|  73|0x00000000a5700000, 0x00000000a5700000, 0x00000000a5800000|  0%| F|  |TAMS 0x00000000a5700000, 0x00000000a5700000| Untracked 
|  74|0x00000000a5800000, 0x00000000a5800000, 0x00000000a5900000|  0%| F|  |TAMS 0x00000000a5800000, 0x00000000a5800000| Untracked 
|  75|0x00000000a5900000, 0x00000000a5900000, 0x00000000a5a00000|  0%| F|  |TAMS 0x00000000a5900000, 0x00000000a5900000| Untracked 
|  76|0x00000000a5a00000, 0x00000000a5a00000, 0x00000000a5b00000|  0%| F|  |TAMS 0x00000000a5a00000, 0x00000000a5a00000| Untracked 
|  77|0x00000000a5b00000, 0x00000000a5b00000, 0x00000000a5c00000|  0%| F|  |TAMS 0x00000000a5b00000, 0x00000000a5b00000| Untracked 
|  78|0x00000000a5c00000, 0x00000000a5c00000, 0x00000000a5d00000|  0%| F|  |TAMS 0x00000000a5c00000, 0x00000000a5c00000| Untracked 
|  79|0x00000000a5d00000, 0x00000000a5d00000, 0x00000000a5e00000|  0%| F|  |TAMS 0x00000000a5d00000, 0x00000000a5d00000| Untracked 
|  80|0x00000000a5e00000, 0x00000000a5e00000, 0x00000000a5f00000|  0%| F|  |TAMS 0x00000000a5e00000, 0x00000000a5e00000| Untracked 
|  81|0x00000000a5f00000, 0x00000000a5f00000, 0x00000000a6000000|  0%| F|  |TAMS 0x00000000a5f00000, 0x00000000a5f00000| Untracked 
|  82|0x00000000a6000000, 0x00000000a6000000, 0x00000000a6100000|  0%| F|  |TAMS 0x00000000a6000000, 0x00000000a6000000| Untracked 
|  83|0x00000000a6100000, 0x00000000a6100000, 0x00000000a6200000|  0%| F|  |TAMS 0x00000000a6100000, 0x00000000a6100000| Untracked 
|  84|0x00000000a6200000, 0x00000000a6200000, 0x00000000a6300000|  0%| F|  |TAMS 0x00000000a6200000, 0x00000000a6200000| Untracked 
|  85|0x00000000a6300000, 0x00000000a6300000, 0x00000000a6400000|  0%| F|  |TAMS 0x00000000a6300000, 0x00000000a6300000| Untracked 
|  86|0x00000000a6400000, 0x00000000a6400000, 0x00000000a6500000|  0%| F|  |TAMS 0x00000000a6400000, 0x00000000a6400000| Untracked 
|  87|0x00000000a6500000, 0x00000000a6500000, 0x00000000a6600000|  0%| F|  |TAMS 0x00000000a6500000, 0x00000000a6500000| Untracked 
|  88|0x00000000a6600000, 0x00000000a6600000, 0x00000000a6700000|  0%| F|  |TAMS 0x00000000a6600000, 0x00000000a6600000| Untracked 
|  89|0x00000000a6700000, 0x00000000a67ec0e0, 0x00000000a6800000| 92%| E|  |TAMS 0x00000000a6700000, 0x00000000a6700000| Complete 
|  90|0x00000000a6800000, 0x00000000a6900000, 0x00000000a6900000|100%| E|CS|TAMS 0x00000000a6800000, 0x00000000a6800000| Complete 
|  91|0x00000000a6900000, 0x00000000a6a00000, 0x00000000a6a00000|100%| E|CS|TAMS 0x00000000a6900000, 0x00000000a6900000| Complete 
|  92|0x00000000a6a00000, 0x00000000a6b00000, 0x00000000a6b00000|100%| E|CS|TAMS 0x00000000a6a00000, 0x00000000a6a00000| Complete 
|  93|0x00000000a6b00000, 0x00000000a6c00000, 0x00000000a6c00000|100%| E|CS|TAMS 0x00000000a6b00000, 0x00000000a6b00000| Complete 
|  94|0x00000000a6c00000, 0x00000000a6d00000, 0x00000000a6d00000|100%| E|CS|TAMS 0x00000000a6c00000, 0x00000000a6c00000| Complete 
|  95|0x00000000a6d00000, 0x00000000a6e00000, 0x00000000a6e00000|100%| E|CS|TAMS 0x00000000a6d00000, 0x00000000a6d00000| Complete 

Card table byte_map: [0x0000021febc10000,0x0000021febf10000] _byte_map_base: 0x0000021feb709000

Marking Bits (Prev, Next): (CMBitMap*) 0x0000021fd4e96240, (CMBitMap*) 0x0000021fd4e96280
 Prev Bits: [0x0000021fec210000, 0x0000021fed9d8000)
 Next Bits: [0x0000021fed9e0000, 0x0000021fef1a8000)

Polling page: 0x0000021fd4640000

Metaspace:

Usage:
  Non-class:      6.11 MB used.
      Class:    815.52 KB used.
       Both:      6.91 MB used.

Virtual space:
  Non-class space:        8.00 MB reserved,       6.19 MB ( 77%) committed,  1 nodes.
      Class space:        1.00 GB reserved,     896.00 KB ( <1%) committed,  1 nodes.
              Both:        1.01 GB reserved,       7.06 MB ( <1%) committed. 

Chunk freelists:
   Non-Class:  1.00 MB
       Class:  3.00 MB
        Both:  4.00 MB

MaxMetaspaceSize: 17179869184.00 GB
CompressedClassSpaceSize: 1.00 GB
 - commit_granule_bytes: 65536.
 - commit_granule_words: 8192.
 - virtual_space_node_default_size: 1048576.
 - enlarge_chunks_in_place: 1.
 - new_chunks_are_fully_committed: 0.
 - uncommit_free_chunks: 1.
 - use_allocation_guard: 0.
 - handle_deallocations: 1.


Internal statistics:

num_allocs_failed_limit: 0.
num_arena_births: 92.
num_arena_deaths: 0.
num_vsnodes_births: 2.
num_vsnodes_deaths: 0.
num_space_committed: 113.
num_space_uncommitted: 0.
num_chunks_returned_to_freelist: 0.
num_chunks_taken_from_freelist: 118.
num_chunk_merges: 0.
num_chunk_splits: 71.
num_chunks_enlarged: 36.
num_purges: 0.

CodeHeap 'non-profiled nmethods': size=120000Kb used=177Kb max_used=177Kb free=119822Kb
 bounds [0x0000021fe40b0000, 0x0000021fe4320000, 0x0000021feb5e0000]
CodeHeap 'profiled nmethods': size=120000Kb used=848Kb max_used=848Kb free=119151Kb
 bounds [0x0000021fdcb80000, 0x0000021fdcdf0000, 0x0000021fe40b0000]
CodeHeap 'non-nmethods': size=5760Kb used=1225Kb max_used=1241Kb free=4534Kb
 bounds [0x0000021fdc5e0000, 0x0000021fdc850000, 0x0000021fdcb80000]
 total_blobs=1131 nmethods=599 adapters=445
 compilation: enabled
              stopped_count=0, restarted_count=0
 full_count=0

Compilation events (20 events):
Event: 0.502 Thread 0x0000021ff1ba15a0  581       3       sun.awt.AppContext::getAppContext (51 bytes)
Event: 0.502 Thread 0x0000021ff1ba15a0 nmethod 581 0x0000021fdcc51690 code [0x0000021fdcc518c0, 0x0000021fdcc52028]
Event: 0.508 Thread 0x0000021ff1ba15a0  583       3       java.lang.ref.SoftReference::<init> (13 bytes)
Event: 0.508 Thread 0x0000021ff1ba15a0 nmethod 583 0x0000021fdcc52290 code [0x0000021fdcc52460, 0x0000021fdcc52778]
Event: 0.585 Thread 0x0000021ff1ba15a0  584       3       jdk.internal.loader.NativeLibraries$NativeLibraryImpl::find (6 bytes)
Event: 0.586 Thread 0x0000021ff1ba15a0 nmethod 584 0x0000021fdcc52890 code [0x0000021fdcc52a40, 0x0000021fdcc52b68]
Event: 0.587 Thread 0x0000021ff1ba15a0  586       3       java.lang.invoke.LambdaFormEditor$TransformKey::<init> (15 bytes)
Event: 0.587 Thread 0x0000021ff1ba15a0 nmethod 586 0x0000021fdcc52c10 code [0x0000021fdcc52dc0, 0x0000021fdcc52f58]
Event: 0.587 Thread 0x0000021ff1ba15a0  587       3       java.lang.reflect.Array::newInstance (6 bytes)
Event: 0.587 Thread 0x0000021ff1ba15a0 nmethod 587 0x0000021fdcc53010 code [0x0000021fdcc531c0, 0x0000021fdcc532c8]
Event: 0.589 Thread 0x0000021ff1ba15a0  588       3       java.util.concurrent.ConcurrentHashMap$ValueIterator::next (34 bytes)
Event: 0.589 Thread 0x0000021ff1ba15a0 nmethod 588 0x0000021fdcc53390 code [0x0000021fdcc53560, 0x0000021fdcc537b8]
Event: 0.591 Thread 0x0000021ff1ba15a0  589       3       java.lang.Character::charCount (12 bytes)
Event: 0.591 Thread 0x0000021ff1ba15a0 nmethod 589 0x0000021fdcc53910 code [0x0000021fdcc53ac0, 0x0000021fdcc53c38]
Event: 0.591 Thread 0x0000021ff1ba15a0  590       1       java.nio.Buffer::position (5 bytes)
Event: 0.591 Thread 0x0000021ff1ba15a0 nmethod 590 0x0000021fe40d8510 code [0x0000021fe40d86a0, 0x0000021fe40d8778]
Event: 0.591 Thread 0x0000021ff1ba15a0  591       3       java.nio.Buffer::position (52 bytes)
Event: 0.591 Thread 0x0000021ff1b9faa0  592       4       java.util.HashMap::resize (356 bytes)
Event: 0.591 Thread 0x0000021ff1ba15a0 nmethod 591 0x0000021fdcc53d10 code [0x0000021fdcc53ec0, 0x0000021fdcc54148]
Event: 0.591 Thread 0x0000021ff1ba15a0  593       3       javax.swing.UIDefaults$TextAndMnemonicHashMap::get (358 bytes)

GC Heap History (0 events):
No events

Deoptimization events (6 events):
Event: 0.343 Thread 0x0000021fd4e5b460 Uncommon trap: trap_request=0xffffff45 fr.pc=0x0000021fe40bec14 relative=0x0000000000000894
Event: 0.343 Thread 0x0000021fd4e5b460 Uncommon trap: reason=unstable_if action=reinterpret pc=0x0000021fe40bec14 method=java.util.HashMap.putVal(ILjava/lang/Object;Ljava/lang/Object;ZZ)Ljava/lang/Object; @ 81 c2
Event: 0.343 Thread 0x0000021fd4e5b460 DEOPT PACKING pc=0x0000021fe40bec14 sp=0x0000008faa5fe350
Event: 0.343 Thread 0x0000021fd4e5b460 DEOPT UNPACKING pc=0x0000021fdc62d72e sp=0x0000008faa5fe2f0 mode 2
Event: 0.456 Thread 0x0000021fd4e5b460 DEOPT PACKING pc=0x0000021fdcb99b67 sp=0x0000008faa5fc8d0
Event: 0.456 Thread 0x0000021fd4e5b460 DEOPT UNPACKING pc=0x0000021fdc62dece sp=0x0000008faa5fbcf0 mode 0

Classes unloaded (0 events):
No events

Classes redefined (0 events):
No events

Internal exceptions (20 events):
Event: 0.481 Thread 0x0000021fd4e5b460 Exception <a 'java/lang/ClassNotFoundException'{0x00000000a69f7080}: PasswordField> (0x00000000a69f7080) 
thrown [t:\workspace\open\src\hotspot\share\classfile\systemDictionary.cpp, line 256]
Event: 0.481 Thread 0x0000021fd4e5b460 Exception <a 'java/lang/ClassNotFoundException'{0x00000000a69f75d8}: TextArea> (0x00000000a69f75d8) 
thrown [t:\workspace\open\src\hotspot\share\classfile\systemDictionary.cpp, line 256]
Event: 0.482 Thread 0x0000021fd4e5b460 Exception <a 'java/lang/ClassNotFoundException'{0x00000000a69f7f18}: TextPane> (0x00000000a69f7f18) 
thrown [t:\workspace\open\src\hotspot\share\classfile\systemDictionary.cpp, line 256]
Event: 0.482 Thread 0x0000021fd4e5b460 Exception <a 'java/lang/ClassNotFoundException'{0x00000000a69f8380}: EditorPane> (0x00000000a69f8380) 
thrown [t:\workspace\open\src\hotspot\share\classfile\systemDictionary.cpp, line 256]
Event: 0.483 Thread 0x0000021fd4e5b460 Exception <a 'java/lang/ClassNotFoundException'{0x00000000a69f8ce0}: ToolBar> (0x00000000a69f8ce0) 
thrown [t:\workspace\open\src\hotspot\share\classfile\systemDictionary.cpp, line 256]
Event: 0.483 Thread 0x0000021fd4e5b460 Exception <a 'java/lang/ClassNotFoundException'{0x00000000a69f91d8}: ToolBar> (0x00000000a69f91d8) 
thrown [t:\workspace\open\src\hotspot\share\classfile\systemDictionary.cpp, line 256]
Event: 0.483 Thread 0x0000021fd4e5b460 Exception <a 'java/lang/ClassNotFoundException'{0x00000000a69f9538}: Button> (0x00000000a69f9538) 
thrown [t:\workspace\open\src\hotspot\share\classfile\systemDictionary.cpp, line 256]
Event: 0.483 Thread 0x0000021fd4e5b460 Exception <a 'java/lang/ClassNotFoundException'{0x00000000a69f9a00}: ToolBar> (0x00000000a69f9a00) 
thrown [t:\workspace\open\src\hotspot\share\classfile\systemDictionary.cpp, line 256]
Event: 0.483 Thread 0x0000021fd4e5b460 Exception <a 'java/lang/ClassNotFoundException'{0x00000000a69f9d70}: ToggleButton> (0x00000000a69f9d70) 
thrown [t:\workspace\open\src\hotspot\share\classfile\systemDictionary.cpp, line 256]
Event: 0.483 Thread 0x0000021fd4e5b460 Exception <a 'java/lang/ClassNotFoundException'{0x00000000a69fa1b0}: javax/swing/JToolBarSeparator> (0x00000000a69fa1b0) 
thrown [t:\workspace\open\src\hotspot\share\classfile\systemDictionary.cpp, line 256]
Event: 0.483 Thread 0x0000021fd4e5b460 Exception <a 'java/lang/ClassNotFoundException'{0x00000000a69fa4b8}: ToolBarSeparator> (0x00000000a69fa4b8) 
thrown [t:\workspace\open\src\hotspot\share\classfile\systemDictionary.cpp, line 256]
Event: 0.483 Thread 0x0000021fd4e5b460 Exception <a 'java/lang/ClassNotFoundException'{0x00000000a69fa9d0}: ToolTip> (0x00000000a69fa9d0) 
thrown [t:\workspace\open\src\hotspot\share\classfile\systemDictionary.cpp, line 256]
Event: 0.484 Thread 0x0000021fd4e5b460 Exception <a 'java/lang/ClassNotFoundException'{0x00000000a69fb320}: Tree> (0x00000000a69fb320) 
thrown [t:\workspace\open\src\hotspot\share\classfile\systemDictionary.cpp, line 256]
Event: 0.484 Thread 0x0000021fd4e5b460 Exception <a 'java/lang/ClassNotFoundException'{0x00000000a69fb818}: Tree> (0x00000000a69fb818) 
thrown [t:\workspace\open\src\hotspot\share\classfile\systemDictionary.cpp, line 256]
Event: 0.484 Thread 0x0000021fd4e5b460 Exception <a 'java/lang/ClassNotFoundException'{0x00000000a69fbb88}: javax/swing/JTreeCell> (0x00000000a69fbb88) 
thrown [t:\workspace\open\src\hotspot\share\classfile\systemDictionary.cpp, line 256]
Event: 0.484 Thread 0x0000021fd4e5b460 Exception <a 'java/lang/ClassNotFoundException'{0x00000000a69fbe88}: TreeCell> (0x00000000a69fbe88) 
thrown [t:\workspace\open\src\hotspot\share\classfile\systemDictionary.cpp, line 256]
Event: 0.484 Thread 0x0000021fd4e5b460 Exception <a 'java/lang/ClassNotFoundException'{0x00000000a69fc648}: RootPane> (0x00000000a69fc648) 
thrown [t:\workspace\open\src\hotspot\share\classfile\systemDictionary.cpp, line 256]
Event: 0.486 Thread 0x0000021fd4e5b460 Exception <a 'java/lang/ClassNotFoundException'{0x00000000a69ff498}: com/sun/swing/internal/plaf/metal/resources/spi/metalProvider> (0x00000000a69ff498) 
thrown [t:\workspace\open\src\hotspot\share\classfile\systemDictionary.cpp, line 256]
Event: 0.488 Thread 0x0000021fd4e5b460 Exception <a 'java/lang/ClassNotFoundException'{0x00000000a6803708}: com/sun/swing/internal/plaf/basic/resources/spi/basicProvider> (0x00000000a6803708) 
thrown [t:\workspace\open\src\hotspot\share\classfile\systemDictionary.cpp, line 256]
Event: 0.591 Thread 0x0000021ff2b24d90 Exception <a 'java/lang/ClassNotFoundException'{0x00000000a6703610}: com/sun/swing/internal/plaf/synth/resources/spi/synthProvider> (0x00000000a6703610) 
thrown [t:\workspace\open\src\hotspot\share\classfile\systemDictionary.cpp, line 256]

Events (20 events):
Event: 0.592 loading class javax/swing/plaf/synth/SynthContext
Event: 0.592 loading class javax/swing/plaf/synth/SynthContext done
Event: 0.592 loading class javax/swing/plaf/nimbus/NimbusStyle
Event: 0.593 loading class javax/swing/plaf/nimbus/NimbusStyle done
Event: 0.593 loading class javax/swing/plaf/nimbus/NimbusStyle$1
Event: 0.593 loading class javax/swing/plaf/nimbus/NimbusStyle$1 done
Event: 0.593 loading class javax/swing/plaf/nimbus/NimbusStyle$CacheKey
Event: 0.593 loading class javax/swing/plaf/nimbus/NimbusStyle$CacheKey done
Event: 0.593 loading class javax/swing/plaf/nimbus/SynthPainterImpl
Event: 0.594 loading class javax/swing/plaf/synth/SynthPainter
Event: 0.594 loading class javax/swing/plaf/synth/SynthPainter done
Event: 0.595 loading class javax/swing/plaf/nimbus/SynthPainterImpl done
Event: 0.595 loading class javax/swing/plaf/synth/SynthPainter$1
Event: 0.595 loading class javax/swing/plaf/synth/SynthPainter$1 done
Event: 0.595 loading class javax/swing/plaf/synth/SynthBorder
Event: 0.595 loading class javax/swing/plaf/synth/SynthBorder done
Event: 0.595 loading class javax/swing/plaf/nimbus/NimbusStyle$Values
Event: 0.595 loading class javax/swing/plaf/nimbus/NimbusStyle$Values done
Event: 0.595 loading class java/util/Hashtable$EntrySet
Event: 0.596 loading class java/util/Hashtable$EntrySet done


Dynamic libraries:
0x00007ff7470d0000 - 0x00007ff7470e0000 	C:\Program Files\Java\jdk-16.0.2\bin\java.exe
0x00007ffb6b900000 - 0x00007ffb6bb09000 	C:\WINDOWS\SYSTEM32\ntdll.dll
0x00007ffb6a560000 - 0x00007ffb6a61d000 	C:\WINDOWS\System32\KERNEL32.DLL
0x00007ffb69300000 - 0x00007ffb69674000 	C:\WINDOWS\System32\KERNELBASE.dll
0x00007ffb69680000 - 0x00007ffb69791000 	C:\WINDOWS\System32\ucrtbase.dll
0x00007ffb65350000 - 0x00007ffb65368000 	C:\Program Files\Java\jdk-16.0.2\bin\jli.dll
0x00007ffb2db20000 - 0x00007ffb2db39000 	C:\Program Files\Java\jdk-16.0.2\bin\VCRUNTIME140.dll
0x00007ffb6a2f0000 - 0x00007ffb6a39e000 	C:\WINDOWS\System32\ADVAPI32.dll
0x00007ffb6a0a0000 - 0x00007ffb6a143000 	C:\WINDOWS\System32\msvcrt.dll
0x00007ffb6b140000 - 0x00007ffb6b1de000 	C:\WINDOWS\System32\sechost.dll
0x00007ffb6ac90000 - 0x00007ffb6adb0000 	C:\WINDOWS\System32\RPCRT4.dll
0x00007ffb6aea0000 - 0x00007ffb6b04c000 	C:\WINDOWS\System32\USER32.dll
0x00007ffb692d0000 - 0x00007ffb692f6000 	C:\WINDOWS\System32\win32u.dll
0x00007ffb5a730000 - 0x00007ffb5a9d5000 	C:\WINDOWS\WinSxS\amd64_microsoft.windows.common-controls_6595b64144ccf1df_6.0.22000.120_none_9d947278b86cc467\COMCTL32.dll
0x00007ffb6a150000 - 0x00007ffb6a179000 	C:\WINDOWS\System32\GDI32.dll
0x00007ffb69070000 - 0x00007ffb69182000 	C:\WINDOWS\System32\gdi32full.dll
0x00007ffb68f60000 - 0x00007ffb68ffd000 	C:\WINDOWS\System32\msvcp_win.dll
0x00007ffb61450000 - 0x00007ffb6145a000 	C:\WINDOWS\SYSTEM32\VERSION.dll
0x00007ffb6b880000 - 0x00007ffb6b8b1000 	C:\WINDOWS\System32\IMM32.DLL
0x00007ffb2a9e0000 - 0x00007ffb2a9ec000 	C:\Program Files\Java\jdk-16.0.2\bin\vcruntime140_1.dll
0x00007ffaf63c0000 - 0x00007ffaf6451000 	C:\Program Files\Java\jdk-16.0.2\bin\msvcp140.dll
0x00007ffaf6990000 - 0x00007ffaf753b000 	C:\Program Files\Java\jdk-16.0.2\bin\server\jvm.dll
0x00007ffb6a1f0000 - 0x00007ffb6a1f8000 	C:\WINDOWS\System32\PSAPI.DLL
0x00007ffb592b0000 - 0x00007ffb592b9000 	C:\WINDOWS\SYSTEM32\WSOCK32.dll
0x00007ffb63d60000 - 0x00007ffb63d93000 	C:\WINDOWS\SYSTEM32\WINMM.dll
0x00007ffb6ab10000 - 0x00007ffb6ab7f000 	C:\WINDOWS\System32\WS2_32.dll
0x00007ffb67f20000 - 0x00007ffb67f38000 	C:\WINDOWS\SYSTEM32\kernel.appcore.dll
0x00007ffb2a9d0000 - 0x00007ffb2a9da000 	C:\Program Files\Java\jdk-16.0.2\bin\jimage.dll
0x00007ffb66970000 - 0x00007ffb66b91000 	C:\WINDOWS\SYSTEM32\DBGHELP.DLL
0x00007ffb58960000 - 0x00007ffb58991000 	C:\WINDOWS\SYSTEM32\dbgcore.DLL
0x00007ffb69250000 - 0x00007ffb692cf000 	C:\WINDOWS\System32\bcryptPrimitives.dll
0x00007ffaf9be0000 - 0x00007ffaf9c05000 	C:\Program Files\Java\jdk-16.0.2\bin\java.dll
0x00007ffb698f0000 - 0x00007ffb6a09f000 	C:\WINDOWS\System32\SHELL32.dll
0x00007ffb67440000 - 0x00007ffb67ca8000 	C:\WINDOWS\SYSTEM32\windows.storage.dll
0x00007ffb6b300000 - 0x00007ffb6b678000 	C:\WINDOWS\System32\combase.dll
0x00007ffb672d0000 - 0x00007ffb67436000 	C:\WINDOWS\SYSTEM32\wintypes.dll
0x00007ffb6b050000 - 0x00007ffb6b13a000 	C:\WINDOWS\System32\SHCORE.dll
0x00007ffb6b820000 - 0x00007ffb6b87d000 	C:\WINDOWS\System32\shlwapi.dll
0x00007ffb68d20000 - 0x00007ffb68d41000 	C:\WINDOWS\SYSTEM32\profapi.dll
0x00007ffb15470000 - 0x00007ffb15489000 	C:\Program Files\Java\jdk-16.0.2\bin\net.dll
0x00007ffb62b70000 - 0x00007ffb62c7c000 	C:\WINDOWS\SYSTEM32\WINHTTP.dll
0x00007ffb683f0000 - 0x00007ffb68457000 	C:\WINDOWS\system32\mswsock.dll
0x00007ffb15450000 - 0x00007ffb15463000 	C:\Program Files\Java\jdk-16.0.2\bin\nio.dll
0x00007ffafbe70000 - 0x00007ffafbe88000 	C:\Program Files\Java\jdk-16.0.2\bin\zip.dll
0x00007ffaf6460000 - 0x00007ffaf65e0000 	C:\Program Files\Java\jdk-16.0.2\bin\awt.dll
0x00007ffb69800000 - 0x00007ffb698d6000 	C:\WINDOWS\System32\OLEAUT32.dll
0x00007ffb66000000 - 0x00007ffb66091000 	C:\WINDOWS\SYSTEM32\apphelp.dll
0x00007ffb66150000 - 0x00007ffb661fc000 	C:\WINDOWS\system32\uxtheme.dll
0x00007ffb1d620000 - 0x00007ffb1d64b000 	C:\Program Files (x86)\UltraViewer\uvh64.dll
0x00007ffb6b1e0000 - 0x00007ffb6b2fe000 	C:\WINDOWS\System32\MSCTF.dll
0x00007ffb6b680000 - 0x00007ffb6b81a000 	C:\WINDOWS\System32\ole32.dll
0x00007ffb66550000 - 0x00007ffb6657f000 	C:\WINDOWS\system32\DWMAPI.DLL
0x00007ffaf6330000 - 0x00007ffaf63b9000 	C:\Program Files\Java\jdk-16.0.2\bin\freetype.dll
0x00007ffaf4180000 - 0x00007ffaf4276000 	C:\Program Files\Java\jdk-16.0.2\bin\harfbuzz.dll
0x00007ffaf9c30000 - 0x00007ffaf9c42000 	C:\Program Files\Java\jdk-16.0.2\bin\fontmanager.dll
0x00007ffaf4280000 - 0x00007ffaf4381000 	C:\WINDOWS\system32\opengl32.dll
0x00007ffaf58e0000 - 0x00007ffaf590d000 	C:\WINDOWS\SYSTEM32\GLU32.dll
0x00007ffb66290000 - 0x00007ffb662c8000 	C:\WINDOWS\SYSTEM32\dxcore.dll
0x00007ffb5f3f0000 - 0x00007ffb5f596000 	C:\WINDOWS\system32\d3d9.dll
0x00007ffb5ffb0000 - 0x00007ffb6018b000 	C:\Windows\System32\DriverStore\FileRepository\u0357645.inf_amd64_3c66802dbd4d45a0\B357435\aticfx64.dll
0x00007ffb2a290000 - 0x00007ffb2a2c3000 	C:\Windows\System32\DriverStore\FileRepository\u0357645.inf_amd64_3c66802dbd4d45a0\B357435\atiu9p64.dll
0x00007ffb11b60000 - 0x00007ffb127f6000 	C:\Windows\System32\DriverStore\FileRepository\u0357645.inf_amd64_3c66802dbd4d45a0\B357435\atiumd64.dll
0x000000006a020000 - 0x000000006ae9d000 	C:\WINDOWS\System32\DriverStore\FileRepository\u0357645.inf_amd64_3c66802dbd4d45a0\B357435\atiumd6a.dll
0x00007ffb68390000 - 0x00007ffb683dd000 	C:\WINDOWS\SYSTEM32\POWRPROF.dll
0x00007ffb682d0000 - 0x00007ffb682e3000 	C:\WINDOWS\SYSTEM32\UMPDC.dll
0x00007ffb603b0000 - 0x00007ffb603df000 	C:\WINDOWS\SYSTEM32\amdihk64.dll
0x00007ffb63fe0000 - 0x00007ffb64024000 	C:\WINDOWS\SYSTEM32\directxdatabasehelper.dll
0x00007ffb66430000 - 0x00007ffb66464000 	C:\WINDOWS\SYSTEM32\ntmarta.dll

dbghelp: loaded successfully - version: 4.0.5 - missing functions: none
symbol engine: initialized successfully - sym options: 0x614 - pdb path: .;C:\Program Files\Java\jdk-16.0.2\bin;C:\WINDOWS\SYSTEM32;C:\WINDOWS\WinSxS\amd64_microsoft.windows.common-controls_6595b64144ccf1df_6.0.22000.120_none_9d947278b86cc467;C:\Program Files\Java\jdk-16.0.2\bin\server;C:\Program Files (x86)\UltraViewer;C:\Windows\System32\DriverStore\FileRepository\u0357645.inf_amd64_3c66802dbd4d45a0\B357435

VM Arguments:
jvm_args: -Dfile.encoding=UTF-8 --module-path=D:\Netbean_Java\Java_Project_ST6\build\classes 
java_command: view.TrangChu
java_class_path (initial): C:\Program Files\NetBeans-12.4\netbeans\java\modules\ext\AbsoluteLayout.jar;C:\Program Files\NetBeans-12.4\netbeans\java\modules\ext\org-netbeans-modules-java-j2seembedded-probe.jar;D:\Netbean_Java\CacLoaiThuVien\jtds-1.3.1-dist\jtds-1.3.1.jar;D:\Netbean_Java\Java_Project_ST6\build\classes
Launcher Type: SUN_STANDARD

[Global flags]
     intx CICompilerCount                          = 4                                         {product} {ergonomic}
     uint ConcGCThreads                            = 2                                         {product} {ergonomic}
     uint G1ConcRefinementThreads                  = 8                                         {product} {ergonomic}
   size_t G1HeapRegionSize                         = 1048576                                   {product} {ergonomic}
    uintx GCDrainStackTargetSize                   = 64                                        {product} {ergonomic}
   size_t InitialHeapSize                          = 100663296                                 {product} {ergonomic}
   size_t MarkStackSize                            = 4194304                                   {product} {ergonomic}
   size_t MaxHeapSize                              = 1595932672                                {product} {ergonomic}
   size_t MaxNewSize                               = 957349888                                 {product} {ergonomic}
   size_t MinHeapDeltaBytes                        = 1048576                                   {product} {ergonomic}
   size_t MinHeapSize                              = 8388608                                   {product} {ergonomic}
    uintx NonNMethodCodeHeapSize                   = 5839372                                {pd product} {ergonomic}
    uintx NonProfiledCodeHeapSize                  = 122909434                              {pd product} {ergonomic}
    uintx ProfiledCodeHeapSize                     = 122909434                              {pd product} {ergonomic}
    uintx ReservedCodeCacheSize                    = 251658240                              {pd product} {ergonomic}
     bool SegmentedCodeCache                       = true                                      {product} {ergonomic}
   size_t SoftMaxHeapSize                          = 1595932672                             {manageable} {ergonomic}
     bool UseCompressedClassPointers               = true                           {product lp64_product} {ergonomic}
     bool UseCompressedOops                        = true                           {product lp64_product} {ergonomic}
     bool UseG1GC                                  = true                                      {product} {ergonomic}
     bool UseLargePagesIndividualAllocation        = false                                  {pd product} {ergonomic}

Logging:
Log output configuration:
 #0: stdout all=warning uptime,level,tags
 #1: stderr all=off uptime,level,tags

Environment Variables:
JAVA_HOME=C:\Program Files\Java\jdk-16.0.2
PATH=C:\Program Files\Microsoft MPI\Bin\;C:\Program Files\Microsoft\jdk-11.0.12.7-hotspot\bin;C:\Program Files\Common Files\Microsoft Shared\Microsoft Online Services;C:\Program Files (x86)\Common Files\Microsoft Shared\Microsoft Online Services;C:\Program Files\Common Files\Oracle\Java\javapath;C:\Program Files\Eclipse Foundation\jdk-11.0.12.7-hotspot\bin;C:\Program Files (x86)\VMware\VMware Workstation\bin\;C:\Windows\system32;C:\Windows;C:\Windows\System32\Wbem;C:\Windows\System32\WindowsPowerShell\v1.0\;C:\Windows\System32\OpenSSH\;C:\Program Files (x86)\NVIDIA Corporation\PhysX\Common;C:\Program Files\NVIDIA Corporation\NVIDIA NvDLISR;C:\WINDOWS\system32;C:\WINDOWS;C:\WINDOWS\System32\Wbem;C:\WINDOWS\System32\WindowsPowerShell\v1.0\;C:\WINDOWS\System32\OpenSSH\;C:\Program Files\nodejs\;C:\Program Files\Azure Data Studio\bin;C:\Program Files\Microsoft SQL Server\Client SDK\ODBC\170\Tools\Binn\;C:\Program Files (x86)\Microsoft SQL Server\150\Tools\Binn\;C:\Program Files\Microsoft SQL Server\150\Tools\Binn\;C:\Program Files (x86)\Microsoft SQL Server\150\DTS\Binn\;C:\Program Files\Microsoft SQL Server\150\DTS\Binn\;C:\Program Files\Git\cmd;C:\Program Files\dotnet\;C:\Program Files (x86)\dotnet\;C:\Program Files\Docker\Docker\resources\bin;C:\ProgramData\DockerDesktop\version-bin;D:\VB.Net\Python;D:\VB.Net\Python\Library\mingw-w64\bin;D:\VB.Net\Python\Library\usr\bin;D:\VB.Net\Python\Library\bin;D:\VB.Net\Python\Scripts;C:\Users\ACER\AppData\Local\Programs\Python\Python310\Scripts\;C:\Users\ACER\AppData\Local\Programs\Python\Python310\;C:\Users\ACER\AppData\Local\Microsoft\WindowsApps;C:\Users\ACER\Desktop\Microsoft VS Code\bin;C:\Users\ACER\AppData\Roaming\npm;C:\Program Files\Azure Data Studio\bin;C:\Program Files\JetBrains\IntelliJ IDEA 2021.3.1\bin;;C:\Program Files\JetBrains\IntelliJ IDEA Community Edition 2021.3.1\bin;;C:\Users\ACER\.dotnet\tools
USERNAME=ACER
OS=Windows_NT
PROCESSOR_IDENTIFIER=AMD64 Family 23 Model 24 Stepping 1, AuthenticAMD



---------------  S Y S T E M  ---------------

OS:
 Windows 10 , 64 bit Build 22000 (10.0.22000.613)
OS uptime: 0 days 10:05 hours
Hyper-V role detected

CPU: total 8 (initial active 8) (8 cores per cpu, 2 threads per core) family 23 model 24 stepping 1 microcode 0x0, cx8, cmov, fxsr, ht, mmx, 3dnowpref, sse, sse2, sse3, ssse3, sse4a, sse4.1, sse4.2, popcnt, lzcnt, tsc, tscinvbit, avx, avx2, aes, clmul, bmi1, bmi2, adx, sha, fma, vzeroupper, clflush, clflushopt, hv

Memory: 4k page, system-wide physical 6081M (246M free)
TotalPageFile size 24513M (AvailPageFile size 1M)
current process WorkingSet (physical memory assigned to process): 64M, peak: 64M
current process commit charge ("private bytes"): 204M, peak: 204M

vm_info: Java HotSpot(TM) 64-Bit Server VM (16.0.2+7-67) for windows-amd64 JRE (16.0.2+7-67), built on Jun  8 2021 23:24:19 by "mach5one" with MS VC++ 16.7 (VS2019)

END.
