#
# There is insufficient memory for the Java Runtime Environment to continue.
# Native memory allocation (malloc) failed to allocate 1394736 bytes for Chunk::new
# Possible reasons:
#   The system is out of physical RAM or swap space
#   The process is running with CompressedOops enabled, and the Java Heap may be blocking the growth of the native heap
# Possible solutions:
#   Reduce memory load on the system
#   Increase physical memory or swap space
#   Check if swap backing store is full
#   Decrease Java heap size (-Xmx/-Xms)
#   Decrease number of Java threads
#   Decrease Java thread stack sizes (-Xss)
#   Set larger code cache with -XX:ReservedCodeCacheSize=
#   JVM is running with Unscaled Compressed Oops mode in which the Java heap is
#     placed in the first 4GB address space. The Java Heap base address is the
#     maximum limit for the native heap growth. Please use -XX:HeapBaseMinAddress
#     to set the Java Heap base and to place the Java Heap above 4GB virtual address.
# This output file may be truncated or incomplete.
#
#  Out of Memory Error (arena.cpp:195), pid=6900, tid=11008
#
# JRE version: Java(TM) SE Runtime Environment (16.0.2+7) (build 16.0.2+7-67)
# Java VM: Java HotSpot(TM) 64-Bit Server VM (16.0.2+7-67, mixed mode, sharing, tiered, compressed oops, compressed class ptrs, g1 gc, windows-amd64)
# No core dump will be written. Minidumps are not enabled by default on client versions of Windows
#

---------------  S U M M A R Y ------------

Command Line: -Dfile.encoding=UTF-8 --module-path=D:\Netbean_Java\Java_Project_ST6\build\classes view.TrangChu

Host: AMD Ryzen 7 3750H with Radeon Vega Mobile Gfx  , 8 cores, 5G,  Windows 10 , 64 bit Build 22000 (10.0.22000.613)
Time: Thu May 12 23:05:49 2022 SE Asia Standard Time elapsed time: 30.666032 seconds (0d 0h 0m 30s)

---------------  T H R E A D  ---------------

Current thread (0x00000239b5252860):  JavaThread "C2 CompilerThread0" daemon [_thread_in_native, id=11008, stack(0x000000b304600000,0x000000b304700000)]


Current CompileTask:
C2:  30666 2706       4       sun.awt.SunToolkit::flushPendingEvents (19 bytes)

Stack: [0x000000b304600000,0x000000b304700000]
Native frames: (J=compiled Java code, j=interpreted, Vv=VM code, C=native code)
V  [jvm.dll+0x6681ca]
V  [jvm.dll+0x7c9e69]
V  [jvm.dll+0x7cb61e]
V  [jvm.dll+0x7cbc73]
V  [jvm.dll+0x242c55]
V  [jvm.dll+0xadeba]
V  [jvm.dll+0xae45c]
V  [jvm.dll+0x35a882]
V  [jvm.dll+0x324de1]
V  [jvm.dll+0x32428a]
V  [jvm.dll+0x215cec]
V  [jvm.dll+0x215100]
V  [jvm.dll+0x1a1beb]
V  [jvm.dll+0x225158]
V  [jvm.dll+0x22319c]
V  [jvm.dll+0x77fa62]
V  [jvm.dll+0x7795aa]
V  [jvm.dll+0x667066]
C  [ucrtbase.dll+0x26c0c]
C  [KERNEL32.DLL+0x154e0]
C  [ntdll.dll+0x485b]


---------------  P R O C E S S  ---------------

Threads class SMR info:
_java_thread_list=0x00000239bcbb8530, length=18, elements={
0x00000239b523f190, 0x00000239b5240660, 0x00000239b524fd70, 0x00000239b5250680,
0x00000239b5251080, 0x00000239b5251a80, 0x00000239b5252860, 0x00000239b5254b00,
0x00000239b525c4e0, 0x00000239b5c7e8b0, 0x00000239b5cf5f80, 0x00000239b5f0d010,
0x00000239b5f11540, 0x00000239b5f11a60, 0x00000239b5f90940, 0x000002399850e2d0,
0x00000239b7479e50, 0x00000239b747a8f0
}

Java Threads: ( => current thread )
  0x00000239b523f190 JavaThread "Reference Handler" daemon [_thread_blocked, id=15716, stack(0x000000b304000000,0x000000b304100000)]
  0x00000239b5240660 JavaThread "Finalizer" daemon [_thread_blocked, id=19640, stack(0x000000b304100000,0x000000b304200000)]
  0x00000239b524fd70 JavaThread "Signal Dispatcher" daemon [_thread_blocked, id=23468, stack(0x000000b304200000,0x000000b304300000)]
  0x00000239b5250680 JavaThread "Attach Listener" daemon [_thread_blocked, id=25588, stack(0x000000b304300000,0x000000b304400000)]
  0x00000239b5251080 JavaThread "Service Thread" daemon [_thread_blocked, id=7344, stack(0x000000b304400000,0x000000b304500000)]
  0x00000239b5251a80 JavaThread "Monitor Deflation Thread" daemon [_thread_blocked, id=25236, stack(0x000000b304500000,0x000000b304600000)]
=>0x00000239b5252860 JavaThread "C2 CompilerThread0" daemon [_thread_in_native, id=11008, stack(0x000000b304600000,0x000000b304700000)]
  0x00000239b5254b00 JavaThread "C1 CompilerThread0" daemon [_thread_blocked, id=12260, stack(0x000000b304700000,0x000000b304800000)]
  0x00000239b525c4e0 JavaThread "Sweeper thread" daemon [_thread_blocked, id=6452, stack(0x000000b304800000,0x000000b304900000)]
  0x00000239b5c7e8b0 JavaThread "Common-Cleaner" daemon [_thread_blocked, id=25348, stack(0x000000b304900000,0x000000b304a00000)]
  0x00000239b5cf5f80 JavaThread "Notification Thread" daemon [_thread_blocked, id=5428, stack(0x000000b304a00000,0x000000b304b00000)]
  0x00000239b5f0d010 JavaThread "Java2D Disposer" daemon [_thread_blocked, id=21204, stack(0x000000b304c00000,0x000000b304d00000)]
  0x00000239b5f11540 JavaThread "AWT-Shutdown" [_thread_blocked, id=9768, stack(0x000000b304d00000,0x000000b304e00000)]
  0x00000239b5f11a60 JavaThread "AWT-Windows" daemon [_thread_in_native, id=19660, stack(0x000000b304e00000,0x000000b304f00000)]
  0x00000239b5f90940 JavaThread "AWT-EventQueue-0" [_thread_blocked, id=8416, stack(0x000000b304f00000,0x000000b305000000)]
  0x000002399850e2d0 JavaThread "DestroyJavaVM" [_thread_blocked, id=18368, stack(0x000000b303900000,0x000000b303a00000)]
  0x00000239b7479e50 JavaThread "D3D Screen Updater" daemon [_thread_blocked, id=26544, stack(0x000000b305b00000,0x000000b305c00000)]
  0x00000239b747a8f0 JavaThread "TimerQueue" daemon [_thread_blocked, id=3940, stack(0x000000b306500000,0x000000b306600000)]

Other Threads:
  0x00000239b5236e80 VMThread "VM Thread" [stack: 0x000000b303f00000,0x000000b304000000] [id=11320]
  0x000002399850f210 WatcherThread [stack: 0x000000b304b00000,0x000000b304c00000] [id=19276]
  0x0000023998547340 GCTaskThread "GC Thread#0" [stack: 0x000000b303a00000,0x000000b303b00000] [id=11924]
  0x00000239bc84bca0 GCTaskThread "GC Thread#1" [stack: 0x000000b305800000,0x000000b305900000] [id=12512]
  0x00000239b717cd40 GCTaskThread "GC Thread#2" [stack: 0x000000b305d00000,0x000000b305e00000] [id=25772]
  0x00000239b717d050 GCTaskThread "GC Thread#3" [stack: 0x000000b305e00000,0x000000b305f00000] [id=15280]
  0x00000239b7084490 GCTaskThread "GC Thread#4" [stack: 0x000000b305f00000,0x000000b306000000] [id=20712]
  0x00000239b70855d0 GCTaskThread "GC Thread#5" [stack: 0x000000b306000000,0x000000b306100000] [id=17768]
  0x00000239b6ed6cf0 GCTaskThread "GC Thread#6" [stack: 0x000000b306100000,0x000000b306200000] [id=3896]
  0x00000239b6ed69e0 GCTaskThread "GC Thread#7" [stack: 0x000000b306200000,0x000000b306300000] [id=21340]
  0x0000023998555250 ConcurrentGCThread "G1 Main Marker" [stack: 0x000000b303b00000,0x000000b303c00000] [id=26332]
  0x0000023998555cc0 ConcurrentGCThread "G1 Conc#0" [stack: 0x000000b303c00000,0x000000b303d00000] [id=18152]
  0x00000239b50f0c30 ConcurrentGCThread "G1 Refine#0" [stack: 0x000000b303d00000,0x000000b303e00000] [id=4316]
  0x00000239b5dd3c00 ConcurrentGCThread "G1 Refine#1" [stack: 0x000000b306300000,0x000000b306400000] [id=20376]
  0x00000239b5dd3f40 ConcurrentGCThread "G1 Refine#2" [stack: 0x000000b306400000,0x000000b306500000] [id=15880]
  0x00000239985e9e20 ConcurrentGCThread "G1 Service" [stack: 0x000000b303e00000,0x000000b303f00000] [id=3916]

Threads with active compile tasks:
C2 CompilerThread0    30722 2706       4       sun.awt.SunToolkit::flushPendingEvents (19 bytes)

VM state: not at safepoint (normal execution)

VM Mutex/Monitor currently owned by a thread: None

Heap address: 0x00000000a0e00000, size: 1522 MB, Compressed Oops mode: 32-bit

CDS archive(s) mapped at: [0x0000000800000000-0x0000000800bb0000-0x0000000800bb0000), size 12255232, SharedBaseAddress: 0x0000000800000000, ArchiveRelocationMode: 0.
Compressed class space mapped at: 0x0000000800c00000-0x0000000840c00000, reserved size: 1073741824
Narrow klass base: 0x0000000800000000, Narrow klass shift: 3, Narrow klass range: 0x100000000

GC Precious Log:
 CPUs: 8 total, 8 available
 Memory: 6081M
 Large Page Support: Disabled
 NUMA Support: Disabled
 Compressed Oops: Enabled (32-bit)
 Heap Region Size: 1M
 Heap Min Capacity: 8M
 Heap Initial Capacity: 96M
 Heap Max Capacity: 1522M
 Pre-touch: Disabled
 Parallel Workers: 8
 Concurrent Workers: 2
 Concurrent Refinement Workers: 8
 Periodic GC: Disabled

Heap:
 garbage-first heap   total 98304K, used 9000K [0x00000000a0e00000, 0x0000000100000000)
  region size 1024K, 7 young (7168K), 3 survivors (3072K)
 Metaspace       used 17020K, committed 17216K, reserved 1064960K
  class space    used 1869K, committed 1984K, reserved 1048576K

Heap Regions: E=young(eden), S=young(survivor), O=old, HS=humongous(starts), HC=humongous(continues), CS=collection set, F=free, OA=open archive, CA=closed archive, TAMS=top-at-mark-start (previous, next)
|   0|0x00000000a0e00000, 0x00000000a0f00000, 0x00000000a0f00000|100%| O|  |TAMS 0x00000000a0e00000, 0x00000000a0e00000| Untracked 
|   1|0x00000000a0f00000, 0x00000000a1000000, 0x00000000a1000000|100%| O|  |TAMS 0x00000000a0f00000, 0x00000000a0f00000| Untracked 
|   2|0x00000000a1000000, 0x00000000a10ca000, 0x00000000a1100000| 78%| O|  |TAMS 0x00000000a1000000, 0x00000000a1000000| Untracked 
|   3|0x00000000a1100000, 0x00000000a1100000, 0x00000000a1200000|  0%| F|  |TAMS 0x00000000a1100000, 0x00000000a1100000| Untracked 
|   4|0x00000000a1200000, 0x00000000a1200000, 0x00000000a1300000|  0%| F|  |TAMS 0x00000000a1200000, 0x00000000a1200000| Untracked 
|   5|0x00000000a1300000, 0x00000000a1300000, 0x00000000a1400000|  0%| F|  |TAMS 0x00000000a1300000, 0x00000000a1300000| Untracked 
|   6|0x00000000a1400000, 0x00000000a1400000, 0x00000000a1500000|  0%| F|  |TAMS 0x00000000a1400000, 0x00000000a1400000| Untracked 
|   7|0x00000000a1500000, 0x00000000a1500000, 0x00000000a1600000|  0%| F|  |TAMS 0x00000000a1500000, 0x00000000a1500000| Untracked 
|   8|0x00000000a1600000, 0x00000000a1600000, 0x00000000a1700000|  0%| F|  |TAMS 0x00000000a1600000, 0x00000000a1600000| Untracked 
|   9|0x00000000a1700000, 0x00000000a1700000, 0x00000000a1800000|  0%| F|  |TAMS 0x00000000a1700000, 0x00000000a1700000| Untracked 
|  10|0x00000000a1800000, 0x00000000a1800000, 0x00000000a1900000|  0%| F|  |TAMS 0x00000000a1800000, 0x00000000a1800000| Untracked 
|  11|0x00000000a1900000, 0x00000000a1900000, 0x00000000a1a00000|  0%| F|  |TAMS 0x00000000a1900000, 0x00000000a1900000| Untracked 
|  12|0x00000000a1a00000, 0x00000000a1a00000, 0x00000000a1b00000|  0%| F|  |TAMS 0x00000000a1a00000, 0x00000000a1a00000| Untracked 
|  13|0x00000000a1b00000, 0x00000000a1b00000, 0x00000000a1c00000|  0%| F|  |TAMS 0x00000000a1b00000, 0x00000000a1b00000| Untracked 
|  14|0x00000000a1c00000, 0x00000000a1c00000, 0x00000000a1d00000|  0%| F|  |TAMS 0x00000000a1c00000, 0x00000000a1c00000| Untracked 
|  15|0x00000000a1d00000, 0x00000000a1d00000, 0x00000000a1e00000|  0%| F|  |TAMS 0x00000000a1d00000, 0x00000000a1d00000| Untracked 
|  16|0x00000000a1e00000, 0x00000000a1e00000, 0x00000000a1f00000|  0%| F|  |TAMS 0x00000000a1e00000, 0x00000000a1e00000| Untracked 
|  17|0x00000000a1f00000, 0x00000000a1f00000, 0x00000000a2000000|  0%| F|  |TAMS 0x00000000a1f00000, 0x00000000a1f00000| Untracked 
|  18|0x00000000a2000000, 0x00000000a2000000, 0x00000000a2100000|  0%| F|  |TAMS 0x00000000a2000000, 0x00000000a2000000| Untracked 
|  19|0x00000000a2100000, 0x00000000a2100000, 0x00000000a2200000|  0%| F|  |TAMS 0x00000000a2100000, 0x00000000a2100000| Untracked 
|  20|0x00000000a2200000, 0x00000000a2200000, 0x00000000a2300000|  0%| F|  |TAMS 0x00000000a2200000, 0x00000000a2200000| Untracked 
|  21|0x00000000a2300000, 0x00000000a2300000, 0x00000000a2400000|  0%| F|  |TAMS 0x00000000a2300000, 0x00000000a2300000| Untracked 
|  22|0x00000000a2400000, 0x00000000a2400000, 0x00000000a2500000|  0%| F|  |TAMS 0x00000000a2400000, 0x00000000a2400000| Untracked 
|  23|0x00000000a2500000, 0x00000000a2500000, 0x00000000a2600000|  0%| F|  |TAMS 0x00000000a2500000, 0x00000000a2500000| Untracked 
|  24|0x00000000a2600000, 0x00000000a2600000, 0x00000000a2700000|  0%| F|  |TAMS 0x00000000a2600000, 0x00000000a2600000| Untracked 
|  25|0x00000000a2700000, 0x00000000a2700000, 0x00000000a2800000|  0%| F|  |TAMS 0x00000000a2700000, 0x00000000a2700000| Untracked 
|  26|0x00000000a2800000, 0x00000000a2800000, 0x00000000a2900000|  0%| F|  |TAMS 0x00000000a2800000, 0x00000000a2800000| Untracked 
|  27|0x00000000a2900000, 0x00000000a2900000, 0x00000000a2a00000|  0%| F|  |TAMS 0x00000000a2900000, 0x00000000a2900000| Untracked 
|  28|0x00000000a2a00000, 0x00000000a2a00000, 0x00000000a2b00000|  0%| F|  |TAMS 0x00000000a2a00000, 0x00000000a2a00000| Untracked 
|  29|0x00000000a2b00000, 0x00000000a2b00000, 0x00000000a2c00000|  0%| F|  |TAMS 0x00000000a2b00000, 0x00000000a2b00000| Untracked 
|  30|0x00000000a2c00000, 0x00000000a2c00000, 0x00000000a2d00000|  0%| F|  |TAMS 0x00000000a2c00000, 0x00000000a2c00000| Untracked 
|  31|0x00000000a2d00000, 0x00000000a2d00000, 0x00000000a2e00000|  0%| F|  |TAMS 0x00000000a2d00000, 0x00000000a2d00000| Untracked 
|  32|0x00000000a2e00000, 0x00000000a2e00000, 0x00000000a2f00000|  0%| F|  |TAMS 0x00000000a2e00000, 0x00000000a2e00000| Untracked 
|  33|0x00000000a2f00000, 0x00000000a2f00000, 0x00000000a3000000|  0%| F|  |TAMS 0x00000000a2f00000, 0x00000000a2f00000| Untracked 
|  34|0x00000000a3000000, 0x00000000a3000000, 0x00000000a3100000|  0%| F|  |TAMS 0x00000000a3000000, 0x00000000a3000000| Untracked 
|  35|0x00000000a3100000, 0x00000000a3100000, 0x00000000a3200000|  0%| F|  |TAMS 0x00000000a3100000, 0x00000000a3100000| Untracked 
|  36|0x00000000a3200000, 0x00000000a3200000, 0x00000000a3300000|  0%| F|  |TAMS 0x00000000a3200000, 0x00000000a3200000| Untracked 
|  37|0x00000000a3300000, 0x00000000a3300000, 0x00000000a3400000|  0%| F|  |TAMS 0x00000000a3300000, 0x00000000a3300000| Untracked 
|  38|0x00000000a3400000, 0x00000000a3400000, 0x00000000a3500000|  0%| F|  |TAMS 0x00000000a3400000, 0x00000000a3400000| Untracked 
|  39|0x00000000a3500000, 0x00000000a3500000, 0x00000000a3600000|  0%| F|  |TAMS 0x00000000a3500000, 0x00000000a3500000| Untracked 
|  40|0x00000000a3600000, 0x00000000a3600000, 0x00000000a3700000|  0%| F|  |TAMS 0x00000000a3600000, 0x00000000a3600000| Untracked 
|  41|0x00000000a3700000, 0x00000000a3700000, 0x00000000a3800000|  0%| F|  |TAMS 0x00000000a3700000, 0x00000000a3700000| Untracked 
|  42|0x00000000a3800000, 0x00000000a3800000, 0x00000000a3900000|  0%| F|  |TAMS 0x00000000a3800000, 0x00000000a3800000| Untracked 
|  43|0x00000000a3900000, 0x00000000a3900000, 0x00000000a3a00000|  0%| F|  |TAMS 0x00000000a3900000, 0x00000000a3900000| Untracked 
|  44|0x00000000a3a00000, 0x00000000a3a00000, 0x00000000a3b00000|  0%| F|  |TAMS 0x00000000a3a00000, 0x00000000a3a00000| Untracked 
|  45|0x00000000a3b00000, 0x00000000a3b00000, 0x00000000a3c00000|  0%| F|  |TAMS 0x00000000a3b00000, 0x00000000a3b00000| Untracked 
|  46|0x00000000a3c00000, 0x00000000a3c00000, 0x00000000a3d00000|  0%| F|  |TAMS 0x00000000a3c00000, 0x00000000a3c00000| Untracked 
|  47|0x00000000a3d00000, 0x00000000a3d00000, 0x00000000a3e00000|  0%| F|  |TAMS 0x00000000a3d00000, 0x00000000a3d00000| Untracked 
|  48|0x00000000a3e00000, 0x00000000a3e00000, 0x00000000a3f00000|  0%| F|  |TAMS 0x00000000a3e00000, 0x00000000a3e00000| Untracked 
|  49|0x00000000a3f00000, 0x00000000a3f00000, 0x00000000a4000000|  0%| F|  |TAMS 0x00000000a3f00000, 0x00000000a3f00000| Untracked 
|  50|0x00000000a4000000, 0x00000000a4000000, 0x00000000a4100000|  0%| F|  |TAMS 0x00000000a4000000, 0x00000000a4000000| Untracked 
|  51|0x00000000a4100000, 0x00000000a4100000, 0x00000000a4200000|  0%| F|  |TAMS 0x00000000a4100000, 0x00000000a4100000| Untracked 
|  52|0x00000000a4200000, 0x00000000a4200000, 0x00000000a4300000|  0%| F|  |TAMS 0x00000000a4200000, 0x00000000a4200000| Untracked 
|  53|0x00000000a4300000, 0x00000000a4300000, 0x00000000a4400000|  0%| F|  |TAMS 0x00000000a4300000, 0x00000000a4300000| Untracked 
|  54|0x00000000a4400000, 0x00000000a4400000, 0x00000000a4500000|  0%| F|  |TAMS 0x00000000a4400000, 0x00000000a4400000| Untracked 
|  55|0x00000000a4500000, 0x00000000a4500000, 0x00000000a4600000|  0%| F|  |TAMS 0x00000000a4500000, 0x00000000a4500000| Untracked 
|  56|0x00000000a4600000, 0x00000000a4600000, 0x00000000a4700000|  0%| F|  |TAMS 0x00000000a4600000, 0x00000000a4600000| Untracked 
|  57|0x00000000a4700000, 0x00000000a4700000, 0x00000000a4800000|  0%| F|  |TAMS 0x00000000a4700000, 0x00000000a4700000| Untracked 
|  58|0x00000000a4800000, 0x00000000a4800000, 0x00000000a4900000|  0%| F|  |TAMS 0x00000000a4800000, 0x00000000a4800000| Untracked 
|  59|0x00000000a4900000, 0x00000000a4900000, 0x00000000a4a00000|  0%| F|  |TAMS 0x00000000a4900000, 0x00000000a4900000| Untracked 
|  60|0x00000000a4a00000, 0x00000000a4a00000, 0x00000000a4b00000|  0%| F|  |TAMS 0x00000000a4a00000, 0x00000000a4a00000| Untracked 
|  61|0x00000000a4b00000, 0x00000000a4b00000, 0x00000000a4c00000|  0%| F|  |TAMS 0x00000000a4b00000, 0x00000000a4b00000| Untracked 
|  62|0x00000000a4c00000, 0x00000000a4c00000, 0x00000000a4d00000|  0%| F|  |TAMS 0x00000000a4c00000, 0x00000000a4c00000| Untracked 
|  63|0x00000000a4d00000, 0x00000000a4d00000, 0x00000000a4e00000|  0%| F|  |TAMS 0x00000000a4d00000, 0x00000000a4d00000| Untracked 
|  64|0x00000000a4e00000, 0x00000000a4e00000, 0x00000000a4f00000|  0%| F|  |TAMS 0x00000000a4e00000, 0x00000000a4e00000| Untracked 
|  65|0x00000000a4f00000, 0x00000000a4f00000, 0x00000000a5000000|  0%| F|  |TAMS 0x00000000a4f00000, 0x00000000a4f00000| Untracked 
|  66|0x00000000a5000000, 0x00000000a5000000, 0x00000000a5100000|  0%| F|  |TAMS 0x00000000a5000000, 0x00000000a5000000| Untracked 
|  67|0x00000000a5100000, 0x00000000a5100000, 0x00000000a5200000|  0%| F|  |TAMS 0x00000000a5100000, 0x00000000a5100000| Untracked 
|  68|0x00000000a5200000, 0x00000000a5200000, 0x00000000a5300000|  0%| F|  |TAMS 0x00000000a5200000, 0x00000000a5200000| Untracked 
|  69|0x00000000a5300000, 0x00000000a5300000, 0x00000000a5400000|  0%| F|  |TAMS 0x00000000a5300000, 0x00000000a5300000| Untracked 
|  70|0x00000000a5400000, 0x00000000a5500000, 0x00000000a5500000|100%| S|CS|TAMS 0x00000000a5400000, 0x00000000a5400000| Complete 
|  71|0x00000000a5500000, 0x00000000a5600000, 0x00000000a5600000|100%| S|CS|TAMS 0x00000000a5500000, 0x00000000a5500000| Complete 
|  72|0x00000000a5600000, 0x00000000a5700000, 0x00000000a5700000|100%| S|CS|TAMS 0x00000000a5600000, 0x00000000a5600000| Complete 
|  73|0x00000000a5700000, 0x00000000a5700000, 0x00000000a5800000|  0%| F|  |TAMS 0x00000000a5700000, 0x00000000a5700000| Untracked 
|  74|0x00000000a5800000, 0x00000000a5800000, 0x00000000a5900000|  0%| F|  |TAMS 0x00000000a5800000, 0x00000000a5800000| Untracked 
|  75|0x00000000a5900000, 0x00000000a5900000, 0x00000000a5a00000|  0%| F|  |TAMS 0x00000000a5900000, 0x00000000a5900000| Untracked 
|  76|0x00000000a5a00000, 0x00000000a5a00000, 0x00000000a5b00000|  0%| F|  |TAMS 0x00000000a5a00000, 0x00000000a5a00000| Untracked 
|  77|0x00000000a5b00000, 0x00000000a5b00000, 0x00000000a5c00000|  0%| F|  |TAMS 0x00000000a5b00000, 0x00000000a5b00000| Untracked 
|  78|0x00000000a5c00000, 0x00000000a5c00000, 0x00000000a5d00000|  0%| F|  |TAMS 0x00000000a5c00000, 0x00000000a5c00000| Untracked 
|  79|0x00000000a5d00000, 0x00000000a5d00000, 0x00000000a5e00000|  0%| F|  |TAMS 0x00000000a5d00000, 0x00000000a5d00000| Untracked 
|  80|0x00000000a5e00000, 0x00000000a5e00000, 0x00000000a5f00000|  0%| F|  |TAMS 0x00000000a5e00000, 0x00000000a5e00000| Untracked 
|  81|0x00000000a5f00000, 0x00000000a5f00000, 0x00000000a6000000|  0%| F|  |TAMS 0x00000000a5f00000, 0x00000000a5f00000| Untracked 
|  82|0x00000000a6000000, 0x00000000a6000000, 0x00000000a6100000|  0%| F|  |TAMS 0x00000000a6000000, 0x00000000a6000000| Untracked 
|  83|0x00000000a6100000, 0x00000000a6100000, 0x00000000a6200000|  0%| F|  |TAMS 0x00000000a6100000, 0x00000000a6100000| Untracked 
|  84|0x00000000a6200000, 0x00000000a6200000, 0x00000000a6300000|  0%| F|  |TAMS 0x00000000a6200000, 0x00000000a6200000| Untracked 
|  85|0x00000000a6300000, 0x00000000a6300000, 0x00000000a6400000|  0%| F|  |TAMS 0x00000000a6300000, 0x00000000a6300000| Untracked 
|  86|0x00000000a6400000, 0x00000000a6400000, 0x00000000a6500000|  0%| F|  |TAMS 0x00000000a6400000, 0x00000000a6400000| Untracked 
|  87|0x00000000a6500000, 0x00000000a6500000, 0x00000000a6600000|  0%| F|  |TAMS 0x00000000a6500000, 0x00000000a6500000| Untracked 
|  88|0x00000000a6600000, 0x00000000a6600000, 0x00000000a6700000|  0%| F|  |TAMS 0x00000000a6600000, 0x00000000a6600000| Untracked 
|  89|0x00000000a6700000, 0x00000000a6700000, 0x00000000a6800000|  0%| F|  |TAMS 0x00000000a6700000, 0x00000000a6700000| Untracked 
|  90|0x00000000a6800000, 0x00000000a6800000, 0x00000000a6900000|  0%| F|  |TAMS 0x00000000a6800000, 0x00000000a6800000| Untracked 
|  91|0x00000000a6900000, 0x00000000a6900000, 0x00000000a6a00000|  0%| F|  |TAMS 0x00000000a6900000, 0x00000000a6900000| Untracked 
|  92|0x00000000a6a00000, 0x00000000a6abd270, 0x00000000a6b00000| 73%| E|  |TAMS 0x00000000a6a00000, 0x00000000a6a00000| Complete 
|  93|0x00000000a6b00000, 0x00000000a6c00000, 0x00000000a6c00000|100%| E|CS|TAMS 0x00000000a6b00000, 0x00000000a6b00000| Complete 
|  94|0x00000000a6c00000, 0x00000000a6d00000, 0x00000000a6d00000|100%| E|CS|TAMS 0x00000000a6c00000, 0x00000000a6c00000| Complete 
|  95|0x00000000a6d00000, 0x00000000a6e00000, 0x00000000a6e00000|100%| E|CS|TAMS 0x00000000a6d00000, 0x00000000a6d00000| Complete 

Card table byte_map: [0x00000239af2c0000,0x00000239af5c0000] _byte_map_base: 0x00000239aedb9000

Marking Bits (Prev, Next): (CMBitMap*) 0x0000023998547a30, (CMBitMap*) 0x0000023998547a70
 Prev Bits: [0x00000239af8c0000, 0x00000239b1088000)
 Next Bits: [0x00000239b1090000, 0x00000239b2858000)

Polling page: 0x0000023996460000

Metaspace:

Usage:
  Non-class:     14.80 MB used.
      Class:      1.83 MB used.
       Both:     16.62 MB used.

Virtual space:
  Non-class space:       16.00 MB reserved,      14.88 MB ( 93%) committed,  2 nodes.
      Class space:        1.00 GB reserved,       1.94 MB ( <1%) committed,  1 nodes.
              Both:        1.02 GB reserved,      16.81 MB (  2%) committed. 

Chunk freelists:
   Non-Class:  960.00 KB
       Class:  2.02 MB
        Both:  2.95 MB

MaxMetaspaceSize: 17179869184.00 GB
CompressedClassSpaceSize: 1.00 GB
 - commit_granule_bytes: 65536.
 - commit_granule_words: 8192.
 - virtual_space_node_default_size: 1048576.
 - enlarge_chunks_in_place: 1.
 - new_chunks_are_fully_committed: 0.
 - uncommit_free_chunks: 1.
 - use_allocation_guard: 0.
 - handle_deallocations: 1.


Internal statistics:

num_allocs_failed_limit: 0.
num_arena_births: 162.
num_arena_deaths: 0.
num_vsnodes_births: 3.
num_vsnodes_deaths: 0.
num_space_committed: 269.
num_space_uncommitted: 0.
num_chunks_returned_to_freelist: 0.
num_chunks_taken_from_freelist: 318.
num_chunk_merges: 0.
num_chunk_splits: 178.
num_chunks_enlarged: 90.
num_purges: 0.

CodeHeap 'non-profiled nmethods': size=120000Kb used=907Kb max_used=907Kb free=119093Kb
 bounds [0x00000239a7760000, 0x00000239a79d0000, 0x00000239aec90000]
CodeHeap 'profiled nmethods': size=120000Kb used=5547Kb max_used=5547Kb free=114452Kb
 bounds [0x00000239a0230000, 0x00000239a07a0000, 0x00000239a7760000]
CodeHeap 'non-nmethods': size=5760Kb used=1389Kb max_used=1408Kb free=4370Kb
 bounds [0x000002399fc90000, 0x000002399ff00000, 0x00000239a0230000]
 total_blobs=3449 nmethods=2717 adapters=642
 compilation: enabled
              stopped_count=0, restarted_count=0
 full_count=0

Compilation events (20 events):
Event: 30.531 Thread 0x00000239b5254b00 2713       3       javax.swing.JComponent::setEnabled (29 bytes)
Event: 30.532 Thread 0x00000239b5254b00 nmethod 2713 0x00000239a0797990 code [0x00000239a0797b80, 0x00000239a0798298]
Event: 30.532 Thread 0x00000239b5254b00 2711       1       javax.swing.JTextField::getUIClassID (3 bytes)
Event: 30.532 Thread 0x00000239b5254b00 nmethod 2711 0x00000239a7841d10 code [0x00000239a7841ea0, 0x00000239a7841f78]
Event: 30.532 Thread 0x00000239b5254b00 2715       3       javax.swing.JViewport::getView (17 bytes)
Event: 30.533 Thread 0x00000239b5254b00 nmethod 2715 0x00000239a0798410 code [0x00000239a0798620, 0x00000239a0798e78]
Event: 30.533 Thread 0x00000239b5254b00 2714       1       javax.swing.JComboBox::getRenderer (5 bytes)
Event: 30.533 Thread 0x00000239b5254b00 nmethod 2714 0x00000239a7842010 code [0x00000239a78421a0, 0x00000239a7842278]
Event: 30.534 Thread 0x00000239b5254b00 2716       3       java.awt.Container::getListenersCount (52 bytes)
Event: 30.534 Thread 0x00000239b5254b00 nmethod 2716 0x00000239a0799110 code [0x00000239a0799300, 0x00000239a0799798]
Event: 30.535 Thread 0x00000239b5254b00 2717       1       javax.swing.JScrollPane::getViewport (5 bytes)
Event: 30.535 Thread 0x00000239b5254b00 nmethod 2717 0x00000239a7842310 code [0x00000239a78424a0, 0x00000239a7842578]
Event: 30.535 Thread 0x00000239b5254b00 2718       1       javax.swing.JScrollBar::getOrientation (5 bytes)
Event: 30.536 Thread 0x00000239b5254b00 nmethod 2718 0x00000239a7842610 code [0x00000239a78427a0, 0x00000239a7842878]
Event: 30.536 Thread 0x00000239b5254b00 2719       3       sun.awt.SunToolkit::isDispatchThreadForAppContext (28 bytes)
Event: 30.537 Thread 0x00000239b5254b00 nmethod 2719 0x00000239a0799910 code [0x00000239a0799b80, 0x00000239a079a628]
Event: 30.537 Thread 0x00000239b5254b00 2720       3       java.awt.EventQueue$2::isDispatchThreadImpl (5 bytes)
Event: 30.537 Thread 0x00000239b5254b00 nmethod 2720 0x00000239a079aa90 code [0x00000239a079ac40, 0x00000239a079ad88]
Event: 30.537 Thread 0x00000239b5254b00 2721       1       javax.swing.DefaultBoundedRangeModel::getMaximum (5 bytes)
Event: 30.537 Thread 0x00000239b5254b00 nmethod 2721 0x00000239a7842910 code [0x00000239a7842aa0, 0x00000239a7842b78]

GC Heap History (2 events):
Event: 11.707 GC heap before
{Heap before GC invocations=0 (full 0):
 garbage-first heap   total 98304K, used 22528K [0x00000000a0e00000, 0x0000000100000000)
  region size 1024K, 23 young (23552K), 0 survivors (0K)
 Metaspace       used 16415K, committed 16704K, reserved 1064960K
  class space    used 1805K, committed 1920K, reserved 1048576K
}
Event: 11.723 GC heap after
{Heap after GC invocations=1 (full 0):
 garbage-first heap   total 98304K, used 5928K [0x00000000a0e00000, 0x0000000100000000)
  region size 1024K, 3 young (3072K), 3 survivors (3072K)
 Metaspace       used 16415K, committed 16704K, reserved 1064960K
  class space    used 1805K, committed 1920K, reserved 1048576K
}

Deoptimization events (20 events):
Event: 16.672 Thread 0x00000239b5f90940 Uncommon trap: trap_request=0xfffffff4 fr.pc=0x00000239a7800e64 relative=0x0000000000000204
Event: 16.672 Thread 0x00000239b5f90940 Uncommon trap: reason=null_check action=make_not_entrant pc=0x00000239a7800e64 method=javax.swing.GroupLayout.getComponentInfo(Ljava/awt/Component;)Ljavax/swing/GroupLayout$ComponentInfo; @ 10 c2
Event: 16.672 Thread 0x00000239b5f90940 DEOPT PACKING pc=0x00000239a7800e64 sp=0x000000b304ffe360
Event: 16.672 Thread 0x00000239b5f90940 DEOPT UNPACKING pc=0x000002399fcdd72e sp=0x000000b304ffe308 mode 2
Event: 16.679 Thread 0x00000239b5f11a60 Uncommon trap: trap_request=0xffffff45 fr.pc=0x00000239a782f8cc relative=0x0000000000002d8c
Event: 16.679 Thread 0x00000239b5f11a60 Uncommon trap: reason=unstable_if action=reinterpret pc=0x00000239a782f8cc method=java.awt.EventQueue.getPriority(Ljava/awt/AWTEvent;)I @ 4 c2
Event: 16.679 Thread 0x00000239b5f11a60 DEOPT PACKING pc=0x00000239a782f8cc sp=0x000000b304efe030
Event: 16.679 Thread 0x00000239b5f11a60 DEOPT UNPACKING pc=0x000002399fcdd72e sp=0x000000b304efdef8 mode 2
Event: 16.680 Thread 0x00000239b5f11a60 Uncommon trap: trap_request=0xffffff45 fr.pc=0x00000239a782c518 relative=0x0000000000000078
Event: 16.680 Thread 0x00000239b5f11a60 Uncommon trap: reason=unstable_if action=reinterpret pc=0x00000239a782c518 method=java.awt.EventQueue.eventToCacheIndex(Ljava/awt/AWTEvent;)I @ 71 c2
Event: 16.680 Thread 0x00000239b5f11a60 DEOPT PACKING pc=0x00000239a782c518 sp=0x000000b304efde30
Event: 16.680 Thread 0x00000239b5f11a60 DEOPT UNPACKING pc=0x000002399fcdd72e sp=0x000000b304efddc8 mode 2
Event: 16.732 Thread 0x00000239b5f90940 Uncommon trap: trap_request=0xffffff45 fr.pc=0x00000239a77ee360 relative=0x00000000000004a0
Event: 16.732 Thread 0x00000239b5f90940 Uncommon trap: reason=unstable_if action=reinterpret pc=0x00000239a77ee360 method=java.lang.String.substring(II)Ljava/lang/String; @ 31 c2
Event: 16.732 Thread 0x00000239b5f90940 DEOPT PACKING pc=0x00000239a77ee360 sp=0x000000b304ffc970
Event: 16.732 Thread 0x00000239b5f90940 DEOPT UNPACKING pc=0x000002399fcdd72e sp=0x000000b304ffc940 mode 2
Event: 16.749 Thread 0x00000239b5f90940 Uncommon trap: trap_request=0xffffff45 fr.pc=0x00000239a77d4ac8 relative=0x00000000000000a8
Event: 16.749 Thread 0x00000239b5f90940 Uncommon trap: reason=unstable_if action=reinterpret pc=0x00000239a77d4ac8 method=java.lang.CharacterDataLatin1.digit(II)I @ 12 c2
Event: 16.749 Thread 0x00000239b5f90940 DEOPT PACKING pc=0x00000239a77d4ac8 sp=0x000000b304ffe000
Event: 16.749 Thread 0x00000239b5f90940 DEOPT UNPACKING pc=0x000002399fcdd72e sp=0x000000b304ffdf78 mode 2

Classes unloaded (0 events):
No events

Classes redefined (0 events):
No events

Internal exceptions (20 events):
Event: 0.791 Thread 0x000002399850e2d0 Exception <a 'java/lang/ClassNotFoundException'{0x00000000a68533b8}: Tree> (0x00000000a68533b8) 
thrown [t:\workspace\open\src\hotspot\share\classfile\systemDictionary.cpp, line 256]
Event: 0.792 Thread 0x000002399850e2d0 Exception <a 'java/lang/ClassNotFoundException'{0x00000000a68538b0}: Tree> (0x00000000a68538b0) 
thrown [t:\workspace\open\src\hotspot\share\classfile\systemDictionary.cpp, line 256]
Event: 0.792 Thread 0x000002399850e2d0 Exception <a 'java/lang/ClassNotFoundException'{0x00000000a6853c20}: javax/swing/JTreeCell> (0x00000000a6853c20) 
thrown [t:\workspace\open\src\hotspot\share\classfile\systemDictionary.cpp, line 256]
Event: 0.792 Thread 0x000002399850e2d0 Exception <a 'java/lang/ClassNotFoundException'{0x00000000a6853f20}: TreeCell> (0x00000000a6853f20) 
thrown [t:\workspace\open\src\hotspot\share\classfile\systemDictionary.cpp, line 256]
Event: 0.792 Thread 0x000002399850e2d0 Exception <a 'java/lang/ClassNotFoundException'{0x00000000a68546e0}: RootPane> (0x00000000a68546e0) 
thrown [t:\workspace\open\src\hotspot\share\classfile\systemDictionary.cpp, line 256]
Event: 0.796 Thread 0x000002399850e2d0 Exception <a 'java/lang/ClassNotFoundException'{0x00000000a6857530}: com/sun/swing/internal/plaf/metal/resources/spi/metalProvider> (0x00000000a6857530) 
thrown [t:\workspace\open\src\hotspot\share\classfile\systemDictionary.cpp, line 256]
Event: 0.799 Thread 0x000002399850e2d0 Exception <a 'java/lang/ClassNotFoundException'{0x00000000a685b2f0}: com/sun/swing/internal/plaf/basic/resources/spi/basicProvider> (0x00000000a685b2f0) 
thrown [t:\workspace\open\src\hotspot\share\classfile\systemDictionary.cpp, line 256]
Event: 1.279 Thread 0x00000239b5f90940 Exception <a 'java/lang/ClassNotFoundException'{0x00000000a67181d8}: com/sun/swing/internal/plaf/synth/resources/spi/synthProvider> (0x00000000a67181d8) 
thrown [t:\workspace\open\src\hotspot\share\classfile\systemDictionary.cpp, line 256]
Event: 1.879 Thread 0x00000239b727ddb0 Exception <a 'java/lang/NoSuchMethodError'{0x00000000a64122a8}: 'java.lang.Object java.lang.invoke.DirectMethodHandle$Holder.newInvokeSpecial(java.lang.Object, java.lang.Object, java.lang.Object, int, int, int, int, int)'> (0x00000000a64122a8) 
thrown [t:\workspace\open\src\hotspot\share\interpreter\linkResolver.cpp, line 790]
Event: 2.004 Thread 0x00000239b5f90940 Exception <a 'java/lang/NoSuchMethodError'{0x00000000a64b68e0}: 'void java.lang.invoke.DirectMethodHandle$Holder.invokeStatic(java.lang.Object, java.lang.Object, java.lang.Object)'> (0x00000000a64b68e0) 
thrown [t:\workspace\open\src\hotspot\share\interpreter\linkResolver.cpp, line 790]
Event: 2.007 Thread 0x00000239b5f90940 Exception <a 'java/lang/NoSuchMethodError'{0x00000000a64bd0e0}: 'void java.lang.invoke.DirectMethodHandle$Holder.invokeStatic(java.lang.Object, java.lang.Object)'> (0x00000000a64bd0e0) 
thrown [t:\workspace\open\src\hotspot\share\interpreter\linkResolver.cpp, line 790]
Event: 2.345 Thread 0x00000239b5f90940 Exception <a 'java/lang/NoSuchMethodError'{0x00000000a63b8910}: 'void java.lang.invoke.DirectMethodHandle$Holder.invokeStaticInit(java.lang.Object)'> (0x00000000a63b8910) 
thrown [t:\workspace\open\src\hotspot\share\interpreter\linkResolver.cpp, line 790]
Event: 2.985 Thread 0x00000239b5f11a60 Exception <a 'java/lang/NoSuchMethodError'{0x00000000a6a86068}: 'void java.lang.invoke.DirectMethodHandle$Holder.invokeVirtual(java.lang.Object, java.lang.Object)'> (0x00000000a6a86068) 
thrown [t:\workspace\open\src\hotspot\share\interpreter\linkResolver.cpp, line 790]
Event: 3.416 Thread 0x00000239b5f90940 Exception <a 'java/lang/NoSuchMethodError'{0x00000000a5ddaba8}: 'java.lang.Object java.lang.invoke.DirectMethodHandle$Holder.invokeInterface(java.lang.Object, java.lang.Object)'> (0x00000000a5ddaba8) 
thrown [t:\workspace\open\src\hotspot\share\interpreter\linkResolver.cpp, line 790]
Event: 3.703 Thread 0x00000239b5f90940 Exception <a 'java/lang/NoSuchMethodError'{0x00000000a5bb6b70}: 'java.lang.Object java.lang.invoke.DirectMethodHandle$Holder.invokeSpecial(java.lang.Object, java.lang.Object, java.lang.Object, java.lang.Object, int)'> (0x00000000a5bb6b70) 
thrown [t:\workspace\open\src\hotspot\share\interpreter\linkResolver.cpp, line 790]
Event: 3.703 Thread 0x00000239b5f90940 Exception <a 'java/lang/NoSuchMethodError'{0x00000000a5bba930}: 'java.lang.Object java.lang.invoke.Invokers$Holder.linkToTargetMethod(java.lang.Object, java.lang.Object, int, java.lang.Object)'> (0x00000000a5bba930) 
thrown [t:\workspace\open\src\hotspot\share\interpreter\linkResolver.cpp, line 790]
Event: 16.672 Thread 0x00000239b5f90940 Implicit null exception at 0x00000239a7800ca9 to 0x00000239a7800e54
Event: 30.197 Thread 0x00000239b5f90940 Exception <a 'sun/net/ConnectionResetException'{0x00000000a6bb0970}: Connection reset> (0x00000000a6bb0970) 
thrown [t:\workspace\open\src\hotspot\share\prims\jni.cpp, line 600]
Event: 30.226 Thread 0x00000239b5f90940 Exception <a 'java/lang/ClassNotFoundException'{0x00000000a6a64638}: sun/util/logging/resources/spi/loggingProvider> (0x00000000a6a64638) 
thrown [t:\workspace\open\src\hotspot\share\classfile\systemDictionary.cpp, line 256]
Event: 30.238 Thread 0x00000239b5f90940 Exception <a 'java/lang/NullPointerException'{0x00000000a6a764e0}> (0x00000000a6a764e0) 
thrown [t:\workspace\open\src\hotspot\share\interpreter\linkResolver.cpp, line 1468]

Events (20 events):
Event: 30.231 loading class java/util/Formatter$DateTime done
Event: 30.231 loading class java/util/Formatter$FixedString
Event: 30.231 loading class java/util/Formatter$FixedString done
Event: 30.231 loading class java/time/ZonedDateTime$1
Event: 30.231 loading class java/time/ZonedDateTime$1 done
Event: 30.469 loading class java/lang/Throwable$WrappedPrintStream
Event: 30.469 loading class java/lang/Throwable$WrappedPrintStream done
Event: 30.537 loading class javax/swing/TimerQueue
Event: 30.537 loading class javax/swing/TimerQueue done
Event: 30.538 loading class java/util/concurrent/DelayQueue
Event: 30.538 loading class java/util/concurrent/BlockingQueue
Event: 30.538 loading class java/util/concurrent/BlockingQueue done
Event: 30.538 loading class java/util/concurrent/DelayQueue done
Event: 30.539 loading class java/util/PriorityQueue
Event: 30.539 loading class java/util/PriorityQueue done
Event: 30.540 Thread 0x00000239b747a8f0 Thread added: 0x00000239b747a8f0
Event: 30.542 loading class java/awt/KeyboardFocusManager$2
Event: 30.542 loading class java/awt/KeyboardFocusManager$2 done
Event: 30.547 loading class java/awt/LightweightDispatcher$2
Event: 30.547 loading class java/awt/LightweightDispatcher$2 done


Dynamic libraries:
0x00007ff6b0770000 - 0x00007ff6b0780000 	C:\Program Files\Java\jdk-16.0.2\bin\java.exe
0x00007ff90a8e0000 - 0x00007ff90aae9000 	C:\WINDOWS\SYSTEM32\ntdll.dll
0x00007ff909080000 - 0x00007ff90913d000 	C:\WINDOWS\System32\KERNEL32.DLL
0x00007ff908030000 - 0x00007ff9083a4000 	C:\WINDOWS\System32\KERNELBASE.dll
0x00007ff9083b0000 - 0x00007ff9084c1000 	C:\WINDOWS\System32\ucrtbase.dll
0x00007ff903ac0000 - 0x00007ff903ad8000 	C:\Program Files\Java\jdk-16.0.2\bin\jli.dll
0x00007ff909e80000 - 0x00007ff909f2e000 	C:\WINDOWS\System32\ADVAPI32.dll
0x00007ff908c60000 - 0x00007ff908d03000 	C:\WINDOWS\System32\msvcrt.dll
0x00007ff908d10000 - 0x00007ff908dae000 	C:\WINDOWS\System32\sechost.dll
0x00007ff9094a0000 - 0x00007ff9095c0000 	C:\WINDOWS\System32\RPCRT4.dll
0x00007ff8f8720000 - 0x00007ff8f8739000 	C:\Program Files\Java\jdk-16.0.2\bin\VCRUNTIME140.dll
0x00007ff909140000 - 0x00007ff9092ec000 	C:\WINDOWS\System32\USER32.dll
0x00007ff907dd0000 - 0x00007ff907df6000 	C:\WINDOWS\System32\win32u.dll
0x00007ff909f30000 - 0x00007ff909f59000 	C:\WINDOWS\System32\GDI32.dll
0x00007ff9085e0000 - 0x00007ff9086f2000 	C:\WINDOWS\System32\gdi32full.dll
0x00007ff9084d0000 - 0x00007ff90856d000 	C:\WINDOWS\System32\msvcp_win.dll
0x00007ff900e80000 - 0x00007ff900e8a000 	C:\WINDOWS\SYSTEM32\VERSION.dll
0x00007ff8f94a0000 - 0x00007ff8f9745000 	C:\WINDOWS\WinSxS\amd64_microsoft.windows.common-controls_6595b64144ccf1df_6.0.22000.120_none_9d947278b86cc467\COMCTL32.dll
0x00007ff908780000 - 0x00007ff9087b1000 	C:\WINDOWS\System32\IMM32.DLL
0x00007ff903b00000 - 0x00007ff903b0c000 	C:\Program Files\Java\jdk-16.0.2\bin\vcruntime140_1.dll
0x00007ff8f3630000 - 0x00007ff8f36c1000 	C:\Program Files\Java\jdk-16.0.2\bin\msvcp140.dll
0x00007ff8bbad0000 - 0x00007ff8bc67b000 	C:\Program Files\Java\jdk-16.0.2\bin\server\jvm.dll
0x00007ff908840000 - 0x00007ff908848000 	C:\WINDOWS\System32\PSAPI.DLL
0x00007ff8f84e0000 - 0x00007ff8f84e9000 	C:\WINDOWS\SYSTEM32\WSOCK32.dll
0x00007ff908ae0000 - 0x00007ff908b4f000 	C:\WINDOWS\System32\WS2_32.dll
0x00007ff902ad0000 - 0x00007ff902b03000 	C:\WINDOWS\SYSTEM32\WINMM.dll
0x00007ff906e90000 - 0x00007ff906ea8000 	C:\WINDOWS\SYSTEM32\kernel.appcore.dll
0x00007ff903a00000 - 0x00007ff903a0a000 	C:\Program Files\Java\jdk-16.0.2\bin\jimage.dll
0x00007ff905970000 - 0x00007ff905b91000 	C:\WINDOWS\SYSTEM32\DBGHELP.DLL
0x00007ff8f9e60000 - 0x00007ff8f9e91000 	C:\WINDOWS\SYSTEM32\dbgcore.DLL
0x00007ff908700000 - 0x00007ff90877f000 	C:\WINDOWS\System32\bcryptPrimitives.dll
0x00007ff8f7af0000 - 0x00007ff8f7b15000 	C:\Program Files\Java\jdk-16.0.2\bin\java.dll
0x00007ff909f60000 - 0x00007ff90a70f000 	C:\WINDOWS\System32\SHELL32.dll
0x00007ff906420000 - 0x00007ff906c88000 	C:\WINDOWS\SYSTEM32\windows.storage.dll
0x00007ff909b00000 - 0x00007ff909e78000 	C:\WINDOWS\System32\combase.dll
0x00007ff9062b0000 - 0x00007ff906416000 	C:\WINDOWS\SYSTEM32\wintypes.dll
0x00007ff908b70000 - 0x00007ff908c5a000 	C:\WINDOWS\System32\SHCORE.dll
0x00007ff908990000 - 0x00007ff9089ed000 	C:\WINDOWS\System32\shlwapi.dll
0x00007ff907d00000 - 0x00007ff907d21000 	C:\WINDOWS\SYSTEM32\profapi.dll
0x00007ff8f8390000 - 0x00007ff8f83a9000 	C:\Program Files\Java\jdk-16.0.2\bin\net.dll
0x00007ff9003b0000 - 0x00007ff9004bc000 	C:\WINDOWS\SYSTEM32\WINHTTP.dll
0x00007ff907340000 - 0x00007ff9073a7000 	C:\WINDOWS\system32\mswsock.dll
0x00007ff8f7a20000 - 0x00007ff8f7a33000 	C:\Program Files\Java\jdk-16.0.2\bin\nio.dll
0x00007ff8f76f0000 - 0x00007ff8f7708000 	C:\Program Files\Java\jdk-16.0.2\bin\zip.dll
0x00007ff8d0e20000 - 0x00007ff8d0fa0000 	C:\Program Files\Java\jdk-16.0.2\bin\awt.dll
0x00007ff908850000 - 0x00007ff908926000 	C:\WINDOWS\System32\OLEAUT32.dll
0x00007ff904fc0000 - 0x00007ff905051000 	C:\WINDOWS\SYSTEM32\apphelp.dll
0x00007ff905110000 - 0x00007ff9051bc000 	C:\WINDOWS\system32\uxtheme.dll
0x00007ff9043f0000 - 0x00007ff90441b000 	C:\Program Files (x86)\UltraViewer\uvh64.dll
0x00007ff90a780000 - 0x00007ff90a89e000 	C:\WINDOWS\System32\MSCTF.dll
0x00007ff9092f0000 - 0x00007ff90948a000 	C:\WINDOWS\System32\ole32.dll
0x00007ff905510000 - 0x00007ff90553f000 	C:\WINDOWS\system32\DWMAPI.DLL
0x00007ff8f35a0000 - 0x00007ff8f3629000 	C:\Program Files\Java\jdk-16.0.2\bin\freetype.dll
0x00007ff8c23b0000 - 0x00007ff8c24a6000 	C:\Program Files\Java\jdk-16.0.2\bin\harfbuzz.dll
0x00007ff8f3580000 - 0x00007ff8f3592000 	C:\Program Files\Java\jdk-16.0.2\bin\fontmanager.dll
0x00007ff8c24b0000 - 0x00007ff8c25b1000 	C:\WINDOWS\system32\opengl32.dll
0x00007ff8f6fe0000 - 0x00007ff8f700d000 	C:\WINDOWS\SYSTEM32\GLU32.dll
0x00007ff905250000 - 0x00007ff905288000 	C:\WINDOWS\SYSTEM32\dxcore.dll
0x00007ff8fbce0000 - 0x00007ff8fbe86000 	C:\WINDOWS\system32\d3d9.dll
0x00007ff8ff4a0000 - 0x00007ff8ff67b000 	C:\Windows\System32\DriverStore\FileRepository\u0357645.inf_amd64_3c66802dbd4d45a0\B357435\aticfx64.dll
0x00007ff8b04b0000 - 0x00007ff8b04e3000 	C:\Windows\System32\DriverStore\FileRepository\u0357645.inf_amd64_3c66802dbd4d45a0\B357435\atiu9p64.dll
0x00007ff8af810000 - 0x00007ff8b04a6000 	C:\Windows\System32\DriverStore\FileRepository\u0357645.inf_amd64_3c66802dbd4d45a0\B357435\atiumd64.dll
0x00000000585d0000 - 0x000000005944d000 	C:\WINDOWS\System32\DriverStore\FileRepository\u0357645.inf_amd64_3c66802dbd4d45a0\B357435\atiumd6a.dll
0x00007ff907790000 - 0x00007ff9077dd000 	C:\WINDOWS\SYSTEM32\POWRPROF.dll
0x00007ff907710000 - 0x00007ff907723000 	C:\WINDOWS\SYSTEM32\UMPDC.dll
0x00007ff8fd790000 - 0x00007ff8fd7bf000 	C:\WINDOWS\SYSTEM32\amdihk64.dll
0x00007ff9034f0000 - 0x00007ff903534000 	C:\WINDOWS\SYSTEM32\directxdatabasehelper.dll
0x00007ff9053d0000 - 0x00007ff905404000 	C:\WINDOWS\SYSTEM32\ntmarta.dll
0x00007ff902e50000 - 0x00007ff902e60000 	C:\Program Files\Java\jdk-16.0.2\bin\verify.dll
0x00007ff9095e0000 - 0x00007ff90968f000 	C:\WINDOWS\System32\clbcatq.dll
0x00007ff901440000 - 0x00007ff9015ee000 	C:\WINDOWS\SYSTEM32\WindowsCodecs.dll
0x00007ff8c8c30000 - 0x00007ff8c8c8d000 	C:\WINDOWS\system32\dataexchange.dll
0x00007ff9000d0000 - 0x00007ff900336000 	C:\WINDOWS\system32\twinapi.appcore.dll
0x00007ff905fa0000 - 0x00007ff906088000 	C:\WINDOWS\SYSTEM32\DNSAPI.dll
0x00007ff905f70000 - 0x00007ff905f9d000 	C:\WINDOWS\SYSTEM32\IPHLPAPI.DLL
0x00007ff908b50000 - 0x00007ff908b59000 	C:\WINDOWS\System32\NSI.dll
0x00007ff8fd810000 - 0x00007ff8fd81a000 	C:\Windows\System32\rasadhlp.dll
0x00007ff8fd8a0000 - 0x00007ff8fd921000 	C:\WINDOWS\System32\fwpuclnt.dll
0x00007ff900e90000 - 0x00007ff900ea9000 	C:\WINDOWS\SYSTEM32\dhcpcsvc6.DLL
0x00007ff9011f0000 - 0x00007ff90120e000 	C:\WINDOWS\SYSTEM32\dhcpcsvc.DLL
0x00007ff8e5800000 - 0x00007ff8e5817000 	C:\WINDOWS\system32\napinsp.dll
0x00007ff8e5630000 - 0x00007ff8e564b000 	C:\WINDOWS\system32\pnrpnsp.dll
0x00007ff8e5530000 - 0x00007ff8e5542000 	C:\WINDOWS\System32\winrnr.dll
0x00007ff8e53f0000 - 0x00007ff8e5405000 	C:\WINDOWS\system32\wshbth.dll
0x00007ff8e53d0000 - 0x00007ff8e53ef000 	C:\WINDOWS\system32\nlansp_c.dll
0x00007ff8cf210000 - 0x00007ff8cf33d000 	C:\WINDOWS\SYSTEM32\textinputframework.dll
0x00007ff904cd0000 - 0x00007ff904e02000 	C:\WINDOWS\SYSTEM32\CoreMessaging.dll
0x00007ff9026f0000 - 0x00007ff902a5d000 	C:\WINDOWS\SYSTEM32\CoreUIComponents.dll
0x00007ff9075d0000 - 0x00007ff9075dc000 	C:\WINDOWS\SYSTEM32\CRYPTBASE.DLL

dbghelp: loaded successfully - version: 4.0.5 - missing functions: none
symbol engine: initialized successfully - sym options: 0x614 - pdb path: .;C:\Program Files\Java\jdk-16.0.2\bin;C:\WINDOWS\SYSTEM32;C:\WINDOWS\WinSxS\amd64_microsoft.windows.common-controls_6595b64144ccf1df_6.0.22000.120_none_9d947278b86cc467;C:\Program Files\Java\jdk-16.0.2\bin\server;C:\Program Files (x86)\UltraViewer;C:\Windows\System32\DriverStore\FileRepository\u0357645.inf_amd64_3c66802dbd4d45a0\B357435

VM Arguments:
jvm_args: -Dfile.encoding=UTF-8 --module-path=D:\Netbean_Java\Java_Project_ST6\build\classes 
java_command: view.TrangChu
java_class_path (initial): C:\Program Files\NetBeans-12.4\netbeans\java\modules\ext\AbsoluteLayout.jar;C:\Program Files\NetBeans-12.4\netbeans\java\modules\ext\org-netbeans-modules-java-j2seembedded-probe.jar;D:\Netbean_Java\CacLoaiThuVien\TimingFramework-0.55.jar;D:\Netbean_Java\CacLoaiThuVien\jcommon-1.0.23.jar;D:\Netbean_Java\CacLoaiThuVien\jfreechart-1.0.19.jar;D:\Netbean_Java\CacLoaiThuVien\mssql-jdbc-9.4.1.jre16.jar;D:\Netbean_Java\CacLoaiThuVien\jtds-1.3.1-dist\jtds-1.3.1.jar;D:\Netbean_Java\Java_Project_ST6\build\classes
Launcher Type: SUN_STANDARD

[Global flags]
     intx CICompilerCount                          = 4                                         {product} {ergonomic}
     uint ConcGCThreads                            = 2                                         {product} {ergonomic}
     uint G1ConcRefinementThreads                  = 8                                         {product} {ergonomic}
   size_t G1HeapRegionSize                         = 1048576                                   {product} {ergonomic}
    uintx GCDrainStackTargetSize                   = 64                                        {product} {ergonomic}
   size_t InitialHeapSize                          = 100663296                                 {product} {ergonomic}
   size_t MarkStackSize                            = 4194304                                   {product} {ergonomic}
   size_t MaxHeapSize                              = 1595932672                                {product} {ergonomic}
   size_t MaxNewSize                               = 957349888                                 {product} {ergonomic}
   size_t MinHeapDeltaBytes                        = 1048576                                   {product} {ergonomic}
   size_t MinHeapSize                              = 8388608                                   {product} {ergonomic}
    uintx NonNMethodCodeHeapSize                   = 5839372                                {pd product} {ergonomic}
    uintx NonProfiledCodeHeapSize                  = 122909434                              {pd product} {ergonomic}
    uintx ProfiledCodeHeapSize                     = 122909434                              {pd product} {ergonomic}
    uintx ReservedCodeCacheSize                    = 251658240                              {pd product} {ergonomic}
     bool SegmentedCodeCache                       = true                                      {product} {ergonomic}
   size_t SoftMaxHeapSize                          = 1595932672                             {manageable} {ergonomic}
     bool UseCompressedClassPointers               = true                           {product lp64_product} {ergonomic}
     bool UseCompressedOops                        = true                           {product lp64_product} {ergonomic}
     bool UseG1GC                                  = true                                      {product} {ergonomic}
     bool UseLargePagesIndividualAllocation        = false                                  {pd product} {ergonomic}

Logging:
Log output configuration:
 #0: stdout all=warning uptime,level,tags
 #1: stderr all=off uptime,level,tags

Environment Variables:
JAVA_HOME=C:\Program Files\Java\jdk-16.0.2
PATH=C:\Program Files\Microsoft MPI\Bin\;C:\Program Files\Common Files\Microsoft Shared\Microsoft Online Services;C:\Program Files (x86)\Common Files\Microsoft Shared\Microsoft Online Services;C:\Program Files\Common Files\Oracle\Java\javapath;C:\Program Files\Eclipse Foundation\jdk-11.0.12.7-hotspot\bin;C:\Program Files (x86)\VMware\VMware Workstation\bin\;C:\Windows\system32;C:\Windows;C:\Windows\System32\Wbem;C:\Windows\System32\WindowsPowerShell\v1.0\;C:\Windows\System32\OpenSSH\;C:\Program Files (x86)\NVIDIA Corporation\PhysX\Common;C:\Program Files\NVIDIA Corporation\NVIDIA NvDLISR;C:\WINDOWS\system32;C:\WINDOWS;C:\WINDOWS\System32\Wbem;C:\WINDOWS\System32\WindowsPowerShell\v1.0\;C:\WINDOWS\System32\OpenSSH\;C:\Program Files\nodejs\;C:\Program Files\Azure Data Studio\bin;C:\Program Files\Microsoft SQL Server\Client SDK\ODBC\170\Tools\Binn\;C:\Program Files (x86)\Microsoft SQL Server\150\Tools\Binn\;C:\Program Files\Microsoft SQL Server\150\Tools\Binn\;C:\Program Files (x86)\Microsoft SQL Server\150\DTS\Binn\;C:\Program Files\Microsoft SQL Server\150\DTS\Binn\;C:\Program Files\Git\cmd;C:\Program Files\dotnet\;C:\Program Files\Docker\Docker\resources\bin;C:\ProgramData\DockerDesktop\version-bin;C:\Program Files\Microsoft SQL Server\130\Tools\Binn\;D:\VB.Net\Python;D:\VB.Net\Python\Library\mingw-w64\bin;D:\VB.Net\Python\Library\usr\bin;D:\VB.Net\Python\Library\bin;D:\VB.Net\Python\Scripts;C:\Users\ACER\AppData\Local\Programs\Python\Python310\Scripts\;C:\Users\ACER\AppData\Local\Programs\Python\Python310\;C:\Users\ACER\AppData\Local\Microsoft\WindowsApps;C:\Users\ACER\Desktop\Microsoft VS Code\bin;C:\Users\ACER\AppData\Roaming\npm;C:\Program Files\Azure Data Studio\bin;C:\Program Files\JetBrains\IntelliJ IDEA 2021.3.1\bin;;C:\Program Files\JetBrains\IntelliJ IDEA Community Edition 2021.3.1\bin;;C:\Users\ACER\.dotnet\tools
USERNAME=ACER
OS=Windows_NT
PROCESSOR_IDENTIFIER=AMD64 Family 23 Model 24 Stepping 1, AuthenticAMD



---------------  S Y S T E M  ---------------

OS:
 Windows 10 , 64 bit Build 22000 (10.0.22000.613)
OS uptime: 0 days 7:37 hours
Hyper-V role detected

CPU: total 8 (initial active 8) (8 cores per cpu, 2 threads per core) family 23 model 24 stepping 1 microcode 0x0, cx8, cmov, fxsr, ht, mmx, 3dnowpref, sse, sse2, sse3, ssse3, sse4a, sse4.1, sse4.2, popcnt, lzcnt, tsc, tscinvbit, avx, avx2, aes, clmul, bmi1, bmi2, adx, sha, fma, vzeroupper, clflush, clflushopt, hv

Memory: 4k page, system-wide physical 6081M (307M free)
TotalPageFile size 24513M (AvailPageFile size 1M)
current process WorkingSet (physical memory assigned to process): 120M, peak: 146M
current process commit charge ("private bytes"): 277M, peak: 285M

vm_info: Java HotSpot(TM) 64-Bit Server VM (16.0.2+7-67) for windows-amd64 JRE (16.0.2+7-67), built on Jun  8 2021 23:24:19 by "mach5one" with MS VC++ 16.7 (VS2019)

END.
