#
# There is insufficient memory for the Java Runtime Environment to continue.
# Native memory allocation (mmap) failed to map 65536 bytes for Failed to commit metaspace.
# Possible reasons:
#   The system is out of physical RAM or swap space
#   The process is running with CompressedOops enabled, and the Java Heap may be blocking the growth of the native heap
# Possible solutions:
#   Reduce memory load on the system
#   Increase physical memory or swap space
#   Check if swap backing store is full
#   Decrease Java heap size (-Xmx/-Xms)
#   Decrease number of Java threads
#   Decrease Java thread stack sizes (-Xss)
#   Set larger code cache with -XX:ReservedCodeCacheSize=
#   JVM is running with Unscaled Compressed Oops mode in which the Java heap is
#     placed in the first 4GB address space. The Java Heap base address is the
#     maximum limit for the native heap growth. Please use -XX:HeapBaseMinAddress
#     to set the Java Heap base and to place the Java Heap above 4GB virtual address.
# This output file may be truncated or incomplete.
#
#  Out of Memory Error (virtualSpaceNode.cpp:108), pid=21208, tid=23928
#
# JRE version: Java(TM) SE Runtime Environment (16.0.2+7) (build 16.0.2+7-67)
# Java VM: Java HotSpot(TM) 64-Bit Server VM (16.0.2+7-67, mixed mode, sharing, tiered, compressed oops, compressed class ptrs, g1 gc, windows-amd64)
# No core dump will be written. Minidumps are not enabled by default on client versions of Windows
#

---------------  S U M M A R Y ------------

Command Line: -Dfile.encoding=UTF-8 --module-path=D:\Netbean_Java\Java_Project_ST6\build\classes view.TrangChu

Host: AMD Ryzen 7 3750H with Radeon Vega Mobile Gfx  , 8 cores, 5G,  Windows 10 , 64 bit Build 22000 (10.0.22000.613)
Time: Thu May 12 23:03:30 2022 SE Asia Standard Time elapsed time: 0.237062 seconds (0d 0h 0m 0s)

---------------  T H R E A D  ---------------

Current thread (0x000001bae677c4d0):  JavaThread "main" [_thread_in_vm, id=23928, stack(0x00000059b3200000,0x00000059b3300000)]

Stack: [0x00000059b3200000,0x00000059b3300000]
Native frames: (J=compiled Java code, j=interpreted, Vv=VM code, C=native code)
V  [jvm.dll+0x6681ca]
V  [jvm.dll+0x7c9e69]
V  [jvm.dll+0x7cb61e]
V  [jvm.dll+0x7cbc73]
V  [jvm.dll+0x242c55]
V  [jvm.dll+0x7c64eb]
V  [jvm.dll+0x60ddd6]
V  [jvm.dll+0x60de3a]
V  [jvm.dll+0x61046a]
V  [jvm.dll+0x60e6d1]
V  [jvm.dll+0x2406bc]
V  [jvm.dll+0x6bf02d]
V  [jvm.dll+0x6bfa4f]
V  [jvm.dll+0x367023]
V  [jvm.dll+0x366e86]
V  [jvm.dll+0x366e86]
V  [jvm.dll+0x366e86]
V  [jvm.dll+0x366e86]
V  [jvm.dll+0x4065ce]
V  [jvm.dll+0x411ec7]
C  0x000001baedf0dd22

Java frames: (J=compiled Java code, j=interpreted, Vv=VM code)
j  java.lang.Class.getDeclaredMethods0(Z)[Ljava/lang/reflect/Method;+0 java.base@16.0.2
j  java.lang.Class.privateGetDeclaredMethods(Z)[Ljava/lang/reflect/Method;+34 java.base@16.0.2
j  java.lang.Class.getMethodsRecursive(Ljava/lang/String;[Ljava/lang/Class;Z)Ljava/lang/PublicMethods$MethodList;+2 java.base@16.0.2
j  java.lang.Class.getMethod0(Ljava/lang/String;[Ljava/lang/Class;)Ljava/lang/reflect/Method;+14 java.base@16.0.2
j  java.lang.Class.getMethod(Ljava/lang/String;[Ljava/lang/Class;)Ljava/lang/reflect/Method;+26 java.base@16.0.2
j  sun.launcher.LauncherHelper.validateMainClass(Ljava/lang/Class;)V+16 java.base@16.0.2
j  sun.launcher.LauncherHelper.checkAndLoadMain(ZILjava/lang/String;)Ljava/lang/Class;+80 java.base@16.0.2
v  ~StubRoutines::call_stub

---------------  P R O C E S S  ---------------

Threads class SMR info:
_java_thread_list=0x000001ba842090d0, length=12, elements={
0x000001bae677c4d0, 0x000001baffcba9c0, 0x000001baffcbc020, 0x000001baffccdae0,
0x000001baffcce3f0, 0x000001baffccedf0, 0x000001baffcd1740, 0x000001baffcd81d0,
0x000001baffcd9460, 0x000001baffceea30, 0x000001ba8414ea50, 0x000001ba842a0590
}

Java Threads: ( => current thread )
=>0x000001bae677c4d0 JavaThread "main" [_thread_in_vm, id=23928, stack(0x00000059b3200000,0x00000059b3300000)]
  0x000001baffcba9c0 JavaThread "Reference Handler" daemon [_thread_blocked, id=18468, stack(0x00000059b3900000,0x00000059b3a00000)]
  0x000001baffcbc020 JavaThread "Finalizer" daemon [_thread_blocked, id=11060, stack(0x00000059b3a00000,0x00000059b3b00000)]
  0x000001baffccdae0 JavaThread "Signal Dispatcher" daemon [_thread_blocked, id=2776, stack(0x00000059b3b00000,0x00000059b3c00000)]
  0x000001baffcce3f0 JavaThread "Attach Listener" daemon [_thread_blocked, id=15252, stack(0x00000059b3c00000,0x00000059b3d00000)]
  0x000001baffccedf0 JavaThread "Service Thread" daemon [_thread_blocked, id=5056, stack(0x00000059b3d00000,0x00000059b3e00000)]
  0x000001baffcd1740 JavaThread "Monitor Deflation Thread" daemon [_thread_blocked, id=14300, stack(0x00000059b3e00000,0x00000059b3f00000)]
  0x000001baffcd81d0 JavaThread "C2 CompilerThread0" daemon [_thread_blocked, id=21280, stack(0x00000059b3f00000,0x00000059b4000000)]
  0x000001baffcd9460 JavaThread "C1 CompilerThread0" daemon [_thread_blocked, id=21060, stack(0x00000059b4000000,0x00000059b4100000)]
  0x000001baffceea30 JavaThread "Sweeper thread" daemon [_thread_blocked, id=26548, stack(0x00000059b4100000,0x00000059b4200000)]
  0x000001ba8414ea50 JavaThread "Common-Cleaner" daemon [_thread_blocked, id=9140, stack(0x00000059b4200000,0x00000059b4300000)]
  0x000001ba842a0590 JavaThread "Notification Thread" daemon [_thread_blocked, id=26388, stack(0x00000059b4300000,0x00000059b4400000)]

Other Threads:
  0x000001baffcb66c0 VMThread "VM Thread" [stack: 0x00000059b3800000,0x00000059b3900000] [id=21636]
  0x000001ba842a0ab0 WatcherThread [stack: 0x00000059b4400000,0x00000059b4500000] [id=1420]
  0x000001bae67b74d0 GCTaskThread "GC Thread#0" [stack: 0x00000059b3300000,0x00000059b3400000] [id=13948]
  0x000001bae67c4450 ConcurrentGCThread "G1 Main Marker" [stack: 0x00000059b3400000,0x00000059b3500000] [id=22216]
  0x000001bae67c6670 ConcurrentGCThread "G1 Conc#0" [stack: 0x00000059b3500000,0x00000059b3600000] [id=26520]
  0x000001bae6838fa0 ConcurrentGCThread "G1 Refine#0" [stack: 0x00000059b3600000,0x00000059b3700000] [id=25744]
  0x000001bae6839a20 ConcurrentGCThread "G1 Service" [stack: 0x00000059b3700000,0x00000059b3800000] [id=25428]

Threads with active compile tasks:

VM state: not at safepoint (normal execution)

VM Mutex/Monitor currently owned by a thread:  ([mutex/lock_event])
[0x000001bae67772a0] MetaspaceExpand_lock - owner thread: 0x000001bae677c4d0

Heap address: 0x00000000a0e00000, size: 1522 MB, Compressed Oops mode: 32-bit

CDS archive(s) mapped at: [0x0000000800000000-0x0000000800bb0000-0x0000000800bb0000), size 12255232, SharedBaseAddress: 0x0000000800000000, ArchiveRelocationMode: 0.
Compressed class space mapped at: 0x0000000800c00000-0x0000000840c00000, reserved size: 1073741824
Narrow klass base: 0x0000000800000000, Narrow klass shift: 3, Narrow klass range: 0x100000000

GC Precious Log:
 CPUs: 8 total, 8 available
 Memory: 6081M
 Large Page Support: Disabled
 NUMA Support: Disabled
 Compressed Oops: Enabled (32-bit)
 Heap Region Size: 1M
 Heap Min Capacity: 8M
 Heap Initial Capacity: 96M
 Heap Max Capacity: 1522M
 Pre-touch: Disabled
 Parallel Workers: 8
 Concurrent Workers: 2
 Concurrent Refinement Workers: 8
 Periodic GC: Disabled

Heap:
 garbage-first heap   total 98304K, used 1024K [0x00000000a0e00000, 0x0000000100000000)
  region size 1024K, 3 young (3072K), 0 survivors (0K)
 Metaspace       used 793K, committed 896K, reserved 1056768K
  class space    used 48K, committed 128K, reserved 1048576K

Heap Regions: E=young(eden), S=young(survivor), O=old, HS=humongous(starts), HC=humongous(continues), CS=collection set, F=free, OA=open archive, CA=closed archive, TAMS=top-at-mark-start (previous, next)
|   0|0x00000000a0e00000, 0x00000000a0e00000, 0x00000000a0f00000|  0%| F|  |TAMS 0x00000000a0e00000, 0x00000000a0e00000| Untracked 
|   1|0x00000000a0f00000, 0x00000000a0f00000, 0x00000000a1000000|  0%| F|  |TAMS 0x00000000a0f00000, 0x00000000a0f00000| Untracked 
|   2|0x00000000a1000000, 0x00000000a1000000, 0x00000000a1100000|  0%| F|  |TAMS 0x00000000a1000000, 0x00000000a1000000| Untracked 
|   3|0x00000000a1100000, 0x00000000a1100000, 0x00000000a1200000|  0%| F|  |TAMS 0x00000000a1100000, 0x00000000a1100000| Untracked 
|   4|0x00000000a1200000, 0x00000000a1200000, 0x00000000a1300000|  0%| F|  |TAMS 0x00000000a1200000, 0x00000000a1200000| Untracked 
|   5|0x00000000a1300000, 0x00000000a1300000, 0x00000000a1400000|  0%| F|  |TAMS 0x00000000a1300000, 0x00000000a1300000| Untracked 
|   6|0x00000000a1400000, 0x00000000a1400000, 0x00000000a1500000|  0%| F|  |TAMS 0x00000000a1400000, 0x00000000a1400000| Untracked 
|   7|0x00000000a1500000, 0x00000000a1500000, 0x00000000a1600000|  0%| F|  |TAMS 0x00000000a1500000, 0x00000000a1500000| Untracked 
|   8|0x00000000a1600000, 0x00000000a1600000, 0x00000000a1700000|  0%| F|  |TAMS 0x00000000a1600000, 0x00000000a1600000| Untracked 
|   9|0x00000000a1700000, 0x00000000a1700000, 0x00000000a1800000|  0%| F|  |TAMS 0x00000000a1700000, 0x00000000a1700000| Untracked 
|  10|0x00000000a1800000, 0x00000000a1800000, 0x00000000a1900000|  0%| F|  |TAMS 0x00000000a1800000, 0x00000000a1800000| Untracked 
|  11|0x00000000a1900000, 0x00000000a1900000, 0x00000000a1a00000|  0%| F|  |TAMS 0x00000000a1900000, 0x00000000a1900000| Untracked 
|  12|0x00000000a1a00000, 0x00000000a1a00000, 0x00000000a1b00000|  0%| F|  |TAMS 0x00000000a1a00000, 0x00000000a1a00000| Untracked 
|  13|0x00000000a1b00000, 0x00000000a1b00000, 0x00000000a1c00000|  0%| F|  |TAMS 0x00000000a1b00000, 0x00000000a1b00000| Untracked 
|  14|0x00000000a1c00000, 0x00000000a1c00000, 0x00000000a1d00000|  0%| F|  |TAMS 0x00000000a1c00000, 0x00000000a1c00000| Untracked 
|  15|0x00000000a1d00000, 0x00000000a1d00000, 0x00000000a1e00000|  0%| F|  |TAMS 0x00000000a1d00000, 0x00000000a1d00000| Untracked 
|  16|0x00000000a1e00000, 0x00000000a1e00000, 0x00000000a1f00000|  0%| F|  |TAMS 0x00000000a1e00000, 0x00000000a1e00000| Untracked 
|  17|0x00000000a1f00000, 0x00000000a1f00000, 0x00000000a2000000|  0%| F|  |TAMS 0x00000000a1f00000, 0x00000000a1f00000| Untracked 
|  18|0x00000000a2000000, 0x00000000a2000000, 0x00000000a2100000|  0%| F|  |TAMS 0x00000000a2000000, 0x00000000a2000000| Untracked 
|  19|0x00000000a2100000, 0x00000000a2100000, 0x00000000a2200000|  0%| F|  |TAMS 0x00000000a2100000, 0x00000000a2100000| Untracked 
|  20|0x00000000a2200000, 0x00000000a2200000, 0x00000000a2300000|  0%| F|  |TAMS 0x00000000a2200000, 0x00000000a2200000| Untracked 
|  21|0x00000000a2300000, 0x00000000a2300000, 0x00000000a2400000|  0%| F|  |TAMS 0x00000000a2300000, 0x00000000a2300000| Untracked 
|  22|0x00000000a2400000, 0x00000000a2400000, 0x00000000a2500000|  0%| F|  |TAMS 0x00000000a2400000, 0x00000000a2400000| Untracked 
|  23|0x00000000a2500000, 0x00000000a2500000, 0x00000000a2600000|  0%| F|  |TAMS 0x00000000a2500000, 0x00000000a2500000| Untracked 
|  24|0x00000000a2600000, 0x00000000a2600000, 0x00000000a2700000|  0%| F|  |TAMS 0x00000000a2600000, 0x00000000a2600000| Untracked 
|  25|0x00000000a2700000, 0x00000000a2700000, 0x00000000a2800000|  0%| F|  |TAMS 0x00000000a2700000, 0x00000000a2700000| Untracked 
|  26|0x00000000a2800000, 0x00000000a2800000, 0x00000000a2900000|  0%| F|  |TAMS 0x00000000a2800000, 0x00000000a2800000| Untracked 
|  27|0x00000000a2900000, 0x00000000a2900000, 0x00000000a2a00000|  0%| F|  |TAMS 0x00000000a2900000, 0x00000000a2900000| Untracked 
|  28|0x00000000a2a00000, 0x00000000a2a00000, 0x00000000a2b00000|  0%| F|  |TAMS 0x00000000a2a00000, 0x00000000a2a00000| Untracked 
|  29|0x00000000a2b00000, 0x00000000a2b00000, 0x00000000a2c00000|  0%| F|  |TAMS 0x00000000a2b00000, 0x00000000a2b00000| Untracked 
|  30|0x00000000a2c00000, 0x00000000a2c00000, 0x00000000a2d00000|  0%| F|  |TAMS 0x00000000a2c00000, 0x00000000a2c00000| Untracked 
|  31|0x00000000a2d00000, 0x00000000a2d00000, 0x00000000a2e00000|  0%| F|  |TAMS 0x00000000a2d00000, 0x00000000a2d00000| Untracked 
|  32|0x00000000a2e00000, 0x00000000a2e00000, 0x00000000a2f00000|  0%| F|  |TAMS 0x00000000a2e00000, 0x00000000a2e00000| Untracked 
|  33|0x00000000a2f00000, 0x00000000a2f00000, 0x00000000a3000000|  0%| F|  |TAMS 0x00000000a2f00000, 0x00000000a2f00000| Untracked 
|  34|0x00000000a3000000, 0x00000000a3000000, 0x00000000a3100000|  0%| F|  |TAMS 0x00000000a3000000, 0x00000000a3000000| Untracked 
|  35|0x00000000a3100000, 0x00000000a3100000, 0x00000000a3200000|  0%| F|  |TAMS 0x00000000a3100000, 0x00000000a3100000| Untracked 
|  36|0x00000000a3200000, 0x00000000a3200000, 0x00000000a3300000|  0%| F|  |TAMS 0x00000000a3200000, 0x00000000a3200000| Untracked 
|  37|0x00000000a3300000, 0x00000000a3300000, 0x00000000a3400000|  0%| F|  |TAMS 0x00000000a3300000, 0x00000000a3300000| Untracked 
|  38|0x00000000a3400000, 0x00000000a3400000, 0x00000000a3500000|  0%| F|  |TAMS 0x00000000a3400000, 0x00000000a3400000| Untracked 
|  39|0x00000000a3500000, 0x00000000a3500000, 0x00000000a3600000|  0%| F|  |TAMS 0x00000000a3500000, 0x00000000a3500000| Untracked 
|  40|0x00000000a3600000, 0x00000000a3600000, 0x00000000a3700000|  0%| F|  |TAMS 0x00000000a3600000, 0x00000000a3600000| Untracked 
|  41|0x00000000a3700000, 0x00000000a3700000, 0x00000000a3800000|  0%| F|  |TAMS 0x00000000a3700000, 0x00000000a3700000| Untracked 
|  42|0x00000000a3800000, 0x00000000a3800000, 0x00000000a3900000|  0%| F|  |TAMS 0x00000000a3800000, 0x00000000a3800000| Untracked 
|  43|0x00000000a3900000, 0x00000000a3900000, 0x00000000a3a00000|  0%| F|  |TAMS 0x00000000a3900000, 0x00000000a3900000| Untracked 
|  44|0x00000000a3a00000, 0x00000000a3a00000, 0x00000000a3b00000|  0%| F|  |TAMS 0x00000000a3a00000, 0x00000000a3a00000| Untracked 
|  45|0x00000000a3b00000, 0x00000000a3b00000, 0x00000000a3c00000|  0%| F|  |TAMS 0x00000000a3b00000, 0x00000000a3b00000| Untracked 
|  46|0x00000000a3c00000, 0x00000000a3c00000, 0x00000000a3d00000|  0%| F|  |TAMS 0x00000000a3c00000, 0x00000000a3c00000| Untracked 
|  47|0x00000000a3d00000, 0x00000000a3d00000, 0x00000000a3e00000|  0%| F|  |TAMS 0x00000000a3d00000, 0x00000000a3d00000| Untracked 
|  48|0x00000000a3e00000, 0x00000000a3e00000, 0x00000000a3f00000|  0%| F|  |TAMS 0x00000000a3e00000, 0x00000000a3e00000| Untracked 
|  49|0x00000000a3f00000, 0x00000000a3f00000, 0x00000000a4000000|  0%| F|  |TAMS 0x00000000a3f00000, 0x00000000a3f00000| Untracked 
|  50|0x00000000a4000000, 0x00000000a4000000, 0x00000000a4100000|  0%| F|  |TAMS 0x00000000a4000000, 0x00000000a4000000| Untracked 
|  51|0x00000000a4100000, 0x00000000a4100000, 0x00000000a4200000|  0%| F|  |TAMS 0x00000000a4100000, 0x00000000a4100000| Untracked 
|  52|0x00000000a4200000, 0x00000000a4200000, 0x00000000a4300000|  0%| F|  |TAMS 0x00000000a4200000, 0x00000000a4200000| Untracked 
|  53|0x00000000a4300000, 0x00000000a4300000, 0x00000000a4400000|  0%| F|  |TAMS 0x00000000a4300000, 0x00000000a4300000| Untracked 
|  54|0x00000000a4400000, 0x00000000a4400000, 0x00000000a4500000|  0%| F|  |TAMS 0x00000000a4400000, 0x00000000a4400000| Untracked 
|  55|0x00000000a4500000, 0x00000000a4500000, 0x00000000a4600000|  0%| F|  |TAMS 0x00000000a4500000, 0x00000000a4500000| Untracked 
|  56|0x00000000a4600000, 0x00000000a4600000, 0x00000000a4700000|  0%| F|  |TAMS 0x00000000a4600000, 0x00000000a4600000| Untracked 
|  57|0x00000000a4700000, 0x00000000a4700000, 0x00000000a4800000|  0%| F|  |TAMS 0x00000000a4700000, 0x00000000a4700000| Untracked 
|  58|0x00000000a4800000, 0x00000000a4800000, 0x00000000a4900000|  0%| F|  |TAMS 0x00000000a4800000, 0x00000000a4800000| Untracked 
|  59|0x00000000a4900000, 0x00000000a4900000, 0x00000000a4a00000|  0%| F|  |TAMS 0x00000000a4900000, 0x00000000a4900000| Untracked 
|  60|0x00000000a4a00000, 0x00000000a4a00000, 0x00000000a4b00000|  0%| F|  |TAMS 0x00000000a4a00000, 0x00000000a4a00000| Untracked 
|  61|0x00000000a4b00000, 0x00000000a4b00000, 0x00000000a4c00000|  0%| F|  |TAMS 0x00000000a4b00000, 0x00000000a4b00000| Untracked 
|  62|0x00000000a4c00000, 0x00000000a4c00000, 0x00000000a4d00000|  0%| F|  |TAMS 0x00000000a4c00000, 0x00000000a4c00000| Untracked 
|  63|0x00000000a4d00000, 0x00000000a4d00000, 0x00000000a4e00000|  0%| F|  |TAMS 0x00000000a4d00000, 0x00000000a4d00000| Untracked 
|  64|0x00000000a4e00000, 0x00000000a4e00000, 0x00000000a4f00000|  0%| F|  |TAMS 0x00000000a4e00000, 0x00000000a4e00000| Untracked 
|  65|0x00000000a4f00000, 0x00000000a4f00000, 0x00000000a5000000|  0%| F|  |TAMS 0x00000000a4f00000, 0x00000000a4f00000| Untracked 
|  66|0x00000000a5000000, 0x00000000a5000000, 0x00000000a5100000|  0%| F|  |TAMS 0x00000000a5000000, 0x00000000a5000000| Untracked 
|  67|0x00000000a5100000, 0x00000000a5100000, 0x00000000a5200000|  0%| F|  |TAMS 0x00000000a5100000, 0x00000000a5100000| Untracked 
|  68|0x00000000a5200000, 0x00000000a5200000, 0x00000000a5300000|  0%| F|  |TAMS 0x00000000a5200000, 0x00000000a5200000| Untracked 
|  69|0x00000000a5300000, 0x00000000a5300000, 0x00000000a5400000|  0%| F|  |TAMS 0x00000000a5300000, 0x00000000a5300000| Untracked 
|  70|0x00000000a5400000, 0x00000000a5400000, 0x00000000a5500000|  0%| F|  |TAMS 0x00000000a5400000, 0x00000000a5400000| Untracked 
|  71|0x00000000a5500000, 0x00000000a5500000, 0x00000000a5600000|  0%| F|  |TAMS 0x00000000a5500000, 0x00000000a5500000| Untracked 
|  72|0x00000000a5600000, 0x00000000a5600000, 0x00000000a5700000|  0%| F|  |TAMS 0x00000000a5600000, 0x00000000a5600000| Untracked 
|  73|0x00000000a5700000, 0x00000000a5700000, 0x00000000a5800000|  0%| F|  |TAMS 0x00000000a5700000, 0x00000000a5700000| Untracked 
|  74|0x00000000a5800000, 0x00000000a5800000, 0x00000000a5900000|  0%| F|  |TAMS 0x00000000a5800000, 0x00000000a5800000| Untracked 
|  75|0x00000000a5900000, 0x00000000a5900000, 0x00000000a5a00000|  0%| F|  |TAMS 0x00000000a5900000, 0x00000000a5900000| Untracked 
|  76|0x00000000a5a00000, 0x00000000a5a00000, 0x00000000a5b00000|  0%| F|  |TAMS 0x00000000a5a00000, 0x00000000a5a00000| Untracked 
|  77|0x00000000a5b00000, 0x00000000a5b00000, 0x00000000a5c00000|  0%| F|  |TAMS 0x00000000a5b00000, 0x00000000a5b00000| Untracked 
|  78|0x00000000a5c00000, 0x00000000a5c00000, 0x00000000a5d00000|  0%| F|  |TAMS 0x00000000a5c00000, 0x00000000a5c00000| Untracked 
|  79|0x00000000a5d00000, 0x00000000a5d00000, 0x00000000a5e00000|  0%| F|  |TAMS 0x00000000a5d00000, 0x00000000a5d00000| Untracked 
|  80|0x00000000a5e00000, 0x00000000a5e00000, 0x00000000a5f00000|  0%| F|  |TAMS 0x00000000a5e00000, 0x00000000a5e00000| Untracked 
|  81|0x00000000a5f00000, 0x00000000a5f00000, 0x00000000a6000000|  0%| F|  |TAMS 0x00000000a5f00000, 0x00000000a5f00000| Untracked 
|  82|0x00000000a6000000, 0x00000000a6000000, 0x00000000a6100000|  0%| F|  |TAMS 0x00000000a6000000, 0x00000000a6000000| Untracked 
|  83|0x00000000a6100000, 0x00000000a6100000, 0x00000000a6200000|  0%| F|  |TAMS 0x00000000a6100000, 0x00000000a6100000| Untracked 
|  84|0x00000000a6200000, 0x00000000a6200000, 0x00000000a6300000|  0%| F|  |TAMS 0x00000000a6200000, 0x00000000a6200000| Untracked 
|  85|0x00000000a6300000, 0x00000000a6300000, 0x00000000a6400000|  0%| F|  |TAMS 0x00000000a6300000, 0x00000000a6300000| Untracked 
|  86|0x00000000a6400000, 0x00000000a6400000, 0x00000000a6500000|  0%| F|  |TAMS 0x00000000a6400000, 0x00000000a6400000| Untracked 
|  87|0x00000000a6500000, 0x00000000a6500000, 0x00000000a6600000|  0%| F|  |TAMS 0x00000000a6500000, 0x00000000a6500000| Untracked 
|  88|0x00000000a6600000, 0x00000000a6600000, 0x00000000a6700000|  0%| F|  |TAMS 0x00000000a6600000, 0x00000000a6600000| Untracked 
|  89|0x00000000a6700000, 0x00000000a6700000, 0x00000000a6800000|  0%| F|  |TAMS 0x00000000a6700000, 0x00000000a6700000| Untracked 
|  90|0x00000000a6800000, 0x00000000a6800000, 0x00000000a6900000|  0%| F|  |TAMS 0x00000000a6800000, 0x00000000a6800000| Untracked 
|  91|0x00000000a6900000, 0x00000000a6900000, 0x00000000a6a00000|  0%| F|  |TAMS 0x00000000a6900000, 0x00000000a6900000| Untracked 
|  92|0x00000000a6a00000, 0x00000000a6a00000, 0x00000000a6b00000|  0%| F|  |TAMS 0x00000000a6a00000, 0x00000000a6a00000| Untracked 
|  93|0x00000000a6b00000, 0x00000000a6b9d398, 0x00000000a6c00000| 61%| E|  |TAMS 0x00000000a6b00000, 0x00000000a6b00000| Complete 
|  94|0x00000000a6c00000, 0x00000000a6d00000, 0x00000000a6d00000|100%| E|  |TAMS 0x00000000a6c00000, 0x00000000a6c00000| Complete 
|  95|0x00000000a6d00000, 0x00000000a6e00000, 0x00000000a6e00000|100%| E|CS|TAMS 0x00000000a6d00000, 0x00000000a6d00000| Complete 

Card table byte_map: [0x000001bafd530000,0x000001bafd830000] _byte_map_base: 0x000001bafd029000

Marking Bits (Prev, Next): (CMBitMap*) 0x000001bae67b7bc0, (CMBitMap*) 0x000001bae67b7c00
 Prev Bits: [0x000001bafdb30000, 0x000001baff2f8000)
 Next Bits: [0x000001ba80000000, 0x000001ba817c8000)

Polling page: 0x000001bae47a0000

Metaspace:

Usage:
  Non-class:    745.25 KB used.
      Class:     48.68 KB used.
       Both:    793.93 KB used.

Virtual space:
  Non-class space:        8.00 MB reserved,     768.00 KB (  9%) committed,  1 nodes.
      Class space:        1.00 GB reserved,     128.00 KB ( <1%) committed,  1 nodes.
              Both:        1.01 GB reserved,     896.00 KB ( <1%) committed. 

Chunk freelists:
   Non-Class:  3.95 MB
       Class:  3.74 MB
        Both:  7.69 MB

MaxMetaspaceSize: 17179869184.00 GB
CompressedClassSpaceSize: 1.00 GB
 - commit_granule_bytes: 65536.
 - commit_granule_words: 8192.
 - virtual_space_node_default_size: 1048576.
 - enlarge_chunks_in_place: 1.
 - new_chunks_are_fully_committed: 0.
 - uncommit_free_chunks: 1.
 - use_allocation_guard: 0.
 - handle_deallocations: 1.


Internal statistics:

num_allocs_failed_limit: 0.
num_arena_births: 6.
num_arena_deaths: 0.
num_vsnodes_births: 2.
num_vsnodes_deaths: 0.
num_space_committed: 14.
num_space_uncommitted: 0.
num_chunks_returned_to_freelist: 0.
num_chunks_taken_from_freelist: 9.
num_chunk_merges: 0.
num_chunk_splits: 2.
num_chunks_enlarged: 1.
num_purges: 0.

CodeHeap 'non-profiled nmethods': size=120000Kb used=67Kb max_used=67Kb free=119932Kb
 bounds [0x000001baf59d0000, 0x000001baf5c40000, 0x000001bafcf00000]
CodeHeap 'profiled nmethods': size=120000Kb used=227Kb max_used=227Kb free=119772Kb
 bounds [0x000001baee4a0000, 0x000001baee710000, 0x000001baf59d0000]
CodeHeap 'non-nmethods': size=5760Kb used=1111Kb max_used=1124Kb free=4648Kb
 bounds [0x000001baedf00000, 0x000001baee170000, 0x000001baee4a0000]
 total_blobs=598 nmethods=215 adapters=296
 compilation: enabled
              stopped_count=0, restarted_count=0
 full_count=0

Compilation events (20 events):
Event: 0.206 Thread 0x000001baffcd9460  207       3       java.util.zip.ZipUtils::CENEXT (9 bytes)
Event: 0.206 Thread 0x000001baffcd9460 nmethod 207 0x000001baee4d6f10 code [0x000001baee4d70c0, 0x000001baee4d7278]
Event: 0.207 Thread 0x000001baffcd9460  208       3       java.util.zip.ZipUtils::CENCOM (9 bytes)
Event: 0.207 Thread 0x000001baffcd9460 nmethod 208 0x000001baee4d7390 code [0x000001baee4d7540, 0x000001baee4d76f8]
Event: 0.207 Thread 0x000001baffcd9460  209       3       java.util.zip.ZipUtils::CENFLG (9 bytes)
Event: 0.207 Thread 0x000001baffcd81d0  213   !   4       java.util.zip.ZipFile$Source::checkUTF8 (43 bytes)
Event: 0.207 Thread 0x000001baffcd9460 nmethod 209 0x000001baee4d7810 code [0x000001baee4d79c0, 0x000001baee4d7b78]
Event: 0.207 Thread 0x000001baffcd9460  210       3       java.util.zip.ZipUtils::CENSIG (8 bytes)
Event: 0.207 Thread 0x000001baffcd9460 nmethod 210 0x000001baee4d7c90 code [0x000001baee4d7e40, 0x000001baee4d8118]
Event: 0.207 Thread 0x000001baffcd9460  211       3       java.util.zip.ZipFile$Source::addEntry (33 bytes)
Event: 0.207 Thread 0x000001baffcd9460 nmethod 211 0x000001baee4d8290 code [0x000001baee4d8440, 0x000001baee4d85b8]
Event: 0.207 Thread 0x000001baffcd9460  212       3       java.util.zip.ZipFile$Source::isMetaName (141 bytes)
Event: 0.208 Thread 0x000001baffcd9460 nmethod 212 0x000001baee4d8710 code [0x000001baee4d88e0, 0x000001baee4d8df8]
Event: 0.211 Thread 0x000001baffcd81d0 nmethod 213 0x000001baf59dfb90 code [0x000001baf59dfd20, 0x000001baf59dff38]
Event: 0.211 Thread 0x000001baffcd81d0  214       4       java.util.zip.ZipCoder$UTF8ZipCoder::normalizedHash (90 bytes)
Event: 0.216 Thread 0x000001baffcd81d0 nmethod 214 0x000001baf59e0010 code [0x000001baf59e01a0, 0x000001baf59e04d8]
Event: 0.216 Thread 0x000001baffcd81d0  215       4       java.lang.Math::max (11 bytes)
Event: 0.216 Thread 0x000001baffcd81d0 nmethod 215 0x000001baf59e0690 code [0x000001baf59e0800, 0x000001baf59e0878]
Event: 0.216 Thread 0x000001baffcd81d0  216       4       java.util.zip.ZipFile$Source::addEntry (33 bytes)
Event: 0.218 Thread 0x000001baffcd81d0 nmethod 216 0x000001baf59e0990 code [0x000001baf59e0b20, 0x000001baf59e0c38]

GC Heap History (0 events):
No events

Deoptimization events (0 events):
No events

Classes unloaded (0 events):
No events

Classes redefined (0 events):
No events

Internal exceptions (12 events):
Event: 0.145 Thread 0x000001bae677c4d0 Exception <a 'sun/nio/fs/WindowsException'{0x00000000a6c40db8}> (0x00000000a6c40db8) 
thrown [t:\workspace\open\src\hotspot\share\prims\jni.cpp, line 579]
Event: 0.146 Thread 0x000001bae677c4d0 Exception <a 'sun/nio/fs/WindowsException'{0x00000000a6c41270}> (0x00000000a6c41270) 
thrown [t:\workspace\open\src\hotspot\share\prims\jni.cpp, line 579]
Event: 0.152 Thread 0x000001bae677c4d0 Exception <a 'sun/nio/fs/WindowsException'{0x00000000a6c43238}> (0x00000000a6c43238) 
thrown [t:\workspace\open\src\hotspot\share\prims\jni.cpp, line 579]
Event: 0.152 Thread 0x000001bae677c4d0 Exception <a 'sun/nio/fs/WindowsException'{0x00000000a6c43bc0}> (0x00000000a6c43bc0) 
thrown [t:\workspace\open\src\hotspot\share\prims\jni.cpp, line 579]
Event: 0.153 Thread 0x000001bae677c4d0 Exception <a 'sun/nio/fs/WindowsException'{0x00000000a6c44580}> (0x00000000a6c44580) 
thrown [t:\workspace\open\src\hotspot\share\prims\jni.cpp, line 579]
Event: 0.154 Thread 0x000001bae677c4d0 Exception <a 'sun/nio/fs/WindowsException'{0x00000000a6c44ef0}> (0x00000000a6c44ef0) 
thrown [t:\workspace\open\src\hotspot\share\prims\jni.cpp, line 579]
Event: 0.154 Thread 0x000001bae677c4d0 Exception <a 'sun/nio/fs/WindowsException'{0x00000000a6c45870}> (0x00000000a6c45870) 
thrown [t:\workspace\open\src\hotspot\share\prims\jni.cpp, line 579]
Event: 0.155 Thread 0x000001bae677c4d0 Exception <a 'sun/nio/fs/WindowsException'{0x00000000a6c46248}> (0x00000000a6c46248) 
thrown [t:\workspace\open\src\hotspot\share\prims\jni.cpp, line 579]
Event: 0.156 Thread 0x000001bae677c4d0 Exception <a 'sun/nio/fs/WindowsException'{0x00000000a6c46bc8}> (0x00000000a6c46bc8) 
thrown [t:\workspace\open\src\hotspot\share\prims\jni.cpp, line 579]
Event: 0.156 Thread 0x000001bae677c4d0 Exception <a 'sun/nio/fs/WindowsException'{0x00000000a6c47550}> (0x00000000a6c47550) 
thrown [t:\workspace\open\src\hotspot\share\prims\jni.cpp, line 579]
Event: 0.157 Thread 0x000001bae677c4d0 Exception <a 'sun/nio/fs/WindowsException'{0x00000000a6c47ed8}> (0x00000000a6c47ed8) 
thrown [t:\workspace\open\src\hotspot\share\prims\jni.cpp, line 579]
Event: 0.162 Thread 0x000001bae677c4d0 Exception <a 'sun/nio/fs/WindowsException'{0x00000000a6c48850}> (0x00000000a6c48850) 
thrown [t:\workspace\open\src\hotspot\share\prims\jni.cpp, line 579]

Events (20 events):
Event: 0.221 loading class javax/swing/WindowConstants done
Event: 0.221 loading class javax/accessibility/Accessible
Event: 0.221 loading class javax/accessibility/Accessible done
Event: 0.221 loading class javax/swing/RootPaneContainer
Event: 0.221 loading class javax/swing/RootPaneContainer done
Event: 0.221 loading class javax/swing/TransferHandler$HasGetTransferHandler
Event: 0.221 loading class javax/swing/TransferHandler$HasGetTransferHandler done
Event: 0.221 loading class java/awt/Frame
Event: 0.221 loading class java/awt/MenuContainer
Event: 0.221 loading class java/awt/MenuContainer done
Event: 0.221 loading class java/awt/Window
Event: 0.224 loading class java/awt/Container
Event: 0.226 loading class java/awt/Component
Event: 0.227 loading class java/awt/image/ImageObserver
Event: 0.227 loading class java/awt/image/ImageObserver done
Event: 0.228 loading class java/awt/Component done
Event: 0.228 loading class java/awt/Container done
Event: 0.228 loading class java/awt/Window done
Event: 0.228 loading class java/awt/Frame done
Event: 0.228 loading class javax/swing/JFrame done


Dynamic libraries:
0x00007ff6b0770000 - 0x00007ff6b0780000 	C:\Program Files\Java\jdk-16.0.2\bin\java.exe
0x00007ff90a8e0000 - 0x00007ff90aae9000 	C:\WINDOWS\SYSTEM32\ntdll.dll
0x00007ff909080000 - 0x00007ff90913d000 	C:\WINDOWS\System32\KERNEL32.DLL
0x00007ff908030000 - 0x00007ff9083a4000 	C:\WINDOWS\System32\KERNELBASE.dll
0x00007ff9083b0000 - 0x00007ff9084c1000 	C:\WINDOWS\System32\ucrtbase.dll
0x00007ff903ac0000 - 0x00007ff903ad8000 	C:\Program Files\Java\jdk-16.0.2\bin\jli.dll
0x00007ff909e80000 - 0x00007ff909f2e000 	C:\WINDOWS\System32\ADVAPI32.dll
0x00007ff908c60000 - 0x00007ff908d03000 	C:\WINDOWS\System32\msvcrt.dll
0x00007ff908d10000 - 0x00007ff908dae000 	C:\WINDOWS\System32\sechost.dll
0x00007ff9094a0000 - 0x00007ff9095c0000 	C:\WINDOWS\System32\RPCRT4.dll
0x00007ff8f8720000 - 0x00007ff8f8739000 	C:\Program Files\Java\jdk-16.0.2\bin\VCRUNTIME140.dll
0x00007ff909140000 - 0x00007ff9092ec000 	C:\WINDOWS\System32\USER32.dll
0x00007ff907dd0000 - 0x00007ff907df6000 	C:\WINDOWS\System32\win32u.dll
0x00007ff909f30000 - 0x00007ff909f59000 	C:\WINDOWS\System32\GDI32.dll
0x00007ff9085e0000 - 0x00007ff9086f2000 	C:\WINDOWS\System32\gdi32full.dll
0x00007ff9084d0000 - 0x00007ff90856d000 	C:\WINDOWS\System32\msvcp_win.dll
0x00007ff8f94a0000 - 0x00007ff8f9745000 	C:\WINDOWS\WinSxS\amd64_microsoft.windows.common-controls_6595b64144ccf1df_6.0.22000.120_none_9d947278b86cc467\COMCTL32.dll
0x00007ff900e80000 - 0x00007ff900e8a000 	C:\WINDOWS\SYSTEM32\VERSION.dll
0x00007ff908780000 - 0x00007ff9087b1000 	C:\WINDOWS\System32\IMM32.DLL
0x00007ff903b00000 - 0x00007ff903b0c000 	C:\Program Files\Java\jdk-16.0.2\bin\vcruntime140_1.dll
0x00007ff8f3630000 - 0x00007ff8f36c1000 	C:\Program Files\Java\jdk-16.0.2\bin\msvcp140.dll
0x00007ff8bbad0000 - 0x00007ff8bc67b000 	C:\Program Files\Java\jdk-16.0.2\bin\server\jvm.dll
0x00007ff908840000 - 0x00007ff908848000 	C:\WINDOWS\System32\PSAPI.DLL
0x00007ff902ad0000 - 0x00007ff902b03000 	C:\WINDOWS\SYSTEM32\WINMM.dll
0x00007ff8f84e0000 - 0x00007ff8f84e9000 	C:\WINDOWS\SYSTEM32\WSOCK32.dll
0x00007ff908ae0000 - 0x00007ff908b4f000 	C:\WINDOWS\System32\WS2_32.dll
0x00007ff906e90000 - 0x00007ff906ea8000 	C:\WINDOWS\SYSTEM32\kernel.appcore.dll
0x00007ff903a00000 - 0x00007ff903a0a000 	C:\Program Files\Java\jdk-16.0.2\bin\jimage.dll
0x00007ff905970000 - 0x00007ff905b91000 	C:\WINDOWS\SYSTEM32\DBGHELP.DLL
0x00007ff8f9e60000 - 0x00007ff8f9e91000 	C:\WINDOWS\SYSTEM32\dbgcore.DLL
0x00007ff908700000 - 0x00007ff90877f000 	C:\WINDOWS\System32\bcryptPrimitives.dll
0x00007ff8f7af0000 - 0x00007ff8f7b15000 	C:\Program Files\Java\jdk-16.0.2\bin\java.dll
0x00007ff909f60000 - 0x00007ff90a70f000 	C:\WINDOWS\System32\SHELL32.dll
0x00007ff906420000 - 0x00007ff906c88000 	C:\WINDOWS\SYSTEM32\windows.storage.dll
0x00007ff909b00000 - 0x00007ff909e78000 	C:\WINDOWS\System32\combase.dll
0x00007ff9062b0000 - 0x00007ff906416000 	C:\WINDOWS\SYSTEM32\wintypes.dll
0x00007ff908b70000 - 0x00007ff908c5a000 	C:\WINDOWS\System32\SHCORE.dll
0x00007ff908990000 - 0x00007ff9089ed000 	C:\WINDOWS\System32\shlwapi.dll
0x00007ff907d00000 - 0x00007ff907d21000 	C:\WINDOWS\SYSTEM32\profapi.dll
0x00007ff8f8390000 - 0x00007ff8f83a9000 	C:\Program Files\Java\jdk-16.0.2\bin\net.dll
0x00007ff9003b0000 - 0x00007ff9004bc000 	C:\WINDOWS\SYSTEM32\WINHTTP.dll
0x00007ff907340000 - 0x00007ff9073a7000 	C:\WINDOWS\system32\mswsock.dll
0x00007ff8f7a20000 - 0x00007ff8f7a33000 	C:\Program Files\Java\jdk-16.0.2\bin\nio.dll
0x00007ff8f76f0000 - 0x00007ff8f7708000 	C:\Program Files\Java\jdk-16.0.2\bin\zip.dll

dbghelp: loaded successfully - version: 4.0.5 - missing functions: none
symbol engine: initialized successfully - sym options: 0x614 - pdb path: .;C:\Program Files\Java\jdk-16.0.2\bin;C:\WINDOWS\SYSTEM32;C:\WINDOWS\WinSxS\amd64_microsoft.windows.common-controls_6595b64144ccf1df_6.0.22000.120_none_9d947278b86cc467;C:\Program Files\Java\jdk-16.0.2\bin\server

VM Arguments:
jvm_args: -Dfile.encoding=UTF-8 --module-path=D:\Netbean_Java\Java_Project_ST6\build\classes 
java_command: view.TrangChu
java_class_path (initial): C:\Program Files\NetBeans-12.4\netbeans\java\modules\ext\AbsoluteLayout.jar;C:\Program Files\NetBeans-12.4\netbeans\java\modules\ext\org-netbeans-modules-java-j2seembedded-probe.jar;D:\Netbean_Java\CacLoaiThuVien\TimingFramework-0.55.jar;D:\Netbean_Java\CacLoaiThuVien\jcommon-1.0.23.jar;D:\Netbean_Java\CacLoaiThuVien\jfreechart-1.0.19.jar;D:\Netbean_Java\CacLoaiThuVien\mssql-jdbc-9.4.1.jre16.jar;D:\Netbean_Java\CacLoaiThuVien\jtds-1.3.1-dist\jtds-1.3.1.jar;D:\Netbean_Java\Java_Project_ST6\build\classes
Launcher Type: SUN_STANDARD

[Global flags]
     intx CICompilerCount                          = 4                                         {product} {ergonomic}
     uint ConcGCThreads                            = 2                                         {product} {ergonomic}
     uint G1ConcRefinementThreads                  = 8                                         {product} {ergonomic}
   size_t G1HeapRegionSize                         = 1048576                                   {product} {ergonomic}
    uintx GCDrainStackTargetSize                   = 64                                        {product} {ergonomic}
   size_t InitialHeapSize                          = 100663296                                 {product} {ergonomic}
   size_t MarkStackSize                            = 4194304                                   {product} {ergonomic}
   size_t MaxHeapSize                              = 1595932672                                {product} {ergonomic}
   size_t MaxNewSize                               = 957349888                                 {product} {ergonomic}
   size_t MinHeapDeltaBytes                        = 1048576                                   {product} {ergonomic}
   size_t MinHeapSize                              = 8388608                                   {product} {ergonomic}
    uintx NonNMethodCodeHeapSize                   = 5839372                                {pd product} {ergonomic}
    uintx NonProfiledCodeHeapSize                  = 122909434                              {pd product} {ergonomic}
    uintx ProfiledCodeHeapSize                     = 122909434                              {pd product} {ergonomic}
    uintx ReservedCodeCacheSize                    = 251658240                              {pd product} {ergonomic}
     bool SegmentedCodeCache                       = true                                      {product} {ergonomic}
   size_t SoftMaxHeapSize                          = 1595932672                             {manageable} {ergonomic}
     bool UseCompressedClassPointers               = true                           {product lp64_product} {ergonomic}
     bool UseCompressedOops                        = true                           {product lp64_product} {ergonomic}
     bool UseG1GC                                  = true                                      {product} {ergonomic}
     bool UseLargePagesIndividualAllocation        = false                                  {pd product} {ergonomic}

Logging:
Log output configuration:
 #0: stdout all=warning uptime,level,tags
 #1: stderr all=off uptime,level,tags

Environment Variables:
JAVA_HOME=C:\Program Files\Java\jdk-16.0.2
PATH=C:\Program Files\Microsoft MPI\Bin\;C:\Program Files\Common Files\Microsoft Shared\Microsoft Online Services;C:\Program Files (x86)\Common Files\Microsoft Shared\Microsoft Online Services;C:\Program Files\Common Files\Oracle\Java\javapath;C:\Program Files\Eclipse Foundation\jdk-11.0.12.7-hotspot\bin;C:\Program Files (x86)\VMware\VMware Workstation\bin\;C:\Windows\system32;C:\Windows;C:\Windows\System32\Wbem;C:\Windows\System32\WindowsPowerShell\v1.0\;C:\Windows\System32\OpenSSH\;C:\Program Files (x86)\NVIDIA Corporation\PhysX\Common;C:\Program Files\NVIDIA Corporation\NVIDIA NvDLISR;C:\WINDOWS\system32;C:\WINDOWS;C:\WINDOWS\System32\Wbem;C:\WINDOWS\System32\WindowsPowerShell\v1.0\;C:\WINDOWS\System32\OpenSSH\;C:\Program Files\nodejs\;C:\Program Files\Azure Data Studio\bin;C:\Program Files\Microsoft SQL Server\Client SDK\ODBC\170\Tools\Binn\;C:\Program Files (x86)\Microsoft SQL Server\150\Tools\Binn\;C:\Program Files\Microsoft SQL Server\150\Tools\Binn\;C:\Program Files (x86)\Microsoft SQL Server\150\DTS\Binn\;C:\Program Files\Microsoft SQL Server\150\DTS\Binn\;C:\Program Files\Git\cmd;C:\Program Files\dotnet\;C:\Program Files\Docker\Docker\resources\bin;C:\ProgramData\DockerDesktop\version-bin;C:\Program Files\Microsoft SQL Server\130\Tools\Binn\;D:\VB.Net\Python;D:\VB.Net\Python\Library\mingw-w64\bin;D:\VB.Net\Python\Library\usr\bin;D:\VB.Net\Python\Library\bin;D:\VB.Net\Python\Scripts;C:\Users\ACER\AppData\Local\Programs\Python\Python310\Scripts\;C:\Users\ACER\AppData\Local\Programs\Python\Python310\;C:\Users\ACER\AppData\Local\Microsoft\WindowsApps;C:\Users\ACER\Desktop\Microsoft VS Code\bin;C:\Users\ACER\AppData\Roaming\npm;C:\Program Files\Azure Data Studio\bin;C:\Program Files\JetBrains\IntelliJ IDEA 2021.3.1\bin;;C:\Program Files\JetBrains\IntelliJ IDEA Community Edition 2021.3.1\bin;;C:\Users\ACER\.dotnet\tools
USERNAME=ACER
OS=Windows_NT
PROCESSOR_IDENTIFIER=AMD64 Family 23 Model 24 Stepping 1, AuthenticAMD



---------------  S Y S T E M  ---------------

OS:
 Windows 10 , 64 bit Build 22000 (10.0.22000.613)
OS uptime: 0 days 7:35 hours
Hyper-V role detected

CPU: total 8 (initial active 8) (8 cores per cpu, 2 threads per core) family 23 model 24 stepping 1 microcode 0x0, cx8, cmov, fxsr, ht, mmx, 3dnowpref, sse, sse2, sse3, ssse3, sse4a, sse4.1, sse4.2, popcnt, lzcnt, tsc, tscinvbit, avx, avx2, aes, clmul, bmi1, bmi2, adx, sha, fma, vzeroupper, clflush, clflushopt, hv

Memory: 4k page, system-wide physical 6081M (229M free)
TotalPageFile size 24513M (AvailPageFile size 2M)
current process WorkingSet (physical memory assigned to process): 33M, peak: 33M
current process commit charge ("private bytes"): 177M, peak: 177M

vm_info: Java HotSpot(TM) 64-Bit Server VM (16.0.2+7-67) for windows-amd64 JRE (16.0.2+7-67), built on Jun  8 2021 23:24:19 by "mach5one" with MS VC++ 16.7 (VS2019)

END.
