#
# There is insufficient memory for the Java Runtime Environment to continue.
# Native memory allocation (malloc) failed to allocate 1048576 bytes for AllocateHeap
# Possible reasons:
#   The system is out of physical RAM or swap space
#   The process is running with CompressedOops enabled, and the Java Heap may be blocking the growth of the native heap
# Possible solutions:
#   Reduce memory load on the system
#   Increase physical memory or swap space
#   Check if swap backing store is full
#   Decrease Java heap size (-Xmx/-Xms)
#   Decrease number of Java threads
#   Decrease Java thread stack sizes (-Xss)
#   Set larger code cache with -XX:ReservedCodeCacheSize=
#   JVM is running with Unscaled Compressed Oops mode in which the Java heap is
#     placed in the first 4GB address space. The Java Heap base address is the
#     maximum limit for the native heap growth. Please use -XX:HeapBaseMinAddress
#     to set the Java Heap base and to place the Java Heap above 4GB virtual address.
# This output file may be truncated or incomplete.
#
#  Out of Memory Error (memory/allocation.inline.hpp:61), pid=14132, tid=0x0000000000002af8
#
# JRE version:  (8.0_202-b08) (build )
# Java VM: Java HotSpot(TM) 64-Bit Server VM (25.202-b08 mixed mode windows-amd64 compressed oops)
# Failed to write core dump. Minidumps are not enabled by default on client versions of Windows
#

---------------  T H R E A D  ---------------

Current thread (0x0000000002d7e000):  JavaThread "Unknown thread" [_thread_in_vm, id=11000, stack(0x0000000002df0000,0x0000000002ef0000)]

Stack: [0x0000000002df0000,0x0000000002ef0000]
[error occurred during error reporting (printing stack bounds), id 0xc0000005]

Native frames: (J=compiled Java code, j=interpreted, Vv=VM code, C=native code)


---------------  P R O C E S S  ---------------

Java Threads: ( => current thread )

Other Threads:

=>0x0000000002d7e000 (exited) JavaThread "Unknown thread" [_thread_in_vm, id=11000, stack(0x0000000002df0000,0x0000000002ef0000)]

VM state:not at safepoint (normal execution)

VM Mutex/Monitor currently owned by a thread: None

heap address: 0x00000000a0e00000, size: 1522 MB, Compressed Oops mode: 32-bit
Narrow klass base: 0x0000000000000000, Narrow klass shift: 3
Compressed class space size: 1073741824 Address: 0x0000000100000000

Heap:
 PSYoungGen      total 28672K, used 491K [0x00000000e0500000, 0x00000000e2500000, 0x0000000100000000)
  eden space 24576K, 2% used [0x00000000e0500000,0x00000000e057ae20,0x00000000e1d00000)
  from space 4096K, 0% used [0x00000000e2100000,0x00000000e2100000,0x00000000e2500000)
  to   space 4096K, 0% used [0x00000000e1d00000,0x00000000e1d00000,0x00000000e2100000)
 ParOldGen       total 65536K, used 0K [0x00000000a0e00000, 0x00000000a4e00000, 0x00000000e0500000)
  object space 65536K, 0% used [0x00000000a0e00000,0x00000000a0e00000,0x00000000a4e00000)
 Metaspace       used 775K, capacity 4480K, committed 4480K, reserved 1056768K
  class space    used 76K, capacity 384K, committed 384K, reserved 1048576K

Card table byte_map: [0x00000000123b0000,0x00000000126b0000] byte_map_base: 0x0000000011ea9000

Marking Bits: (ParMarkBitMap*) 0x00000000687e5ce0
 Begin Bits: [0x00000000130b0000, 0x0000000014878000)
 End Bits:   [0x0000000014878000, 0x0000000016040000)

Polling page: 0x0000000002d50000

CodeCache: size=245760Kb used=327Kb max_used=327Kb free=245432Kb
 bounds [0x0000000002ff0000, 0x0000000003260000, 0x0000000011ff0000]
 total_blobs=57 nmethods=0 adapters=38
 compilation: enabled

Compilation events (0 events):
No events

GC Heap History (0 events):
No events

Deoptimization events (0 events):
No events

Classes redefined (0 events):
No events

Internal exceptions (0 events):
No events

Events (10 events):
Event: 0.047 loading class java/lang/Short
Event: 0.047 loading class java/lang/Short done
Event: 0.047 loading class java/lang/Integer
Event: 0.047 loading class java/lang/Integer done
Event: 0.047 loading class java/lang/Long
Event: 0.048 loading class java/lang/Long done
Event: 0.049 loading class java/lang/NullPointerException
Event: 0.049 loading class java/lang/NullPointerException done
Event: 0.049 loading class java/lang/ArithmeticException
Event: 0.049 loading class java/lang/ArithmeticException done


Dynamic libraries:
0x00007ff743be0000 - 0x00007ff743c17000 	C:\Program Files\Java\jdk1.8.0_202\bin\java.exe
0x00007ff8ca2b0000 - 0x00007ff8ca4a5000 	C:\Windows\SYSTEM32\ntdll.dll
0x00007ff8c8b90000 - 0x00007ff8c8c4d000 	C:\Windows\System32\KERNEL32.DLL
0x00007ff8c7ed0000 - 0x00007ff8c819d000 	C:\Windows\System32\KERNELBASE.dll
0x00007ff8c9d00000 - 0x00007ff8c9dae000 	C:\Windows\System32\ADVAPI32.dll
0x00007ff8c9de0000 - 0x00007ff8c9e7e000 	C:\Windows\System32\msvcrt.dll
0x00007ff8c8830000 - 0x00007ff8c88cc000 	C:\Windows\System32\sechost.dll
0x00007ff8c90d0000 - 0x00007ff8c91f5000 	C:\Windows\System32\RPCRT4.dll
0x00007ff8ca020000 - 0x00007ff8ca1c0000 	C:\Windows\System32\USER32.dll
0x00007ff8c7d50000 - 0x00007ff8c7d72000 	C:\Windows\System32\win32u.dll
0x00007ff8c9db0000 - 0x00007ff8c9dda000 	C:\Windows\System32\GDI32.dll
0x00007ff8c7a50000 - 0x00007ff8c7b5b000 	C:\Windows\System32\gdi32full.dll
0x00007ff8c7d80000 - 0x00007ff8c7e1d000 	C:\Windows\System32\msvcp_win.dll
0x00007ff8c7c20000 - 0x00007ff8c7d20000 	C:\Windows\System32\ucrtbase.dll
0x00007ff8b5850000 - 0x00007ff8b5aea000 	C:\Windows\WinSxS\amd64_microsoft.windows.common-controls_6595b64144ccf1df_6.0.19041.1110_none_60b5254171f9507e\COMCTL32.dll
0x00007ff8c9b30000 - 0x00007ff8c9b60000 	C:\Windows\System32\IMM32.DLL
0x0000000069b90000 - 0x0000000069c62000 	C:\Program Files\Java\jdk1.8.0_202\jre\bin\msvcr100.dll
0x0000000067fc0000 - 0x0000000068865000 	C:\Program Files\Java\jdk1.8.0_202\jre\bin\server\jvm.dll
0x00007ff8c9a90000 - 0x00007ff8c9a98000 	C:\Windows\System32\PSAPI.DLL
0x00007ff8b5be0000 - 0x00007ff8b5c07000 	C:\Windows\SYSTEM32\WINMM.dll
0x00007ff8c0980000 - 0x00007ff8c098a000 	C:\Windows\SYSTEM32\VERSION.dll
0x00007ff8b5350000 - 0x00007ff8b5359000 	C:\Windows\SYSTEM32\WSOCK32.dll
0x00007ff8c9e80000 - 0x00007ff8c9eeb000 	C:\Windows\System32\WS2_32.dll
0x00007ff8b5010000 - 0x00007ff8b501f000 	C:\Program Files\Java\jdk1.8.0_202\jre\bin\verify.dll
0x00007ff893790000 - 0x00007ff8937b9000 	C:\Program Files\Java\jdk1.8.0_202\jre\bin\java.dll
0x00007ff894070000 - 0x00007ff894086000 	C:\Program Files\Java\jdk1.8.0_202\jre\bin\zip.dll

VM Arguments:
jvm_args: -Dfile.encoding=UTF-8 
java_command: view.TrangChu
java_class_path (initial): D:\HocKy_2_Nam2\Netbean\Java_Project_ST6\lib\jtds-1.3.1.jar;D:\HocKy_2_Nam2\Netbean\Java_Project_ST6\lib\TimingFramework-0.55.jar;D:\HocKy_2_Nam2\Netbean\Java_Project_ST6\lib\jcommon-1.0.23.jar;D:\HocKy_2_Nam2\Netbean\Java_Project_ST6\lib\jfreechart-1.0.19.jar;D:\HocKy_2_Nam2\Netbean\Java_Project_ST6\lib\miglayout-4.0.jar;D:\HocKy_2_Nam2\Netbean\Java_Project_ST6\lib\jcalendar-1.3.2.jar;D:\HocKy_2_Nam2\Netbean\Java_Project_ST6\build\classes
Launcher Type: SUN_STANDARD

Environment Variables:
PATH=C:\Program Files (x86)\Common Files\Oracle\Java\javapath;C:\Windows\system32;C:\Windows;C:\Windows\System32\Wbem;C:\Windows\System32\WindowsPowerShell\v1.0\;C:\Windows\System32\OpenSSH\;C:\Program Files (x86)\Microsoft SQL Server\150\Tools\Binn\;C:\Program Files\Microsoft SQL Server\150\Tools\Binn\;C:\Program Files (x86)\Microsoft SQL Server\150\DTS\Binn\;C:\Program Files\Microsoft SQL Server\150\DTS\Binn\;C:\Program Files\Microsoft SQL Server\Client SDK\ODBC\170\Tools\Binn\;C:\Program Files\Azure Data Studio\bin;C:\Program Files\Git\cmd;C:\Program Files\dotnet\;C:\Users\ACER\AppData\Local\Microsoft\WindowsApps;C:\Program Files\Azure Data Studio\bin;C:\Users\ACER\AppData\Local\GitHubDesktop\bin;C:\Users\ACER\.dotnet\tools;C:\Users\ACER\AppData\Local\Programs\Microsoft VS Code\bin
USERNAME=ACER
OS=Windows_NT
PROCESSOR_IDENTIFIER=AMD64 Family 23 Model 24 Stepping 1, AuthenticAMD



---------------  S Y S T E M  ---------------

OS: Windows 10.0 , 64 bit Build 19041 (10.0.19041.1706)

CPU:total 8 (initial active 8) (8 cores per cpu, 1 threads per core) family 23 model 24 stepping 1, cmov, cx8, fxsr, mmx, sse, sse2, sse3, ssse3, sse4.1, sse4.2, popcnt, avx, avx2, aes, clmul, mmxext, 3dnowpref, lzcnt, sse4a, tsc, tscinvbit, tscinv, bmi1

Memory: 4k page, physical 6226956k(477280k free), swap 25101324k(4324k free)

vm_info: Java HotSpot(TM) 64-Bit Server VM (25.202-b08) for windows-amd64 JRE (1.8.0_202-b08), built on Dec 15 2018 19:54:30 by "java_re" with MS VC++ 10.0 (VS2010)

time: Wed Jun 01 23:30:06 2022
timezone: SE Asia Standard Time
elapsed time: 0 seconds (0d 0h 0m 0s)

