#
# There is insufficient memory for the Java Runtime Environment to continue.
# Native memory allocation (malloc) failed to allocate 1048576 bytes for AllocateHeap
# Possible reasons:
#   The system is out of physical RAM or swap space
#   The process is running with CompressedOops enabled, and the Java Heap may be blocking the growth of the native heap
# Possible solutions:
#   Reduce memory load on the system
#   Increase physical memory or swap space
#   Check if swap backing store is full
#   Decrease Java heap size (-Xmx/-Xms)
#   Decrease number of Java threads
#   Decrease Java thread stack sizes (-Xss)
#   Set larger code cache with -XX:ReservedCodeCacheSize=
#   JVM is running with Unscaled Compressed Oops mode in which the Java heap is
#     placed in the first 4GB address space. The Java Heap base address is the
#     maximum limit for the native heap growth. Please use -XX:HeapBaseMinAddress
#     to set the Java Heap base and to place the Java Heap above 4GB virtual address.
# This output file may be truncated or incomplete.
#
#  Out of Memory Error (allocation.cpp:44), pid=21164, tid=21352
#
# JRE version:  (16.0.2+7) (build )
# Java VM: Java HotSpot(TM) 64-Bit Server VM (16.0.2+7-67, mixed mode, sharing, tiered, compressed oops, compressed class ptrs, g1 gc, windows-amd64)
# No core dump will be written. Minidumps are not enabled by default on client versions of Windows
#

---------------  S U M M A R Y ------------

Command Line: -Dfile.encoding=UTF-8 --module-path=D:\Netbean_Java\Java_Project_ST6\build\classes view.QuanLyPhong_140

Host: AMD Ryzen 7 3750H with Radeon Vega Mobile Gfx  , 8 cores, 5G,  Windows 10 , 64 bit Build 22000 (10.0.22000.613)
Time: Thu May 12 22:21:18 2022 SE Asia Standard Time elapsed time: 0.014991 seconds (0d 0h 0m 0s)

---------------  T H R E A D  ---------------

Current thread (0x000001fa2267e0c0):  JavaThread "Unknown thread" [_thread_in_vm, id=21352, stack(0x000000e0b4500000,0x000000e0b4600000)]

Stack: [0x000000e0b4500000,0x000000e0b4600000]
Native frames: (J=compiled Java code, j=interpreted, Vv=VM code, C=native code)
V  [jvm.dll+0x6681ca]
V  [jvm.dll+0x7c9e69]
V  [jvm.dll+0x7cb61e]
V  [jvm.dll+0x7cbc73]
V  [jvm.dll+0x242c55]
V  [jvm.dll+0xa8732]
V  [jvm.dll+0x2ce354]
V  [jvm.dll+0x79c70c]
V  [jvm.dll+0x360791]
V  [jvm.dll+0x77a3f0]
V  [jvm.dll+0x3e4e8f]
V  [jvm.dll+0x3e6961]
C  [jli.dll+0x52fb]
C  [ucrtbase.dll+0x26c0c]
C  [KERNEL32.DLL+0x154e0]
C  [ntdll.dll+0x485b]


---------------  P R O C E S S  ---------------

Threads class SMR info:
_java_thread_list=0x00007ff8bc5dcbb8, length=0, elements={
}

Java Threads: ( => current thread )

Other Threads:

=>0x000001fa2267e0c0 (exited) JavaThread "Unknown thread" [_thread_in_vm, id=21352, stack(0x000000e0b4500000,0x000000e0b4600000)]

Threads with active compile tasks:

VM state: not at safepoint (not fully initialized)

VM Mutex/Monitor currently owned by a thread: None

Heap address: 0x0000000000000000, size: 0 MB, Compressed Oops mode: 32-bit

CDS archive(s) mapped at: [0x0000000000000000-0x0000000000000000-0x0000000000000000), size 0, SharedBaseAddress: 0x0000000800000000, ArchiveRelocationMode: 0.
Narrow klass base: 0x0000000000000000, Narrow klass shift: 0, Narrow klass range: 0x0

GC Precious Log:
<Empty>

GC Heap History (0 events):
No events

Deoptimization events (0 events):
No events

Classes unloaded (0 events):
No events

Classes redefined (0 events):
No events

Internal exceptions (0 events):
No events

Events (1 events):
Event: 0.009 Loaded shared library C:\Program Files\Java\jdk-16.0.2\bin\java.dll


Dynamic libraries:
0x00007ff6b0770000 - 0x00007ff6b0780000 	C:\Program Files\Java\jdk-16.0.2\bin\java.exe
0x00007ff90a8e0000 - 0x00007ff90aae9000 	C:\WINDOWS\SYSTEM32\ntdll.dll
0x00007ff909080000 - 0x00007ff90913d000 	C:\WINDOWS\System32\KERNEL32.DLL
0x00007ff908030000 - 0x00007ff9083a4000 	C:\WINDOWS\System32\KERNELBASE.dll
0x00007ff9083b0000 - 0x00007ff9084c1000 	C:\WINDOWS\System32\ucrtbase.dll
0x00007ff8f8720000 - 0x00007ff8f8739000 	C:\Program Files\Java\jdk-16.0.2\bin\VCRUNTIME140.dll
0x00007ff903ac0000 - 0x00007ff903ad8000 	C:\Program Files\Java\jdk-16.0.2\bin\jli.dll
0x00007ff909e80000 - 0x00007ff909f2e000 	C:\WINDOWS\System32\ADVAPI32.dll
0x00007ff908c60000 - 0x00007ff908d03000 	C:\WINDOWS\System32\msvcrt.dll
0x00007ff908d10000 - 0x00007ff908dae000 	C:\WINDOWS\System32\sechost.dll
0x00007ff9094a0000 - 0x00007ff9095c0000 	C:\WINDOWS\System32\RPCRT4.dll
0x00007ff909140000 - 0x00007ff9092ec000 	C:\WINDOWS\System32\USER32.dll
0x00007ff8f94a0000 - 0x00007ff8f9745000 	C:\WINDOWS\WinSxS\amd64_microsoft.windows.common-controls_6595b64144ccf1df_6.0.22000.120_none_9d947278b86cc467\COMCTL32.dll
0x00007ff907dd0000 - 0x00007ff907df6000 	C:\WINDOWS\System32\win32u.dll
0x00007ff909f30000 - 0x00007ff909f59000 	C:\WINDOWS\System32\GDI32.dll
0x00007ff9085e0000 - 0x00007ff9086f2000 	C:\WINDOWS\System32\gdi32full.dll
0x00007ff9084d0000 - 0x00007ff90856d000 	C:\WINDOWS\System32\msvcp_win.dll
0x00007ff900e80000 - 0x00007ff900e8a000 	C:\WINDOWS\SYSTEM32\VERSION.dll
0x00007ff908780000 - 0x00007ff9087b1000 	C:\WINDOWS\System32\IMM32.DLL
0x00007ff903b00000 - 0x00007ff903b0c000 	C:\Program Files\Java\jdk-16.0.2\bin\vcruntime140_1.dll
0x00007ff8f3630000 - 0x00007ff8f36c1000 	C:\Program Files\Java\jdk-16.0.2\bin\msvcp140.dll
0x00007ff8bbad0000 - 0x00007ff8bc67b000 	C:\Program Files\Java\jdk-16.0.2\bin\server\jvm.dll
0x00007ff908840000 - 0x00007ff908848000 	C:\WINDOWS\System32\PSAPI.DLL
0x00007ff8f84e0000 - 0x00007ff8f84e9000 	C:\WINDOWS\SYSTEM32\WSOCK32.dll
0x00007ff902ad0000 - 0x00007ff902b03000 	C:\WINDOWS\SYSTEM32\WINMM.dll
0x00007ff908ae0000 - 0x00007ff908b4f000 	C:\WINDOWS\System32\WS2_32.dll
0x00007ff906e90000 - 0x00007ff906ea8000 	C:\WINDOWS\SYSTEM32\kernel.appcore.dll
0x00007ff903a00000 - 0x00007ff903a0a000 	C:\Program Files\Java\jdk-16.0.2\bin\jimage.dll
0x00007ff905970000 - 0x00007ff905b91000 	C:\WINDOWS\SYSTEM32\DBGHELP.DLL
0x00007ff8f9e60000 - 0x00007ff8f9e91000 	C:\WINDOWS\SYSTEM32\dbgcore.DLL
0x00007ff908700000 - 0x00007ff90877f000 	C:\WINDOWS\System32\bcryptPrimitives.dll
0x00007ff8f7af0000 - 0x00007ff8f7b15000 	C:\Program Files\Java\jdk-16.0.2\bin\java.dll

dbghelp: loaded successfully - version: 4.0.5 - missing functions: none
symbol engine: initialized successfully - sym options: 0x614 - pdb path: .;C:\Program Files\Java\jdk-16.0.2\bin;C:\WINDOWS\SYSTEM32;C:\WINDOWS\WinSxS\amd64_microsoft.windows.common-controls_6595b64144ccf1df_6.0.22000.120_none_9d947278b86cc467;C:\Program Files\Java\jdk-16.0.2\bin\server

VM Arguments:
jvm_args: -Dfile.encoding=UTF-8 --module-path=D:\Netbean_Java\Java_Project_ST6\build\classes 
java_command: view.QuanLyPhong_140
java_class_path (initial): D:\Netbean_Java\CacLoaiThuVien\TimingFramework-0.55.jar;D:\Netbean_Java\CacLoaiThuVien\jcommon-1.0.23.jar;D:\Netbean_Java\CacLoaiThuVien\jfreechart-1.0.19.jar;D:\Netbean_Java\CacLoaiThuVien\mssql-jdbc-9.4.1.jre16.jar;D:\Netbean_Java\CacLoaiThuVien\jtds-1.3.1-dist\jtds-1.3.1.jar;D:\Netbean_Java\Java_Project_ST6\build\classes
Launcher Type: SUN_STANDARD

[Global flags]
     intx CICompilerCount                          = 4                                         {product} {ergonomic}
     uint ConcGCThreads                            = 2                                         {product} {ergonomic}
     uint G1ConcRefinementThreads                  = 8                                         {product} {ergonomic}
   size_t G1HeapRegionSize                         = 1048576                                   {product} {ergonomic}
    uintx GCDrainStackTargetSize                   = 64                                        {product} {ergonomic}
   size_t InitialHeapSize                          = 100663296                                 {product} {ergonomic}
   size_t MarkStackSize                            = 4194304                                   {product} {ergonomic}
   size_t MaxHeapSize                              = 1595932672                                {product} {ergonomic}
   size_t MinHeapDeltaBytes                        = 1048576                                   {product} {ergonomic}
   size_t MinHeapSize                              = 8388608                                   {product} {ergonomic}
    uintx NonNMethodCodeHeapSize                   = 5839372                                {pd product} {ergonomic}
    uintx NonProfiledCodeHeapSize                  = 122909434                              {pd product} {ergonomic}
    uintx ProfiledCodeHeapSize                     = 122909434                              {pd product} {ergonomic}
    uintx ReservedCodeCacheSize                    = 251658240                              {pd product} {ergonomic}
     bool SegmentedCodeCache                       = true                                      {product} {ergonomic}
   size_t SoftMaxHeapSize                          = 1595932672                             {manageable} {ergonomic}
     bool UseCompressedClassPointers               = true                           {product lp64_product} {ergonomic}
     bool UseCompressedOops                        = true                           {product lp64_product} {ergonomic}
     bool UseG1GC                                  = true                                      {product} {ergonomic}
     bool UseLargePagesIndividualAllocation        = false                                  {pd product} {ergonomic}

Logging:
Log output configuration:
 #0: stdout all=warning uptime,level,tags
 #1: stderr all=off uptime,level,tags

Environment Variables:
JAVA_HOME=C:\Program Files\Java\jdk-16.0.2
PATH=C:\Program Files\Microsoft MPI\Bin\;C:\Program Files\Common Files\Microsoft Shared\Microsoft Online Services;C:\Program Files (x86)\Common Files\Microsoft Shared\Microsoft Online Services;C:\Program Files\Common Files\Oracle\Java\javapath;C:\Program Files\Eclipse Foundation\jdk-11.0.12.7-hotspot\bin;C:\Program Files (x86)\VMware\VMware Workstation\bin\;C:\Windows\system32;C:\Windows;C:\Windows\System32\Wbem;C:\Windows\System32\WindowsPowerShell\v1.0\;C:\Windows\System32\OpenSSH\;C:\Program Files (x86)\NVIDIA Corporation\PhysX\Common;C:\Program Files\NVIDIA Corporation\NVIDIA NvDLISR;C:\WINDOWS\system32;C:\WINDOWS;C:\WINDOWS\System32\Wbem;C:\WINDOWS\System32\WindowsPowerShell\v1.0\;C:\WINDOWS\System32\OpenSSH\;C:\Program Files\nodejs\;C:\Program Files\Azure Data Studio\bin;C:\Program Files\Microsoft SQL Server\Client SDK\ODBC\170\Tools\Binn\;C:\Program Files (x86)\Microsoft SQL Server\150\Tools\Binn\;C:\Program Files\Microsoft SQL Server\150\Tools\Binn\;C:\Program Files (x86)\Microsoft SQL Server\150\DTS\Binn\;C:\Program Files\Microsoft SQL Server\150\DTS\Binn\;C:\Program Files\Git\cmd;C:\Program Files\dotnet\;C:\Program Files\Docker\Docker\resources\bin;C:\ProgramData\DockerDesktop\version-bin;C:\Program Files\Microsoft SQL Server\130\Tools\Binn\;D:\VB.Net\Python;D:\VB.Net\Python\Library\mingw-w64\bin;D:\VB.Net\Python\Library\usr\bin;D:\VB.Net\Python\Library\bin;D:\VB.Net\Python\Scripts;C:\Users\ACER\AppData\Local\Programs\Python\Python310\Scripts\;C:\Users\ACER\AppData\Local\Programs\Python\Python310\;C:\Users\ACER\AppData\Local\Microsoft\WindowsApps;C:\Users\ACER\Desktop\Microsoft VS Code\bin;C:\Users\ACER\AppData\Roaming\npm;C:\Program Files\Azure Data Studio\bin;C:\Program Files\JetBrains\IntelliJ IDEA 2021.3.1\bin;;C:\Program Files\JetBrains\IntelliJ IDEA Community Edition 2021.3.1\bin;;C:\Users\ACER\.dotnet\tools
USERNAME=ACER
OS=Windows_NT
PROCESSOR_IDENTIFIER=AMD64 Family 23 Model 24 Stepping 1, AuthenticAMD



---------------  S Y S T E M  ---------------

OS:
 Windows 10 , 64 bit Build 22000 (10.0.22000.613)
OS uptime: 0 days 6:53 hours
Hyper-V role detected

CPU: total 8 (initial active 8) (8 cores per cpu, 2 threads per core) family 23 model 24 stepping 1 microcode 0x0, cx8, cmov, fxsr, ht, mmx, 3dnowpref, sse, sse2, sse3, ssse3, sse4a, sse4.1, sse4.2, popcnt, lzcnt, tsc, tscinvbit, avx, avx2, aes, clmul, bmi1, bmi2, adx, sha, fma, vzeroupper, clflush, clflushopt, hv

Memory: 4k page, system-wide physical 6081M (130M free)
TotalPageFile size 24513M (AvailPageFile size 5M)
current process WorkingSet (physical memory assigned to process): 9M, peak: 9M
current process commit charge ("private bytes"): 15M, peak: 16M

vm_info: Java HotSpot(TM) 64-Bit Server VM (16.0.2+7-67) for windows-amd64 JRE (16.0.2+7-67), built on Jun  8 2021 23:24:19 by "mach5one" with MS VC++ 16.7 (VS2019)

END.
