#
# There is insufficient memory for the Java Runtime Environment to continue.
# Native memory allocation (malloc) failed to allocate 542976 bytes for Chunk::new
# Possible reasons:
#   The system is out of physical RAM or swap space
#   The process is running with CompressedOops enabled, and the Java Heap may be blocking the growth of the native heap
# Possible solutions:
#   Reduce memory load on the system
#   Increase physical memory or swap space
#   Check if swap backing store is full
#   Decrease Java heap size (-Xmx/-Xms)
#   Decrease number of Java threads
#   Decrease Java thread stack sizes (-Xss)
#   Set larger code cache with -XX:ReservedCodeCacheSize=
#   JVM is running with Unscaled Compressed Oops mode in which the Java heap is
#     placed in the first 4GB address space. The Java Heap base address is the
#     maximum limit for the native heap growth. Please use -XX:HeapBaseMinAddress
#     to set the Java Heap base and to place the Java Heap above 4GB virtual address.
# This output file may be truncated or incomplete.
#
#  Out of Memory Error (arena.cpp:195), pid=22804, tid=10548
#
# JRE version: Java(TM) SE Runtime Environment (16.0.2+7) (build 16.0.2+7-67)
# Java VM: Java HotSpot(TM) 64-Bit Server VM (16.0.2+7-67, mixed mode, sharing, tiered, compressed oops, compressed class ptrs, g1 gc, windows-amd64)
# No core dump will be written. Minidumps are not enabled by default on client versions of Windows
#

---------------  S U M M A R Y ------------

Command Line: -Dfile.encoding=UTF-8 --module-path=D:\Netbean_Java\Java_Project_ST6\build\classes view.TrangChu

Host: AMD Ryzen 7 3750H with Radeon Vega Mobile Gfx  , 8 cores, 5G,  Windows 10 , 64 bit Build 22000 (10.0.22000.613)
Time: Thu May 12 22:46:11 2022 SE Asia Standard Time elapsed time: 1.519422 seconds (0d 0h 0m 1s)

---------------  T H R E A D  ---------------

Current thread (0x000001e6aa2b4230):  JavaThread "C2 CompilerThread0" daemon [_thread_in_native, id=10548, stack(0x00000046a4d00000,0x00000046a4e00000)]


Current CompileTask:
C2:   1519 1158       4       sun.awt.image.PNGImageDecoder::filterRow (460 bytes)

Stack: [0x00000046a4d00000,0x00000046a4e00000]
Native frames: (J=compiled Java code, j=interpreted, Vv=VM code, C=native code)
V  [jvm.dll+0x6681ca]
V  [jvm.dll+0x7c9e69]
V  [jvm.dll+0x7cb61e]
V  [jvm.dll+0x7cbc73]
V  [jvm.dll+0x242c55]
V  [jvm.dll+0xadeba]
V  [jvm.dll+0xae45c]
V  [jvm.dll+0x2a4cdf]
V  [jvm.dll+0x573c29]
V  [jvm.dll+0x21e905]
V  [jvm.dll+0x217c01]
V  [jvm.dll+0x214ffc]
V  [jvm.dll+0x1a1beb]
V  [jvm.dll+0x225158]
V  [jvm.dll+0x22319c]
V  [jvm.dll+0x77fa62]
V  [jvm.dll+0x7795aa]
V  [jvm.dll+0x667066]
C  [ucrtbase.dll+0x26c0c]
C  [KERNEL32.DLL+0x154e0]
C  [ntdll.dll+0x485b]


---------------  P R O C E S S  ---------------

Threads class SMR info:
_java_thread_list=0x000001e6ac1dc330, length=17, elements={
0x000001e6aa29dfa0, 0x000001e6aa29e870, 0x000001e6aa2af630, 0x000001e6aa2b0030,
0x000001e6aa2b0a30, 0x000001e6aa2b1430, 0x000001e6aa2b4230, 0x000001e6aa2c1150,
0x000001e6aa2d7ea0, 0x000001e6aa36e470, 0x000001e6aae73cb0, 0x000001e6aaf9c650,
0x000001e6aaf9cb70, 0x000001e6aaf9d090, 0x000001e6ab02b100, 0x000001e68d59de80,
0x000001e6ac0f6810
}

Java Threads: ( => current thread )
  0x000001e6aa29dfa0 JavaThread "Reference Handler" daemon [_thread_blocked, id=20892, stack(0x00000046a4700000,0x00000046a4800000)]
  0x000001e6aa29e870 JavaThread "Finalizer" daemon [_thread_blocked, id=13828, stack(0x00000046a4800000,0x00000046a4900000)]
  0x000001e6aa2af630 JavaThread "Signal Dispatcher" daemon [_thread_blocked, id=23700, stack(0x00000046a4900000,0x00000046a4a00000)]
  0x000001e6aa2b0030 JavaThread "Attach Listener" daemon [_thread_blocked, id=22836, stack(0x00000046a4a00000,0x00000046a4b00000)]
  0x000001e6aa2b0a30 JavaThread "Service Thread" daemon [_thread_blocked, id=24440, stack(0x00000046a4b00000,0x00000046a4c00000)]
  0x000001e6aa2b1430 JavaThread "Monitor Deflation Thread" daemon [_thread_blocked, id=21156, stack(0x00000046a4c00000,0x00000046a4d00000)]
=>0x000001e6aa2b4230 JavaThread "C2 CompilerThread0" daemon [_thread_in_native, id=10548, stack(0x00000046a4d00000,0x00000046a4e00000)]
  0x000001e6aa2c1150 JavaThread "C1 CompilerThread0" daemon [_thread_blocked, id=26332, stack(0x00000046a4e00000,0x00000046a4f00000)]
  0x000001e6aa2d7ea0 JavaThread "Sweeper thread" daemon [_thread_blocked, id=19988, stack(0x00000046a4f00000,0x00000046a5000000)]
  0x000001e6aa36e470 JavaThread "Common-Cleaner" daemon [_thread_blocked, id=25236, stack(0x00000046a5000000,0x00000046a5100000)]
  0x000001e6aae73cb0 JavaThread "Notification Thread" daemon [_thread_blocked, id=1868, stack(0x00000046a5100000,0x00000046a5200000)]
  0x000001e6aaf9c650 JavaThread "Java2D Disposer" daemon [_thread_blocked, id=18508, stack(0x00000046a5300000,0x00000046a5400000)]
  0x000001e6aaf9cb70 JavaThread "AWT-Shutdown" [_thread_blocked, id=4420, stack(0x00000046a5400000,0x00000046a5500000)]
  0x000001e6aaf9d090 JavaThread "AWT-Windows" daemon [_thread_in_native, id=23440, stack(0x00000046a5500000,0x00000046a5600000)]
  0x000001e6ab02b100 JavaThread "AWT-EventQueue-0" [_thread_in_vm, id=14428, stack(0x00000046a5600000,0x00000046a5700000)]
  0x000001e68d59de80 JavaThread "DestroyJavaVM" [_thread_blocked, id=24672, stack(0x00000046a4000000,0x00000046a4100000)]
  0x000001e6ac0f6810 JavaThread "Image Fetcher 0" daemon [_thread_blocked, id=18044, stack(0x00000046a5f00000,0x00000046a6000000)]

Other Threads:
  0x000001e68d67e060 VMThread "VM Thread" [stack: 0x00000046a4600000,0x00000046a4700000] [id=17332]
  0x000001e6aade4870 WatcherThread [stack: 0x00000046a5200000,0x00000046a5300000] [id=19780]
  0x000001e68d5d7b70 GCTaskThread "GC Thread#0" [stack: 0x00000046a4100000,0x00000046a4200000] [id=10212]
  0x000001e68d5e6120 ConcurrentGCThread "G1 Main Marker" [stack: 0x00000046a4200000,0x00000046a4300000] [id=25140]
  0x000001e68d5e6a90 ConcurrentGCThread "G1 Conc#0" [stack: 0x00000046a4300000,0x00000046a4400000] [id=18820]
  0x000001e68d65a120 ConcurrentGCThread "G1 Refine#0" [stack: 0x00000046a4400000,0x00000046a4500000] [id=25912]
  0x000001e68d65aaa0 ConcurrentGCThread "G1 Service" [stack: 0x00000046a4500000,0x00000046a4600000] [id=20228]

Threads with active compile tasks:
C2 CompilerThread0     1567 1158       4       sun.awt.image.PNGImageDecoder::filterRow (460 bytes)

VM state: not at safepoint (normal execution)

VM Mutex/Monitor currently owned by a thread: None

Heap address: 0x00000000a0e00000, size: 1522 MB, Compressed Oops mode: 32-bit

CDS archive(s) mapped at: [0x0000000800000000-0x0000000800bb0000-0x0000000800bb0000), size 12255232, SharedBaseAddress: 0x0000000800000000, ArchiveRelocationMode: 0.
Compressed class space mapped at: 0x0000000800c00000-0x0000000840c00000, reserved size: 1073741824
Narrow klass base: 0x0000000800000000, Narrow klass shift: 3, Narrow klass range: 0x100000000

GC Precious Log:
 CPUs: 8 total, 8 available
 Memory: 6081M
 Large Page Support: Disabled
 NUMA Support: Disabled
 Compressed Oops: Enabled (32-bit)
 Heap Region Size: 1M
 Heap Min Capacity: 8M
 Heap Initial Capacity: 96M
 Heap Max Capacity: 1522M
 Pre-touch: Disabled
 Parallel Workers: 8
 Concurrent Workers: 2
 Concurrent Refinement Workers: 8
 Periodic GC: Disabled

Heap:
 garbage-first heap   total 98304K, used 9216K [0x00000000a0e00000, 0x0000000100000000)
  region size 1024K, 11 young (11264K), 0 survivors (0K)
 Metaspace       used 10775K, committed 11008K, reserved 1064960K
  class space    used 1306K, committed 1408K, reserved 1048576K

Heap Regions: E=young(eden), S=young(survivor), O=old, HS=humongous(starts), HC=humongous(continues), CS=collection set, F=free, OA=open archive, CA=closed archive, TAMS=top-at-mark-start (previous, next)
|   0|0x00000000a0e00000, 0x00000000a0e00000, 0x00000000a0f00000|  0%| F|  |TAMS 0x00000000a0e00000, 0x00000000a0e00000| Untracked 
|   1|0x00000000a0f00000, 0x00000000a0f00000, 0x00000000a1000000|  0%| F|  |TAMS 0x00000000a0f00000, 0x00000000a0f00000| Untracked 
|   2|0x00000000a1000000, 0x00000000a1000000, 0x00000000a1100000|  0%| F|  |TAMS 0x00000000a1000000, 0x00000000a1000000| Untracked 
|   3|0x00000000a1100000, 0x00000000a1100000, 0x00000000a1200000|  0%| F|  |TAMS 0x00000000a1100000, 0x00000000a1100000| Untracked 
|   4|0x00000000a1200000, 0x00000000a1200000, 0x00000000a1300000|  0%| F|  |TAMS 0x00000000a1200000, 0x00000000a1200000| Untracked 
|   5|0x00000000a1300000, 0x00000000a1300000, 0x00000000a1400000|  0%| F|  |TAMS 0x00000000a1300000, 0x00000000a1300000| Untracked 
|   6|0x00000000a1400000, 0x00000000a1400000, 0x00000000a1500000|  0%| F|  |TAMS 0x00000000a1400000, 0x00000000a1400000| Untracked 
|   7|0x00000000a1500000, 0x00000000a1500000, 0x00000000a1600000|  0%| F|  |TAMS 0x00000000a1500000, 0x00000000a1500000| Untracked 
|   8|0x00000000a1600000, 0x00000000a1600000, 0x00000000a1700000|  0%| F|  |TAMS 0x00000000a1600000, 0x00000000a1600000| Untracked 
|   9|0x00000000a1700000, 0x00000000a1700000, 0x00000000a1800000|  0%| F|  |TAMS 0x00000000a1700000, 0x00000000a1700000| Untracked 
|  10|0x00000000a1800000, 0x00000000a1800000, 0x00000000a1900000|  0%| F|  |TAMS 0x00000000a1800000, 0x00000000a1800000| Untracked 
|  11|0x00000000a1900000, 0x00000000a1900000, 0x00000000a1a00000|  0%| F|  |TAMS 0x00000000a1900000, 0x00000000a1900000| Untracked 
|  12|0x00000000a1a00000, 0x00000000a1a00000, 0x00000000a1b00000|  0%| F|  |TAMS 0x00000000a1a00000, 0x00000000a1a00000| Untracked 
|  13|0x00000000a1b00000, 0x00000000a1b00000, 0x00000000a1c00000|  0%| F|  |TAMS 0x00000000a1b00000, 0x00000000a1b00000| Untracked 
|  14|0x00000000a1c00000, 0x00000000a1c00000, 0x00000000a1d00000|  0%| F|  |TAMS 0x00000000a1c00000, 0x00000000a1c00000| Untracked 
|  15|0x00000000a1d00000, 0x00000000a1d00000, 0x00000000a1e00000|  0%| F|  |TAMS 0x00000000a1d00000, 0x00000000a1d00000| Untracked 
|  16|0x00000000a1e00000, 0x00000000a1e00000, 0x00000000a1f00000|  0%| F|  |TAMS 0x00000000a1e00000, 0x00000000a1e00000| Untracked 
|  17|0x00000000a1f00000, 0x00000000a1f00000, 0x00000000a2000000|  0%| F|  |TAMS 0x00000000a1f00000, 0x00000000a1f00000| Untracked 
|  18|0x00000000a2000000, 0x00000000a2000000, 0x00000000a2100000|  0%| F|  |TAMS 0x00000000a2000000, 0x00000000a2000000| Untracked 
|  19|0x00000000a2100000, 0x00000000a2100000, 0x00000000a2200000|  0%| F|  |TAMS 0x00000000a2100000, 0x00000000a2100000| Untracked 
|  20|0x00000000a2200000, 0x00000000a2200000, 0x00000000a2300000|  0%| F|  |TAMS 0x00000000a2200000, 0x00000000a2200000| Untracked 
|  21|0x00000000a2300000, 0x00000000a2300000, 0x00000000a2400000|  0%| F|  |TAMS 0x00000000a2300000, 0x00000000a2300000| Untracked 
|  22|0x00000000a2400000, 0x00000000a2400000, 0x00000000a2500000|  0%| F|  |TAMS 0x00000000a2400000, 0x00000000a2400000| Untracked 
|  23|0x00000000a2500000, 0x00000000a2500000, 0x00000000a2600000|  0%| F|  |TAMS 0x00000000a2500000, 0x00000000a2500000| Untracked 
|  24|0x00000000a2600000, 0x00000000a2600000, 0x00000000a2700000|  0%| F|  |TAMS 0x00000000a2600000, 0x00000000a2600000| Untracked 
|  25|0x00000000a2700000, 0x00000000a2700000, 0x00000000a2800000|  0%| F|  |TAMS 0x00000000a2700000, 0x00000000a2700000| Untracked 
|  26|0x00000000a2800000, 0x00000000a2800000, 0x00000000a2900000|  0%| F|  |TAMS 0x00000000a2800000, 0x00000000a2800000| Untracked 
|  27|0x00000000a2900000, 0x00000000a2900000, 0x00000000a2a00000|  0%| F|  |TAMS 0x00000000a2900000, 0x00000000a2900000| Untracked 
|  28|0x00000000a2a00000, 0x00000000a2a00000, 0x00000000a2b00000|  0%| F|  |TAMS 0x00000000a2a00000, 0x00000000a2a00000| Untracked 
|  29|0x00000000a2b00000, 0x00000000a2b00000, 0x00000000a2c00000|  0%| F|  |TAMS 0x00000000a2b00000, 0x00000000a2b00000| Untracked 
|  30|0x00000000a2c00000, 0x00000000a2c00000, 0x00000000a2d00000|  0%| F|  |TAMS 0x00000000a2c00000, 0x00000000a2c00000| Untracked 
|  31|0x00000000a2d00000, 0x00000000a2d00000, 0x00000000a2e00000|  0%| F|  |TAMS 0x00000000a2d00000, 0x00000000a2d00000| Untracked 
|  32|0x00000000a2e00000, 0x00000000a2e00000, 0x00000000a2f00000|  0%| F|  |TAMS 0x00000000a2e00000, 0x00000000a2e00000| Untracked 
|  33|0x00000000a2f00000, 0x00000000a2f00000, 0x00000000a3000000|  0%| F|  |TAMS 0x00000000a2f00000, 0x00000000a2f00000| Untracked 
|  34|0x00000000a3000000, 0x00000000a3000000, 0x00000000a3100000|  0%| F|  |TAMS 0x00000000a3000000, 0x00000000a3000000| Untracked 
|  35|0x00000000a3100000, 0x00000000a3100000, 0x00000000a3200000|  0%| F|  |TAMS 0x00000000a3100000, 0x00000000a3100000| Untracked 
|  36|0x00000000a3200000, 0x00000000a3200000, 0x00000000a3300000|  0%| F|  |TAMS 0x00000000a3200000, 0x00000000a3200000| Untracked 
|  37|0x00000000a3300000, 0x00000000a3300000, 0x00000000a3400000|  0%| F|  |TAMS 0x00000000a3300000, 0x00000000a3300000| Untracked 
|  38|0x00000000a3400000, 0x00000000a3400000, 0x00000000a3500000|  0%| F|  |TAMS 0x00000000a3400000, 0x00000000a3400000| Untracked 
|  39|0x00000000a3500000, 0x00000000a3500000, 0x00000000a3600000|  0%| F|  |TAMS 0x00000000a3500000, 0x00000000a3500000| Untracked 
|  40|0x00000000a3600000, 0x00000000a3600000, 0x00000000a3700000|  0%| F|  |TAMS 0x00000000a3600000, 0x00000000a3600000| Untracked 
|  41|0x00000000a3700000, 0x00000000a3700000, 0x00000000a3800000|  0%| F|  |TAMS 0x00000000a3700000, 0x00000000a3700000| Untracked 
|  42|0x00000000a3800000, 0x00000000a3800000, 0x00000000a3900000|  0%| F|  |TAMS 0x00000000a3800000, 0x00000000a3800000| Untracked 
|  43|0x00000000a3900000, 0x00000000a3900000, 0x00000000a3a00000|  0%| F|  |TAMS 0x00000000a3900000, 0x00000000a3900000| Untracked 
|  44|0x00000000a3a00000, 0x00000000a3a00000, 0x00000000a3b00000|  0%| F|  |TAMS 0x00000000a3a00000, 0x00000000a3a00000| Untracked 
|  45|0x00000000a3b00000, 0x00000000a3b00000, 0x00000000a3c00000|  0%| F|  |TAMS 0x00000000a3b00000, 0x00000000a3b00000| Untracked 
|  46|0x00000000a3c00000, 0x00000000a3c00000, 0x00000000a3d00000|  0%| F|  |TAMS 0x00000000a3c00000, 0x00000000a3c00000| Untracked 
|  47|0x00000000a3d00000, 0x00000000a3d00000, 0x00000000a3e00000|  0%| F|  |TAMS 0x00000000a3d00000, 0x00000000a3d00000| Untracked 
|  48|0x00000000a3e00000, 0x00000000a3e00000, 0x00000000a3f00000|  0%| F|  |TAMS 0x00000000a3e00000, 0x00000000a3e00000| Untracked 
|  49|0x00000000a3f00000, 0x00000000a3f00000, 0x00000000a4000000|  0%| F|  |TAMS 0x00000000a3f00000, 0x00000000a3f00000| Untracked 
|  50|0x00000000a4000000, 0x00000000a4000000, 0x00000000a4100000|  0%| F|  |TAMS 0x00000000a4000000, 0x00000000a4000000| Untracked 
|  51|0x00000000a4100000, 0x00000000a4100000, 0x00000000a4200000|  0%| F|  |TAMS 0x00000000a4100000, 0x00000000a4100000| Untracked 
|  52|0x00000000a4200000, 0x00000000a4200000, 0x00000000a4300000|  0%| F|  |TAMS 0x00000000a4200000, 0x00000000a4200000| Untracked 
|  53|0x00000000a4300000, 0x00000000a4300000, 0x00000000a4400000|  0%| F|  |TAMS 0x00000000a4300000, 0x00000000a4300000| Untracked 
|  54|0x00000000a4400000, 0x00000000a4400000, 0x00000000a4500000|  0%| F|  |TAMS 0x00000000a4400000, 0x00000000a4400000| Untracked 
|  55|0x00000000a4500000, 0x00000000a4500000, 0x00000000a4600000|  0%| F|  |TAMS 0x00000000a4500000, 0x00000000a4500000| Untracked 
|  56|0x00000000a4600000, 0x00000000a4600000, 0x00000000a4700000|  0%| F|  |TAMS 0x00000000a4600000, 0x00000000a4600000| Untracked 
|  57|0x00000000a4700000, 0x00000000a4700000, 0x00000000a4800000|  0%| F|  |TAMS 0x00000000a4700000, 0x00000000a4700000| Untracked 
|  58|0x00000000a4800000, 0x00000000a4800000, 0x00000000a4900000|  0%| F|  |TAMS 0x00000000a4800000, 0x00000000a4800000| Untracked 
|  59|0x00000000a4900000, 0x00000000a4900000, 0x00000000a4a00000|  0%| F|  |TAMS 0x00000000a4900000, 0x00000000a4900000| Untracked 
|  60|0x00000000a4a00000, 0x00000000a4a00000, 0x00000000a4b00000|  0%| F|  |TAMS 0x00000000a4a00000, 0x00000000a4a00000| Untracked 
|  61|0x00000000a4b00000, 0x00000000a4b00000, 0x00000000a4c00000|  0%| F|  |TAMS 0x00000000a4b00000, 0x00000000a4b00000| Untracked 
|  62|0x00000000a4c00000, 0x00000000a4c00000, 0x00000000a4d00000|  0%| F|  |TAMS 0x00000000a4c00000, 0x00000000a4c00000| Untracked 
|  63|0x00000000a4d00000, 0x00000000a4d00000, 0x00000000a4e00000|  0%| F|  |TAMS 0x00000000a4d00000, 0x00000000a4d00000| Untracked 
|  64|0x00000000a4e00000, 0x00000000a4e00000, 0x00000000a4f00000|  0%| F|  |TAMS 0x00000000a4e00000, 0x00000000a4e00000| Untracked 
|  65|0x00000000a4f00000, 0x00000000a4f00000, 0x00000000a5000000|  0%| F|  |TAMS 0x00000000a4f00000, 0x00000000a4f00000| Untracked 
|  66|0x00000000a5000000, 0x00000000a5000000, 0x00000000a5100000|  0%| F|  |TAMS 0x00000000a5000000, 0x00000000a5000000| Untracked 
|  67|0x00000000a5100000, 0x00000000a5100000, 0x00000000a5200000|  0%| F|  |TAMS 0x00000000a5100000, 0x00000000a5100000| Untracked 
|  68|0x00000000a5200000, 0x00000000a5200000, 0x00000000a5300000|  0%| F|  |TAMS 0x00000000a5200000, 0x00000000a5200000| Untracked 
|  69|0x00000000a5300000, 0x00000000a5300000, 0x00000000a5400000|  0%| F|  |TAMS 0x00000000a5300000, 0x00000000a5300000| Untracked 
|  70|0x00000000a5400000, 0x00000000a5400000, 0x00000000a5500000|  0%| F|  |TAMS 0x00000000a5400000, 0x00000000a5400000| Untracked 
|  71|0x00000000a5500000, 0x00000000a5500000, 0x00000000a5600000|  0%| F|  |TAMS 0x00000000a5500000, 0x00000000a5500000| Untracked 
|  72|0x00000000a5600000, 0x00000000a5600000, 0x00000000a5700000|  0%| F|  |TAMS 0x00000000a5600000, 0x00000000a5600000| Untracked 
|  73|0x00000000a5700000, 0x00000000a5700000, 0x00000000a5800000|  0%| F|  |TAMS 0x00000000a5700000, 0x00000000a5700000| Untracked 
|  74|0x00000000a5800000, 0x00000000a5800000, 0x00000000a5900000|  0%| F|  |TAMS 0x00000000a5800000, 0x00000000a5800000| Untracked 
|  75|0x00000000a5900000, 0x00000000a5900000, 0x00000000a5a00000|  0%| F|  |TAMS 0x00000000a5900000, 0x00000000a5900000| Untracked 
|  76|0x00000000a5a00000, 0x00000000a5a00000, 0x00000000a5b00000|  0%| F|  |TAMS 0x00000000a5a00000, 0x00000000a5a00000| Untracked 
|  77|0x00000000a5b00000, 0x00000000a5b00000, 0x00000000a5c00000|  0%| F|  |TAMS 0x00000000a5b00000, 0x00000000a5b00000| Untracked 
|  78|0x00000000a5c00000, 0x00000000a5c00000, 0x00000000a5d00000|  0%| F|  |TAMS 0x00000000a5c00000, 0x00000000a5c00000| Untracked 
|  79|0x00000000a5d00000, 0x00000000a5d00000, 0x00000000a5e00000|  0%| F|  |TAMS 0x00000000a5d00000, 0x00000000a5d00000| Untracked 
|  80|0x00000000a5e00000, 0x00000000a5e00000, 0x00000000a5f00000|  0%| F|  |TAMS 0x00000000a5e00000, 0x00000000a5e00000| Untracked 
|  81|0x00000000a5f00000, 0x00000000a5f00000, 0x00000000a6000000|  0%| F|  |TAMS 0x00000000a5f00000, 0x00000000a5f00000| Untracked 
|  82|0x00000000a6000000, 0x00000000a6000000, 0x00000000a6100000|  0%| F|  |TAMS 0x00000000a6000000, 0x00000000a6000000| Untracked 
|  83|0x00000000a6100000, 0x00000000a6100000, 0x00000000a6200000|  0%| F|  |TAMS 0x00000000a6100000, 0x00000000a6100000| Untracked 
|  84|0x00000000a6200000, 0x00000000a6200000, 0x00000000a6300000|  0%| F|  |TAMS 0x00000000a6200000, 0x00000000a6200000| Untracked 
|  85|0x00000000a6300000, 0x00000000a63ec378, 0x00000000a6400000| 92%| E|  |TAMS 0x00000000a6300000, 0x00000000a6300000| Complete 
|  86|0x00000000a6400000, 0x00000000a6500000, 0x00000000a6500000|100%| E|CS|TAMS 0x00000000a6400000, 0x00000000a6400000| Complete 
|  87|0x00000000a6500000, 0x00000000a6600000, 0x00000000a6600000|100%| E|CS|TAMS 0x00000000a6500000, 0x00000000a6500000| Complete 
|  88|0x00000000a6600000, 0x00000000a6700000, 0x00000000a6700000|100%| E|CS|TAMS 0x00000000a6600000, 0x00000000a6600000| Complete 
|  89|0x00000000a6700000, 0x00000000a6800000, 0x00000000a6800000|100%| E|CS|TAMS 0x00000000a6700000, 0x00000000a6700000| Complete 
|  90|0x00000000a6800000, 0x00000000a6900000, 0x00000000a6900000|100%| E|CS|TAMS 0x00000000a6800000, 0x00000000a6800000| Complete 
|  91|0x00000000a6900000, 0x00000000a6a00000, 0x00000000a6a00000|100%| E|CS|TAMS 0x00000000a6900000, 0x00000000a6900000| Complete 
|  92|0x00000000a6a00000, 0x00000000a6b00000, 0x00000000a6b00000|100%| E|CS|TAMS 0x00000000a6a00000, 0x00000000a6a00000| Complete 
|  93|0x00000000a6b00000, 0x00000000a6c00000, 0x00000000a6c00000|100%| E|CS|TAMS 0x00000000a6b00000, 0x00000000a6b00000| Complete 
|  94|0x00000000a6c00000, 0x00000000a6d00000, 0x00000000a6d00000|100%| E|  |TAMS 0x00000000a6c00000, 0x00000000a6c00000| Complete 
|  95|0x00000000a6d00000, 0x00000000a6e00000, 0x00000000a6e00000|100%| E|CS|TAMS 0x00000000a6d00000, 0x00000000a6d00000| Complete 

Card table byte_map: [0x000001e6a4350000,0x000001e6a4650000] _byte_map_base: 0x000001e6a3e49000

Marking Bits (Prev, Next): (CMBitMap*) 0x000001e68d5d8160, (CMBitMap*) 0x000001e68d5d81a0
 Prev Bits: [0x000001e6a4950000, 0x000001e6a6118000)
 Next Bits: [0x000001e6a6120000, 0x000001e6a78e8000)

Polling page: 0x000001e68b4c0000

Metaspace:

Usage:
  Non-class:      9.27 MB used.
      Class:      1.28 MB used.
       Both:     10.55 MB used.

Virtual space:
  Non-class space:       16.00 MB reserved,       9.38 MB ( 59%) committed,  2 nodes.
      Class space:        1.00 GB reserved,       1.38 MB ( <1%) committed,  1 nodes.
              Both:        1.02 GB reserved,      10.75 MB (  1%) committed. 

Chunk freelists:
   Non-Class:  2.36 MB
       Class:  2.58 MB
        Both:  4.93 MB

MaxMetaspaceSize: 17179869184.00 GB
CompressedClassSpaceSize: 1.00 GB
 - commit_granule_bytes: 65536.
 - commit_granule_words: 8192.
 - virtual_space_node_default_size: 1048576.
 - enlarge_chunks_in_place: 1.
 - new_chunks_are_fully_committed: 0.
 - uncommit_free_chunks: 1.
 - use_allocation_guard: 0.
 - handle_deallocations: 1.


Internal statistics:

num_allocs_failed_limit: 0.
num_arena_births: 110.
num_arena_deaths: 0.
num_vsnodes_births: 3.
num_vsnodes_deaths: 0.
num_space_committed: 172.
num_space_uncommitted: 0.
num_chunks_returned_to_freelist: 0.
num_chunks_taken_from_freelist: 174.
num_chunk_merges: 0.
num_chunk_splits: 96.
num_chunks_enlarged: 43.
num_purges: 0.

CodeHeap 'non-profiled nmethods': size=120000Kb used=334Kb max_used=334Kb free=119665Kb
 bounds [0x000001e69c7f0000, 0x000001e69ca60000, 0x000001e6a3d20000]
CodeHeap 'profiled nmethods': size=120000Kb used=2048Kb max_used=2048Kb free=117951Kb
 bounds [0x000001e6952c0000, 0x000001e695530000, 0x000001e69c7f0000]
CodeHeap 'non-nmethods': size=5760Kb used=1292Kb max_used=1292Kb free=4467Kb
 bounds [0x000001e694d20000, 0x000001e694f90000, 0x000001e6952c0000]
 total_blobs=1810 nmethods=1195 adapters=528
 compilation: enabled
              stopped_count=0, restarted_count=0
 full_count=0

Compilation events (20 events):
Event: 1.497 Thread 0x000001e6aa2c1150 1170       1       javax.swing.GroupLayout::getHonorsVisibility (5 bytes)
Event: 1.497 Thread 0x000001e6aa2c1150 nmethod 1170 0x000001e69c842290 code [0x000001e69c842420, 0x000001e69c8424f8]
Event: 1.497 Thread 0x000001e6aa2c1150 1172       3       javax.swing.GroupLayout::checkSize (48 bytes)
Event: 1.498 Thread 0x000001e6aa2c1150 nmethod 1172 0x000001e6954b3790 code [0x000001e6954b39c0, 0x000001e6954b4098]
Event: 1.498 Thread 0x000001e6aa2c1150 1173       3       javax.swing.ArrayTable::get (80 bytes)
Event: 1.498 Thread 0x000001e6aa2c1150 nmethod 1173 0x000001e6954b4290 code [0x000001e6954b4480, 0x000001e6954b4c98]
Event: 1.499 Thread 0x000001e6aa2c1150 1175   !   3       javax.swing.plaf.basic.BasicHTML::updateRenderer (200 bytes)
Event: 1.501 Thread 0x000001e6aa2c1150 nmethod 1175 0x000001e6954b4e90 code [0x000001e6954b5280, 0x000001e6954b7048]
Event: 1.501 Thread 0x000001e6aa2c1150 1176       3       javax.swing.plaf.basic.BasicHTML::isHTMLString (49 bytes)
Event: 1.502 Thread 0x000001e6aa2c1150 nmethod 1176 0x000001e6954b7b90 code [0x000001e6954b7e40, 0x000001e6954b8a58]
Event: 1.502 Thread 0x000001e6aa2c1150 1174       3       javax.swing.plaf.basic.BasicLabelUI::propertyChange (82 bytes)
Event: 1.503 Thread 0x000001e6aa2c1150 nmethod 1174 0x000001e6954b8f10 code [0x000001e6954b9120, 0x000001e6954b99e8]
Event: 1.503 Thread 0x000001e6aa2c1150 1171       3       javax.swing.GroupLayout$ComponentSpring::<init> (67 bytes)
Event: 1.503 Thread 0x000001e6aa2c1150 nmethod 1171 0x000001e6954b9b90 code [0x000001e6954b9d80, 0x000001e6954ba158]
Event: 1.504 Thread 0x000001e6aa2c1150 1177       3       java.lang.ref.WeakReference::<init> (6 bytes)
Event: 1.504 Thread 0x000001e6aa2c1150 nmethod 1177 0x000001e6954ba290 code [0x000001e6954ba440, 0x000001e6954ba758]
Event: 1.506 Thread 0x000001e6aa2c1150 1178       3       java.lang.Integer::hashCode (8 bytes)
Event: 1.506 Thread 0x000001e6aa2c1150 nmethod 1178 0x000001e6954ba890 code [0x000001e6954baa40, 0x000001e6954bab98]
Event: 1.506 Thread 0x000001e6aa2c1150 1179       3       java.lang.Integer::hashCode (2 bytes)
Event: 1.506 Thread 0x000001e6aa2c1150 nmethod 1179 0x000001e6954bac90 code [0x000001e6954bae20, 0x000001e6954baf18]

GC Heap History (0 events):
No events

Deoptimization events (20 events):
Event: 1.209 Thread 0x000001e6ab02b100 DEOPT PACKING pc=0x000001e69c827b1c sp=0x00000046a56fe790
Event: 1.209 Thread 0x000001e6ab02b100 DEOPT UNPACKING pc=0x000001e694d6d72e sp=0x00000046a56fe730 mode 2
Event: 1.209 Thread 0x000001e6ab02b100 Uncommon trap: trap_request=0xffffffde fr.pc=0x000001e69c827b1c relative=0x000000000000037c
Event: 1.209 Thread 0x000001e6ab02b100 Uncommon trap: reason=class_check action=maybe_recompile pc=0x000001e69c827b1c method=javax.swing.plaf.nimbus.DerivedColor$UIResource.equals(Ljava/lang/Object;)Z @ 1 c2
Event: 1.209 Thread 0x000001e6ab02b100 DEOPT PACKING pc=0x000001e69c827b1c sp=0x00000046a56fe6e0
Event: 1.209 Thread 0x000001e6ab02b100 DEOPT UNPACKING pc=0x000001e694d6d72e sp=0x00000046a56fe690 mode 2
Event: 1.209 Thread 0x000001e6ab02b100 Uncommon trap: trap_request=0xffffffde fr.pc=0x000001e69c827b1c relative=0x000000000000037c
Event: 1.209 Thread 0x000001e6ab02b100 Uncommon trap: reason=class_check action=maybe_recompile pc=0x000001e69c827b1c method=javax.swing.plaf.nimbus.DerivedColor$UIResource.equals(Ljava/lang/Object;)Z @ 1 c2
Event: 1.209 Thread 0x000001e6ab02b100 DEOPT PACKING pc=0x000001e69c827b1c sp=0x00000046a56fe960
Event: 1.209 Thread 0x000001e6ab02b100 DEOPT UNPACKING pc=0x000001e694d6d72e sp=0x00000046a56fe910 mode 2
Event: 1.285 Thread 0x000001e6ab02b100 Uncommon trap: trap_request=0xffffff45 fr.pc=0x000001e69c800fa0 relative=0x0000000000000180
Event: 1.285 Thread 0x000001e6ab02b100 Uncommon trap: reason=unstable_if action=reinterpret pc=0x000001e69c800fa0 method=java.lang.String.equals(Ljava/lang/Object;)Z @ 33 c2
Event: 1.285 Thread 0x000001e6ab02b100 DEOPT PACKING pc=0x000001e69c800fa0 sp=0x00000046a56fe9b0
Event: 1.285 Thread 0x000001e6ab02b100 DEOPT UNPACKING pc=0x000001e694d6d72e sp=0x00000046a56fe940 mode 2
Event: 1.396 Thread 0x000001e6ab02b100 Uncommon trap: trap_request=0xffffff45 fr.pc=0x000001e69c83b518 relative=0x00000000000002f8
Event: 1.396 Thread 0x000001e6ab02b100 Uncommon trap: reason=unstable_if action=reinterpret pc=0x000001e69c83b518 method=javax.swing.plaf.nimbus.DerivedColor.equals(Ljava/lang/Object;)Z @ 45 c2
Event: 1.396 Thread 0x000001e6ab02b100 DEOPT PACKING pc=0x000001e69c83b518 sp=0x00000046a56fe760
Event: 1.396 Thread 0x000001e6ab02b100 DEOPT UNPACKING pc=0x000001e694d6d72e sp=0x00000046a56fe690 mode 2
Event: 1.487 Thread 0x000001e6ac0f6810 DEOPT PACKING pc=0x000001e695468934 sp=0x00000046a5ffef10
Event: 1.487 Thread 0x000001e6ac0f6810 DEOPT UNPACKING pc=0x000001e694d6dece sp=0x00000046a5ffe3b0 mode 0

Classes unloaded (0 events):
No events

Classes redefined (0 events):
No events

Internal exceptions (20 events):
Event: 0.608 Thread 0x000001e68d59de80 Exception <a 'java/lang/ClassNotFoundException'{0x00000000a684b1c0}: EditorPane> (0x00000000a684b1c0) 
thrown [t:\workspace\open\src\hotspot\share\classfile\systemDictionary.cpp, line 256]
Event: 0.609 Thread 0x000001e68d59de80 Exception <a 'java/lang/ClassNotFoundException'{0x00000000a684bb20}: ToolBar> (0x00000000a684bb20) 
thrown [t:\workspace\open\src\hotspot\share\classfile\systemDictionary.cpp, line 256]
Event: 0.609 Thread 0x000001e68d59de80 Exception <a 'java/lang/ClassNotFoundException'{0x00000000a684c018}: ToolBar> (0x00000000a684c018) 
thrown [t:\workspace\open\src\hotspot\share\classfile\systemDictionary.cpp, line 256]
Event: 0.609 Thread 0x000001e68d59de80 Exception <a 'java/lang/ClassNotFoundException'{0x00000000a684c378}: Button> (0x00000000a684c378) 
thrown [t:\workspace\open\src\hotspot\share\classfile\systemDictionary.cpp, line 256]
Event: 0.609 Thread 0x000001e68d59de80 Exception <a 'java/lang/ClassNotFoundException'{0x00000000a684c840}: ToolBar> (0x00000000a684c840) 
thrown [t:\workspace\open\src\hotspot\share\classfile\systemDictionary.cpp, line 256]
Event: 0.610 Thread 0x000001e68d59de80 Exception <a 'java/lang/ClassNotFoundException'{0x00000000a684cbb0}: ToggleButton> (0x00000000a684cbb0) 
thrown [t:\workspace\open\src\hotspot\share\classfile\systemDictionary.cpp, line 256]
Event: 0.610 Thread 0x000001e68d59de80 Exception <a 'java/lang/ClassNotFoundException'{0x00000000a684cff0}: javax/swing/JToolBarSeparator> (0x00000000a684cff0) 
thrown [t:\workspace\open\src\hotspot\share\classfile\systemDictionary.cpp, line 256]
Event: 0.610 Thread 0x000001e68d59de80 Exception <a 'java/lang/ClassNotFoundException'{0x00000000a684d2f8}: ToolBarSeparator> (0x00000000a684d2f8) 
thrown [t:\workspace\open\src\hotspot\share\classfile\systemDictionary.cpp, line 256]
Event: 0.610 Thread 0x000001e68d59de80 Exception <a 'java/lang/ClassNotFoundException'{0x00000000a684d810}: ToolTip> (0x00000000a684d810) 
thrown [t:\workspace\open\src\hotspot\share\classfile\systemDictionary.cpp, line 256]
Event: 0.613 Thread 0x000001e68d59de80 Exception <a 'java/lang/ClassNotFoundException'{0x00000000a684e160}: Tree> (0x00000000a684e160) 
thrown [t:\workspace\open\src\hotspot\share\classfile\systemDictionary.cpp, line 256]
Event: 0.614 Thread 0x000001e68d59de80 Exception <a 'java/lang/ClassNotFoundException'{0x00000000a684e658}: Tree> (0x00000000a684e658) 
thrown [t:\workspace\open\src\hotspot\share\classfile\systemDictionary.cpp, line 256]
Event: 0.614 Thread 0x000001e68d59de80 Exception <a 'java/lang/ClassNotFoundException'{0x00000000a684e9c8}: javax/swing/JTreeCell> (0x00000000a684e9c8) 
thrown [t:\workspace\open\src\hotspot\share\classfile\systemDictionary.cpp, line 256]
Event: 0.614 Thread 0x000001e68d59de80 Exception <a 'java/lang/ClassNotFoundException'{0x00000000a684ecc8}: TreeCell> (0x00000000a684ecc8) 
thrown [t:\workspace\open\src\hotspot\share\classfile\systemDictionary.cpp, line 256]
Event: 0.615 Thread 0x000001e68d59de80 Exception <a 'java/lang/ClassNotFoundException'{0x00000000a684f488}: RootPane> (0x00000000a684f488) 
thrown [t:\workspace\open\src\hotspot\share\classfile\systemDictionary.cpp, line 256]
Event: 0.620 Thread 0x000001e68d59de80 Exception <a 'java/lang/ClassNotFoundException'{0x00000000a68522d8}: com/sun/swing/internal/plaf/metal/resources/spi/metalProvider> (0x00000000a68522d8) 
thrown [t:\workspace\open\src\hotspot\share\classfile\systemDictionary.cpp, line 256]
Event: 0.622 Thread 0x000001e68d59de80 Exception <a 'java/lang/ClassNotFoundException'{0x00000000a6856098}: com/sun/swing/internal/plaf/basic/resources/spi/basicProvider> (0x00000000a6856098) 
thrown [t:\workspace\open\src\hotspot\share\classfile\systemDictionary.cpp, line 256]
Event: 0.855 Thread 0x000001e6ab02b100 Exception <a 'java/lang/ClassNotFoundException'{0x00000000a6704a68}: com/sun/swing/internal/plaf/synth/resources/spi/synthProvider> (0x00000000a6704a68) 
thrown [t:\workspace\open\src\hotspot\share\classfile\systemDictionary.cpp, line 256]
Event: 1.276 Thread 0x000001e6ac0f6810 Exception <a 'java/lang/NoSuchMethodError'{0x00000000a6412218}: 'java.lang.Object java.lang.invoke.DirectMethodHandle$Holder.newInvokeSpecial(java.lang.Object, java.lang.Object, java.lang.Object, int, int, int, int, int)'> (0x00000000a6412218) 
thrown [t:\workspace\open\src\hotspot\share\interpreter\linkResolver.cpp, line 790]
Event: 1.393 Thread 0x000001e6ab02b100 Exception <a 'java/lang/NoSuchMethodError'{0x00000000a6318ff0}: 'void java.lang.invoke.DirectMethodHandle$Holder.invokeStatic(java.lang.Object, java.lang.Object, java.lang.Object)'> (0x00000000a6318ff0) 
thrown [t:\workspace\open\src\hotspot\share\interpreter\linkResolver.cpp, line 790]
Event: 1.395 Thread 0x000001e6ab02b100 Exception <a 'java/lang/NoSuchMethodError'{0x00000000a631f7f0}: 'void java.lang.invoke.DirectMethodHandle$Holder.invokeStatic(java.lang.Object, java.lang.Object)'> (0x00000000a631f7f0) 
thrown [t:\workspace\open\src\hotspot\share\interpreter\linkResolver.cpp, line 790]

Events (20 events):
Event: 1.503 Executing  VM operation: HandshakeAllThreads done
Event: 1.503 loading class sun/awt/windows/WPanelPeer done
Event: 1.503 loading class sun/awt/windows/WWindowPeer done
Event: 1.503 loading class sun/awt/windows/WFramePeer done
Event: 1.504 loading class sun/awt/windows/WWindowPeer$ActiveWindowListener
Event: 1.504 loading class sun/awt/windows/WWindowPeer$ActiveWindowListener done
Event: 1.504 loading class sun/awt/windows/WWindowPeer$GuiDisposedListener
Event: 1.504 loading class sun/awt/windows/WWindowPeer$GuiDisposedListener done
Event: 1.505 loading class sun/awt/RepaintArea
Event: 1.505 loading class sun/awt/RepaintArea done
Event: 1.505 loading class sun/awt/ExtendedKeyCodes
Event: 1.506 loading class sun/awt/ExtendedKeyCodes done
Event: 1.509 loading class sun/awt/EmbeddedFrame
Event: 1.509 loading class sun/awt/EmbeddedFrame done
Event: 1.510 Executing  VM operation: HandshakeAllThreads
Event: 1.510 Executing  VM operation: HandshakeAllThreads done
Event: 1.510 loading class sun/awt/LightweightFrame
Event: 1.510 loading class sun/awt/LightweightFrame done
Event: 1.511 loading class sun/awt/im/InputMethodWindow
Event: 1.511 loading class sun/awt/im/InputMethodWindow done


Dynamic libraries:
0x00007ff6b0770000 - 0x00007ff6b0780000 	C:\Program Files\Java\jdk-16.0.2\bin\java.exe
0x00007ff90a8e0000 - 0x00007ff90aae9000 	C:\WINDOWS\SYSTEM32\ntdll.dll
0x00007ff909080000 - 0x00007ff90913d000 	C:\WINDOWS\System32\KERNEL32.DLL
0x00007ff908030000 - 0x00007ff9083a4000 	C:\WINDOWS\System32\KERNELBASE.dll
0x00007ff9083b0000 - 0x00007ff9084c1000 	C:\WINDOWS\System32\ucrtbase.dll
0x00007ff8f8720000 - 0x00007ff8f8739000 	C:\Program Files\Java\jdk-16.0.2\bin\VCRUNTIME140.dll
0x00007ff903ac0000 - 0x00007ff903ad8000 	C:\Program Files\Java\jdk-16.0.2\bin\jli.dll
0x00007ff909e80000 - 0x00007ff909f2e000 	C:\WINDOWS\System32\ADVAPI32.dll
0x00007ff908c60000 - 0x00007ff908d03000 	C:\WINDOWS\System32\msvcrt.dll
0x00007ff908d10000 - 0x00007ff908dae000 	C:\WINDOWS\System32\sechost.dll
0x00007ff9094a0000 - 0x00007ff9095c0000 	C:\WINDOWS\System32\RPCRT4.dll
0x00007ff909140000 - 0x00007ff9092ec000 	C:\WINDOWS\System32\USER32.dll
0x00007ff8f94a0000 - 0x00007ff8f9745000 	C:\WINDOWS\WinSxS\amd64_microsoft.windows.common-controls_6595b64144ccf1df_6.0.22000.120_none_9d947278b86cc467\COMCTL32.dll
0x00007ff907dd0000 - 0x00007ff907df6000 	C:\WINDOWS\System32\win32u.dll
0x00007ff909f30000 - 0x00007ff909f59000 	C:\WINDOWS\System32\GDI32.dll
0x00007ff9085e0000 - 0x00007ff9086f2000 	C:\WINDOWS\System32\gdi32full.dll
0x00007ff9084d0000 - 0x00007ff90856d000 	C:\WINDOWS\System32\msvcp_win.dll
0x00007ff900e80000 - 0x00007ff900e8a000 	C:\WINDOWS\SYSTEM32\VERSION.dll
0x00007ff908780000 - 0x00007ff9087b1000 	C:\WINDOWS\System32\IMM32.DLL
0x00007ff903b00000 - 0x00007ff903b0c000 	C:\Program Files\Java\jdk-16.0.2\bin\vcruntime140_1.dll
0x00007ff8f3630000 - 0x00007ff8f36c1000 	C:\Program Files\Java\jdk-16.0.2\bin\msvcp140.dll
0x00007ff8bbad0000 - 0x00007ff8bc67b000 	C:\Program Files\Java\jdk-16.0.2\bin\server\jvm.dll
0x00007ff908840000 - 0x00007ff908848000 	C:\WINDOWS\System32\PSAPI.DLL
0x00007ff902ad0000 - 0x00007ff902b03000 	C:\WINDOWS\SYSTEM32\WINMM.dll
0x00007ff8f84e0000 - 0x00007ff8f84e9000 	C:\WINDOWS\SYSTEM32\WSOCK32.dll
0x00007ff908ae0000 - 0x00007ff908b4f000 	C:\WINDOWS\System32\WS2_32.dll
0x00007ff906e90000 - 0x00007ff906ea8000 	C:\WINDOWS\SYSTEM32\kernel.appcore.dll
0x00007ff903a00000 - 0x00007ff903a0a000 	C:\Program Files\Java\jdk-16.0.2\bin\jimage.dll
0x00007ff905970000 - 0x00007ff905b91000 	C:\WINDOWS\SYSTEM32\DBGHELP.DLL
0x00007ff8f9e60000 - 0x00007ff8f9e91000 	C:\WINDOWS\SYSTEM32\dbgcore.DLL
0x00007ff908700000 - 0x00007ff90877f000 	C:\WINDOWS\System32\bcryptPrimitives.dll
0x00007ff8f7af0000 - 0x00007ff8f7b15000 	C:\Program Files\Java\jdk-16.0.2\bin\java.dll
0x00007ff909f60000 - 0x00007ff90a70f000 	C:\WINDOWS\System32\SHELL32.dll
0x00007ff906420000 - 0x00007ff906c88000 	C:\WINDOWS\SYSTEM32\windows.storage.dll
0x00007ff909b00000 - 0x00007ff909e78000 	C:\WINDOWS\System32\combase.dll
0x00007ff9062b0000 - 0x00007ff906416000 	C:\WINDOWS\SYSTEM32\wintypes.dll
0x00007ff908b70000 - 0x00007ff908c5a000 	C:\WINDOWS\System32\SHCORE.dll
0x00007ff908990000 - 0x00007ff9089ed000 	C:\WINDOWS\System32\shlwapi.dll
0x00007ff907d00000 - 0x00007ff907d21000 	C:\WINDOWS\SYSTEM32\profapi.dll
0x00007ff8f8390000 - 0x00007ff8f83a9000 	C:\Program Files\Java\jdk-16.0.2\bin\net.dll
0x00007ff9003b0000 - 0x00007ff9004bc000 	C:\WINDOWS\SYSTEM32\WINHTTP.dll
0x00007ff907340000 - 0x00007ff9073a7000 	C:\WINDOWS\system32\mswsock.dll
0x00007ff8f7a20000 - 0x00007ff8f7a33000 	C:\Program Files\Java\jdk-16.0.2\bin\nio.dll
0x00007ff8f76f0000 - 0x00007ff8f7708000 	C:\Program Files\Java\jdk-16.0.2\bin\zip.dll
0x00007ff8d0e20000 - 0x00007ff8d0fa0000 	C:\Program Files\Java\jdk-16.0.2\bin\awt.dll
0x00007ff908850000 - 0x00007ff908926000 	C:\WINDOWS\System32\OLEAUT32.dll
0x00007ff904fc0000 - 0x00007ff905051000 	C:\WINDOWS\SYSTEM32\apphelp.dll
0x00007ff905110000 - 0x00007ff9051bc000 	C:\WINDOWS\system32\uxtheme.dll
0x00007ff9043f0000 - 0x00007ff90441b000 	C:\Program Files (x86)\UltraViewer\uvh64.dll
0x00007ff90a780000 - 0x00007ff90a89e000 	C:\WINDOWS\System32\MSCTF.dll
0x00007ff9092f0000 - 0x00007ff90948a000 	C:\WINDOWS\System32\ole32.dll
0x00007ff905510000 - 0x00007ff90553f000 	C:\WINDOWS\system32\DWMAPI.DLL
0x00007ff8f35a0000 - 0x00007ff8f3629000 	C:\Program Files\Java\jdk-16.0.2\bin\freetype.dll
0x00007ff8c23b0000 - 0x00007ff8c24a6000 	C:\Program Files\Java\jdk-16.0.2\bin\harfbuzz.dll
0x00007ff8f3580000 - 0x00007ff8f3592000 	C:\Program Files\Java\jdk-16.0.2\bin\fontmanager.dll
0x00007ff8c24b0000 - 0x00007ff8c25b1000 	C:\WINDOWS\system32\opengl32.dll
0x00007ff8f6fe0000 - 0x00007ff8f700d000 	C:\WINDOWS\SYSTEM32\GLU32.dll
0x00007ff905250000 - 0x00007ff905288000 	C:\WINDOWS\SYSTEM32\dxcore.dll
0x00007ff8fbce0000 - 0x00007ff8fbe86000 	C:\WINDOWS\system32\d3d9.dll
0x00007ff8ff4a0000 - 0x00007ff8ff67b000 	C:\Windows\System32\DriverStore\FileRepository\u0357645.inf_amd64_3c66802dbd4d45a0\B357435\aticfx64.dll
0x00007ff8b04b0000 - 0x00007ff8b04e3000 	C:\Windows\System32\DriverStore\FileRepository\u0357645.inf_amd64_3c66802dbd4d45a0\B357435\atiu9p64.dll
0x00007ff8af810000 - 0x00007ff8b04a6000 	C:\Windows\System32\DriverStore\FileRepository\u0357645.inf_amd64_3c66802dbd4d45a0\B357435\atiumd64.dll
0x00000000585d0000 - 0x000000005944d000 	C:\WINDOWS\System32\DriverStore\FileRepository\u0357645.inf_amd64_3c66802dbd4d45a0\B357435\atiumd6a.dll
0x00007ff907790000 - 0x00007ff9077dd000 	C:\WINDOWS\SYSTEM32\POWRPROF.dll
0x00007ff907710000 - 0x00007ff907723000 	C:\WINDOWS\SYSTEM32\UMPDC.dll
0x00007ff8fd790000 - 0x00007ff8fd7bf000 	C:\WINDOWS\SYSTEM32\amdihk64.dll
0x00007ff9034f0000 - 0x00007ff903534000 	C:\WINDOWS\SYSTEM32\directxdatabasehelper.dll
0x00007ff9053d0000 - 0x00007ff905404000 	C:\WINDOWS\SYSTEM32\ntmarta.dll
0x00007ff902e50000 - 0x00007ff902e60000 	C:\Program Files\Java\jdk-16.0.2\bin\verify.dll

dbghelp: loaded successfully - version: 4.0.5 - missing functions: none
symbol engine: initialized successfully - sym options: 0x614 - pdb path: .;C:\Program Files\Java\jdk-16.0.2\bin;C:\WINDOWS\SYSTEM32;C:\WINDOWS\WinSxS\amd64_microsoft.windows.common-controls_6595b64144ccf1df_6.0.22000.120_none_9d947278b86cc467;C:\Program Files\Java\jdk-16.0.2\bin\server;C:\Program Files (x86)\UltraViewer;C:\Windows\System32\DriverStore\FileRepository\u0357645.inf_amd64_3c66802dbd4d45a0\B357435

VM Arguments:
jvm_args: -Dfile.encoding=UTF-8 --module-path=D:\Netbean_Java\Java_Project_ST6\build\classes 
java_command: view.TrangChu
java_class_path (initial): D:\Netbean_Java\CacLoaiThuVien\TimingFramework-0.55.jar;D:\Netbean_Java\CacLoaiThuVien\jcommon-1.0.23.jar;D:\Netbean_Java\CacLoaiThuVien\jfreechart-1.0.19.jar;D:\Netbean_Java\CacLoaiThuVien\mssql-jdbc-9.4.1.jre16.jar;D:\Netbean_Java\CacLoaiThuVien\jtds-1.3.1-dist\jtds-1.3.1.jar;D:\Netbean_Java\Java_Project_ST6\build\classes
Launcher Type: SUN_STANDARD

[Global flags]
     intx CICompilerCount                          = 4                                         {product} {ergonomic}
     uint ConcGCThreads                            = 2                                         {product} {ergonomic}
     uint G1ConcRefinementThreads                  = 8                                         {product} {ergonomic}
   size_t G1HeapRegionSize                         = 1048576                                   {product} {ergonomic}
    uintx GCDrainStackTargetSize                   = 64                                        {product} {ergonomic}
   size_t InitialHeapSize                          = 100663296                                 {product} {ergonomic}
   size_t MarkStackSize                            = 4194304                                   {product} {ergonomic}
   size_t MaxHeapSize                              = 1595932672                                {product} {ergonomic}
   size_t MaxNewSize                               = 957349888                                 {product} {ergonomic}
   size_t MinHeapDeltaBytes                        = 1048576                                   {product} {ergonomic}
   size_t MinHeapSize                              = 8388608                                   {product} {ergonomic}
    uintx NonNMethodCodeHeapSize                   = 5839372                                {pd product} {ergonomic}
    uintx NonProfiledCodeHeapSize                  = 122909434                              {pd product} {ergonomic}
    uintx ProfiledCodeHeapSize                     = 122909434                              {pd product} {ergonomic}
    uintx ReservedCodeCacheSize                    = 251658240                              {pd product} {ergonomic}
     bool SegmentedCodeCache                       = true                                      {product} {ergonomic}
   size_t SoftMaxHeapSize                          = 1595932672                             {manageable} {ergonomic}
     bool UseCompressedClassPointers               = true                           {product lp64_product} {ergonomic}
     bool UseCompressedOops                        = true                           {product lp64_product} {ergonomic}
     bool UseG1GC                                  = true                                      {product} {ergonomic}
     bool UseLargePagesIndividualAllocation        = false                                  {pd product} {ergonomic}

Logging:
Log output configuration:
 #0: stdout all=warning uptime,level,tags
 #1: stderr all=off uptime,level,tags

Environment Variables:
JAVA_HOME=C:\Program Files\Java\jdk-16.0.2
PATH=C:\Program Files\Microsoft MPI\Bin\;C:\Program Files\Common Files\Microsoft Shared\Microsoft Online Services;C:\Program Files (x86)\Common Files\Microsoft Shared\Microsoft Online Services;C:\Program Files\Common Files\Oracle\Java\javapath;C:\Program Files\Eclipse Foundation\jdk-11.0.12.7-hotspot\bin;C:\Program Files (x86)\VMware\VMware Workstation\bin\;C:\Windows\system32;C:\Windows;C:\Windows\System32\Wbem;C:\Windows\System32\WindowsPowerShell\v1.0\;C:\Windows\System32\OpenSSH\;C:\Program Files (x86)\NVIDIA Corporation\PhysX\Common;C:\Program Files\NVIDIA Corporation\NVIDIA NvDLISR;C:\WINDOWS\system32;C:\WINDOWS;C:\WINDOWS\System32\Wbem;C:\WINDOWS\System32\WindowsPowerShell\v1.0\;C:\WINDOWS\System32\OpenSSH\;C:\Program Files\nodejs\;C:\Program Files\Azure Data Studio\bin;C:\Program Files\Microsoft SQL Server\Client SDK\ODBC\170\Tools\Binn\;C:\Program Files (x86)\Microsoft SQL Server\150\Tools\Binn\;C:\Program Files\Microsoft SQL Server\150\Tools\Binn\;C:\Program Files (x86)\Microsoft SQL Server\150\DTS\Binn\;C:\Program Files\Microsoft SQL Server\150\DTS\Binn\;C:\Program Files\Git\cmd;C:\Program Files\dotnet\;C:\Program Files\Docker\Docker\resources\bin;C:\ProgramData\DockerDesktop\version-bin;C:\Program Files\Microsoft SQL Server\130\Tools\Binn\;D:\VB.Net\Python;D:\VB.Net\Python\Library\mingw-w64\bin;D:\VB.Net\Python\Library\usr\bin;D:\VB.Net\Python\Library\bin;D:\VB.Net\Python\Scripts;C:\Users\ACER\AppData\Local\Programs\Python\Python310\Scripts\;C:\Users\ACER\AppData\Local\Programs\Python\Python310\;C:\Users\ACER\AppData\Local\Microsoft\WindowsApps;C:\Users\ACER\Desktop\Microsoft VS Code\bin;C:\Users\ACER\AppData\Roaming\npm;C:\Program Files\Azure Data Studio\bin;C:\Program Files\JetBrains\IntelliJ IDEA 2021.3.1\bin;;C:\Program Files\JetBrains\IntelliJ IDEA Community Edition 2021.3.1\bin;;C:\Users\ACER\.dotnet\tools
USERNAME=ACER
OS=Windows_NT
PROCESSOR_IDENTIFIER=AMD64 Family 23 Model 24 Stepping 1, AuthenticAMD



---------------  S Y S T E M  ---------------

OS:
 Windows 10 , 64 bit Build 22000 (10.0.22000.613)
OS uptime: 0 days 7:18 hours
Hyper-V role detected

CPU: total 8 (initial active 8) (8 cores per cpu, 2 threads per core) family 23 model 24 stepping 1 microcode 0x0, cx8, cmov, fxsr, ht, mmx, 3dnowpref, sse, sse2, sse3, ssse3, sse4a, sse4.1, sse4.2, popcnt, lzcnt, tsc, tscinvbit, avx, avx2, aes, clmul, bmi1, bmi2, adx, sha, fma, vzeroupper, clflush, clflushopt, hv

Memory: 4k page, system-wide physical 6081M (67M free)
TotalPageFile size 24513M (AvailPageFile size 2M)
current process WorkingSet (physical memory assigned to process): 78M, peak: 78M
current process commit charge ("private bytes"): 211M, peak: 212M

vm_info: Java HotSpot(TM) 64-Bit Server VM (16.0.2+7-67) for windows-amd64 JRE (16.0.2+7-67), built on Jun  8 2021 23:24:19 by "mach5one" with MS VC++ 16.7 (VS2019)

END.
